 -cpx 0.0335141 -cpy 13.7238 -cpz 61.4533 -tpx 0.0446716 -tpy 13.7868 -tpz 60.4553 -a 0 -fd 1 -fl 0.035
 -cpx 0.0885161 -cpy 14.0343 -cpz 56.5338 -tpx 0.0996737 -tpy 14.0972 -tpz 55.5358 -a 0 -fd 1 -fl 0.035
 -cpx -5.21284 -cpy 14.6202 -cpz 47.1887 -tpx -5.20168 -tpy 14.6832 -tpz 46.1908 -a 0 -fd 1 -fl 0.035
 -cpx -5.05705 -cpy 15.4995 -cpz 33.2543 -tpx -5.04589 -tpy 15.5625 -tpz 32.2563 -a 0 -fd 1 -fl 0.035
 -cpx -5.05705 -cpy 15.4995 -cpz 33.2543 -tpx -5.45525 -tpy 15.0185 -tpz 32.4732 -a 0 -fd 1 -fl 0.035
 -cpx -5.05705 -cpy 15.4995 -cpz 33.2543 -tpx -5.00109 -tpy 14.769 -tpz 32.5736 -a 0 -fd 1 -fl 0.035
 -cpx -5.05705 -cpy 15.4995 -cpz 33.2543 -tpx -4.55939 -tpy 15.0255 -tpz 32.5279 -a 0 -fd 1 -fl 0.035
 -cpx -5.05705 -cpy 15.4995 -cpz 33.2543 -tpx -4.18952 -tpy 15.4163 -tpz 32.7639 -a 0 -fd 1 -fl 0.035
 -cpx -5.05705 -cpy 15.4995 -cpz 33.2543 -tpx -4.92582 -tpy 15.8497 -tpz 32.3268 -a 0 -fd 1 -fl 0.035
 -cpx -5.05705 -cpy 15.4995 -cpz 33.2543 -tpx -5.54286 -tpy 15.6785 -tpz 32.3987 -a 0 -fd 1 -fl 0.035
 -cpx -6.74045 -cpy 16.1275 -cpz 30.9016 -tpx -7.30911 -tpy 16.3396 -tpz 30.1068 -a 0 -fd 1 -fl 0.035
 -cpx -4.82566 -cpy 15.4132 -cpz 33.5777 -tpx -5.19498 -tpy 15.3121 -tpz 32.6539 -a 0 -fd 1 -fl 0.035
 -cpx -4.82566 -cpy 15.4132 -cpz 33.5777 -tpx -4.86519 -tpy 15.0959 -tpz 32.6302 -a 0 -fd 1 -fl 0.035
 -cpx -4.82566 -cpy 15.4132 -cpz 33.5777 -tpx -4.71185 -tpy 15.0959 -tpz 32.6362 -a 0 -fd 1 -fl 0.035
 -cpx -4.82566 -cpy 15.4132 -cpz 33.5777 -tpx -4.15832 -tpy 15.1055 -tpz 32.8994 -a 0 -fd 1 -fl 0.035
 -cpx -8.78177 -cpy 12.2281 -cpz 25.1834 -tpx -8.92007 -tpy 11.8906 -tpz 24.2523 -a 0 -fd 1 -fl 0.035
 -cpx -11.0463 -cpy 12.2281 -cpz 23.948 -tpx -10.6768 -tpy 11.5919 -tpz 23.2707 -a 0 -fd 1 -fl 0.035
 -cpx -10.2012 -cpy 10.7729 -cpz 22.3989 -tpx -9.83171 -tpy 10.1367 -tpz 21.7217 -a 0 -fd 1 -fl 0.035
 -cpx -10.2012 -cpy 10.7729 -cpz 22.3989 -tpx -9.55425 -tpy 10.2949 -tpz 21.8048 -a 0 -fd 1 -fl 0.035
 -cpx -9.12318 -cpy 9.81019 -cpz 21.7356 -tpx -8.4453 -tpy 9.20481 -tpz 21.3184 -a 0 -fd 1 -fl 0.035
 -cpx -9.12318 -cpy 9.81019 -cpz 21.7356 -tpx -8.36919 -tpy 9.37827 -tpz 21.2407 -a 0 -fd 1 -fl 0.035
 -cpx -9.12318 -cpy 9.81019 -cpz 21.7356 -tpx -8.34048 -tpy 9.93475 -tpz 21.1258 -a 0 -fd 1 -fl 0.035
 -cpx -9.12318 -cpy 9.81019 -cpz 21.7356 -tpx -8.25385 -tpy 10.1435 -tpz 21.3706 -a 0 -fd 1 -fl 0.035
 -cpx -9.12318 -cpy 9.81019 -cpz 21.7356 -tpx -8.85963 -tpy 9.89448 -tpz 20.7746 -a 0 -fd 1 -fl 0.035
 -cpx -9.12318 -cpy 9.81019 -cpz 21.7356 -tpx -9.43015 -tpy 9.44218 -tpz 20.8579 -a 0 -fd 1 -fl 0.035
 -cpx -9.12318 -cpy 9.81019 -cpz 21.7356 -tpx -10.0243 -tpy 9.63671 -tpz 21.3382 -a 0 -fd 1 -fl 0.035
 -cpx -11.3018 -cpy 9.39076 -cpz 20.7748 -tpx -12.2029 -tpy 9.21728 -tpz 20.3774 -a 0 -fd 1 -fl 0.035
 -cpx -13.974 -cpy 8.87631 -cpz 19.5964 -tpx -14.8751 -tpy 8.70284 -tpz 19.199 -a 0 -fd 1 -fl 0.035
 -cpx -13.974 -cpy 8.87631 -cpz 19.5964 -tpx -14.1976 -tpy 8.6675 -tpz 18.6443 -a 0 -fd 1 -fl 0.035
 -cpx -15.7736 -cpy 8.87635 -cpz 20.0191 -tpx -15.7682 -tpy 8.66094 -tpz 19.0425 -a 0 -fd 1 -fl 0.035
 -cpx -15.7736 -cpy 8.87635 -cpz 20.0191 -tpx -15.2816 -tpy 9.01095 -tpz 19.159 -a 0 -fd 1 -fl 0.035
 -cpx -15.7736 -cpy 8.87635 -cpz 20.0191 -tpx -14.7995 -tpy 8.96064 -tpz 19.8095 -a 0 -fd 1 -fl 0.035
 -cpx -15.7736 -cpy 8.87635 -cpz 20.0191 -tpx -16.0661 -tpy 8.43937 -tpz 20.8696 -a 0 -fd 1 -fl 0.035
 -cpx -15.9594 -cpy 8.59884 -cpz 20.5592 -tpx -15.8713 -tpy 9.52003 -tpz 20.1802 -a 0 -fd 1 -fl 0.035
 -cpx -15.9594 -cpy 8.59884 -cpz 20.5592 -tpx -15.9755 -tpy 9.4476 -tpz 20.0307 -a 0 -fd 1 -fl 0.035
 -cpx -15.9957 -cpy 10.5152 -cpz 19.3659 -tpx -16.0117 -tpy 11.3639 -tpz 18.8374 -a 0 -fd 1 -fl 0.035
 -cpx -16.029 -cpy 12.2759 -cpz 18.2695 -tpx -16.0451 -tpy 13.1247 -tpz 17.741 -a 0 -fd 1 -fl 0.035
 -cpx -16.5116 -cpy 13.2197 -cpz 18.0269 -tpx -16.529 -tpy 14.1845 -tpz 17.7648 -a 0 -fd 1 -fl 0.035
 -cpx -16.5116 -cpy 13.2197 -cpz 18.0269 -tpx -16.2744 -tpy 13.5005 -tpz 17.0969 -a 0 -fd 1 -fl 0.035
 -cpx -16.5116 -cpy 13.2197 -cpz 18.0269 -tpx -16.745 -tpy 13.4799 -tpz 17.09 -a 0 -fd 1 -fl 0.035
 -cpx -16.5116 -cpy 13.2197 -cpz 18.0269 -tpx -17.4158 -tpy 13.6435 -tpz 17.9738 -a 0 -fd 1 -fl 0.035
 -cpx -16.5904 -cpy 13.2856 -cpz 18.014 -tpx -17.0512 -tpy 13.6589 -tpz 17.2088 -a 0 -fd 1 -fl 0.035
 -cpx -16.9795 -cpy 13.6577 -cpz 17.1446 -tpx -17.36 -tpy 14.0215 -tpz 16.2944 -a 0 -fd 1 -fl 0.035
 -cpx -15.7376 -cpy 13.8965 -cpz 17.1823 -tpx -15.0443 -tpy 13.6363 -tpz 16.5102 -a 0 -fd 1 -fl 0.035
 -cpx -15.7376 -cpy 13.8965 -cpz 17.1823 -tpx -15.7386 -tpy 13.3491 -tpz 16.3455 -a 0 -fd 1 -fl 0.035
 -cpx -15.7376 -cpy 13.8965 -cpz 17.1823 -tpx -16.5993 -tpy 14.4039 -tpz 17.1908 -a 0 -fd 1 -fl 0.035
 -cpx -15.7376 -cpy 13.8965 -cpz 17.1823 -tpx -14.9888 -tpy 13.2338 -tpz 17.1913 -a 0 -fd 1 -fl 0.035
 -cpx -14.0298 -cpy 13.0403 -cpz 16.3446 -tpx -13.2112 -tpy 12.6298 -tpz 15.943 -a 0 -fd 1 -fl 0.035
 -cpx -14.0298 -cpy 13.0403 -cpz 16.3446 -tpx -13.6328 -tpy 12.7039 -tpz 15.4907 -a 0 -fd 1 -fl 0.035
 -cpx -14.0298 -cpy 13.0403 -cpz 16.3446 -tpx -14.3282 -tpy 12.965 -tpz 15.3931 -a 0 -fd 1 -fl 0.035
 -cpx -14.0298 -cpy 13.0403 -cpz 16.3446 -tpx -14.3471 -tpy 12.6411 -tpz 15.4844 -a 0 -fd 1 -fl 0.035
 -cpx -16.6046 -cpy 9.80103 -cpz 9.3639 -tpx -16.9219 -tpy 9.40186 -tpz 8.50367 -a 0 -fd 1 -fl 0.035
 -cpx -10.9151 -cpy 8.69845 -cpz 9.6179 -tpx -9.93434 -tpy 8.50838 -tpz 9.66168 -a 0 -fd 1 -fl 0.035
 -cpx -9.38811 -cpy 8.40252 -cpz 9.68607 -tpx -8.40731 -tpy 8.21245 -tpz 9.72985 -a 0 -fd 1 -fl 0.035
 -cpx -9.2673 -cpy 8.40272 -cpz 6.98092 -tpx -8.28651 -tpy 8.21265 -tpz 7.0247 -a 0 -fd 1 -fl 0.035
 -cpx -9.2673 -cpy 8.40272 -cpz 6.98092 -tpx -8.64525 -tpy 8.3454 -tpz 6.20004 -a 0 -fd 1 -fl 0.035
 -cpx -9.2673 -cpy 8.40272 -cpz 6.98092 -tpx -9.52097 -tpy 8.6738 -tpz 6.05239 -a 0 -fd 1 -fl 0.035
 -cpx -9.2673 -cpy 8.40272 -cpz 6.98092 -tpx -10.0959 -tpy 8.39824 -tpz 6.42106 -a 0 -fd 1 -fl 0.035
 -cpx -8.12352 -cpy 11.2808 -cpz 6.75256 -tpx -8.9857 -tpy 11.0863 -tpz 7.22034 -a 0 -fd 1 -fl 0.035
 -cpx -8.12352 -cpy 11.2808 -cpz 6.75256 -tpx -8.77122 -tpy 11.4709 -tpz 7.49035 -a 0 -fd 1 -fl 0.035
 -cpx -8.12352 -cpy 11.2808 -cpz 6.75256 -tpx -8.62336 -tpy 12.0442 -tpz 7.16173 -a 0 -fd 1 -fl 0.035
 -cpx -8.12352 -cpy 11.2808 -cpz 6.75256 -tpx -8.14707 -tpy 12.198 -tpz 7.15027 -a 0 -fd 1 -fl 0.035
 -cpx -8.12352 -cpy 11.2808 -cpz 6.75256 -tpx -7.91756 -tpy 12.1767 -tpz 7.14625 -a 0 -fd 1 -fl 0.035
 -cpx -8.12352 -cpy 11.2808 -cpz 6.75256 -tpx -7.50318 -tpy 12.0478 -tpz 6.91658 -a 0 -fd 1 -fl 0.035
 -cpx -8.12352 -cpy 11.2808 -cpz 6.75256 -tpx -7.24109 -tpy 11.5443 -tpz 7.14229 -a 0 -fd 1 -fl 0.035
 -cpx -8.12352 -cpy 11.2808 -cpz 6.75256 -tpx -7.19706 -tpy 11.1641 -tpz 7.11042 -a 0 -fd 1 -fl 0.035
 -cpx -8.12352 -cpy 11.2808 -cpz 6.75256 -tpx -7.14871 -tpy 11.0676 -tpz 6.81807 -a 0 -fd 1 -fl 0.035
 -cpx -8.12352 -cpy 11.2808 -cpz 6.75256 -tpx -7.28344 -tpy 10.9423 -tpz 6.32869 -a 0 -fd 1 -fl 0.035
 -cpx -8.12352 -cpy 11.2808 -cpz 6.75256 -tpx -7.65335 -tpy 10.8307 -tpz 5.99337 -a 0 -fd 1 -fl 0.035
 -cpx -9.28749 -cpy 11.2809 -cpz 6.77623 -tpx -9.30761 -tpy 11.133 -tpz 5.78743 -a 0 -fd 1 -fl 0.035
 -cpx -12.173 -cpy 11.2812 -cpz 6.8349 -tpx -12.1931 -tpy 11.1332 -tpz 5.84611 -a 0 -fd 1 -fl 0.035
 -cpx -12.2198 -cpy 10.9369 -cpz 4.53348 -tpx -12.2399 -tpy 10.7889 -tpz 3.54468 -a 0 -fd 1 -fl 0.035
 -cpx -12.1962 -cpy 11.1101 -cpz 5.69165 -tpx -12.6338 -tpy 10.6711 -tpz 4.9069 -a 0 -fd 1 -fl 0.035
 -cpx -14.3311 -cpy 9.00817 -cpz 2.60694 -tpx -14.8275 -tpy 8.51936 -tpz 1.88959 -a 0 -fd 1 -fl 0.035
 -cpx -14.3311 -cpy 9.00817 -cpz 2.60694 -tpx -14.4688 -tpy 8.72524 -tpz 1.65774 -a 0 -fd 1 -fl 0.035
 -cpx -14.8005 -cpy 8.4061 -cpz -1.78341 -tpx -14.8781 -tpy 8.3915 -tpz -2.78028 -a 0 -fd 1 -fl 0.035
 -cpx -16.2228 -cpy 8.37035 -cpz -4.13688 -tpx -16.3004 -tpy 8.35574 -tpz -5.13376 -a 0 -fd 1 -fl 0.035
 -cpx -16.4901 -cpy 8.32006 -cpz -7.56965 -tpx -16.5677 -tpy 8.30546 -tpz -8.56653 -a 0 -fd 1 -fl 0.035
 -cpx -14.3603 -cpy 8.38797 -cpz -3.05915 -tpx -14.4379 -tpy 8.37337 -tpz -4.05603 -a 0 -fd 1 -fl 0.035
 -cpx -13.1693 -cpy 8.38601 -cpz -3.27853 -tpx -12.6765 -tpy 9.18988 -tpz -3.61155 -a 0 -fd 1 -fl 0.035
 -cpx -13.1693 -cpy 8.38601 -cpz -3.27853 -tpx -12.6346 -tpy 8.94758 -tpz -2.64706 -a 0 -fd 1 -fl 0.035
 -cpx -13.1693 -cpy 8.38601 -cpz -3.27853 -tpx -13.4686 -tpy 8.4804 -tpz -2.32904 -a 0 -fd 1 -fl 0.035
 -cpx -13.1693 -cpy 8.38601 -cpz -3.27853 -tpx -13.0913 -tpy 8.46134 -tpz -2.28442 -a 0 -fd 1 -fl 0.035
 -cpx -13.1693 -cpy 8.38601 -cpz -3.27853 -tpx -12.3665 -tpy 8.4299 -tpz -2.68391 -a 0 -fd 1 -fl 0.035
 -cpx -13.1693 -cpy 8.38601 -cpz -3.27853 -tpx -12.1949 -tpy 8.46359 -tpz -3.0674 -a 0 -fd 1 -fl 0.035
 -cpx -13.1693 -cpy 8.38601 -cpz -3.27853 -tpx -12.2469 -tpy 8.49942 -tpz -3.64763 -a 0 -fd 1 -fl 0.035
 -cpx -13.1693 -cpy 8.38601 -cpz -3.27853 -tpx -12.3224 -tpy 8.31186 -tpz -3.80498 -a 0 -fd 1 -fl 0.035
 -cpx -13.1693 -cpy 8.38601 -cpz -3.27853 -tpx -12.3845 -tpy 7.91695 -tpz -3.68346 -a 0 -fd 1 -fl 0.035
 -cpx -13.1693 -cpy 8.38601 -cpz -3.27853 -tpx -12.6656 -tpy 7.53196 -tpz -3.40851 -a 0 -fd 1 -fl 0.035
 -cpx -13.1693 -cpy 8.38601 -cpz -3.27853 -tpx -13.096 -tpy 8.06341 -tpz -4.22222 -a 0 -fd 1 -fl 0.035
 -cpx -13.2872 -cpy 7.48297 -cpz -4.83594 -tpx -13.3525 -tpy 6.98242 -tpz -5.69919 -a 0 -fd 1 -fl 0.035
 -cpx -14.4371 -cpy 7.48308 -cpz -4.749 -tpx -14.5024 -tpy 6.98254 -tpz -5.61225 -a 0 -fd 1 -fl 0.035
 -cpx -14.5122 -cpy 6.90771 -cpz -5.7413 -tpx -14.5775 -tpy 6.40717 -tpz -6.60454 -a 0 -fd 1 -fl 0.035
 -cpx -14.6273 -cpy 6.02563 -cpz -7.26255 -tpx -14.6926 -tpy 5.52509 -tpz -8.12579 -a 0 -fd 1 -fl 0.035
 -cpx -14.8086 -cpy 4.63621 -cpz -9.65877 -tpx -14.8739 -tpy 4.13567 -tpz -10.522 -a 0 -fd 1 -fl 0.035
 -cpx -14.9502 -cpy 3.55106 -cpz -11.5302 -tpx -15.0155 -tpy 3.05052 -tpz -12.3935 -a 0 -fd 1 -fl 0.035
 -cpx -15.1149 -cpy 2.07014 -cpz -16.0899 -tpx -15.1493 -tpy 1.76142 -tpz -17.0404 -a 0 -fd 1 -fl 0.035
 -cpx -15.1513 -cpy 2.09913 -cpz -18.2325 -tpx -15.1682 -tpy 2.11265 -tpz -19.2323 -a 0 -fd 1 -fl 0.035
 -cpx -15.1872 -cpy 2.12783 -cpz -20.354 -tpx -15.2042 -tpy 2.14135 -tpz -21.3538 -a 0 -fd 1 -fl 0.035
 -cpx -15.1872 -cpy 2.12783 -cpz -20.354 -tpx -14.2056 -tpy 1.98546 -tpz -20.481 -a 0 -fd 1 -fl 0.035
 -cpx -15.1872 -cpy 2.12783 -cpz -20.354 -tpx -14.1993 -tpy 2.2669 -tpz -20.4223 -a 0 -fd 1 -fl 0.035
 -cpx -15.1872 -cpy 2.12783 -cpz -20.354 -tpx -14.2746 -tpy 2.53424 -tpz -20.3985 -a 0 -fd 1 -fl 0.035
 -cpx -15.1872 -cpy 2.12783 -cpz -20.354 -tpx -14.4042 -tpy 2.74746 -tpz -20.4072 -a 0 -fd 1 -fl 0.035
 -cpx -15.1872 -cpy 2.12783 -cpz -20.354 -tpx -14.6988 -tpy 2.99841 -tpz -20.4132 -a 0 -fd 1 -fl 0.035
 -cpx -15.1872 -cpy 2.12783 -cpz -20.354 -tpx -15.3852 -tpy 2.64487 -tpz -19.5213 -a 0 -fd 1 -fl 0.035
 -cpx -10.1282 -cpy 6.45426 -cpz -20.5062 -tpx -9.39954 -tpy 7.11704 -tpz -20.3336 -a 0 -fd 1 -fl 0.035
 -cpx -10.1282 -cpy 6.45426 -cpz -20.5062 -tpx -9.45536 -tpy 6.3275 -tpz -19.7774 -a 0 -fd 1 -fl 0.035
 -cpx -10.1282 -cpy 6.45426 -cpz -20.5062 -tpx -10.0656 -tpy 6.63442 -tpz -19.5246 -a 0 -fd 1 -fl 0.035
 -cpx -10.1282 -cpy 6.45426 -cpz -20.5062 -tpx -9.12883 -tpy 6.46441 -tpz -20.4718 -a 0 -fd 1 -fl 0.035
 -cpx -7.69169 -cpy 6.47901 -cpz -20.4222 -tpx -6.69234 -tpy 6.48917 -tpz -20.3877 -a 0 -fd 1 -fl 0.035
 -cpx -5.86058 -cpy 6.49762 -cpz -20.359 -tpx -4.86123 -tpy 6.50777 -tpz -20.3245 -a 0 -fd 1 -fl 0.035
 -cpx -5.86058 -cpy 6.49762 -cpz -20.359 -tpx -4.97481 -tpy 6.25158 -tpz -19.9655 -a 0 -fd 1 -fl 0.035
 -cpx -4.88514 -cpy 6.14957 -cpz -19.6517 -tpx -4.10734 -tpy 5.87204 -tpz -19.0878 -a 0 -fd 1 -fl 0.035
 -cpx -4.88514 -cpy 6.14957 -cpz -19.6517 -tpx -4.07836 -tpy 5.98387 -tpz -19.0846 -a 0 -fd 1 -fl 0.035
 -cpx -4.88514 -cpy 6.14957 -cpz -19.6517 -tpx -5.49071 -tpy 5.86233 -tpz -18.9096 -a 0 -fd 1 -fl 0.035
 -cpx -5.87537 -cpy 5.62621 -cpz -17.7637 -tpx -6.32645 -tpy 5.38781 -tpz -16.9037 -a 0 -fd 1 -fl 0.035
 -cpx -7.17986 -cpy 4.93677 -cpz -15.2765 -tpx -7.63094 -tpy 4.69837 -tpz -14.4164 -a 0 -fd 1 -fl 0.035
 -cpx -7.17986 -cpy 4.93677 -cpz -15.2765 -tpx -8.00374 -tpy 4.52015 -tpz -14.8922 -a 0 -fd 1 -fl 0.035
 -cpx -7.17986 -cpy 4.93677 -cpz -15.2765 -tpx -8.1783 -tpy 4.8862 -tpz -15.3002 -a 0 -fd 1 -fl 0.035
 -cpx -7.17986 -cpy 4.93677 -cpz -15.2765 -tpx -8.09312 -tpy 5.31421 -tpz -15.1232 -a 0 -fd 1 -fl 0.035
 -cpx -7.17986 -cpy 4.93677 -cpz -15.2765 -tpx -7.90178 -tpy 5.57043 -tpz -14.9985 -a 0 -fd 1 -fl 0.035
 -cpx -7.17986 -cpy 4.93677 -cpz -15.2765 -tpx -7.39461 -tpy 5.75187 -tpz -14.7385 -a 0 -fd 1 -fl 0.035
 -cpx -7.17986 -cpy 4.93677 -cpz -15.2765 -tpx -7.15413 -tpy 5.70088 -tpz -14.6319 -a 0 -fd 1 -fl 0.035
 -cpx -7.17986 -cpy 4.93677 -cpz -15.2765 -tpx -6.52934 -tpy 5.5511 -tpz -14.8299 -a 0 -fd 1 -fl 0.035
 -cpx -7.17986 -cpy 4.93677 -cpz -15.2765 -tpx -6.35003 -tpy 5.3246 -tpz -15.6777 -a 0 -fd 1 -fl 0.035
 -cpx -7.17986 -cpy 4.93677 -cpz -15.2765 -tpx -6.86714 -tpy 5.83857 -tpz -15.5748 -a 0 -fd 1 -fl 0.035
 -cpx -7.17986 -cpy 4.93677 -cpz -15.2765 -tpx -7.17469 -tpy 5.93643 -tpz -15.3021 -a 0 -fd 1 -fl 0.035
 -cpx -7.17986 -cpy 4.93677 -cpz -15.2765 -tpx -7.23423 -tpy 5.89225 -tpz -15.5665 -a 0 -fd 1 -fl 0.035
 -cpx -7.17986 -cpy 4.93677 -cpz -15.2765 -tpx -7.33852 -tpy 5.80458 -tpz -15.7474 -a 0 -fd 1 -fl 0.035
 -cpx -7.17986 -cpy 4.93677 -cpz -15.2765 -tpx -7.52816 -tpy 5.70737 -tpz -15.8102 -a 0 -fd 1 -fl 0.035
 -cpx -7.17986 -cpy 4.93677 -cpz -15.2765 -tpx -7.86792 -tpy 5.40289 -tpz -15.8327 -a 0 -fd 1 -fl 0.035
 -cpx -8.44246 -cpy 5.79211 -cpz -16.297 -tpx -9.13052 -tpy 6.25823 -tpz -16.8532 -a 0 -fd 1 -fl 0.035
 -cpx -10.1105 -cpy 6.92213 -cpz -17.6453 -tpx -10.7986 -tpy 7.38825 -tpz -18.2015 -a 0 -fd 1 -fl 0.035
 -cpx -11.2192 -cpy 6.92235 -cpz -16.2734 -tpx -11.9073 -tpy 7.38847 -tpz -16.8296 -a 0 -fd 1 -fl 0.035
 -cpx -11.2192 -cpy 6.92235 -cpz -16.2734 -tpx -11.3 -tpy 7.82511 -tpz -16.6959 -a 0 -fd 1 -fl 0.035
 -cpx -11.4861 -cpy 9.90619 -cpz -17.6699 -tpx -11.311 -tpy 9.98152 -tpz -18.6515 -a 0 -fd 1 -fl 0.035
 -cpx -11.4861 -cpy 9.90619 -cpz -17.6699 -tpx -11.1964 -tpy 10.5597 -tpz -18.3692 -a 0 -fd 1 -fl 0.035
 -cpx -11.4861 -cpy 9.90619 -cpz -17.6699 -tpx -11.5719 -tpy 10.797 -tpz -18.116 -a 0 -fd 1 -fl 0.035
 -cpx -11.4861 -cpy 9.90619 -cpz -17.6699 -tpx -11.7939 -tpy 10.8321 -tpz -17.8887 -a 0 -fd 1 -fl 0.035
 -cpx -13.4267 -cpy 9.90662 -cpz -14.9391 -tpx -13.8064 -tpy 10.6634 -tpz -15.4712 -a 0 -fd 1 -fl 0.035
 -cpx -13.4267 -cpy 9.90662 -cpz -14.9391 -tpx -13.5221 -tpy 10.3537 -tpz -15.8285 -a 0 -fd 1 -fl 0.035
 -cpx -13.4267 -cpy 9.90662 -cpz -14.9391 -tpx -13.917 -tpy 9.95612 -tpz -15.8093 -a 0 -fd 1 -fl 0.035
 -cpx -13.4267 -cpy 9.90662 -cpz -14.9391 -tpx -13.2298 -tpy 10.6634 -tpz -15.5624 -a 0 -fd 1 -fl 0.035
 -cpx -13.1531 -cpy 11.1828 -cpz -15.6834 -tpx -12.971 -tpy 12.0322 -tpz -16.1788 -a 0 -fd 1 -fl 0.035
 -cpx -12.8478 -cpy 12.6067 -cpz -16.5139 -tpx -12.6657 -tpy 13.456 -tpz -17.0093 -a 0 -fd 1 -fl 0.035
 -cpx -12.1163 -cpy 16.0186 -cpz -18.504 -tpx -11.9342 -tpy 16.868 -tpz -18.9994 -a 0 -fd 1 -fl 0.035
 -cpx -12.1163 -cpy 16.0186 -cpz -18.504 -tpx -11.5846 -tpy 16.5299 -tpz -19.1792 -a 0 -fd 1 -fl 0.035
 -cpx -12.1163 -cpy 16.0186 -cpz -18.504 -tpx -11.5916 -tpy 16.268 -tpz -19.318 -a 0 -fd 1 -fl 0.035
 -cpx -12.1163 -cpy 16.0186 -cpz -18.504 -tpx -11.6412 -tpy 15.5526 -tpz -19.2504 -a 0 -fd 1 -fl 0.035
 -cpx -12.1163 -cpy 16.0186 -cpz -18.504 -tpx -12.0905 -tpy 15.2502 -tpz -19.1435 -a 0 -fd 1 -fl 0.035
 -cpx -12.1163 -cpy 16.0186 -cpz -18.504 -tpx -12.8313 -tpy 15.6433 -tpz -19.0939 -a 0 -fd 1 -fl 0.035
 -cpx -12.1163 -cpy 16.0186 -cpz -18.504 -tpx -12.5313 -tpy 16.4179 -tpz -17.6864 -a 0 -fd 1 -fl 0.035
 -cpx -12.1163 -cpy 16.0186 -cpz -18.504 -tpx -12.9205 -tpy 16.3274 -tpz -17.9961 -a 0 -fd 1 -fl 0.035
 -cpx -12.1163 -cpy 16.0186 -cpz -18.504 -tpx -12.6146 -tpy 15.9154 -tpz -17.6432 -a 0 -fd 1 -fl 0.035
 -cpx -14.5839 -cpy 15.5072 -cpz -14.2414 -tpx -15.0822 -tpy 15.4039 -tpz -13.3805 -a 0 -fd 1 -fl 0.035
 -cpx -15.4045 -cpy 15.2483 -cpz -13.4026 -tpx -16.0874 -tpy 15.0329 -tpz -12.7046 -a 0 -fd 1 -fl 0.035
 -cpx -16.5259 -cpy 14.8946 -cpz -12.2564 -tpx -17.2089 -tpy 14.6792 -tpz -11.5584 -a 0 -fd 1 -fl 0.035
 -cpx -16.5259 -cpy 14.8946 -cpz -12.2564 -tpx -17.4861 -tpy 14.6682 -tpz -12.4202 -a 0 -fd 1 -fl 0.035
 -cpx -16.5259 -cpy 14.8946 -cpz -12.2564 -tpx -17.1504 -tpy 14.934 -tpz -13.0365 -a 0 -fd 1 -fl 0.035
 -cpx -15.8954 -cpy 14.8279 -cpz -10.5916 -tpx -16.5198 -tpy 14.8673 -tpz -11.3716 -a 0 -fd 1 -fl 0.035
 -cpx -16.8095 -cpy 14.4045 -cpz -11.1811 -tpx -17.5926 -tpy 14.0417 -tpz -11.6861 -a 0 -fd 1 -fl 0.035
 -cpx -16.6411 -cpy 15.2691 -cpz -11.1301 -tpx -17.4684 -tpy 15.2702 -tpz -11.6919 -a 0 -fd 1 -fl 0.035
 -cpx -16.0189 -cpy 15.2689 -cpz -12.0465 -tpx -16.8462 -tpy 15.2701 -tpz -12.6082 -a 0 -fd 1 -fl 0.035
 -cpx -13.4002 -cpy 15.2683 -cpz -15.9033 -tpx -13.1923 -tpy 16.1662 -tpz -16.2914 -a 0 -fd 1 -fl 0.035
 -cpx -11.2953 -cpy 24.3585 -cpz -19.8324 -tpx -11.0874 -tpy 25.2564 -tpz -20.2205 -a 0 -fd 1 -fl 0.035
 -cpx -11.2953 -cpy 24.3585 -cpz -19.8324 -tpx -11.0847 -tpy 23.433 -tpz -19.5176 -a 0 -fd 1 -fl 0.035
 -cpx -11.3141 -cpy 19.1044 -cpz -20.6771 -tpx -11.3176 -tpy 18.1171 -tpz -20.8358 -a 0 -fd 1 -fl 0.035
 -cpx -11.3139 -cpy 15.7271 -cpz -20.581 -tpx -11.3138 -tpy 14.7275 -tpz -20.5525 -a 0 -fd 1 -fl 0.035
 -cpx -11.3139 -cpy 15.7271 -cpz -20.581 -tpx -11.1092 -tpy 14.9652 -tpz -19.9665 -a 0 -fd 1 -fl 0.035
 -cpx -10.844 -cpy 14.8016 -cpz -18.7006 -tpx -10.7288 -tpy 14.3728 -tpz -17.8046 -a 0 -fd 1 -fl 0.035
 -cpx -14.6091 -cpy 13.7832 -cpz -12.7043 -tpx -15.0176 -tpy 13.3331 -tpz -11.9102 -a 0 -fd 1 -fl 0.035
 -cpx -15.6274 -cpy 11.6394 -cpz -9.31358 -tpx -16.5319 -tpy 11.2851 -tpz -9.07644 -a 0 -fd 1 -fl 0.035
 -cpx -15.219 -cpy 11.4795 -cpz -7.70332 -tpx -16.1956 -tpy 11.2652 -tpz -7.72103 -a 0 -fd 1 -fl 0.035
 -cpx -15.219 -cpy 11.4795 -cpz -7.70332 -tpx -15.4061 -tpy 11.3672 -tpz -6.72742 -a 0 -fd 1 -fl 0.035
 -cpx -6.11466 -cpy 6.82806 -cpz -10.1943 -tpx -5.24946 -tpy 6.38603 -tpz -10.4311 -a 0 -fd 1 -fl 0.035
 -cpx -1.86387 -cpy 6.89174 -cpz -17.0572 -tpx -1.33732 -tpy 6.89963 -tpz -17.9073 -a 0 -fd 1 -fl 0.035
 -cpx -1.86387 -cpy 6.89174 -cpz -17.0572 -tpx -2.40726 -tpy 6.67963 -tpz -17.8694 -a 0 -fd 1 -fl 0.035
 -cpx -2.95281 -cpy 6.34535 -cpz -19.1406 -tpx -3.19292 -tpy 5.8487 -tpz -19.9747 -a 0 -fd 1 -fl 0.035
 -cpx -2.95281 -cpy 6.34535 -cpz -19.1406 -tpx -2.18365 -tpy 5.84188 -tpz -19.5342 -a 0 -fd 1 -fl 0.035
 -cpx -2.95281 -cpy 6.34535 -cpz -19.1406 -tpx -1.9712 -tpy 6.18519 -tpz -19.0368 -a 0 -fd 1 -fl 0.035
 -cpx -1.05381 -cpy 6.06912 -cpz -20.8909 -tpx -0.157779 -tpy 5.98598 -tpz -20.4547 -a 0 -fd 1 -fl 0.035
 -cpx -1.05381 -cpy 6.06912 -cpz -20.8909 -tpx -0.33056 -tpy 6.17133 -tpz -20.2079 -a 0 -fd 1 -fl 0.035
 -cpx -0.122957 -cpy 6.20067 -cpz -20.0118 -tpx 0.60029 -tpy 6.30289 -tpz -19.3288 -a 0 -fd 1 -fl 0.035
 -cpx -1.09463 -cpy 6.30532 -cpz -17.4935 -tpx -0.371379 -tpy 6.40753 -tpz -16.8105 -a 0 -fd 1 -fl 0.035
 -cpx -1.09463 -cpy 6.30532 -cpz -17.4935 -tpx -0.96095 -tpy 5.57256 -tpz -16.8263 -a 0 -fd 1 -fl 0.035
 -cpx 1.0336 -cpy 4.0323 -cpz -15.7321 -tpx 1.99528 -tpy 4.25871 -tpz -15.5775 -a 0 -fd 1 -fl 0.035
 -cpx 1.0336 -cpy 4.0323 -cpz -15.7321 -tpx 1.12843 -tpy 4.71093 -tpz -16.4605 -a 0 -fd 1 -fl 0.035
 -cpx 1.0336 -cpy 4.0323 -cpz -15.7321 -tpx 1.05739 -tpy 5.03199 -tpz -15.7399 -a 0 -fd 1 -fl 0.035
 -cpx 1.24804 -cpy 5.11204 -cpz -15.1771 -tpx 1.27183 -tpy 6.11173 -tpz -15.1849 -a 0 -fd 1 -fl 0.035
 -cpx 1.24804 -cpy 5.11204 -cpz -15.1771 -tpx 2.07594 -tpy 5.62136 -tpz -14.9422 -a 0 -fd 1 -fl 0.035
 -cpx 7.32494 -cpy 8.96331 -cpz -16.7858 -tpx 7.98646 -tpy 9.61676 -tpz -17.1537 -a 0 -fd 1 -fl 0.035
 -cpx 7.8263 -cpy 13.4467 -cpz -17.5718 -tpx 7.93578 -tpy 14.4258 -tpz -17.7435 -a 0 -fd 1 -fl 0.035
 -cpx 8.78053 -cpy 13.8846 -cpz -18.003 -tpx 9.62128 -tpy 14.2703 -tpz -18.383 -a 0 -fd 1 -fl 0.035
 -cpx 9.03378 -cpy 13.8844 -cpz -17.4427 -tpx 8.61372 -tpy 13.8249 -tpz -18.3483 -a 0 -fd 1 -fl 0.035
 -cpx 9.03378 -cpy 13.8844 -cpz -17.4427 -tpx 8.84809 -tpy 14.6816 -tpz -18.0173 -a 0 -fd 1 -fl 0.035
 -cpx 8.81619 -cpy 18.5579 -cpz -19.6914 -tpx 8.77428 -tpy 19.4582 -tpz -20.1246 -a 0 -fd 1 -fl 0.035
 -cpx 9.02028 -cpy 25.2953 -cpz -18.9521 -tpx 9.06647 -tpy 24.3008 -tpz -19.0467 -a 0 -fd 1 -fl 0.035
 -cpx 9.02028 -cpy 25.2953 -cpz -18.9521 -tpx 8.68086 -tpy 24.3741 -tpz -18.7618 -a 0 -fd 1 -fl 0.035
 -cpx 9.02028 -cpy 25.2953 -cpz -18.9521 -tpx 8.98046 -tpy 24.4868 -tpz -18.365 -a 0 -fd 1 -fl 0.035
 -cpx 9.02028 -cpy 25.2953 -cpz -18.9521 -tpx 9.61846 -tpy 24.8492 -tpz -18.2864 -a 0 -fd 1 -fl 0.035
 -cpx 9.02028 -cpy 25.2953 -cpz -18.9521 -tpx 9.48343 -tpy 24.5009 -tpz -18.5591 -a 0 -fd 1 -fl 0.035
 -cpx 11.6058 -cpy 20.8607 -cpz -16.7582 -tpx 12.0689 -tpy 20.0663 -tpz -16.3652 -a 0 -fd 1 -fl 0.035
 -cpx 12.9918 -cpy 13.0026 -cpz -9.10751 -tpx 13.455 -tpy 12.2082 -tpz -8.71451 -a 0 -fd 1 -fl 0.035
 -cpx 12.9918 -cpy 13.0026 -cpz -9.10751 -tpx 13.0974 -tpy 12.4309 -tpz -8.29389 -a 0 -fd 1 -fl 0.035
 -cpx 13.781 -cpy 8.72875 -cpz -3.02542 -tpx 13.8866 -tpy 8.15702 -tpz -2.2118 -a 0 -fd 1 -fl 0.035
 -cpx 15.684 -cpy 6.38422 -cpz 0.120892 -tpx 15.7896 -tpy 5.81249 -tpz 0.934514 -a 0 -fd 1 -fl 0.035
 -cpx 15.9004 -cpy 5.21228 -cpz 1.78867 -tpx 15.6115 -tpy 4.66103 -tpz 2.57139 -a 0 -fd 1 -fl 0.035
 -cpx 15.9004 -cpy 5.21228 -cpz 1.78867 -tpx 14.9623 -tpy 4.8886 -tpz 1.91169 -a 0 -fd 1 -fl 0.035
 -cpx 15.9004 -cpy 5.21228 -cpz 1.78867 -tpx 14.9211 -tpy 5.14148 -tpz 1.97813 -a 0 -fd 1 -fl 0.035
 -cpx 15.9004 -cpy 5.21228 -cpz 1.78867 -tpx 15.0667 -tpy 5.07547 -tpz 1.25368 -a 0 -fd 1 -fl 0.035
 -cpx 15.9004 -cpy 5.21228 -cpz 1.78867 -tpx 15.4601 -tpy 5.32567 -tpz 0.898002 -a 0 -fd 1 -fl 0.035
 -cpx 15.9004 -cpy 5.21228 -cpz 1.78867 -tpx 15.8208 -tpy 5.11569 -tpz 0.79653 -a 0 -fd 1 -fl 0.035
 -cpx 15.729 -cpy 5.00425 -cpz -0.34818 -tpx 15.6495 -tpy 4.90767 -tpz -1.34032 -a 0 -fd 1 -fl 0.035
 -cpx 13.0547 -cpy 5.00474 -cpz -0.13377 -tpx 12.9751 -tpy 4.90816 -tpz -1.12591 -a 0 -fd 1 -fl 0.035
 -cpx 12.7628 -cpy 4.65034 -cpz -3.7742 -tpx 12.6832 -tpy 4.55375 -tpz -4.76634 -a 0 -fd 1 -fl 0.035
 -cpx 12.7628 -cpy 4.65034 -cpz -3.7742 -tpx 12.641 -tpy 4.75143 -tpz -4.7616 -a 0 -fd 1 -fl 0.035
 -cpx 12.7628 -cpy 4.65034 -cpz -3.7742 -tpx 12.1983 -tpy 5.25484 -tpz -4.33631 -a 0 -fd 1 -fl 0.035
 -cpx 12.7628 -cpy 4.65034 -cpz -3.7742 -tpx 12.6472 -tpy 5.42021 -tpz -4.40185 -a 0 -fd 1 -fl 0.035
 -cpx 12.7628 -cpy 4.65034 -cpz -3.7742 -tpx 12.1876 -tpy 5.45286 -tpz -3.93294 -a 0 -fd 1 -fl 0.035
 -cpx 12.7628 -cpy 4.65034 -cpz -3.7742 -tpx 13.6662 -tpy 5.0423 -tpz -3.60065 -a 0 -fd 1 -fl 0.035
 -cpx 13.2274 -cpy 5.85351 -cpz -10.1244 -tpx 13.2991 -tpy 6.03918 -tpz -11.1044 -a 0 -fd 1 -fl 0.035
 -cpx 13.2274 -cpy 5.85351 -cpz -10.1244 -tpx 13.4636 -tpy 5.42769 -tpz -10.9978 -a 0 -fd 1 -fl 0.035
 -cpx 13.2274 -cpy 5.85351 -cpz -10.1244 -tpx 13.7112 -tpy 5.01749 -tpz -10.3832 -a 0 -fd 1 -fl 0.035
 -cpx 13.2274 -cpy 5.85351 -cpz -10.1244 -tpx 13.1081 -tpy 4.96373 -tpz -9.68387 -a 0 -fd 1 -fl 0.035
 -cpx 13.2274 -cpy 5.85351 -cpz -10.1244 -tpx 12.4936 -tpy 5.51179 -tpz -9.53715 -a 0 -fd 1 -fl 0.035
 -cpx 13.2274 -cpy 5.85351 -cpz -10.1244 -tpx 12.3488 -tpy 5.75244 -tpz -10.5912 -a 0 -fd 1 -fl 0.035
 -cpx 13.2274 -cpy 5.85351 -cpz -10.1244 -tpx 13.0091 -tpy 6.39819 -tpz -10.9341 -a 0 -fd 1 -fl 0.035
 -cpx 13.2274 -cpy 5.85351 -cpz -10.1244 -tpx 12.6866 -tpy 6.5969 -tpz -10.518 -a 0 -fd 1 -fl 0.035
 -cpx 6.22786 -cpy 12.7588 -cpz -14.6843 -tpx 5.58205 -tpy 13.3959 -tpz -15.105 -a 0 -fd 1 -fl 0.035
 -cpx 6.22786 -cpy 12.7588 -cpz -14.6843 -tpx 5.89242 -tpy 13.5719 -tpz -15.16 -a 0 -fd 1 -fl 0.035
 -cpx 6.22786 -cpy 12.7588 -cpz -14.6843 -tpx 5.50999 -tpy 13.2457 -tpz -14.1867 -a 0 -fd 1 -fl 0.035
 -cpx 6.22786 -cpy 12.7588 -cpz -14.6843 -tpx 6.33402 -tpy 12.7993 -tpz -13.6908 -a 0 -fd 1 -fl 0.035
 -cpx 6.22786 -cpy 12.7588 -cpz -14.6843 -tpx 5.42766 -tpy 12.5073 -tpz -15.2288 -a 0 -fd 1 -fl 0.035
 -cpx 6.22786 -cpy 12.7588 -cpz -14.6843 -tpx 5.42768 -tpy 12.1606 -tpz -14.641 -a 0 -fd 1 -fl 0.035
 -cpx 6.22786 -cpy 12.7588 -cpz -14.6843 -tpx 5.46668 -tpy 12.37 -tpz -14.1653 -a 0 -fd 1 -fl 0.035
 -cpx 6.22786 -cpy 12.7588 -cpz -14.6843 -tpx 5.85619 -tpy 12.2661 -tpz -13.8975 -a 0 -fd 1 -fl 0.035
 -cpx 0.726529 -cpy 11.3232 -cpz -19.7222 -tpx -0.0584139 -tpy 11.1531 -tpz -20.318 -a 0 -fd 1 -fl 0.035
 -cpx 0.726529 -cpy 11.3232 -cpz -19.7222 -tpx 0.230608 -tpy 10.4549 -tpz -19.7177 -a 0 -fd 1 -fl 0.035
 -cpx 0.726529 -cpy 11.3232 -cpz -19.7222 -tpx 0.73696 -tpy 10.4674 -tpz -19.2051 -a 0 -fd 1 -fl 0.035
 -cpx -3.97485 -cpy 10.8592 -cpz -21.9613 -tpx -4.87412 -tpy 10.7704 -tpz -22.3896 -a 0 -fd 1 -fl 0.035
 -cpx -4.95963 -cpy 10.8596 -cpz -19.8937 -tpx -5.8589 -tpy 10.7709 -tpz -20.322 -a 0 -fd 1 -fl 0.035
 -cpx -4.95963 -cpy 10.8596 -cpz -19.8937 -tpx -5.6308 -tpy 10.982 -tpz -20.6249 -a 0 -fd 1 -fl 0.035
 -cpx -4.95963 -cpy 10.8596 -cpz -19.8937 -tpx -5.2271 -tpy 11.266 -tpz -20.7674 -a 0 -fd 1 -fl 0.035
 -cpx -4.95963 -cpy 10.8596 -cpz -19.8937 -tpx -5.16111 -tpy 11.7131 -tpz -20.3743 -a 0 -fd 1 -fl 0.035
 -cpx -4.95963 -cpy 10.8596 -cpz -19.8937 -tpx -4.95326 -tpy 11.8368 -tpz -20.106 -a 0 -fd 1 -fl 0.035
 -cpx -4.95963 -cpy 10.8596 -cpz -19.8937 -tpx -4.58498 -tpy 10.7217 -tpz -20.8106 -a 0 -fd 1 -fl 0.035
 -cpx -4.95963 -cpy 10.8596 -cpz -19.8937 -tpx -4.07396 -tpy 10.7776 -tpz -20.3507 -a 0 -fd 1 -fl 0.035
 -cpx -4.95963 -cpy 10.8596 -cpz -19.8937 -tpx -4.83795 -tpy 11.8476 -tpz -19.9896 -a 0 -fd 1 -fl 0.035
 -cpx -4.95963 -cpy 10.8596 -cpz -19.8937 -tpx -4.64839 -tpy 11.7938 -tpz -20.0681 -a 0 -fd 1 -fl 0.035
 -cpx -0.702417 -cpy 17.7177 -cpz -21.2131 -tpx 0.116604 -tpy 18.2434 -tpz -21.443 -a 0 -fd 1 -fl 0.035
 -cpx -0.702417 -cpy 17.7177 -cpz -21.2131 -tpx -0.0869229 -tpy 18.0721 -tpz -20.5091 -a 0 -fd 1 -fl 0.035
 -cpx -0.702417 -cpy 17.7177 -cpz -21.2131 -tpx -1.03598 -tpy 17.7986 -tpz -20.2738 -a 0 -fd 1 -fl 0.035
 -cpx -0.702417 -cpy 17.7177 -cpz -21.2131 -tpx -0.563222 -tpy 17.3644 -tpz -20.288 -a 0 -fd 1 -fl 0.035
 -cpx -4.64401 -cpy 12.4587 -cpz -13.6944 -tpx -5.03872 -tpy 11.9321 -tpz -12.9415 -a 0 -fd 1 -fl 0.035
 -cpx -6.59359 -cpy 9.85757 -cpz -9.97556 -tpx -6.98829 -tpy 9.33095 -tpz -9.22265 -a 0 -fd 1 -fl 0.035
 -cpx -4.48458 -cpy 9.85808 -cpz -8.86958 -tpx -4.87929 -tpy 9.33145 -tpz -8.11667 -a 0 -fd 1 -fl 0.035
 -cpx -4.48458 -cpy 9.85808 -cpz -8.86958 -tpx -4.49312 -tpy 9.29467 -tpz -8.04344 -a 0 -fd 1 -fl 0.035
 -cpx -4.48458 -cpy 9.85808 -cpz -8.86958 -tpx -4.14474 -tpy 9.14081 -tpz -8.26128 -a 0 -fd 1 -fl 0.035
 -cpx -4.48458 -cpy 9.85808 -cpz -8.86958 -tpx -3.52785 -tpy 9.60765 -tpz -8.72146 -a 0 -fd 1 -fl 0.035
 -cpx 4.48497 -cpy 6.27293 -cpz -10.0834 -tpx 5.27498 -tpy 6.00186 -tpz -9.53345 -a 0 -fd 1 -fl 0.035
 -cpx 4.48497 -cpy 6.27293 -cpz -10.0834 -tpx 4.68615 -tpy 6.05092 -tpz -9.1293 -a 0 -fd 1 -fl 0.035
 -cpx 4.48497 -cpy 6.27293 -cpz -10.0834 -tpx 3.69866 -tpy 6.13499 -tpz -9.48113 -a 0 -fd 1 -fl 0.035
 -cpx 4.48497 -cpy 6.27293 -cpz -10.0834 -tpx 3.66259 -tpy 6.44199 -tpz -9.54012 -a 0 -fd 1 -fl 0.035
 -cpx 4.48497 -cpy 6.27293 -cpz -10.0834 -tpx 3.61538 -tpy 6.75191 -tpz -9.96342 -a 0 -fd 1 -fl 0.035
 -cpx 4.48497 -cpy 6.27293 -cpz -10.0834 -tpx 4.0122 -tpy 6.47074 -tpz -9.22466 -a 0 -fd 1 -fl 0.035
 -cpx 1.28673 -cpy 7.61108 -cpz -4.27438 -tpx 0.629301 -tpy 6.85798 -tpz -4.24909 -a 0 -fd 1 -fl 0.035
 -cpx -6.32838 -cpy 0.769345 -cpz -2.5033 -tpx -7.06136 -tpy 0.110804 -tpz -2.33282 -a 0 -fd 1 -fl 0.035
 -cpx -6.32838 -cpy 0.769345 -cpz -2.5033 -tpx -7.16161 -tpy 0.516732 -tpz -2.01145 -a 0 -fd 1 -fl 0.035
 -cpx -6.32838 -cpy 0.769345 -cpz -2.5033 -tpx -7.11236 -tpy 0.997925 -tpz -3.08047 -a 0 -fd 1 -fl 0.035
 -cpx -6.32838 -cpy 0.769345 -cpz -2.5033 -tpx -6.66281 -tpy 1.11106 -tpz -1.62501 -a 0 -fd 1 -fl 0.035
 -cpx -6.32838 -cpy 0.769345 -cpz -2.5033 -tpx -6.25311 -tpy 1.65913 -tpz -2.05316 -a 0 -fd 1 -fl 0.035
 -cpx -6.32838 -cpy 0.769345 -cpz -2.5033 -tpx -5.72178 -tpy 1.34569 -tpz -1.9557 -a 0 -fd 1 -fl 0.035
 -cpx -6.32838 -cpy 0.769345 -cpz -2.5033 -tpx -5.33848 -tpy 0.887192 -tpz -2.4245 -a 0 -fd 1 -fl 0.035
 -cpx -6.32838 -cpy 0.769345 -cpz -2.5033 -tpx -5.52014 -tpy 0.89166 -tpz -3.07931 -a 0 -fd 1 -fl 0.035
 -cpx -6.32838 -cpy 0.769345 -cpz -2.5033 -tpx -7.28515 -tpy 0.897237 -tpz -2.24208 -a 0 -fd 1 -fl 0.035
 -cpx -10.6956 -cpy 1.35312 -cpz -1.31094 -tpx -11.6524 -tpy 1.48101 -tpz -1.04972 -a 0 -fd 1 -fl 0.035
 -cpx -10.6956 -cpy 1.35312 -cpz -1.31094 -tpx -9.87927 -tpy 1.31824 -tpz -0.734412 -a 0 -fd 1 -fl 0.035
 -cpx -10.6956 -cpy 1.35312 -cpz -1.31094 -tpx -9.95503 -tpy 1.03795 -tpz -0.717461 -a 0 -fd 1 -fl 0.035
 -cpx -10.6956 -cpy 1.35312 -cpz -1.31094 -tpx -9.96768 -tpy 1.84096 -tpz -0.829146 -a 0 -fd 1 -fl 0.035
 -cpx -10.6956 -cpy 1.35312 -cpz -1.31094 -tpx -10.6638 -tpy 2.19465 -tpz -0.771672 -a 0 -fd 1 -fl 0.035
 -cpx -10.6956 -cpy 1.35312 -cpz -1.31094 -tpx -10.9146 -tpy 1.68636 -tpz -0.393893 -a 0 -fd 1 -fl 0.035
 -cpx -10.6956 -cpy 1.35312 -cpz -1.31094 -tpx -11.6299 -tpy 1.56634 -tpz -1.02513 -a 0 -fd 1 -fl 0.035
 -cpx -10.6956 -cpy 1.35312 -cpz -1.31094 -tpx -11.2794 -tpy 1.33736 -tpz -2.12269 -a 0 -fd 1 -fl 0.035
 -cpx -10.6956 -cpy 1.35312 -cpz -1.31094 -tpx -9.79251 -tpy 1.54761 -tpz -1.6938 -a 0 -fd 1 -fl 0.035
 -cpx -13.8743 -cpy 1.11658 -cpz -1.21274 -tpx -12.8775 -tpy 1.19075 -tpz -1.24353 -a 0 -fd 1 -fl 0.035
 -cpx -13.8743 -cpy 1.11658 -cpz -1.21274 -tpx -12.9996 -tpy 1.59457 -tpz -1.13217 -a 0 -fd 1 -fl 0.035
 -cpx -13.8743 -cpy 1.11658 -cpz -1.21274 -tpx -13.4892 -tpy 1.84241 -tpz -1.78277 -a 0 -fd 1 -fl 0.035
 -cpx -13.8743 -cpy 1.11658 -cpz -1.21274 -tpx -13.0738 -tpy 1.3232 -tpz -0.65011 -a 0 -fd 1 -fl 0.035
 -cpx -7.98378 -cpy 2.63704 -cpz 2.9275 -tpx -8.19898 -tpy 2.02451 -tpz 3.6881 -a 0 -fd 1 -fl 0.035
 -cpx -8.7683 -cpy 0.404015 -cpz 5.7003 -tpx -9.08424 -tpy 0.231625 -tpz 6.63329 -a 0 -fd 1 -fl 0.035
 -cpx -8.7683 -cpy 0.404015 -cpz 5.7003 -tpx -7.77435 -tpy 0.295101 -tpz 5.71429 -a 0 -fd 1 -fl 0.035
 -cpx -8.7683 -cpy 0.404015 -cpz 5.7003 -tpx -7.89449 -tpy 0.311892 -tpz 6.17775 -a 0 -fd 1 -fl 0.035
 -cpx -8.7683 -cpy 0.404015 -cpz 5.7003 -tpx -7.93843 -tpy 0.609537 -tpz 6.21903 -a 0 -fd 1 -fl 0.035
 -cpx -8.7683 -cpy 0.404015 -cpz 5.7003 -tpx -8.14655 -tpy 0.565304 -tpz 4.93388 -a 0 -fd 1 -fl 0.035
 -cpx -8.7683 -cpy 0.404015 -cpz 5.7003 -tpx -8.68861 -tpy 0.563084 -tpz 4.71626 -a 0 -fd 1 -fl 0.035
 -cpx -8.43869 -cpy 1.06193 -cpz 1.63021 -tpx -8.35899 -tpy 1.221 -tpz 0.646165 -a 0 -fd 1 -fl 0.035
 -cpx -8.43869 -cpy 1.06193 -cpz 1.63021 -tpx -7.78764 -tpy 0.979898 -tpz 0.875621 -a 0 -fd 1 -fl 0.035
 -cpx -7.27362 -cpy 0.88498 -cpz 0.83667 -tpx -6.45356 -tpy 0.760425 -tpz 0.278114 -a 0 -fd 1 -fl 0.035
 -cpx -7.27362 -cpy 0.88498 -cpz 0.83667 -tpx -6.28933 -tpy 0.711484 -tpz 0.869334 -a 0 -fd 1 -fl 0.035
 -cpx -7.27362 -cpy 0.88498 -cpz 0.83667 -tpx -6.6136 -tpy 0.291297 -tpz 1.29701 -a 0 -fd 1 -fl 0.035
 -cpx -7.27362 -cpy 0.88498 -cpz 0.83667 -tpx -6.73482 -tpy 1.72712 -tpz 0.814771 -a 0 -fd 1 -fl 0.035
 -cpx -7.27362 -cpy 0.88498 -cpz 0.83667 -tpx -6.63583 -tpy 1.52987 -tpz 1.25779 -a 0 -fd 1 -fl 0.035
 -cpx -7.27362 -cpy 0.88498 -cpz 0.83667 -tpx -6.35702 -tpy 1.279 -tpz 0.904465 -a 0 -fd 1 -fl 0.035
 -cpx -1.66869 -cpy 3.29437 -cpz 1.25124 -tpx -2.65906 -tpy 3.24376 -tpz 1.12234 -a 0 -fd 1 -fl 0.035
 -cpx -1.66869 -cpy 3.29437 -cpz 1.25124 -tpx -2.51508 -tpy 3.75048 -tpz 0.976309 -a 0 -fd 1 -fl 0.035
 -cpx -1.66869 -cpy 3.29437 -cpz 1.25124 -tpx -2.03649 -tpy 3.87346 -tpz 0.523652 -a 0 -fd 1 -fl 0.035
 -cpx -1.66869 -cpy 3.29437 -cpz 1.25124 -tpx -2.26585 -tpy 4.00927 -tpz 0.887495 -a 0 -fd 1 -fl 0.035
 -cpx -1.66869 -cpy 3.29437 -cpz 1.25124 -tpx -2.04884 -tpy 3.19888 -tpz 2.17122 -a 0 -fd 1 -fl 0.035
 -cpx -3.46556 -cpy 3.13811 -cpz 3.67359 -tpx -4.06054 -tpy 3.08638 -tpz 4.47566 -a 0 -fd 1 -fl 0.035
 -cpx -6.54307 -cpy 2.8705 -cpz 7.82236 -tpx -7.13805 -tpy 2.81876 -tpz 8.62444 -a 0 -fd 1 -fl 0.035
 -cpx -10.165 -cpy 2.55555 -cpz 12.7051 -tpx -10.76 -tpy 2.50381 -tpz 13.5071 -a 0 -fd 1 -fl 0.035
 -cpx -10.165 -cpy 2.55555 -cpz 12.7051 -tpx -10.7986 -tpy 2.88985 -tpz 13.4027 -a 0 -fd 1 -fl 0.035
 -cpx -10.165 -cpy 2.55555 -cpz 12.7051 -tpx -10.2217 -tpy 2.91832 -tpz 11.7749 -a 0 -fd 1 -fl 0.035
 -cpx -10.165 -cpy 2.55555 -cpz 12.7051 -tpx -9.64784 -tpy 2.67227 -tpz 11.8572 -a 0 -fd 1 -fl 0.035
 -cpx -10.165 -cpy 2.55555 -cpz 12.7051 -tpx -9.16543 -tpy 2.53304 -tpz 12.6854 -a 0 -fd 1 -fl 0.035
 -cpx -10.165 -cpy 2.55555 -cpz 12.7051 -tpx -9.40476 -tpy 2.56341 -tpz 13.3547 -a 0 -fd 1 -fl 0.035
 -cpx -10.165 -cpy 2.55555 -cpz 12.7051 -tpx -9.38695 -tpy 3.05123 -tpz 12.3191 -a 0 -fd 1 -fl 0.035
 -cpx -10.165 -cpy 2.55555 -cpz 12.7051 -tpx -9.35834 -tpy 2.52404 -tpz 12.1149 -a 0 -fd 1 -fl 0.035
 -cpx -12.6323 -cpy 1.81167 -cpz 8.84205 -tpx -13.1637 -tpy 1.65148 -tpz 8.01017 -a 0 -fd 1 -fl 0.035
 -cpx -12.6323 -cpy 1.81167 -cpz 8.84205 -tpx -13.0003 -tpy 1.85215 -tpz 7.91307 -a 0 -fd 1 -fl 0.035
 -cpx -12.6323 -cpy 1.81167 -cpz 8.84205 -tpx -11.6523 -tpy 1.87686 -tpz 8.65407 -a 0 -fd 1 -fl 0.035
 -cpx -6.62764 -cpy 2.21113 -cpz 7.69029 -tpx -5.64764 -tpy 2.27633 -tpz 7.50231 -a 0 -fd 1 -fl 0.035
 -cpx -7.59539 -cpy 2.21261 -cpz 2.64545 -tpx -6.61538 -tpy 2.27781 -tpz 2.45748 -a 0 -fd 1 -fl 0.035
 -cpx -8.7835 -cpy 2.21443 -cpz -3.54815 -tpx -7.8035 -tpy 2.27962 -tpz -3.73613 -a 0 -fd 1 -fl 0.035
 -cpx -0.506848 -cpy 2.76503 -cpz -5.13569 -tpx 0.47316 -tpy 2.83023 -tpz -5.32367 -a 0 -fd 1 -fl 0.035
 -cpx -0.0149848 -cpy 2.76428 -cpz -2.57162 -tpx 0.965023 -tpy 2.82948 -tpz -2.7596 -a 0 -fd 1 -fl 0.035
 -cpx -0.0149848 -cpy 2.76428 -cpz -2.57162 -tpx 0.11755 -tpy 3.64517 -tpz -3.02601 -a 0 -fd 1 -fl 0.035
 -cpx -0.0149848 -cpy 2.76428 -cpz -2.57162 -tpx 0.405053 -tpy 3.67039 -tpz -2.52126 -a 0 -fd 1 -fl 0.035
 -cpx -0.0149848 -cpy 2.76428 -cpz -2.57162 -tpx -0.628542 -tpy 2.78227 -tpz -1.78218 -a 0 -fd 1 -fl 0.035
 -cpx -0.0149848 -cpy 2.76428 -cpz -2.57162 -tpx -0.638093 -tpy 3.35976 -tpz -3.07871 -a 0 -fd 1 -fl 0.035
 -cpx -5.07457 -cpy 7.59954 -cpz -6.68913 -tpx -5.69768 -tpy 8.19502 -tpz -7.19622 -a 0 -fd 1 -fl 0.035
 -cpx 15.4287 -cpy 32.7712 -cpz -15.567 -tpx 14.6516 -tpy 32.3211 -tpz -16.0069 -a 0 -fd 1 -fl 0.035
 -cpx 15.4287 -cpy 32.7712 -cpz -15.567 -tpx 15.2178 -tpy 32.3545 -tpz -14.6828 -a 0 -fd 1 -fl 0.035
 -cpx 15.4287 -cpy 32.7712 -cpz -15.567 -tpx 15.0248 -tpy 32.1229 -tpz -14.9216 -a 0 -fd 1 -fl 0.035
 -cpx 15.4287 -cpy 32.7712 -cpz -15.567 -tpx 14.6893 -tpy 32.1811 -tpz -15.2429 -a 0 -fd 1 -fl 0.035
 -cpx 16.8574 -cpy 32.7723 -cpz -12.3055 -tpx 16.0934 -tpy 32.1732 -tpz -12.5448 -a 0 -fd 1 -fl 0.035
 -cpx 12.2521 -cpy 32.777 -cpz 2.38606 -tpx 11.4881 -tpy 32.1779 -tpz 2.14674 -a 0 -fd 1 -fl 0.035
 -cpx 11.2024 -cpy 32.778 -cpz 5.73486 -tpx 10.4383 -tpy 32.1789 -tpz 5.49554 -a 0 -fd 1 -fl 0.035
 -cpx 9.29274 -cpy 32.78 -cpz 11.827 -tpx 8.52867 -tpy 32.1809 -tpz 11.5877 -a 0 -fd 1 -fl 0.035
 -cpx 6.73693 -cpy 32.7826 -cpz 19.9804 -tpx 5.97287 -tpy 32.1835 -tpz 19.7411 -a 0 -fd 1 -fl 0.035
 -cpx 6.73693 -cpy 32.7826 -cpz 19.9804 -tpx 5.9118 -tpy 32.2578 -tpz 19.7711 -a 0 -fd 1 -fl 0.035
 -cpx 6.73693 -cpy 32.7826 -cpz 19.9804 -tpx 6.26649 -tpy 32.477 -tpz 19.1526 -a 0 -fd 1 -fl 0.035
 -cpx 6.73693 -cpy 32.7826 -cpz 19.9804 -tpx 6.94169 -tpy 32.5093 -tpz 19.0405 -a 0 -fd 1 -fl 0.035
 -cpx -6.82401 -cpy 32.7868 -cpz 17.0248 -tpx -6.61924 -tpy 32.5135 -tpz 16.0849 -a 0 -fd 1 -fl 0.035
 -cpx -12.626 -cpy 32.7886 -cpz 15.7603 -tpx -12.4213 -tpy 32.5154 -tpz 14.8204 -a 0 -fd 1 -fl 0.035
 -cpx -17.0269 -cpy 32.79 -cpz 14.8011 -tpx -16.8222 -tpy 32.5167 -tpz 13.8612 -a 0 -fd 1 -fl 0.035
 -cpx -17.0269 -cpy 32.79 -cpz 14.8011 -tpx -16.711 -tpy 32.0696 -tpz 14.1837 -a 0 -fd 1 -fl 0.035
 -cpx -17.0269 -cpy 32.79 -cpz 14.8011 -tpx -16.714 -tpy 31.8468 -tpz 14.6888 -a 0 -fd 1 -fl 0.035
 -cpx -17.0269 -cpy 32.79 -cpz 14.8011 -tpx -16.7364 -tpy 31.841 -tpz 14.924 -a 0 -fd 1 -fl 0.035
 -cpx -13.6895 -cpy 32.7926 -cpz 6.93031 -tpx -13.399 -tpy 31.8437 -tpz 7.05318 -a 0 -fd 1 -fl 0.035
 -cpx -9.76693 -cpy 32.7957 -cpz -2.32053 -tpx -9.53169 -tpy 31.8244 -tpz -2.354 -a 0 -fd 1 -fl 0.035
 -cpx -9.76693 -cpy 32.7957 -cpz -2.32053 -tpx -9.42857 -tpy 32.0152 -tpz -2.84615 -a 0 -fd 1 -fl 0.035
 -cpx -9.76693 -cpy 32.7957 -cpz -2.32053 -tpx -9.3429 -tpy 32.2577 -tpz -3.049 -a 0 -fd 1 -fl 0.035
 -cpx -9.76693 -cpy 32.7957 -cpz -2.32053 -tpx -10.0183 -tpy 32.4466 -tpz -3.22327 -a 0 -fd 1 -fl 0.035
 -cpx -9.76693 -cpy 32.7957 -cpz -2.32053 -tpx -9.1314 -tpy 32.0244 -tpz -2.28607 -a 0 -fd 1 -fl 0.035
 -cpx -9.76693 -cpy 32.7957 -cpz -2.32053 -tpx -9.42813 -tpy 31.9393 -tpz -1.93093 -a 0 -fd 1 -fl 0.035
 -cpx -9.76693 -cpy 32.7957 -cpz -2.32053 -tpx -9.57522 -tpy 32.0223 -tpz -1.71635 -a 0 -fd 1 -fl 0.035
 -cpx -9.76693 -cpy 32.7957 -cpz -2.32053 -tpx -9.00924 -tpy 32.7631 -tpz -1.66873 -a 0 -fd 1 -fl 0.035
 -cpx -6.66133 -cpy 29.4947 -cpz 14.5477 -tpx -7.53471 -tpy 29.0216 -tpz 14.6636 -a 0 -fd 1 -fl 0.035
 -cpx -6.66133 -cpy 29.4947 -cpz 14.5477 -tpx -7.03229 -tpy 28.7349 -tpz 14.0137 -a 0 -fd 1 -fl 0.035
 -cpx -7.73479 -cpy 27.6969 -cpz 14.2591 -tpx -8.24266 -tpy 26.8464 -tpz 14.1226 -a 0 -fd 1 -fl 0.035
 -cpx -7.73479 -cpy 27.6969 -cpz 14.2591 -tpx -8.24802 -tpy 26.8452 -tpz 14.3648 -a 0 -fd 1 -fl 0.035
 -cpx -7.73479 -cpy 27.6969 -cpz 14.2591 -tpx -7.3307 -tpy 26.8302 -tpz 14.5516 -a 0 -fd 1 -fl 0.035
 -cpx -7.73479 -cpy 27.6969 -cpz 14.2591 -tpx -7.0783 -tpy 26.9431 -tpz 14.2319 -a 0 -fd 1 -fl 0.035
 -cpx -7.73479 -cpy 27.6969 -cpz 14.2591 -tpx -7.14138 -tpy 27.105 -tpz 13.7136 -a 0 -fd 1 -fl 0.035
 -cpx -7.73479 -cpy 27.6969 -cpz 14.2591 -tpx -7.55699 -tpy 27.2428 -tpz 13.3861 -a 0 -fd 1 -fl 0.035
 -cpx -7.73479 -cpy 27.6969 -cpz 14.2591 -tpx -7.45961 -tpy 27.3081 -tpz 13.3799 -a 0 -fd 1 -fl 0.035
 -cpx -4.92887 -cpy 24.1431 -cpz 9.20588 -tpx -4.51533 -tpy 23.6193 -tpz 8.46113 -a 0 -fd 1 -fl 0.035
 -cpx 0.502665 -cpy 24.141 -cpz 12.2233 -tpx 0.916205 -tpy 23.6173 -tpz 11.4786 -a 0 -fd 1 -fl 0.035
 -cpx -5.92765 -cpy 24.1435 -cpz 8.65102 -tpx -5.51411 -tpy 23.6197 -tpz 7.90627 -a 0 -fd 1 -fl 0.035
 -cpx -11.6496 -cpy 24.1457 -cpz 5.47223 -tpx -11.2361 -tpy 23.6219 -tpz 4.72747 -a 0 -fd 1 -fl 0.035
 -cpx -8.20051 -cpy 19.7772 -cpz -0.73939 -tpx -7.78697 -tpy 19.2534 -tpz -1.48414 -a 0 -fd 1 -fl 0.035
 -cpx -4.47195 -cpy 15.0548 -cpz -7.45422 -tpx -4.05841 -tpy 14.5311 -tpz -8.19897 -a 0 -fd 1 -fl 0.035
 -cpx -10.3156 -cpy 17.6154 -cpz -5.93925 -tpx -9.90206 -tpy 17.0916 -tpz -6.684 -a 0 -fd 1 -fl 0.035
 -cpx -5.709 -cpy 18.7011 -cpz -1.35614 -tpx -5.29546 -tpy 18.1774 -tpz -2.1009 -a 0 -fd 1 -fl 0.035
 -cpx 0.76686 -cpy 18.6987 -cpz 2.24145 -tpx 1.1804 -tpy 18.1749 -tpz 1.4967 -a 0 -fd 1 -fl 0.035
 -cpx -1.16649 -cpy 22.6206 -cpz 8.4652 -tpx -0.752952 -tpy 22.0969 -tpz 7.72045 -a 0 -fd 1 -fl 0.035
 -cpx -1.68762 -cpy 27.4377 -cpz 17.1404 -tpx -1.27408 -tpy 26.9139 -tpz 16.3957 -a 0 -fd 1 -fl 0.035
 -cpx 1.36269 -cpy 27.4365 -cpz 18.835 -tpx 1.77623 -tpy 26.9128 -tpz 18.0903 -a 0 -fd 1 -fl 0.035
 -cpx -0.186571 -cpy 27.1326 -cpz 16.5933 -tpx -0.622409 -tpy 26.9902 -tpz 15.7046 -a 0 -fd 1 -fl 0.035
 -cpx 5.55406 -cpy 26.3302 -cpz 7.58987 -tpx 5.11823 -tpy 26.1878 -tpz 6.70119 -a 0 -fd 1 -fl 0.035
 -cpx 7.10751 -cpy 25.0581 -cpz -3.00408 -tpx 6.67167 -tpy 24.9157 -tpz -3.89276 -a 0 -fd 1 -fl 0.035
 -cpx -2.86461 -cpy 24.4203 -cpz -3.07443 -tpx -3.30045 -tpy 24.2779 -tpz -3.96311 -a 0 -fd 1 -fl 0.035
 -cpx -2.10384 -cpy 25.9736 -cpz 8.56617 -tpx -2.53968 -tpy 25.8312 -tpz 7.67748 -a 0 -fd 1 -fl 0.035
 -cpx -9.38324 -cpy 27.0767 -cpz 20.6443 -tpx -9.81908 -tpy 26.9343 -tpz 19.7556 -a 0 -fd 1 -fl 0.035
 -cpx 4.45441 -cpy 28.3109 -cpz 23.4424 -tpx 4.01857 -tpy 28.1685 -tpz 22.5537 -a 0 -fd 1 -fl 0.035
 -cpx 13.582 -cpy 29.7862 -cpz 30.4007 -tpx 13.1461 -tpy 29.6438 -tpz 29.512 -a 0 -fd 1 -fl 0.035
 -cpx 13.4734 -cpy 27.1587 -cpz 10.136 -tpx 13.0376 -tpy 27.0163 -tpz 9.24735 -a 0 -fd 1 -fl 0.035
 -cpx 12.2248 -cpy 23.956 -cpz -14.0209 -tpx 11.7889 -tpy 23.8136 -tpz -14.9096 -a 0 -fd 1 -fl 0.035
 -cpx 4.47852 -cpy 23.272 -cpz -15.5334 -tpx 4.04268 -tpy 23.1296 -tpz -16.4221 -a 0 -fd 1 -fl 0.035
 -cpx -6.9528 -cpy 22.208 -cpz -18.1884 -tpx -7.38864 -tpy 22.0656 -tpz -19.0771 -a 0 -fd 1 -fl 0.035
 -cpx -8.41024 -cpy 22.6747 -cpz -13.8694 -tpx -8.84608 -tpy 22.5322 -tpz -14.7581 -a 0 -fd 1 -fl 0.035
 -cpx -5.34704 -cpy 24.31 -cpz -2.7175 -tpx -5.55428 -tpy 23.5322 -tpz -3.31099 -a 0 -fd 1 -fl 0.035
 -cpx 1.87634 -cpy 24.3074 -cpz -5.23648 -tpx 1.6691 -tpy 23.5297 -tpz -5.82996 -a 0 -fd 1 -fl 0.035
 -cpx 9.2958 -cpy 24.3048 -cpz -7.82383 -tpx 9.08856 -tpy 23.5271 -tpz -8.41731 -a 0 -fd 1 -fl 0.035
 -cpx 1.84803 -cpy 12.3734 -cpz -15.4416 -tpx 1.64079 -tpy 11.5957 -tpz -16.0351 -a 0 -fd 1 -fl 0.035
 -cpx 0.698364 -cpy 8.05899 -cpz -18.734 -tpx 0.491128 -tpy 7.28128 -tpz -19.3275 -a 0 -fd 1 -fl 0.035
 -cpx 0.698364 -cpy 8.05899 -cpz -18.734 -tpx -0.151381 -tpy 7.60788 -tpz -18.4612 -a 0 -fd 1 -fl 0.035
 -cpx 0.698364 -cpy 8.05899 -cpz -18.734 -tpx -0.246052 -tpy 7.78142 -tpz -18.9102 -a 0 -fd 1 -fl 0.035
 -cpx -5.72606 -cpy 6.27129 -cpz -18.0484 -tpx -6.67048 -tpy 5.99372 -tpz -18.2246 -a 0 -fd 1 -fl 0.035
 -cpx -5.72606 -cpy 6.27129 -cpz -18.0484 -tpx -6.7096 -tpy 6.42256 -tpz -18.1473 -a 0 -fd 1 -fl 0.035
 -cpx -5.72606 -cpy 6.27129 -cpz -18.0484 -tpx -6.5435 -tpy 6.70015 -tpz -17.6639 -a 0 -fd 1 -fl 0.035
 -cpx -5.72606 -cpy 6.27129 -cpz -18.0484 -tpx -6.68225 -tpy 6.55961 -tpz -18.0991 -a 0 -fd 1 -fl 0.035
 -cpx -10.4637 -cpy 7.69988 -cpz -18.2997 -tpx -11.4199 -tpy 7.98821 -tpz -18.3504 -a 0 -fd 1 -fl 0.035
 -cpx -13.7784 -cpy 8.69937 -cpz -18.4755 -tpx -14.7346 -tpy 8.9877 -tpz -18.5262 -a 0 -fd 1 -fl 0.035
 -cpx -13.7784 -cpy 8.69937 -cpz -18.4755 -tpx -14.3765 -tpy 9.49986 -tpz -18.5142 -a 0 -fd 1 -fl 0.035
 -cpx -13.7784 -cpy 8.69937 -cpz -18.4755 -tpx -14.5199 -tpy 9.35874 -tpz -18.5995 -a 0 -fd 1 -fl 0.035
 -cpx -15.9204 -cpy 10.6041 -cpz -18.8337 -tpx -16.662 -tpy 11.2635 -tpz -18.9577 -a 0 -fd 1 -fl 0.035
 -cpx -15.9204 -cpy 10.6041 -cpz -18.8337 -tpx -16.7266 -tpy 10.7732 -tpz -18.2667 -a 0 -fd 1 -fl 0.035
 -cpx -15.9204 -cpy 10.6041 -cpz -18.8337 -tpx -16.2315 -tpy 10.6322 -tpz -17.8838 -a 0 -fd 1 -fl 0.035
 -cpx -15.9204 -cpy 10.6041 -cpz -18.8337 -tpx -15.7473 -tpy 10.2309 -tpz -17.9223 -a 0 -fd 1 -fl 0.035
 -cpx -15.9204 -cpy 10.6041 -cpz -18.8337 -tpx -15.9629 -tpy 9.62483 -tpz -18.6358 -a 0 -fd 1 -fl 0.035
 -cpx -15.8149 -cpy 9.89766 -cpz -17.9255 -tpx -15.6935 -tpy 9.28601 -tpz -17.1437 -a 0 -fd 1 -fl 0.035
 -cpx -15.8149 -cpy 9.89766 -cpz -17.9255 -tpx -15.8147 -tpy 8.90453 -tpz -17.8085 -a 0 -fd 1 -fl 0.035
 -cpx -15.8149 -cpy 9.89766 -cpz -17.9255 -tpx -14.9251 -tpy 9.60391 -tpz -18.2748 -a 0 -fd 1 -fl 0.035
 -cpx -15.8149 -cpy 9.89766 -cpz -17.9255 -tpx -15.0744 -tpy 10.5612 -tpz -17.8191 -a 0 -fd 1 -fl 0.035
 -cpx -15.8149 -cpy 9.89766 -cpz -17.9255 -tpx -15.0061 -tpy 10.3437 -tpz -18.3087 -a 0 -fd 1 -fl 0.035
 -cpx -15.7947 -cpy 9.82314 -cpz -6.77108 -tpx -15.5643 -tpy 9.81636 -tpz -5.79803 -a 0 -fd 1 -fl 0.035
 -cpx -15.9389 -cpy 9.82308 -cpz -6.73694 -tpx -15.7084 -tpy 9.81631 -tpz -5.76389 -a 0 -fd 1 -fl 0.035
 -cpx -13.785 -cpy 11.8197 -cpz -1.82906 -tpx -13.4084 -tpy 12.1688 -tpz -0.970966 -a 0 -fd 1 -fl 0.035
 -cpx -13.785 -cpy 11.8197 -cpz -1.82906 -tpx -13.5479 -tpy 11.0801 -tpz -1.19922 -a 0 -fd 1 -fl 0.035
 -cpx -13.785 -cpy 11.8197 -cpz -1.82906 -tpx -13.3281 -tpy 10.9727 -tpz -1.55727 -a 0 -fd 1 -fl 0.035
 -cpx -13.785 -cpy 11.8197 -cpz -1.82906 -tpx -14.0925 -tpy 11.3888 -tpz -0.980692 -a 0 -fd 1 -fl 0.035
 -cpx -15.1351 -cpy 10.3207 -cpz -0.543788 -tpx -15.6996 -tpy 9.694 -tpz -0.00647718 -a 0 -fd 1 -fl 0.035
 -cpx -14.761 -cpy 10.3209 -cpz -0.150556 -tpx -15.5827 -tpy 9.75097 -tpz -0.146653 -a 0 -fd 1 -fl 0.035
 -cpx -15.3495 -cpy 10.1394 -cpz -0.198932 -tpx -16.3022 -tpy 9.84567 -tpz -0.277249 -a 0 -fd 1 -fl 0.035
 -cpx -11.8105 -cpy 11.2307 -cpz 0.091998 -tpx -12.7632 -tpy 10.9369 -tpz 0.013681 -a 0 -fd 1 -fl 0.035
 -cpx -8.38766 -cpy 12.4095 -cpz 5.19186 -tpx -9.34033 -tpy 12.1157 -tpz 5.11354 -a 0 -fd 1 -fl 0.035
 -cpx -10.894 -cpy 11.9427 -cpz 16.9418 -tpx -11.8466 -tpy 11.6489 -tpz 16.8635 -a 0 -fd 1 -fl 0.035
 -cpx -14.4959 -cpy 10.832 -cpz 16.6457 -tpx -15.4485 -tpy 10.5383 -tpz 16.5674 -a 0 -fd 1 -fl 0.035
 -cpx -14.4959 -cpy 10.832 -cpz 16.6457 -tpx -15.231 -tpy 10.1863 -tpz 16.852 -a 0 -fd 1 -fl 0.035
 -cpx -15.3486 -cpy 10.0829 -cpz 16.8851 -tpx -16.0837 -tpy 9.43715 -tpz 17.0914 -a 0 -fd 1 -fl 0.035
 -cpx -15.3486 -cpy 10.0829 -cpz 16.8851 -tpx -15.799 -tpy 9.54864 -tpz 16.1697 -a 0 -fd 1 -fl 0.035
 -cpx -15.3486 -cpy 10.0829 -cpz 16.8851 -tpx -14.9244 -tpy 10.242 -tpz 15.9936 -a 0 -fd 1 -fl 0.035
 -cpx -15.3486 -cpy 10.0829 -cpz 16.8851 -tpx -14.7482 -tpy 10.7252 -tpz 16.4086 -a 0 -fd 1 -fl 0.035
 -cpx -15.3486 -cpy 10.0829 -cpz 16.8851 -tpx -14.9686 -tpy 10.6332 -tpz 16.1416 -a 0 -fd 1 -fl 0.035
 -cpx -15.3486 -cpy 10.0829 -cpz 16.8851 -tpx -14.4813 -tpy 10.5796 -tpz 16.8525 -a 0 -fd 1 -fl 0.035
 -cpx -15.3486 -cpy 10.0829 -cpz 16.8851 -tpx -15.3586 -tpy 10.9102 -tpz 16.3233 -a 0 -fd 1 -fl 0.035
 -cpx -15.4009 -cpy 14.4289 -cpz 13.9341 -tpx -15.4109 -tpy 15.2562 -tpz 13.3723 -a 0 -fd 1 -fl 0.035
 -cpx -15.4009 -cpy 14.4289 -cpz 13.9341 -tpx -15.3958 -tpy 15.0866 -tpz 13.1808 -a 0 -fd 1 -fl 0.035
 -cpx -15.4009 -cpy 14.4289 -cpz 13.9341 -tpx -14.6482 -tpy 14.5557 -tpz 13.288 -a 0 -fd 1 -fl 0.035
 -cpx -15.4009 -cpy 14.4289 -cpz 13.9341 -tpx -14.5239 -tpy 14.1861 -tpz 13.5194 -a 0 -fd 1 -fl 0.035
 -cpx -13.5535 -cpy 13.9174 -cpz 13.0605 -tpx -12.6765 -tpy 13.6745 -tpz 12.6459 -a 0 -fd 1 -fl 0.035
 -cpx -8.025 -cpy 12.3866 -cpz 10.4466 -tpx -7.14802 -tpy 12.1438 -tpz 10.0319 -a 0 -fd 1 -fl 0.035
 -cpx -8.56171 -cpy 11.3984 -cpz 0.0399145 -tpx -7.68473 -tpy 11.1556 -tpz -0.374742 -a 0 -fd 1 -fl 0.035
 -cpx -2.50318 -cpy 9.09622 -cpz -8.68292 -tpx -1.6262 -tpy 8.85339 -tpz -9.09758 -a 0 -fd 1 -fl 0.035
 -cpx 4.08498 -cpy 7.63639 -cpz -8.38077 -tpx 4.96196 -tpy 7.39356 -tpz -8.79543 -a 0 -fd 1 -fl 0.035
 -cpx 10.3804 -cpy 6.47612 -cpz -5.89112 -tpx 11.2574 -tpy 6.23329 -tpz -6.30577 -a 0 -fd 1 -fl 0.035
 -cpx 13.1624 -cpy 5.46053 -cpz -9.50679 -tpx 14.0394 -tpy 5.2177 -tpz -9.92144 -a 0 -fd 1 -fl 0.035
 -cpx 13.1024 -cpy 3.33013 -cpz -13.3615 -tpx 13.2399 -tpy 2.73733 -tpz -14.155 -a 0 -fd 1 -fl 0.035
 -cpx 13.1024 -cpy 3.33013 -cpz -13.3615 -tpx 13.2794 -tpy 3.15329 -tpz -14.3297 -a 0 -fd 1 -fl 0.035
 -cpx 13.9984 -cpy 2.16447 -cpz -19.7934 -tpx 14.1091 -tpy 2.11833 -tpz -20.7861 -a 0 -fd 1 -fl 0.035
 -cpx 13.9984 -cpy 2.16447 -cpz -19.7934 -tpx 14.0327 -tpy 2.06336 -tpz -20.7876 -a 0 -fd 1 -fl 0.035
 -cpx 12.1845 -cpy 2.06946 -cpz -20.7985 -tpx 12.112 -tpy 3.03163 -tpz -20.5359 -a 0 -fd 1 -fl 0.035
 -cpx 12.1845 -cpy 2.06946 -cpz -20.7985 -tpx 11.3766 -tpy 2.65859 -tpz -20.816 -a 0 -fd 1 -fl 0.035
 -cpx 12.1845 -cpy 2.06946 -cpz -20.7985 -tpx 11.1861 -tpy 2.12453 -tpz -20.8142 -a 0 -fd 1 -fl 0.035
 -cpx 7.46763 -cpy 2.32964 -cpz -20.8727 -tpx 6.46927 -tpy 2.38471 -tpz -20.8884 -a 0 -fd 1 -fl 0.035
 -cpx 1.7222 -cpy 2.64656 -cpz -20.963 -tpx 0.72384 -tpy 2.70163 -tpz -20.9787 -a 0 -fd 1 -fl 0.035
 -cpx -7.54555 -cpy 3.15777 -cpz -21.1088 -tpx -8.54391 -tpy 3.21284 -tpz -21.1245 -a 0 -fd 1 -fl 0.035
 -cpx -7.58394 -cpy 3.15872 -cpz -18.6645 -tpx -8.5823 -tpy 3.21379 -tpz -18.6802 -a 0 -fd 1 -fl 0.035
 -cpx -10.4017 -cpy 3.3154 -cpz -21.3172 -tpx -11.4001 -tpy 3.37047 -tpz -21.3329 -a 0 -fd 1 -fl 0.035
 -cpx -11.3098 -cpy 3.36517 -cpz -20.6736 -tpx -12.3081 -tpy 3.42024 -tpz -20.6893 -a 0 -fd 1 -fl 0.035
 -cpx -15.0026 -cpy 3.56887 -cpz -20.7317 -tpx -16.001 -tpy 3.62394 -tpz -20.7474 -a 0 -fd 1 -fl 0.035
 -cpx -15.0026 -cpy 3.56887 -cpz -20.7317 -tpx -15.2003 -tpy 4.30771 -tpz -20.0875 -a 0 -fd 1 -fl 0.035
 -cpx -15.0026 -cpy 3.56887 -cpz -20.7317 -tpx -14.6844 -tpy 4.42699 -tpz -20.3288 -a 0 -fd 1 -fl 0.035
 -cpx -15.0026 -cpy 3.56887 -cpz -20.7317 -tpx -14.7216 -tpy 4.5213 -tpz -20.6137 -a 0 -fd 1 -fl 0.035
 -cpx -15.0026 -cpy 3.56887 -cpz -20.7317 -tpx -14.6517 -tpy 4.48289 -tpz -20.5282 -a 0 -fd 1 -fl 0.035
 -cpx -13.5411 -cpy 7.37602 -cpz -19.8838 -tpx -13.1902 -tpy 8.29004 -tpz -19.6803 -a 0 -fd 1 -fl 0.035
 -cpx -13.5411 -cpy 7.37602 -cpz -19.8838 -tpx -12.9037 -tpy 7.82609 -tpz -19.2584 -a 0 -fd 1 -fl 0.035
 -cpx -13.5411 -cpy 7.37602 -cpz -19.8838 -tpx -13.348 -tpy 7.39512 -tpz -18.9028 -a 0 -fd 1 -fl 0.035
 -cpx -9.77916 -cpy 7.55991 -cpz -10.8561 -tpx -9.58604 -tpy 7.57901 -tpz -9.87506 -a 0 -fd 1 -fl 0.035
 -cpx -8.35476 -cpy 7.7008 -cpz -3.62035 -tpx -8.16164 -tpy 7.7199 -tpz -2.63936 -a 0 -fd 1 -fl 0.035
 -cpx 0.0925943 -cpy 7.70426 -cpz -5.28334 -tpx 0.137159 -tpy 6.91744 -tpz -4.66777 -a 0 -fd 1 -fl 0.035
 -cpx 0.0925943 -cpy 7.70426 -cpz -5.28334 -tpx 0.833495 -tpy 7.22427 -tpz -4.81358 -a 0 -fd 1 -fl 0.035
 -cpx 0.0925943 -cpy 7.70426 -cpz -5.28334 -tpx 1.06655 -tpy 7.92296 -tpz -5.22348 -a 0 -fd 1 -fl 0.035
 -cpx 0.0925943 -cpy 7.70426 -cpz -5.28334 -tpx 0.628835 -tpy 8.41995 -tpz -5.73082 -a 0 -fd 1 -fl 0.035
 -cpx 0.0925943 -cpy 7.70426 -cpz -5.28334 -tpx -0.00443099 -tpy 8.41442 -tpz -5.98066 -a 0 -fd 1 -fl 0.035
 -cpx 0.0925943 -cpy 7.70426 -cpz -5.28334 -tpx -0.61806 -tpy 8.27967 -tpz -5.68816 -a 0 -fd 1 -fl 0.035
 -cpx 0.0925943 -cpy 7.70426 -cpz -5.28334 -tpx -0.514166 -tpy 8.44159 -tpz -4.98636 -a 0 -fd 1 -fl 0.035
 -cpx 0.0925943 -cpy 7.70426 -cpz -5.28334 -tpx -0.301127 -tpy 8.61875 -tpz -5.37665 -a 0 -fd 1 -fl 0.035
 -cpx -5.26996 -cpy 20.1597 -cpz -6.55422 -tpx -5.66368 -tpy 21.0742 -tpz -6.64753 -a 0 -fd 1 -fl 0.035
 -cpx -5.26996 -cpy 20.1597 -cpz -6.55422 -tpx -4.71397 -tpy 20.6583 -tpz -7.21926 -a 0 -fd 1 -fl 0.035
 -cpx 8.01173 -cpy 20.978 -cpz -13.1646 -tpx 8.90562 -tpy 21.0331 -tpz -13.6095 -a 0 -fd 1 -fl 0.035
 -cpx 8.01173 -cpy 20.978 -cpz -13.1646 -tpx 8.57271 -tpy 20.2467 -tpz -13.5526 -a 0 -fd 1 -fl 0.035
 -cpx 8.01173 -cpy 20.978 -cpz -13.1646 -tpx 7.17686 -tpy 20.4552 -tpz -13.3368 -a 0 -fd 1 -fl 0.035
 -cpx 8.01173 -cpy 20.978 -cpz -13.1646 -tpx 7.69896 -tpy 20.3989 -tpz -12.4117 -a 0 -fd 1 -fl 0.035
 -cpx 8.01173 -cpy 20.978 -cpz -13.1646 -tpx 8.42862 -tpy 20.4371 -tpz -12.4341 -a 0 -fd 1 -fl 0.035
 -cpx 8.01173 -cpy 20.978 -cpz -13.1646 -tpx 8.44509 -tpy 20.9386 -tpz -12.2642 -a 0 -fd 1 -fl 0.035
 -cpx 8.01173 -cpy 20.978 -cpz -13.1646 -tpx 7.62512 -tpy 21.4381 -tpz -12.3653 -a 0 -fd 1 -fl 0.035
 -cpx -0.178078 -cpy 21.8 -cpz -8.66036 -tpx -1.05093 -tpy 21.8876 -tpz -8.1803 -a 0 -fd 1 -fl 0.035
 -cpx -4.73263 -cpy 22.2572 -cpz -6.15545 -tpx -5.60548 -tpy 22.3448 -tpz -5.67539 -a 0 -fd 1 -fl 0.035
 -cpx -8.00013 -cpy 22.5852 -cpz -4.35838 -tpx -8.87299 -tpy 22.6728 -tpz -3.87833 -a 0 -fd 1 -fl 0.035
 -cpx -11.6249 -cpy 22.949 -cpz -2.36482 -tpx -12.4978 -tpy 23.0366 -tpz -1.88476 -a 0 -fd 1 -fl 0.035
 -cpx -13.4042 -cpy 23.1276 -cpz -1.38624 -tpx -14.2771 -tpy 23.2152 -tpz -0.906183 -a 0 -fd 1 -fl 0.035
 -cpx -15.1658 -cpy 23.4716 -cpz 3.49285 -tpx -16.0387 -tpy 23.5592 -tpz 3.9729 -a 0 -fd 1 -fl 0.035
 -cpx -15.1658 -cpy 23.4716 -cpz 3.49285 -tpx -15.0656 -tpy 22.9603 -tpz 4.3464 -a 0 -fd 1 -fl 0.035
 -cpx -15.1658 -cpy 23.4716 -cpz 3.49285 -tpx -14.3802 -tpy 23.0796 -tpz 3.97149 -a 0 -fd 1 -fl 0.035
 -cpx -15.1658 -cpy 23.4716 -cpz 3.49285 -tpx -14.8014 -tpy 23.6273 -tpz 2.57472 -a 0 -fd 1 -fl 0.035
 -cpx -15.1658 -cpy 23.4716 -cpz 3.49285 -tpx -14.2402 -tpy 23.3314 -tpz 3.14143 -a 0 -fd 1 -fl 0.035
 -cpx -14.023 -cpy 22.3616 -cpz -0.369779 -tpx -13.7495 -tpy 22.0959 -tpz -1.29423 -a 0 -fd 1 -fl 0.035
 -cpx -12.7694 -cpy 21.1438 -cpz -4.60713 -tpx -12.4959 -tpy 20.8781 -tpz -5.53159 -a 0 -fd 1 -fl 0.035
 -cpx -11.413 -cpy 19.8262 -cpz -9.19181 -tpx -11.1394 -tpy 19.5606 -tpz -10.1163 -a 0 -fd 1 -fl 0.035
 -cpx -10.0196 -cpy 18.4728 -cpz -13.9013 -tpx -9.74608 -tpy 18.2071 -tpz -14.8258 -a 0 -fd 1 -fl 0.035
 -cpx -13.6916 -cpy 18.4744 -cpz -14.9882 -tpx -13.418 -tpy 18.2088 -tpz -15.9126 -a 0 -fd 1 -fl 0.035
 -cpx -15.878 -cpy 18.4754 -cpz -15.6353 -tpx -15.6045 -tpy 18.2098 -tpz -16.5598 -a 0 -fd 1 -fl 0.035
