 -cpx 2.75421 -cpy 20.7081 -cpz 8.77252 -tpx 3.51971 -tpy 20.0911 -tpz 8.58981 -a 0 -fd 1 -fl 0.035
 -cpx 25.6295 -cpy 15.7305 -cpz -1.55215 -tpx 24.9756 -tpy 15.1523 -tpz -1.06414 -a 0 -fd 1 -fl 0.035
 -cpx 25.9495 -cpy 15.7306 -cpz -0.390087 -tpx 25.1276 -tpy 15.2078 -tpz -0.163704 -a 0 -fd 1 -fl 0.035
 -cpx 26.2652 -cpy 15.7307 -cpz 0.756111 -tpx 25.3903 -tpy 15.2606 -tpz 0.872856 -a 0 -fd 1 -fl 0.035
 -cpx 26.4715 -cpy 15.731 -cpz 4.06183 -tpx 25.5753 -tpy 15.29 -tpz 4.0133 -a 0 -fd 1 -fl 0.035
 -cpx 26.3777 -cpy 15.7312 -cpz 5.79231 -tpx 25.4815 -tpy 15.2901 -tpz 5.74379 -a 0 -fd 1 -fl 0.035
 -cpx 26.2809 -cpy 15.7313 -cpz 7.57862 -tpx 25.3847 -tpy 15.2903 -tpz 7.5301 -a 0 -fd 1 -fl 0.035
 -cpx 26.1849 -cpy 15.7315 -cpz 9.35034 -tpx 25.2887 -tpy 15.2904 -tpz 9.30181 -a 0 -fd 1 -fl 0.035
 -cpx 25.8662 -cpy 15.7316 -cpz 10.1027 -tpx 25.0823 -tpy 15.2068 -tpz 9.77077 -a 0 -fd 1 -fl 0.035
 -cpx 25.347 -cpy 15.7317 -cpz 11.3286 -tpx 24.5631 -tpy 15.2069 -tpz 10.9966 -a 0 -fd 1 -fl 0.035
 -cpx 23.4745 -cpy 14.8871 -cpz 12.377 -tpx 22.7829 -tpy 14.3089 -tpz 11.9442 -a 0 -fd 1 -fl 0.035
 -cpx 23.0632 -cpy 15.3855 -cpz 14.2695 -tpx 22.7221 -tpy 14.7194 -tpz 13.6062 -a 0 -fd 1 -fl 0.035
 -cpx 21.2907 -cpy 13.0424 -cpz 12.2897 -tpx 20.9467 -tpy 12.3621 -tpz 11.6425 -a 0 -fd 1 -fl 0.035
 -cpx 19.7428 -cpy 12.6107 -cpz 11.9058 -tpx 18.8059 -tpy 12.3493 -tpz 11.6734 -a 0 -fd 1 -fl 0.035
 -cpx 19.0346 -cpy 12.4131 -cpz 11.7302 -tpx 18.1277 -tpy 12.1129 -tpz 11.4345 -a 0 -fd 1 -fl 0.035
 -cpx 16.7206 -cpy 11.8961 -cpz 12.335 -tpx 15.9336 -tpy 11.5873 -tpz 11.8008 -a 0 -fd 1 -fl 0.035
 -cpx 16.7206 -cpy 11.8961 -cpz 12.335 -tpx 16.3037 -tpy 11.5448 -tpz 11.4967 -a 0 -fd 1 -fl 0.035
 -cpx 16.7206 -cpy 11.8961 -cpz 12.335 -tpx 16.6096 -tpy 11.0862 -tpz 11.759 -a 0 -fd 1 -fl 0.035
 -cpx 14.4679 -cpy 11.8963 -cpz 12.6291 -tpx 14.4118 -tpy 11.0964 -tpz 12.0315 -a 0 -fd 1 -fl 0.035
 -cpx 11.6936 -cpy 12.2682 -cpz 12.4972 -tpx 11.7863 -tpy 11.4786 -tpz 11.8906 -a 0 -fd 1 -fl 0.035
 -cpx 9.04945 -cpy 14.4423 -cpz 13.5303 -tpx 9.22467 -tpy 13.6576 -tpz 12.9357 -a 0 -fd 1 -fl 0.035
 -cpx 6.88244 -cpy 14.4426 -cpz 11.8054 -tpx 7.32281 -tpy 13.6734 -tpz 11.3423 -a 0 -fd 1 -fl 0.035
 -cpx 3.53069 -cpy 16.2601 -cpz 10.4582 -tpx 4.0063 -tpy 15.4824 -tpz 10.0472 -a 0 -fd 1 -fl 0.035
 -cpx 4.1357 -cpy 15.3899 -cpz 10.6957 -tpx 4.69274 -tpy 14.5887 -tpz 10.9144 -a 0 -fd 1 -fl 0.035
 -cpx 4.1881 -cpy 17.6123 -cpz 6.02154 -tpx 4.74514 -tpy 16.8111 -tpz 6.24019 -a 0 -fd 1 -fl 0.035
 -cpx 5.62401 -cpy 17.1461 -cpz 3.31793 -tpx 6.18105 -tpy 16.345 -tpz 3.53658 -a 0 -fd 1 -fl 0.035
 -cpx 5.0523 -cpy 18.8389 -cpz 1.31492 -tpx 5.60934 -tpy 18.0377 -tpz 1.53357 -a 0 -fd 1 -fl 0.035
 -cpx 6.32365 -cpy 17.7537 -cpz 0.295153 -tpx 6.88069 -tpy 16.9525 -tpz 0.513807 -a 0 -fd 1 -fl 0.035
 -cpx 6.53482 -cpy 16.9677 -cpz 1.36346 -tpx 7.09186 -tpy 16.1665 -tpz 1.58211 -a 0 -fd 1 -fl 0.035
 -cpx 7.10231 -cpy 16.1515 -cpz 1.58621 -tpx 7.65935 -tpy 15.3503 -tpz 1.80487 -a 0 -fd 1 -fl 0.035
 -cpx 7.90098 -cpy 14.7408 -cpz 2.99649 -tpx 8.50423 -tpy 13.9581 -tpz 3.15 -a 0 -fd 1 -fl 0.035
 -cpx 8.05204 -cpy 14.7408 -cpz 2.93979 -tpx 8.73919 -tpy 14.0188 -tpz 3.02096 -a 0 -fd 1 -fl 0.035
 -cpx 9.64524 -cpy 13.2134 -cpz 1.9326 -tpx 10.3324 -tpy 12.4914 -tpz 2.01377 -a 0 -fd 1 -fl 0.035
 -cpx 10.939 -cpy 12.0052 -cpz 0.852726 -tpx 11.6261 -tpy 11.2832 -tpz 0.933891 -a 0 -fd 1 -fl 0.035
 -cpx 11.6795 -cpy 11.2271 -cpz 0.940199 -tpx 12.3667 -tpy 10.5051 -tpz 1.02136 -a 0 -fd 1 -fl 0.035
 -cpx 11.6795 -cpy 11.2271 -cpz 0.940199 -tpx 12.5691 -tpy 10.775 -tpz 1.00492 -a 0 -fd 1 -fl 0.035
 -cpx 12.5141 -cpy 11.0179 -cpz 1.03313 -tpx 13.4785 -tpy 10.7762 -tpz 1.14052 -a 0 -fd 1 -fl 0.035
 -cpx 13.3052 -cpy 10.8196 -cpz 1.12122 -tpx 14.1814 -tpy 10.6439 -tpz 1.56982 -a 0 -fd 1 -fl 0.035
 -cpx 14.5561 -cpy 10.538 -cpz 1.36148 -tpx 15.1674 -tpy 10.3325 -tpz 2.12573 -a 0 -fd 1 -fl 0.035
 -cpx 15.2754 -cpy 10.5381 -cpz 0.786235 -tpx 15.5139 -tpy 10.3845 -tpz 1.74516 -a 0 -fd 1 -fl 0.035
 -cpx 17.6041 -cpy 10.5383 -cpz 0.325333 -tpx 16.9852 -tpy 9.9537 -tpz 0.849929 -a 0 -fd 1 -fl 0.035
 -cpx 17.6041 -cpy 10.5383 -cpz 0.325333 -tpx 16.9852 -tpy 9.9537 -tpz 0.849929 -a 0 -fd 1 -fl 0.035
 -cpx 17.6041 -cpy 10.5383 -cpz 0.325333 -tpx 16.8497 -tpy 10.0872 -tpz 0.802114 -a 0 -fd 1 -fl 0.035
 -cpx 17.6041 -cpy 10.5383 -cpz 0.325333 -tpx 16.6915 -tpy 10.4193 -tpz 0.716493 -a 0 -fd 1 -fl 0.035
 -cpx 18.2557 -cpy 10.5385 -cpz 2.74157 -tpx 17.2644 -tpy 10.433 -tpz 2.81973 -a 0 -fd 1 -fl 0.035
 -cpx 17.7748 -cpy 10.5388 -cpz 5.37331 -tpx 16.8526 -tpy 10.2408 -tpz 5.12695 -a 0 -fd 1 -fl 0.035
 -cpx 18.5706 -cpy 11.9453 -cpz 5.8888 -tpx 18.1015 -tpy 11.1161 -tpz 5.5849 -a 0 -fd 1 -fl 0.035
 -cpx 19.6574 -cpy 13.8661 -cpz 6.59277 -tpx 19.1882 -tpy 13.0369 -tpz 6.28887 -a 0 -fd 1 -fl 0.035
 -cpx 21.4877 -cpy 13.8658 -cpz 4.33364 -tpx 21.1727 -tpy 12.9518 -tpz 4.07808 -a 0 -fd 1 -fl 0.035
 -cpx 21.8005 -cpy 13.8658 -cpz 3.94832 -tpx 21.4855 -tpy 12.9517 -tpz 3.69277 -a 0 -fd 1 -fl 0.035
 -cpx 22.8896 -cpy 13.8656 -cpz 2.60652 -tpx 22.5746 -tpy 12.9515 -tpz 2.35096 -a 0 -fd 1 -fl 0.035
 -cpx 22.8134 -cpy 13.0013 -cpz 2.60231 -tpx 22.7256 -tpy 12.0052 -tpz 2.59746 -a 0 -fd 1 -fl 0.035
 -cpx 22.8134 -cpy 13.0013 -cpz 2.60231 -tpx 22.4142 -tpy 12.2747 -tpz 3.16141 -a 0 -fd 1 -fl 0.035
 -cpx 22.4189 -cpy 12.3302 -cpz 4.16877 -tpx 22.1934 -tpy 11.9465 -tpz 5.06427 -a 0 -fd 1 -fl 0.035
 -cpx 21.9965 -cpy 11.6114 -cpz 5.84631 -tpx 21.5646 -tpy 11.2486 -tpz 6.67208 -a 0 -fd 1 -fl 0.035
 -cpx 21.9124 -cpy 10.8583 -cpz 8.90942 -tpx 21.1419 -tpy 10.485 -tpz 9.42602 -a 0 -fd 1 -fl 0.035
 -cpx 21.5661 -cpy 10.6938 -cpz 10.8781 -tpx 20.6216 -tpy 10.3723 -tpz 10.9451 -a 0 -fd 1 -fl 0.035
 -cpx 19.927 -cpy 10.4915 -cpz 11.8623 -tpx 18.9877 -tpy 10.3324 -tpz 11.5585 -a 0 -fd 1 -fl 0.035
 -cpx 17.2078 -cpy 10.2117 -cpz 11.9181 -tpx 16.3761 -tpy 10.0838 -tpz 11.3779 -a 0 -fd 1 -fl 0.035
 -cpx 8.02592 -cpy 9.39807 -cpz 12.0923 -tpx 7.37434 -tpy 9.26011 -tpz 11.3464 -a 0 -fd 1 -fl 0.035
 -cpx 6.77117 -cpy 9.36875 -cpz 11.4852 -tpx 6.34123 -tpy 9.34173 -tpz 10.5827 -a 0 -fd 1 -fl 0.035
 -cpx 6.47203 -cpy 9.76157 -cpz 10.7655 -tpx 6.12929 -tpy 10.2116 -tpz 9.94086 -a 0 -fd 1 -fl 0.035
 -cpx 8.20222 -cpy 9.7614 -cpz 10.4378 -tpx 8.00491 -tpy 9.40385 -tpz 9.52497 -a 0 -fd 1 -fl 0.035
 -cpx 8.21247 -cpy 9.78347 -cpz 10.4397 -tpx 7.79245 -tpy 8.87926 -tpz 10.3623 -a 0 -fd 1 -fl 0.035
 -cpx 6.907 -cpy 7.93259 -cpz 11.1399 -tpx 6.31702 -tpy 7.15276 -tpz 10.9307 -a 0 -fd 1 -fl 0.035
 -cpx 6.57024 -cpy 7.01796 -cpz 10.3789 -tpx 6.29792 -tpy 6.27833 -tpz 9.76341 -a 0 -fd 1 -fl 0.035
 -cpx 6.63583 -cpy 5.83842 -cpz 7.43899 -tpx 7.17423 -tpy 4.99627 -tpz 7.46895 -a 0 -fd 1 -fl 0.035
 -cpx 6.63583 -cpy 5.83842 -cpz 7.43899 -tpx 7.43879 -tpy 5.35843 -tpz 7.08563 -a 0 -fd 1 -fl 0.035
 -cpx 7.66067 -cpy 5.22579 -cpz 6.98799 -tpx 8.46362 -tpy 4.7458 -tpz 6.63463 -a 0 -fd 1 -fl 0.035
 -cpx 9.32276 -cpy 4.01056 -cpz 6.28755 -tpx 10.087 -tpy 3.4518 -tpz 5.96549 -a 0 -fd 1 -fl 0.035
 -cpx 10.8905 -cpy 2.86431 -cpz 5.62687 -tpx 11.6548 -tpy 2.30554 -tpz 5.30481 -a 0 -fd 1 -fl 0.035
 -cpx 10.8905 -cpy 2.86431 -cpz 5.62687 -tpx 11.3276 -tpy 2.23065 -tpz 4.98858 -a 0 -fd 1 -fl 0.035
 -cpx 10.8905 -cpy 2.86431 -cpz 5.62687 -tpx 10.8454 -tpy 2.40317 -tpz 4.74069 -a 0 -fd 1 -fl 0.035
 -cpx 10.8905 -cpy 2.86431 -cpz 5.62687 -tpx 10.3023 -tpy 2.12241 -tpz 5.30506 -a 0 -fd 1 -fl 0.035
 -cpx 9.80779 -cpy 1.85452 -cpz 5.70425 -tpx 9.21955 -tpy 1.11262 -tpz 5.38244 -a 0 -fd 1 -fl 0.035
 -cpx 8.07022 -cpy 1.85472 -cpz 6.75164 -tpx 8.55791 -tpy 1.48251 -tpz 5.96195 -a 0 -fd 1 -fl 0.035
 -cpx 8.50201 -cpy 1.08732 -cpz 5.7213 -tpx 8.82059 -tpy 0.521112 -tpz 4.96109 -a 0 -fd 1 -fl 0.035
 -cpx 8.50201 -cpy 1.08732 -cpz 5.7213 -tpx 8.30363 -tpy 0.654361 -tpz 4.84198 -a 0 -fd 1 -fl 0.035
 -cpx 8.50201 -cpy 1.08732 -cpz 5.7213 -tpx 8.31295 -tpy 0.930448 -tpz 4.75194 -a 0 -fd 1 -fl 0.035
 -cpx 7.38058 -cpy 0.872721 -cpz 5.11093 -tpx 6.5144 -tpy 0.706967 -tpz 4.63949 -a 0 -fd 1 -fl 0.035
 -cpx 6.73998 -cpy 0.853435 -cpz 4.06954 -tpx 6.21611 -tpy 0.837663 -tpz 3.21789 -a 0 -fd 1 -fl 0.035
 -cpx 9.31402 -cpy 0.8042 -cpz 5.75367 -tpx 10.2369 -tpy 0.736729 -tpz 5.37456 -a 0 -fd 1 -fl 0.035
 -cpx 7.5328 -cpy 0.856307 -cpz 3.4344 -tpx 8.51589 -tpy 0.780981 -tpz 3.60135 -a 0 -fd 1 -fl 0.035
 -cpx 9.25213 -cpy 0.838778 -cpz 2.45004 -tpx 10.198 -tpy 0.825256 -tpz 2.77427 -a 0 -fd 1 -fl 0.035
 -cpx 10.9028 -cpy 0.821372 -cpz 1.63391 -tpx 11.8486 -tpy 0.807851 -tpz 1.95814 -a 0 -fd 1 -fl 0.035
 -cpx 11.2284 -cpy 0.939224 -cpz 2.05744 -tpx 11.8237 -tpy 1.15463 -tpz 2.83155 -a 0 -fd 1 -fl 0.035
 -cpx 11.2284 -cpy 0.939224 -cpz 2.05744 -tpx 11.1563 -tpy 0.992053 -tpz 3.05344 -a 0 -fd 1 -fl 0.035
 -cpx 11.0086 -cpy 1.07982 -cpz 4.05852 -tpx 10.8996 -tpy 1.1495 -tpz 5.05012 -a 0 -fd 1 -fl 0.035
 -cpx 10.8651 -cpy 1.17154 -cpz 5.36383 -tpx 10.7562 -tpy 1.24121 -tpz 6.35543 -a 0 -fd 1 -fl 0.035
 -cpx 10.7231 -cpy 1.26234 -cpz 6.65616 -tpx 10.6186 -tpy 1.33201 -tpz 7.64824 -a 0 -fd 1 -fl 0.035
 -cpx 9.33451 -cpy 1.26219 -cpz 7.19625 -tpx 9.69674 -tpy 1.22393 -tpz 8.12755 -a 0 -fd 1 -fl 0.035
 -cpx 9.92116 -cpy 1.21428 -cpz 8.54072 -tpx 10.3209 -tpy 1.18164 -tpz 9.45677 -a 0 -fd 1 -fl 0.035
 -cpx 9.92116 -cpy 1.21428 -cpz 8.54072 -tpx 9.68621 -tpy 0.942113 -tpz 9.47384 -a 0 -fd 1 -fl 0.035
 -cpx 9.77972 -cpy 1.05043 -cpz 9.10248 -tpx 9.45796 -tpy 0.966133 -tpz 10.0455 -a 0 -fd 1 -fl 0.035
 -cpx 9.52144 -cpy 0.971555 -cpz 9.65085 -tpx 9.09891 -tpy 0.842519 -tpz 10.548 -a 0 -fd 1 -fl 0.035
 -cpx 9.22715 -cpy 0.890742 -cpz 10.1621 -tpx 8.7329 -tpy 0.755016 -tpz 11.0208 -a 0 -fd 1 -fl 0.035
 -cpx 10.0343 -cpy 0.891109 -cpz 12.7826 -tpx 9.22071 -tpy 0.782178 -tpz 12.2115 -a 0 -fd 1 -fl 0.035
 -cpx 10.0343 -cpy 0.891109 -cpz 12.7826 -tpx 9.71059 -tpy 0.802329 -tpz 11.8406 -a 0 -fd 1 -fl 0.035
 -cpx 8.82448 -cpy 0.891251 -cpz 12.5469 -tpx 9.2728 -tpy 0.809196 -tpz 11.6568 -a 0 -fd 1 -fl 0.035
 -cpx 7.63046 -cpy 0.8914 -cpz 11.7252 -tpx 8.19578 -tpy 0.817196 -tpz 10.9037 -a 0 -fd 1 -fl 0.035
 -cpx 7.13816 -cpy 0.891461 -cpz 11.3864 -tpx 7.50385 -tpy 0.817257 -tpz 10.4587 -a 0 -fd 1 -fl 0.035
 -cpx 7.59363 -cpy 0.799039 -cpz 10.2309 -tpx 7.99838 -tpy 0.907925 -tpz 9.32297 -a 0 -fd 1 -fl 0.035
 -cpx 7.59363 -cpy 0.799039 -cpz 10.2309 -tpx 7.96657 -tpy 0.288749 -tpz 9.45595 -a 0 -fd 1 -fl 0.035
 -cpx 7.81564 -cpy 0.465317 -cpz 9.83435 -tpx 8.2094 -tpy -0.12657 -tpz 9.13105 -a 0 -fd 1 -fl 0.035
 -cpx 7.27699 -cpy 0.0837145 -cpz 8.46407 -tpx 7.42901 -tpy -0.204654 -tpz 7.5187 -a 0 -fd 1 -fl 0.035
 -cpx 7.50495 -cpy 0.0342693 -cpz 7.19306 -tpx 7.68136 -tpy -0.00399369 -tpz 6.20948 -a 0 -fd 1 -fl 0.035
 -cpx 7.50495 -cpy 0.0342693 -cpz 7.19306 -tpx 8.18248 -tpy 0.283589 -tpz 6.50111 -a 0 -fd 1 -fl 0.035
 -cpx 7.50495 -cpy 0.0342693 -cpz 7.19306 -tpx 8.24163 -tpy 0.560875 -tpz 6.7688 -a 0 -fd 1 -fl 0.035
 -cpx 7.29813 -cpy 0.539852 -cpz 5.42307 -tpx 7.90391 -tpy 0.928674 -tpz 4.72891 -a 0 -fd 1 -fl 0.035
 -cpx 8.00515 -cpy -0.0986941 -cpz 4.8161 -tpx 8.85587 -tpy 0.30356 -tpz 4.47776 -a 0 -fd 1 -fl 0.035
 -cpx 10.2811 -cpy 1.14128 -cpz 2.91785 -tpx 11.0635 -tpy 0.617516 -tpz 2.58082 -a 0 -fd 1 -fl 0.035
 -cpx 10.037 -cpy 1.14135 -cpz 2.3512 -tpx 10.9338 -tpy 0.752489 -tpz 2.14005 -a 0 -fd 1 -fl 0.035
 -cpx 9.74181 -cpy 1.14148 -cpz 1.09706 -tpx 10.6689 -tpy 0.820973 -tpz 1.29117 -a 0 -fd 1 -fl 0.035
 -cpx 10.2854 -cpy 1.14163 -cpz -0.184891 -tpx 11.1558 -tpy 0.815797 -tpz 0.184154 -a 0 -fd 1 -fl 0.035
 -cpx 11.7816 -cpy 0.604655 -cpz -0.0460826 -tpx 11.2131 -tpy 0.383727 -tpz 0.746352 -a 0 -fd 1 -fl 0.035
 -cpx 11.7816 -cpy 0.604655 -cpz -0.0460826 -tpx 11.4461 -tpy 0.744801 -tpz 0.885491 -a 0 -fd 1 -fl 0.035
 -cpx 11.7816 -cpy 0.604655 -cpz -0.0460826 -tpx 12.1476 -tpy 0.967421 -tpz 0.81093 -a 0 -fd 1 -fl 0.035
 -cpx 11.7816 -cpy 0.604655 -cpz -0.0460826 -tpx 12.6018 -tpy 0.659737 -tpz 0.523396 -a 0 -fd 1 -fl 0.035
 -cpx 13.3706 -cpy 0.711374 -cpz 1.05727 -tpx 14.3478 -tpy 0.759714 -tpz 1.26419 -a 0 -fd 1 -fl 0.035
 -cpx 15.0676 -cpy 0.795321 -cpz 1.41661 -tpx 16.0447 -tpy 0.843661 -tpz 1.62353 -a 0 -fd 1 -fl 0.035
 -cpx 16.8368 -cpy 0.882848 -cpz 1.79127 -tpx 17.814 -tpy 0.931188 -tpz 1.99819 -a 0 -fd 1 -fl 0.035
 -cpx 18.0283 -cpy 0.941791 -cpz 2.04357 -tpx 19.0055 -tpy 0.990131 -tpz 2.25049 -a 0 -fd 1 -fl 0.035
 -cpx 19.1288 -cpy 0.942014 -cpz 0.370268 -tpx 19.9202 -tpy 0.958873 -tpz 0.981357 -a 0 -fd 1 -fl 0.035
 -cpx 20.6252 -cpy 0.97389 -cpz 1.52569 -tpx 21.4165 -tpy 0.990749 -tpz 2.13678 -a 0 -fd 1 -fl 0.035
 -cpx 22.0033 -cpy 0.974048 -cpz 1.26564 -tpx 22.1887 -tpy 0.992032 -tpz 2.24814 -a 0 -fd 1 -fl 0.035
 -cpx 22.0033 -cpy 0.974048 -cpz 1.26564 -tpx 22.1809 -tpy 1.29559 -tpz 2.19572 -a 0 -fd 1 -fl 0.035
 -cpx 22.3335 -cpy 1.57183 -cpz 2.99474 -tpx 22.5112 -tpy 1.89337 -tpz 3.92483 -a 0 -fd 1 -fl 0.035
 -cpx 21.7297 -cpy 2.43673 -cpz 5.61963 -tpx 21.9427 -tpy 2.77209 -tpz 6.53732 -a 0 -fd 1 -fl 0.035
 -cpx 22.4741 -cpy 4.06726 -cpz 8.69454 -tpx 23.2415 -tpy 4.56976 -tpz 9.09281 -a 0 -fd 1 -fl 0.035
 -cpx 22.4741 -cpy 4.06726 -cpz 8.69454 -tpx 23.1144 -tpy 4.77585 -tpz 8.99111 -a 0 -fd 1 -fl 0.035
 -cpx 22.4741 -cpy 4.06726 -cpz 8.69454 -tpx 23.3317 -tpy 4.56196 -tpz 8.55392 -a 0 -fd 1 -fl 0.035
 -cpx 22.4741 -cpy 4.06726 -cpz 8.69454 -tpx 22.7867 -tpy 4.41214 -tpz 7.80947 -a 0 -fd 1 -fl 0.035
 -cpx 22.4741 -cpy 4.06726 -cpz 8.69454 -tpx 22.2778 -tpy 4.31332 -tpz 7.74536 -a 0 -fd 1 -fl 0.035
 -cpx 22.0229 -cpy 5.08624 -cpz 5.91864 -tpx 21.8721 -tpy 5.42689 -tpz 4.99063 -a 0 -fd 1 -fl 0.035
 -cpx 22.1422 -cpy 5.92485 -cpz 4.40269 -tpx 22.2109 -tpy 6.40777 -tpz 3.52973 -a 0 -fd 1 -fl 0.035
 -cpx 22.1422 -cpy 5.92485 -cpz 4.40269 -tpx 22.4524 -tpy 6.38795 -tpz 3.57243 -a 0 -fd 1 -fl 0.035
 -cpx 22.1422 -cpy 5.92485 -cpz 4.40269 -tpx 22.3111 -tpy 5.5516 -tpz 3.49046 -a 0 -fd 1 -fl 0.035
 -cpx 20.8913 -cpy 3.78192 -cpz 4.15342 -tpx 20.3896 -tpy 2.92263 -tpz 4.05346 -a 0 -fd 1 -fl 0.035
 -cpx 20.1485 -cpy 2.8367 -cpz 3.93349 -tpx 19.5407 -tpy 2.06325 -tpz 3.75353 -a 0 -fd 1 -fl 0.035
 -cpx 18.4405 -cpy 1.80687 -cpz 3.86823 -tpx 17.5846 -tpy 1.29079 -tpz 3.83553 -a 0 -fd 1 -fl 0.035
 -cpx 17.231 -cpy 1.20518 -cpz 4.46677 -tpx 16.3482 -tpy 0.742057 -tpz 4.38815 -a 0 -fd 1 -fl 0.035
 -cpx 16.7245 -cpy 0.96783 -cpz 4.32602 -tpx 15.8464 -tpy 0.556294 -tpz 4.08197 -a 0 -fd 1 -fl 0.035
 -cpx 15.5797 -cpy 0.472248 -cpz 4.01891 -tpx 14.6327 -tpy 0.240365 -tpz 3.79657 -a 0 -fd 1 -fl 0.035
 -cpx 15.4494 -cpy 0.472313 -cpz 4.57402 -tpx 14.4996 -tpy 0.262373 -tpz 4.34198 -a 0 -fd 1 -fl 0.035
 -cpx 14.7067 -cpy 0.392302 -cpz 4.31244 -tpx 13.7705 -tpy 0.375415 -tpz 3.96127 -a 0 -fd 1 -fl 0.035
 -cpx 14.7067 -cpy 0.392302 -cpz 4.31244 -tpx 13.9745 -tpy 0.606613 -tpz 3.66588 -a 0 -fd 1 -fl 0.035
 -cpx 13.9895 -cpy 0.392425 -cpz 5.12455 -tpx 13.2574 -tpy 0.606736 -tpz 4.47799 -a 0 -fd 1 -fl 0.035
 -cpx 12.3752 -cpy 1.1385 -cpz 3.06649 -tpx 11.7818 -tpy 1.4128 -tpz 2.30984 -a 0 -fd 1 -fl 0.035
 -cpx 12.3752 -cpy 1.1385 -cpz 3.06649 -tpx 11.4011 -tpy 1.0688 -tpz 2.85159 -a 0 -fd 1 -fl 0.035
 -cpx 10.5105 -cpy 1.00506 -cpz 2.65512 -tpx 9.53633 -tpy 0.935358 -tpz 2.44022 -a 0 -fd 1 -fl 0.035
 -cpx 8.25403 -cpy 0.911116 -cpz 1.886 -tpx 7.30824 -tpy 0.871738 -tpz 1.56362 -a 0 -fd 1 -fl 0.035
 -cpx 7.26729 -cpy 0.730006 -cpz 1.57428 -tpx 6.32802 -tpy 0.557608 -tpz 1.27755 -a 0 -fd 1 -fl 0.035
 -cpx 6.82927 -cpy 0.707801 -cpz 1.56442 -tpx 5.83081 -tpy 0.657183 -tpz 1.54194 -a 0 -fd 1 -fl 0.035
 -cpx 6.82927 -cpy 0.707801 -cpz 1.56442 -tpx 5.83081 -tpy 0.657183 -tpz 1.54194 -a 0 -fd 1 -fl 0.035
 -cpx 5.37003 -cpy 0.762106 -cpz 1.66469 -tpx 4.37307 -tpy 0.799207 -tpz 1.7332 -a 0 -fd 1 -fl 0.035
 -cpx 5.31025 -cpy 0.762007 -cpz 0.794834 -tpx 4.31329 -tpy 0.799109 -tpz 0.863344 -a 0 -fd 1 -fl 0.035
 -cpx 4.38239 -cpy 0.796538 -cpz 0.858595 -tpx 3.38543 -tpy 0.833639 -tpz 0.927105 -a 0 -fd 1 -fl 0.035
 -cpx 3.07981 -cpy 0.845013 -cpz 0.948107 -tpx 2.08285 -tpy 0.882114 -tpz 1.01662 -a 0 -fd 1 -fl 0.035
 -cpx 1.86725 -cpy 0.890137 -cpz 1.03143 -tpx 0.870291 -tpy 0.927239 -tpz 1.09994 -a 0 -fd 1 -fl 0.035
 -cpx -0.0691322 -cpy 0.962199 -cpz 1.1645 -tpx -1.06609 -tpy 0.9993 -tpz 1.23301 -a 0 -fd 1 -fl 0.035
 -cpx -3.01501 -cpy 0.872985 -cpz 1.54199 -tpx -2.01755 -tpy 0.940424 -tpz 1.51897 -a 0 -fd 1 -fl 0.035
 -cpx -2.0604 -cpy 0.937527 -cpz 1.51996 -tpx -1.16644 -tpy 1.38561 -tpz 1.51144 -a 0 -fd 1 -fl 0.035
 -cpx -0.66427 -cpy 1.63731 -cpz 1.50665 -tpx 0.242405 -tpy 2.05906 -tpz 1.49801 -a 0 -fd 1 -fl 0.035
 -cpx -0.198997 -cpy 1.64569 -cpz 1.52366 -tpx 0.800173 -tpy 1.66368 -tpz 1.56019 -a 0 -fd 1 -fl 0.035
 -cpx 1.64251 -cpy 1.35619 -cpz 2.01089 -tpx 2.28702 -tpy 1.20934 -tpz 2.76125 -a 0 -fd 1 -fl 0.035
 -cpx 1.78605 -cpy 1.35625 -cpz 1.55561 -tpx 2.73326 -tpy 1.23951 -tpz 1.85422 -a 0 -fd 1 -fl 0.035
 -cpx 4.04068 -cpy 1.12459 -cpz 1.57708 -tpx 5.0354 -tpy 1.02239 -tpz 1.58656 -a 0 -fd 1 -fl 0.035
 -cpx 5.2382 -cpy 1.00154 -cpz 1.59927 -tpx 6.23279 -tpy 0.899334 -tpz 1.6177 -a 0 -fd 1 -fl 0.035
 -cpx 6.56055 -cpy 1.01239 -cpz 1.20508 -tpx 7.33935 -tpy 1.10899 -tpz 0.585279 -a 0 -fd 1 -fl 0.035
 -cpx 7.52682 -cpy 1.01224 -cpz 2.06952 -tpx 8.19296 -tpy 1.05497 -tpz 1.32492 -a 0 -fd 1 -fl 0.035
 -cpx 7.52682 -cpy 1.01224 -cpz 2.06952 -tpx 7.64731 -tpy 1.28979 -tpz 1.11639 -a 0 -fd 1 -fl 0.035
 -cpx 7.52682 -cpy 1.01224 -cpz 2.06952 -tpx 7.45325 -tpy 1.50401 -tpz 1.20191 -a 0 -fd 1 -fl 0.035
 -cpx 7.35941 -cpy 2.13118 -cpz 0.0953986 -tpx 7.28584 -tpy 2.62295 -tpz -0.772214 -a 0 -fd 1 -fl 0.035
 -cpx 7.33046 -cpy 2.97324 -cpz -0.680773 -tpx 7.30518 -tpy 3.70829 -tpz -1.35831 -a 0 -fd 1 -fl 0.035
 -cpx 7.34114 -cpy 4.01548 -cpz -1.09351 -tpx 7.35068 -tpy 4.94519 -tpz -1.46169 -a 0 -fd 1 -fl 0.035
 -cpx 7.34114 -cpy 4.01548 -cpz -1.09351 -tpx 8.33316 -tpy 4.1378 -tpz -1.06282 -a 0 -fd 1 -fl 0.035
 -cpx 7.09597 -cpy 4.01564 -cpz -2.34085 -tpx 7.97964 -tpy 3.54754 -tpz -2.34242 -a 0 -fd 1 -fl 0.035
 -cpx 7.09597 -cpy 4.01564 -cpz -2.34085 -tpx 7.61384 -tpy 3.17047 -tpz -2.20856 -a 0 -fd 1 -fl 0.035
 -cpx 8.28751 -cpy 3.51575 -cpz -3.01819 -tpx 9.18699 -tpy 3.08992 -tpz -2.92023 -a 0 -fd 1 -fl 0.035
 -cpx 9.39439 -cpy 2.99173 -cpz -2.89765 -tpx 10.2939 -tpy 2.5659 -tpz -2.79968 -a 0 -fd 1 -fl 0.035
 -cpx 10.5784 -cpy 2.4955 -cpz -1.5668 -tpx 11.5127 -tpy 2.14427 -tpz -1.50635 -a 0 -fd 1 -fl 0.035
 -cpx 12.5652 -cpy 2.18435 -cpz -1.63509 -tpx 13.5526 -tpy 2.02972 -tpz -1.66903 -a 0 -fd 1 -fl 0.035
 -cpx 14.6539 -cpy 2.22202 -cpz -1.76573 -tpx 15.6518 -tpy 2.24001 -tpz -1.82814 -a 0 -fd 1 -fl 0.035
 -cpx 16.4716 -cpy 2.83115 -cpz -1.66233 -tpx 17.4184 -tpy 3.14844 -tpz -1.60846 -a 0 -fd 1 -fl 0.035
 -cpx 17.6614 -cpy 2.48075 -cpz -1.57995 -tpx 18.6185 -tpy 2.19887 -tpz -1.51368 -a 0 -fd 1 -fl 0.035
 -cpx 18.8629 -cpy 2.12692 -cpz -1.49676 -tpx 19.8449 -tpy 1.94899 -tpz -1.4343 -a 0 -fd 1 -fl 0.035
 -cpx 21.4408 -cpy 1.65985 -cpz -1.33281 -tpx 22.4229 -tpy 1.48193 -tpz -1.27035 -a 0 -fd 1 -fl 0.035
 -cpx 22.7188 -cpy 1.43486 -cpz -1.81542 -tpx 23.7008 -tpy 1.25693 -tpz -1.75296 -a 0 -fd 1 -fl 0.035
 -cpx 22.7611 -cpy 1.43494 -cpz -2.48043 -tpx 23.7431 -tpy 1.25701 -tpz -2.41798 -a 0 -fd 1 -fl 0.035
 -cpx 23.8091 -cpy 1.69054 -cpz -2.14739 -tpx 24.7374 -tpy 1.91693 -tpz -1.85239 -a 0 -fd 1 -fl 0.035
 -cpx 23.8091 -cpy 1.69054 -cpz -2.14739 -tpx 24.3911 -tpy 1.10503 -tpz -1.58308 -a 0 -fd 1 -fl 0.035
 -cpx 23.8091 -cpy 1.69054 -cpz -2.14739 -tpx 24.2409 -tpy 1.11419 -tpz -1.45359 -a 0 -fd 1 -fl 0.035
 -cpx 24.9145 -cpy 1.69069 -cpz -2.77264 -tpx 24.8174 -tpy 1.18623 -tpz -1.91468 -a 0 -fd 1 -fl 0.035
 -cpx 25.4374 -cpy 1.1996 -cpz -1.61757 -tpx 25.1267 -tpy 0.807646 -tpz -0.751618 -a 0 -fd 1 -fl 0.035
 -cpx 24.9444 -cpy 1.04038 -cpz -0.461321 -tpx 24.5554 -tpy 0.914707 -tpz 0.451285 -a 0 -fd 1 -fl 0.035
 -cpx 25.0259 -cpy 0.863743 -cpz 0.689843 -tpx 25.0957 -tpy 0.712447 -tpz 1.67586 -a 0 -fd 1 -fl 0.035
 -cpx 26.2603 -cpy 0.689818 -cpz 1.74264 -tpx 26.33 -tpy 0.538522 -tpz 2.72866 -a 0 -fd 1 -fl 0.035
 -cpx 25.4986 -cpy 0.840505 -cpz 2.71372 -tpx 24.886 -tpy 0.961702 -tpz 3.49475 -a 0 -fd 1 -fl 0.035
 -cpx 23.7416 -cpy 0.866657 -cpz 1.89659 -tpx 22.835 -tpy 0.880153 -tpz 1.47493 -a 0 -fd 1 -fl 0.035
 -cpx 20.8173 -cpy 1.86344 -cpz 1.8736 -tpx 19.8708 -tpy 2.18606 -tpz 1.86616 -a 0 -fd 1 -fl 0.035
 -cpx 20.8173 -cpy 1.86344 -cpz 1.8736 -tpx 19.8183 -tpy 1.83869 -tpz 1.91189 -a 0 -fd 1 -fl 0.035
 -cpx 19.5644 -cpy 2.67082 -cpz 1.99373 -tpx 18.7266 -tpy 3.21076 -tpz 2.07407 -a 0 -fd 1 -fl 0.035
 -cpx 18.7286 -cpy 3.30811 -cpz 1.40282 -tpx 18.0354 -tpy 3.83665 -tpz 0.912749 -a 0 -fd 1 -fl 0.035
 -cpx 17.6032 -cpy 3.82219 -cpz 0.897726 -tpx 16.7611 -tpy 4.20688 -tpz 0.519765 -a 0 -fd 1 -fl 0.035
 -cpx 17.6032 -cpy 3.82219 -cpz 0.897726 -tpx 16.6154 -tpy 3.97681 -tpz 0.913319 -a 0 -fd 1 -fl 0.035
 -cpx 17.0226 -cpy 3.90207 -cpz 0.952124 -tpx 16.0361 -tpy 4.03777 -tpz 1.04454 -a 0 -fd 1 -fl 0.035
 -cpx 15.7458 -cpy 4.0777 -cpz 1.07173 -tpx 14.7594 -tpy 4.2134 -tpz 1.16414 -a 0 -fd 1 -fl 0.035
 -cpx 14.4801 -cpy 4.25182 -cpz 1.19031 -tpx 13.4937 -tpy 4.38752 -tpz 1.28273 -a 0 -fd 1 -fl 0.035
 -cpx 13.1992 -cpy 4.42803 -cpz 1.31031 -tpx 12.2128 -tpy 4.56373 -tpz 1.40272 -a 0 -fd 1 -fl 0.035
 -cpx 12.179 -cpy 5.01514 -cpz 1.1412 -tpx 11.3211 -tpy 5.50886 -tpz 0.998992 -a 0 -fd 1 -fl 0.035
 -cpx 12.179 -cpy 5.01514 -cpz 1.1412 -tpx 11.6705 -tpy 5.74406 -tpz 0.682838 -a 0 -fd 1 -fl 0.035
 -cpx 12.179 -cpy 5.01514 -cpz 1.1412 -tpx 12.1289 -tpy 5.92734 -tpz 0.734533 -a 0 -fd 1 -fl 0.035
 -cpx 12.179 -cpy 5.01514 -cpz 1.1412 -tpx 12.9336 -tpy 5.61062 -tpz 0.865409 -a 0 -fd 1 -fl 0.035
 -cpx 12.7612 -cpy 5.04026 -cpz 2.03134 -tpx 13.3084 -tpy 5.06388 -tpz 2.86802 -a 0 -fd 1 -fl 0.035
 -cpx 13.6549 -cpy 5.0404 -cpz 1.44685 -tpx 12.7449 -tpy 4.70608 -tpz 1.69225 -a 0 -fd 1 -fl 0.035
 -cpx 12.4776 -cpy 4.60789 -cpz 1.76432 -tpx 11.5679 -tpy 4.27463 -tpz 2.01186 -a 0 -fd 1 -fl 0.035
 -cpx 10.6682 -cpy 3.94504 -cpz 2.25667 -tpx 9.75841 -tpy 3.61178 -tpz 2.50421 -a 0 -fd 1 -fl 0.035
 -cpx 9.39316 -cpy 3.47798 -cpz 2.60359 -tpx 8.4834 -tpy 3.14472 -tpz 2.85113 -a 0 -fd 1 -fl 0.035
 -cpx 8.14303 -cpy 3.02004 -cpz 2.94374 -tpx 7.23327 -tpy 2.68678 -tpz 3.19128 -a 0 -fd 1 -fl 0.035
 -cpx 8.48297 -cpy 3.02021 -cpz 4.19333 -tpx 7.57321 -tpy 2.68695 -tpz 4.44086 -a 0 -fd 1 -fl 0.035
 -cpx 8.85819 -cpy 3.0204 -cpz 5.5726 -tpx 7.94843 -tpy 2.68714 -tpz 5.82014 -a 0 -fd 1 -fl 0.035
 -cpx 8.92517 -cpy 2.20839 -cpz 5.79419 -tpx 9.35755 -tpy 2.06488 -tpz 6.68439 -a 0 -fd 1 -fl 0.035
 -cpx 8.05261 -cpy 2.65769 -cpz 6.7866 -tpx 7.19388 -tpy 2.98987 -tpz 7.1768 -a 0 -fd 1 -fl 0.035
 -cpx 9.42125 -cpy 7.18978 -cpz -3.21829 -tpx 9.83614 -tpy 7.13243 -tpz -2.31023 -a 0 -fd 1 -fl 0.035
 -cpx 8.93536 -cpy 7.08032 -cpz -2.61688 -tpx 8.31313 -tpy 6.94015 -tpz -1.8467 -a 0 -fd 1 -fl 0.035
 -cpx 8.01979 -cpy 6.94433 -cpz -2.32624 -tpx 7.07607 -tpy 6.80416 -tpz -2.02667 -a 0 -fd 1 -fl 0.035
 -cpx 7.55453 -cpy 6.87844 -cpz -1.87157 -tpx 6.69741 -tpy 6.80312 -tpz -2.38115 -a 0 -fd 1 -fl 0.035
 -cpx 6.34493 -cpy 6.81259 -cpz -1.54618 -tpx 5.48781 -tpy 6.73727 -tpz -2.05576 -a 0 -fd 1 -fl 0.035
 -cpx -0.532802 -cpy 9.36307 -cpz -2.77022 -tpx -1.06582 -tpy 9.90396 -tpz -2.11958 -a 0 -fd 1 -fl 0.035
 -cpx -0.532802 -cpy 9.36307 -cpz -2.77022 -tpx -0.977051 -tpy 9.65571 -tpz -3.61698 -a 0 -fd 1 -fl 0.035
 -cpx -0.532802 -cpy 9.36307 -cpz -2.77022 -tpx -0.578375 -tpy 9.36081 -tpz -3.76918 -a 0 -fd 1 -fl 0.035
 -cpx -0.532802 -cpy 9.36307 -cpz -2.77022 -tpx -0.110261 -tpy 8.96078 -tpz -3.5824 -a 0 -fd 1 -fl 0.035
 -cpx -0.532802 -cpy 9.36307 -cpz -2.77022 -tpx 0.286723 -tpy 9.05752 -tpz -3.25501 -a 0 -fd 1 -fl 0.035
 -cpx -0.713403 -cpy 9.36325 -cpz -4.00799 -tpx 0.243171 -tpy 9.10737 -tpz -4.1476 -a 0 -fd 1 -fl 0.035
 -cpx -0.724441 -cpy 9.36345 -cpz -5.32085 -tpx 0.202771 -tpy 9.08264 -tpz -5.073 -a 0 -fd 1 -fl 0.035
 -cpx 2.07963 -cpy 8.40562 -cpz -6.17458 -tpx 2.98029 -tpy 8.02612 -tpz -5.96294 -a 0 -fd 1 -fl 0.035
 -cpx 3.80071 -cpy 8.02149 -cpz -8.21014 -tpx 4.65172 -tpy 7.65766 -tpz -7.83145 -a 0 -fd 1 -fl 0.035
 -cpx 5.65675 -cpy 7.62715 -cpz -9.20893 -tpx 6.32057 -tpy 7.36151 -tpz -8.5098 -a 0 -fd 1 -fl 0.035
 -cpx 7.3502 -cpy 7.62743 -cpz -9.31779 -tpx 7.41367 -tpy 7.47948 -tpz -8.33083 -a 0 -fd 1 -fl 0.035
 -cpx 9.52584 -cpy 7.62779 -cpz -9.45764 -tpx 9.58931 -tpy 7.47984 -tpz -8.47069 -a 0 -fd 1 -fl 0.035
 -cpx 11.0574 -cpy 7.62805 -cpz -9.5561 -tpx 11.1209 -tpy 7.4801 -tpz -8.56914 -a 0 -fd 1 -fl 0.035
 -cpx 12.0981 -cpy 7.62822 -cpz -9.62299 -tpx 12.1615 -tpy 7.48027 -tpz -8.63603 -a 0 -fd 1 -fl 0.035
 -cpx 13.4708 -cpy 7.62845 -cpz -9.71123 -tpx 13.5342 -tpy 7.4805 -tpz -8.72428 -a 0 -fd 1 -fl 0.035
 -cpx 14.9773 -cpy 7.6287 -cpz -9.80808 -tpx 15.0408 -tpy 7.48075 -tpz -8.82112 -a 0 -fd 1 -fl 0.035
 -cpx 15.8028 -cpy 7.62883 -cpz -9.86114 -tpx 15.8663 -tpy 7.48088 -tpz -8.87419 -a 0 -fd 1 -fl 0.035
 -cpx 16.9878 -cpy 7.62903 -cpz -9.93732 -tpx 17.0513 -tpy 7.48108 -tpz -8.95036 -a 0 -fd 1 -fl 0.035
 -cpx 18.0126 -cpy 7.6292 -cpz -10.0032 -tpx 18.0761 -tpy 7.48125 -tpz -9.01624 -a 0 -fd 1 -fl 0.035
 -cpx 19.5289 -cpy 7.62945 -cpz -10.1007 -tpx 19.5923 -tpy 7.4815 -tpz -9.11371 -a 0 -fd 1 -fl 0.035
 -cpx 20.6594 -cpy 7.62964 -cpz -10.1733 -tpx 20.7229 -tpy 7.48169 -tpz -9.18638 -a 0 -fd 1 -fl 0.035
 -cpx 21.7563 -cpy 7.62982 -cpz -10.2438 -tpx 21.8197 -tpy 7.48187 -tpz -9.25689 -a 0 -fd 1 -fl 0.035
 -cpx 23.0998 -cpy 7.63004 -cpz -10.3302 -tpx 23.1632 -tpy 7.48209 -tpz -9.34325 -a 0 -fd 1 -fl 0.035
 -cpx 24.4699 -cpy 7.63027 -cpz -10.4183 -tpx 24.5334 -tpy 7.48232 -tpz -9.43133 -a 0 -fd 1 -fl 0.035
 -cpx 25.7217 -cpy 7.63048 -cpz -10.4987 -tpx 25.7851 -tpy 7.48253 -tpz -9.51179 -a 0 -fd 1 -fl 0.035
 -cpx 27.2077 -cpy 7.63072 -cpz -10.5943 -tpx 27.2711 -tpy 7.48277 -tpz -9.60731 -a 0 -fd 1 -fl 0.035
 -cpx 28.6229 -cpy 7.16496 -cpz -8.98459 -tpx 27.8721 -tpy 7.10089 -tpz -8.32712 -a 0 -fd 1 -fl 0.035
 -cpx 30.2458 -cpy 7.1654 -cpz -7.13132 -tpx 29.4951 -tpy 7.10132 -tpz -6.47385 -a 0 -fd 1 -fl 0.035
 -cpx 30.5687 -cpy 7.09328 -cpz -5.05039 -tpx 29.818 -tpy 7.02921 -tpz -4.39293 -a 0 -fd 1 -fl 0.035
 -cpx 30.94 -cpy 7.09341 -cpz -4.43475 -tpx 30.0861 -tpy 7.01699 -tpz -3.91987 -a 0 -fd 1 -fl 0.035
 -cpx 31.0698 -cpy 7.03249 -cpz -2.27934 -tpx 30.1573 -tpy 6.96055 -tpz -1.87674 -a 0 -fd 1 -fl 0.035
 -cpx 31.0698 -cpy 7.03249 -cpz -2.27934 -tpx 30.1122 -tpy 6.98526 -tpz -1.99527 -a 0 -fd 1 -fl 0.035
 -cpx 31.3019 -cpy 7.03264 -cpz -1.49689 -tpx 30.3078 -tpy 7.14042 -tpz -1.50438 -a 0 -fd 1 -fl 0.035
 -cpx 29.1391 -cpy 7.26762 -cpz -2.27362 -tpx 28.1449 -tpy 7.37541 -tpz -2.28111 -a 0 -fd 1 -fl 0.035
 -cpx 28.2111 -cpy 7.36824 -cpz -2.28061 -tpx 27.2169 -tpy 7.47603 -tpz -2.2881 -a 0 -fd 1 -fl 0.035
 -cpx 30.2587 -cpy 7.14563 -cpz -1.33249 -tpx 29.2646 -tpy 7.25342 -tpz -1.33998 -a 0 -fd 1 -fl 0.035
 -cpx 31.6078 -cpy 6.99826 -cpz 0.432691 -tpx 30.6136 -tpy 7.10604 -tpz 0.425199 -a 0 -fd 1 -fl 0.035
 -cpx 30.999 -cpy 7.0633 -cpz 1.95231 -tpx 30.0049 -tpy 7.17108 -tpz 1.94482 -a 0 -fd 1 -fl 0.035
 -cpx 30.9918 -cpy 7.06347 -cpz 2.90741 -tpx 29.9977 -tpy 7.17126 -tpz 2.89992 -a 0 -fd 1 -fl 0.035
 -cpx 29.1353 -cpy 7.26476 -cpz 2.89342 -tpx 28.1412 -tpy 7.37255 -tpz 2.88593 -a 0 -fd 1 -fl 0.035
 -cpx 28.0381 -cpy 7.38409 -cpz 2.30672 -tpx 27.0439 -tpy 7.49188 -tpz 2.29923 -a 0 -fd 1 -fl 0.035
 -cpx 26.8877 -cpy 7.50882 -cpz 2.29805 -tpx 25.8935 -tpy 7.61661 -tpz 2.29056 -a 0 -fd 1 -fl 0.035
 -cpx 31.3433 -cpy 7.97171 -cpz 4.13131 -tpx 30.876 -tpy 8.01107 -tpz 3.24808 -a 0 -fd 1 -fl 0.035
 -cpx 30.1008 -cpy 7.97197 -cpz 4.7887 -tpx 29.5863 -tpy 7.77967 -tpz 3.95308 -a 0 -fd 1 -fl 0.035
 -cpx 28.1974 -cpy 7.70713 -cpz 4.3719 -tpx 27.6829 -tpy 7.51483 -tpz 3.53628 -a 0 -fd 1 -fl 0.035
 -cpx 27.3389 -cpy 7.38628 -cpz 2.9777 -tpx 26.8244 -tpy 7.19398 -tpz 2.14208 -a 0 -fd 1 -fl 0.035
 -cpx 25.9378 -cpy 7.03328 -cpz 0.770663 -tpx 25.3856 -tpy 6.98717 -tpz -0.0617982 -a 0 -fd 1 -fl 0.035
 -cpx 24.8907 -cpy 6.94583 -cpz -0.807967 -tpx 24.3385 -tpy 6.89972 -tpz -1.64043 -a 0 -fd 1 -fl 0.035
 -cpx 26.1309 -cpy 6.94607 -cpz -0.753121 -tpx 26.0939 -tpy 6.88647 -tpz 0.244416 -a 0 -fd 1 -fl 0.035
 -cpx 25.4985 -cpy 7.11082 -cpz 1.06227 -tpx 25.1707 -tpy 7.19621 -tpz 2.00316 -a 0 -fd 1 -fl 0.035
 -cpx 26.022 -cpy 7.51651 -cpz 3.3063 -tpx 25.8239 -tpy 7.71872 -tpz 4.26541 -a 0 -fd 1 -fl 0.035
 -cpx 25.6947 -cpy 6.69389 -cpz 4.79879 -tpx 25.5061 -tpy 6.21984 -tpz 5.65886 -a 0 -fd 1 -fl 0.035
 -cpx 26.3996 -cpy 6.09901 -cpz 6.08497 -tpx 26.211 -tpy 5.62496 -tpz 6.94504 -a 0 -fd 1 -fl 0.035
 -cpx 26.1628 -cpy 5.50359 -cpz 7.16525 -tpx 25.9742 -tpy 5.02954 -tpz 8.02532 -a 0 -fd 1 -fl 0.035
 -cpx 25.9902 -cpy 5.06975 -cpz 7.95237 -tpx 25.8016 -tpy 4.5957 -tpz 8.81244 -a 0 -fd 1 -fl 0.035
 -cpx 25.9902 -cpy 5.06975 -cpz 7.95237 -tpx 25.8354 -tpy 4.84115 -tpz 8.91352 -a 0 -fd 1 -fl 0.035
 -cpx 25.8139 -cpy 4.80933 -cpz 9.0473 -tpx 25.632 -tpy 4.61151 -tpz 10.0105 -a 0 -fd 1 -fl 0.035
 -cpx 25.5552 -cpy 4.52805 -cpz 10.4169 -tpx 24.8074 -tpy 4.41913 -tpz 11.0718 -a 0 -fd 1 -fl 0.035
 -cpx 26.3827 -cpy 4.52829 -cpz 11.3632 -tpx 25.3985 -tpy 4.56652 -tpz 11.1902 -a 0 -fd 1 -fl 0.035
 -cpx 25.3056 -cpy 4.52851 -cpz 11.7096 -tpx 24.9996 -tpy 4.50488 -tpz 10.7579 -a 0 -fd 1 -fl 0.035
 -cpx 24.6385 -cpy 4.5641 -cpz 12.3402 -tpx 24.4156 -tpy 4.47533 -tpz 11.3694 -a 0 -fd 1 -fl 0.035
 -cpx 24.6385 -cpy 4.5641 -cpz 12.3402 -tpx 24.6144 -tpy 3.89797 -tpz 11.5947 -a 0 -fd 1 -fl 0.035
 -cpx 24.6385 -cpy 4.5641 -cpz 12.3402 -tpx 25.3976 -tpy 3.95424 -tpz 12.1125 -a 0 -fd 1 -fl 0.035
 -cpx 24.6385 -cpy 4.5641 -cpz 12.3402 -tpx 25.5598 -tpy 4.17836 -tpz 12.2905 -a 0 -fd 1 -fl 0.035
 -cpx 24.6385 -cpy 4.5641 -cpz 12.3402 -tpx 25.5911 -tpy 4.78061 -tpz 12.5539 -a 0 -fd 1 -fl 0.035
 -cpx 25.5132 -cpy 5.2397 -cpz 11.9008 -tpx 26.2487 -tpy 5.80773 -tpz 11.5315 -a 0 -fd 1 -fl 0.035
 -cpx 25.6949 -cpy 6.32054 -cpz 11.5799 -tpx 25.854 -tpy 7.26697 -tpz 11.2989 -a 0 -fd 1 -fl 0.035
 -cpx 25.5218 -cpy 7.4945 -cpz 10.5159 -tpx 25.4132 -tpy 8.23108 -tpz 9.84837 -a 0 -fd 1 -fl 0.035
 -cpx 25.5005 -cpy 7.54021 -cpz 10.4148 -tpx 25.4022 -tpy 7.51433 -tpz 9.41996 -a 0 -fd 1 -fl 0.035
 -cpx 25.6085 -cpy 7.56863 -cpz 11.5073 -tpx 25.5102 -tpy 7.54275 -tpz 10.5125 -a 0 -fd 1 -fl 0.035
 -cpx 24.591 -cpy 7.56883 -cpz 11.4392 -tpx 24.6568 -tpy 7.39423 -tpz 10.4568 -a 0 -fd 1 -fl 0.035
 -cpx 24.1854 -cpy 7.23816 -cpz 9.94325 -tpx 25.0394 -tpy 7.01944 -tpz 9.47117 -a 0 -fd 1 -fl 0.035
 -cpx 23.9403 -cpy 6.92125 -cpz 6.48775 -tpx 24.8225 -tpy 7.07698 -tpz 6.04333 -a 0 -fd 1 -fl 0.035
 -cpx 25.2902 -cpy 6.92095 -cpz 7.18239 -tpx 25.3599 -tpy 7.13527 -tpz 6.20811 -a 0 -fd 1 -fl 0.035
 -cpx 24.9962 -cpy 7.37801 -cpz 6.23869 -tpx 24.7262 -tpy 7.79771 -tpz 5.37212 -a 0 -fd 1 -fl 0.035
 -cpx 25.893 -cpy 7.88338 -cpz 7.31352 -tpx 25.8897 -tpy 7.95981 -tpz 8.31059 -a 0 -fd 1 -fl 0.035
 -cpx 25.5634 -cpy 6.6969 -cpz 8.74824 -tpx 25.389 -tpy 6.06937 -tpz 9.50706 -a 0 -fd 1 -fl 0.035
 -cpx 24.398 -cpy 3.86567 -cpz 8.45934 -tpx 24.3059 -tpy 3.16666 -tpz 7.75018 -a 0 -fd 1 -fl 0.035
 -cpx 24.3622 -cpy 2.86471 -cpz 8.14357 -tpx 24.3282 -tpy 1.91159 -tpz 7.84289 -a 0 -fd 1 -fl 0.035
 -cpx 24.3622 -cpy 2.86471 -cpz 8.14357 -tpx 24.5766 -tpy 2.25574 -tpz 7.37988 -a 0 -fd 1 -fl 0.035
 -cpx 24.8509 -cpy 1.65106 -cpz 6.15104 -tpx 25.0428 -tpy 1.25394 -tpz 5.25357 -a 0 -fd 1 -fl 0.035
 -cpx 24.0471 -cpy 1.65124 -cpz 6.04245 -tpx 24.1789 -tpy 1.47442 -tpz 5.06707 -a 0 -fd 1 -fl 0.035
 -cpx 24.2433 -cpy 1.36343 -cpz 4.45261 -tpx 24.3464 -tpy 1.18661 -tpz 3.47379 -a 0 -fd 1 -fl 0.035
 -cpx 24.5478 -cpy 1.3252 -cpz 2.86388 -tpx 24.7361 -tpy 1.30157 -tpz 1.88203 -a 0 -fd 1 -fl 0.035
 -cpx 25.2852 -cpy 1.59244 -cpz 1.26651 -tpx 25.6995 -tpy 1.74261 -tpz 0.368863 -a 0 -fd 1 -fl 0.035
 -cpx 26.5742 -cpy 1.54224 -cpz 2.33977 -tpx 27.5646 -tpy 1.49838 -tpz 2.20875 -a 0 -fd 1 -fl 0.035
 -cpx 21.3275 -cpy 1.55152 -cpz 1.81475 -tpx 22.326 -tpy 1.50541 -tpz 1.84631 -a 0 -fd 1 -fl 0.035
 -cpx 22.5076 -cpy 1.49702 -cpz 1.85206 -tpx 23.5061 -tpy 1.45091 -tpz 1.88362 -a 0 -fd 1 -fl 0.035
 -cpx 23.655 -cpy 1.44403 -cpz 1.88833 -tpx 24.6535 -tpy 1.39792 -tpz 1.9199 -a 0 -fd 1 -fl 0.035
 -cpx 24.6718 -cpy 1.39708 -cpz 1.92048 -tpx 25.6702 -tpy 1.35097 -tpz 1.95204 -a 0 -fd 1 -fl 0.035
 -cpx 25.5889 -cpy 1.35472 -cpz 1.94947 -tpx 26.5873 -tpy 1.30861 -tpz 1.98104 -a 0 -fd 1 -fl 0.035
 -cpx 26.4258 -cpy 1.31607 -cpz 1.97593 -tpx 27.4242 -tpy 1.26996 -tpz 2.0075 -a 0 -fd 1 -fl 0.035
 -cpx 27.2232 -cpy 1.27925 -cpz 2.00114 -tpx 28.2216 -tpy 1.23314 -tpz 2.03271 -a 0 -fd 1 -fl 0.035
 -cpx 28.4051 -cpy 1.22466 -cpz 2.03851 -tpx 29.4035 -tpy 1.17855 -tpz 2.07007 -a 0 -fd 1 -fl 0.035
 -cpx 29.4844 -cpy 1.17482 -cpz 2.07263 -tpx 30.4829 -tpy 1.12871 -tpz 2.1042 -a 0 -fd 1 -fl 0.035
 -cpx 30.4433 -cpy 1.13053 -cpz 2.10295 -tpx 31.4418 -tpy 1.08442 -tpz 2.13451 -a 0 -fd 1 -fl 0.035
 -cpx 31.5978 -cpy 0.782881 -cpz 1.2117 -tpx 30.8278 -tpy 1.01475 -tpz 1.80612 -a 0 -fd 1 -fl 0.035
 -cpx 30.468 -cpy 1.55445 -cpz 1.8757 -tpx 29.7251 -tpy 2.06181 -tpz 2.31234 -a 0 -fd 1 -fl 0.035
 -cpx 29.7089 -cpy 1.30734 -cpz 2.08865 -tpx 29.3118 -tpy 1.02978 -tpz 1.21384 -a 0 -fd 1 -fl 0.035
 -cpx 29.5965 -cpy 1.08853 -cpz 1.77369 -tpx 29.3151 -tpy 0.541029 -tpz 0.985606 -a 0 -fd 1 -fl 0.035
 -cpx 28.9218 -cpy 0.225196 -cpz 1.12106 -tpx 28.3928 -tpy -0.451766 -tpz 0.609316 -a 0 -fd 1 -fl 0.035
 -cpx 29.3669 -cpy 1.16897 -cpz 2.89208 -tpx 28.4161 -tpy 0.927262 -tpz 2.69851 -a 0 -fd 1 -fl 0.035
 -cpx 28.8651 -cpy 1.04141 -cpz 2.78992 -tpx 27.87 -tpy 1.04366 -tpz 2.69156 -a 0 -fd 1 -fl 0.035
 -cpx 28.9861 -cpy 1.04114 -cpz 1.5662 -tpx 28.1123 -tpy 1.52505 -tpz 1.51829 -a 0 -fd 1 -fl 0.035
 -cpx 28.5175 -cpy 1.2841 -cpz 2.09259 -tpx 27.6437 -tpy 1.76801 -tpz 2.04468 -a 0 -fd 1 -fl 0.035
 -cpx 26.6751 -cpy 1.81218 -cpz 2.02907 -tpx 25.7144 -tpy 2.08757 -tpz 1.99595 -a 0 -fd 1 -fl 0.035
 -cpx 25.976 -cpy 2.52252 -cpz 1.97724 -tpx 25.2755 -tpy 3.23427 -tpz 1.92531 -a 0 -fd 1 -fl 0.035
 -cpx 25.6085 -cpy 2.89599 -cpz 1.94999 -tpx 24.908 -tpy 3.60774 -tpz 1.89805 -a 0 -fd 1 -fl 0.035
 -cpx 25.6085 -cpy 2.89599 -cpz 1.94999 -tpx 25.2495 -tpy 3.82192 -tpz 1.83254 -a 0 -fd 1 -fl 0.035
 -cpx 25.6085 -cpy 2.89599 -cpz 1.94999 -tpx 25.3989 -tpy 3.85785 -tpz 1.77424 -a 0 -fd 1 -fl 0.035
 -cpx 25.6085 -cpy 2.89599 -cpz 1.94999 -tpx 25.7486 -tpy 3.2451 -tpz 1.02344 -a 0 -fd 1 -fl 0.035
 -cpx 25.6085 -cpy 2.89599 -cpz 1.94999 -tpx 25.0084 -tpy 2.51233 -tpz 1.24808 -a 0 -fd 1 -fl 0.035
 -cpx 25.6085 -cpy 2.89599 -cpz 1.94999 -tpx 24.9016 -tpy 2.39834 -tpz 1.44732 -a 0 -fd 1 -fl 0.035
 -cpx 25.6085 -cpy 2.89599 -cpz 1.94999 -tpx 24.792 -tpy 2.31872 -tpz 1.96153 -a 0 -fd 1 -fl 0.035
 -cpx 25.6085 -cpy 2.89599 -cpz 1.94999 -tpx 24.8701 -tpy 2.28346 -tpz 2.23225 -a 0 -fd 1 -fl 0.035
 -cpx 24.3858 -cpy 2.31431 -cpz 2.27585 -tpx 23.5078 -tpy 1.89664 -tpz 2.50983 -a 0 -fd 1 -fl 0.035
 -cpx 23.5675 -cpy 2.35454 -cpz 2.24657 -tpx 22.589 -tpy 2.19102 -tpz 2.37214 -a 0 -fd 1 -fl 0.035
 -cpx 21.7114 -cpy 2.5704 -cpz 2.49739 -tpx 20.7269 -tpy 2.68489 -tpz 2.63043 -a 0 -fd 1 -fl 0.035
 -cpx 19.3573 -cpy 2.84656 -cpz 3.32284 -tpx 18.3715 -tpy 2.95882 -tpz 3.44704 -a 0 -fd 1 -fl 0.035
 -cpx 18.2869 -cpy 2.92532 -cpz 1.27077 -tpx 17.3578 -tpy 3.23085 -tpz 1.4794 -a 0 -fd 1 -fl 0.035
 -cpx 14.3093 -cpy 4.74241 -cpz 2.08179 -tpx 13.4738 -tpy 5.27189 -tpz 2.2283 -a 0 -fd 1 -fl 0.035
 -cpx 13.5445 -cpy 5.22706 -cpz 2.2159 -tpx 12.7089 -tpy 5.75655 -tpz 2.36241 -a 0 -fd 1 -fl 0.035
 -cpx 11.9689 -cpy 6.22551 -cpz 2.49218 -tpx 11.1333 -tpy 6.755 -tpz 2.63869 -a 0 -fd 1 -fl 0.035
 -cpx 10.0877 -cpy 7.14912 -cpz 3.14598 -tpx 9.23082 -tpy 7.56984 -tpz 3.4438 -a 0 -fd 1 -fl 0.035
 -cpx 8.55934 -cpy 7.38979 -cpz 3.98306 -tpx 7.69052 -tpy 7.5266 -tpz 4.4589 -a 0 -fd 1 -fl 0.035
 -cpx 7.7623 -cpy 7.33196 -cpz 4.73022 -tpx 7.03376 -tpy 7.2791 -tpz 5.41318 -a 0 -fd 1 -fl 0.035
 -cpx 7.21412 -cpy 7.42488 -cpz 5.73522 -tpx 6.73685 -tpy 7.50579 -tpz 6.61024 -a 0 -fd 1 -fl 0.035
 -cpx 8.0592 -cpy 7.25022 -cpz 2.00268 -tpx 7.25065 -tpy 7.42149 -tpz 1.43974 -a 0 -fd 1 -fl 0.035
 -cpx 6.7717 -cpy 6.56623 -cpz 1.52503 -tpx 5.90679 -tpy 6.1588 -tpz 1.23187 -a 0 -fd 1 -fl 0.035
 -cpx 6.7717 -cpy 6.56623 -cpz 1.52503 -tpx 5.80506 -tpy 6.3651 -tpz 1.36645 -a 0 -fd 1 -fl 0.035
 -cpx 6.7717 -cpy 6.56623 -cpz 1.52503 -tpx 5.77626 -tpy 6.51449 -tpz 1.6052 -a 0 -fd 1 -fl 0.035
 -cpx 5.90317 -cpy 6.52109 -cpz 1.59498 -tpx 4.90773 -tpy 6.46935 -tpz 1.67514 -a 0 -fd 1 -fl 0.035
 -cpx 5.05425 -cpy 6.47697 -cpz 1.66334 -tpx 4.05881 -tpy 6.42523 -tpz 1.74351 -a 0 -fd 1 -fl 0.035
 -cpx 4.23485 -cpy 6.43438 -cpz 1.72933 -tpx 3.23941 -tpy 6.38264 -tpz 1.80949 -a 0 -fd 1 -fl 0.035
 -cpx 4.16865 -cpy 6.43419 -cpz 0.907225 -tpx 3.17322 -tpy 6.38245 -tpz 0.987389 -a 0 -fd 1 -fl 0.035
 -cpx 3.39234 -cpy 6.39384 -cpz 0.969743 -tpx 2.3969 -tpy 6.3421 -tpz 1.04991 -a 0 -fd 1 -fl 0.035
 -cpx 2.62455 -cpy 6.35393 -cpz 1.03157 -tpx 1.62911 -tpy 6.3022 -tpz 1.11174 -a 0 -fd 1 -fl 0.035
 -cpx 0.705499 -cpy 6.25419 -cpz 1.18612 -tpx -0.289939 -tpy 6.20246 -tpz 1.26628 -a 0 -fd 1 -fl 0.035
 -cpx -0.673545 -cpy 6.18252 -cpz 1.29718 -tpx -1.66898 -tpy 6.13078 -tpz 1.37734 -a 0 -fd 1 -fl 0.035
 -cpx -0.673545 -cpy 6.18252 -cpz 1.29718 -tpx -1.13455 -tpy 6.52 -tpz 2.1179 -a 0 -fd 1 -fl 0.035
 -cpx -1.21877 -cpy 6.99718 -cpz 2.04139 -tpx -1.66177 -tpy 7.65909 -tpz 2.64606 -a 0 -fd 1 -fl 0.035
 -cpx -1.56712 -cpy 7.34503 -cpz 2.34433 -tpx -2.16976 -tpy 7.94682 -tpz 2.86842 -a 0 -fd 1 -fl 0.035
 -cpx -1.56712 -cpy 7.34503 -cpz 2.34433 -tpx -2.08833 -tpy 7.75141 -tpz 1.59386 -a 0 -fd 1 -fl 0.035
 -cpx -1.56712 -cpy 7.34503 -cpz 2.34433 -tpx -1.3986 -tpy 8.12343 -tpz 1.7396 -a 0 -fd 1 -fl 0.035
 -cpx -1.56712 -cpy 7.34503 -cpz 2.34433 -tpx -0.6262 -tpy 7.55605 -tpz 2.07947 -a 0 -fd 1 -fl 0.035
 -cpx -1.65799 -cpy 7.3454 -cpz 0.791039 -tpx -0.661751 -tpy 7.28131 -tpz 0.732739 -a 0 -fd 1 -fl 0.035
 -cpx 0.374311 -cpy 6.88708 -cpz 0.873408 -tpx 1.34905 -tpy 6.66725 -tpz 0.912914 -a 0 -fd 1 -fl 0.035
 -cpx 0.484286 -cpy 6.8872 -cpz 0.345066 -tpx 1.46235 -tpy 6.69159 -tpz 0.416725 -a 0 -fd 1 -fl 0.035
 -cpx 2.4352 -cpy 6.49702 -cpz 0.488002 -tpx 3.41326 -tpy 6.30141 -tpz 0.55966 -a 0 -fd 1 -fl 0.035
 -cpx 2.4352 -cpy 6.49702 -cpz 0.488002 -tpx 3.30043 -tpy 6.44866 -tpz 0.987047 -a 0 -fd 1 -fl 0.035
 -cpx 1.70862 -cpy 6.4966 -cpz 2.05853 -tpx 2.6145 -tpy 6.59655 -tpz 2.47011 -a 0 -fd 1 -fl 0.035
 -cpx 1.70862 -cpy 6.4966 -cpz 2.05853 -tpx 2.56394 -tpy 6.89887 -tpz 2.38504 -a 0 -fd 1 -fl 0.035
 -cpx 3.59767 -cpy 7.29368 -cpz 2.19557 -tpx 4.43931 -tpy 6.88113 -tpz 2.54405 -a 0 -fd 1 -fl 0.035
 -cpx 3.59767 -cpy 7.29368 -cpz 2.19557 -tpx 3.88449 -tpy 6.5347 -tpz 2.7801 -a 0 -fd 1 -fl 0.035
 -cpx 3.59767 -cpy 7.29368 -cpz 2.19557 -tpx 4.19262 -tpy 6.6044 -tpz 2.60901 -a 0 -fd 1 -fl 0.035
 -cpx 5.40596 -cpy 6.19372 -cpz 2.37286 -tpx 6.02645 -tpy 5.73261 -tpz 3.00718 -a 0 -fd 1 -fl 0.035
 -cpx 6.22662 -cpy 6.19401 -cpz 1.61115 -tpx 5.48503 -tpy 6.49203 -tpz 2.21217 -a 0 -fd 1 -fl 0.035
 -cpx 6.22662 -cpy 6.19401 -cpz 1.61115 -tpx 6.03731 -tpy 7.09917 -tpz 1.99175 -a 0 -fd 1 -fl 0.035
 -cpx 6.13117 -cpy 7.22217 -cpz 1.67789 -tpx 6.03893 -tpy 8.21581 -tpz 1.7424 -a 0 -fd 1 -fl 0.035
 -cpx 6.75609 -cpy 6.52776 -cpz 1.31909 -tpx 6.49788 -tpy 5.88977 -tpz 0.593617 -a 0 -fd 1 -fl 0.035
 -cpx 6.62431 -cpy 6.20135 -cpz 0.990443 -tpx 6.35069 -tpy 5.52356 -tpz 0.307997 -a 0 -fd 1 -fl 0.035
 -cpx 6.35492 -cpy 5.62815 -cpz 0.0954441 -tpx 6.10922 -tpy 5.10535 -tpz -0.72084 -a 0 -fd 1 -fl 0.035
 -cpx 6.46821 -cpy 5.55772 -cpz -0.34006 -tpx 6.71695 -tpy 5.40309 -tpz -1.29621 -a 0 -fd 1 -fl 0.035
 -cpx 6.57152 -cpy 5.62191 -cpz -1.30017 -tpx 6.67826 -tpy 5.68824 -tpz -2.29225 -a 0 -fd 1 -fl 0.035
 -cpx 6.94143 -cpy 5.68489 -cpz 1.05466 -tpx 6.87879 -tpy 5.71189 -tpz 2.05233 -a 0 -fd 1 -fl 0.035
 -cpx 6.91059 -cpy 5.78807 -cpz 1.58344 -tpx 6.85345 -tpy 5.97926 -tpz 2.56333 -a 0 -fd 1 -fl 0.035
 -cpx 6.91059 -cpy 5.78807 -cpz 1.58344 -tpx 7.01941 -tpy 6.07534 -tpz 2.53509 -a 0 -fd 1 -fl 0.035
 -cpx 6.57815 -cpy 6.28363 -cpz 2.54163 -tpx 6.28365 -tpy 6.72265 -tpz 3.39048 -a 0 -fd 1 -fl 0.035
 -cpx 7.31942 -cpy 8.77153 -cpz 6.41613 -tpx 7.53833 -tpy 8.75466 -tpz 5.44053 -a 0 -fd 1 -fl 0.035
 -cpx 7.31942 -cpy 8.77153 -cpz 6.41613 -tpx 7.59909 -tpy 8.98805 -tpz 5.48077 -a 0 -fd 1 -fl 0.035
 -cpx 7.30728 -cpy 10.3193 -cpz 4.49139 -tpx 8.12601 -tpy 10.2889 -tpz 3.91801 -a 0 -fd 1 -fl 0.035
 -cpx 6.69432 -cpy 10.9123 -cpz 1.53225 -tpx 7.49578 -tpy 10.3761 -tpz 1.79718 -a 0 -fd 1 -fl 0.035
 -cpx 6.66804 -cpy 10.9124 -cpz 1.06608 -tpx 7.587 -tpy 10.5215 -tpz 1.01416 -a 0 -fd 1 -fl 0.035
 -cpx 8.07233 -cpy 10.614 -cpz 1.01374 -tpx 9.04984 -tpy 10.4063 -tpz 0.977308 -a 0 -fd 1 -fl 0.035
 -cpx 18.6511 -cpy 8.00703 -cpz -1.52976 -tpx 19.6467 -tpy 7.91491 -tpz -1.51306 -a 0 -fd 1 -fl 0.035
 -cpx 20.3371 -cpy 7.87767 -cpz -1.4521 -tpx 21.3331 -tpy 7.80125 -tpz -1.40622 -a 0 -fd 1 -fl 0.035
 -cpx 21.4922 -cpy 7.85105 -cpz -1.91866 -tpx 22.483 -tpy 7.82631 -tpz -1.78531 -a 0 -fd 1 -fl 0.035
 -cpx 23.1686 -cpy 7.94191 -cpz -1.79785 -tpx 24.1646 -tpy 7.99589 -tpz -1.72608 -a 0 -fd 1 -fl 0.035
 -cpx 23.1686 -cpy 7.94191 -cpz -1.79785 -tpx 23.7845 -tpy 8.35549 -tpz -2.46846 -a 0 -fd 1 -fl 0.035
 -cpx 23.1686 -cpy 7.94191 -cpz -1.79785 -tpx 23.8126 -tpy 7.38224 -tpz -2.31952 -a 0 -fd 1 -fl 0.035
 -cpx 23.1686 -cpy 7.94191 -cpz -1.79785 -tpx 23.164 -tpy 7.3711 -tpz -2.61892 -a 0 -fd 1 -fl 0.035
 -cpx 23.1686 -cpy 7.94191 -cpz -1.79785 -tpx 22.4666 -tpy 8.0374 -tpz -2.50359 -a 0 -fd 1 -fl 0.035
 -cpx 22.2011 -cpy 8.37341 -cpz -2.10779 -tpx 21.3246 -tpy 8.76433 -tpz -2.38858 -a 0 -fd 1 -fl 0.035
 -cpx 20.7489 -cpy 9.13318 -cpz -2.55687 -tpx 19.8943 -tpy 9.58026 -tpz -2.82113 -a 0 -fd 1 -fl 0.035
 -cpx 19.7509 -cpy 9.52887 -cpz -2.65776 -tpx 18.8254 -tpy 9.89584 -tpz -2.75132 -a 0 -fd 1 -fl 0.035
 -cpx 18.6396 -cpy 9.38144 -cpz -2.72966 -tpx 17.6503 -tpy 9.2502 -tpz -2.79366 -a 0 -fd 1 -fl 0.035
 -cpx 16.3115 -cpy 9.47055 -cpz -2.74398 -tpx 15.3122 -tpy 9.50879 -tpz -2.75013 -a 0 -fd 1 -fl 0.035
 -cpx 14.906 -cpy 8.63301 -cpz -2.2353 -tpx 14.0857 -tpy 8.14419 -tpz -1.9384 -a 0 -fd 1 -fl 0.035
 -cpx 11.8757 -cpy 7.09894 -cpz -1.79344 -tpx 11.0663 -tpy 6.51253 -tpz -1.82375 -a 0 -fd 1 -fl 0.035
 -cpx 10.8077 -cpy 6.43574 -cpz -0.730054 -tpx 10.0039 -tpy 5.85207 -tpz -0.84502 -a 0 -fd 1 -fl 0.035
 -cpx 7.20548 -cpy 5.65984 -cpz -1.06675 -tpx 8.19818 -tpy 5.56549 -tpz -1.14181 -a 0 -fd 1 -fl 0.035
 -cpx 7.09261 -cpy 5.66027 -cpz -2.55984 -tpx 8.08531 -tpy 5.56592 -tpz -2.63491 -a 0 -fd 1 -fl 0.035
 -cpx 7.09261 -cpy 5.66027 -cpz -2.55984 -tpx 8.00895 -tpy 6.05842 -tpz -2.5175 -a 0 -fd 1 -fl 0.035
 -cpx 9.60967 -cpy 6.75395 -cpz -2.44354 -tpx 10.526 -tpy 7.1521 -tpz -2.4012 -a 0 -fd 1 -fl 0.035
 -cpx 11.6718 -cpy 7.96516 -cpz -2.48047 -tpx 12.534 -tpy 8.47156 -tpz -2.49591 -a 0 -fd 1 -fl 0.035
 -cpx 13.3428 -cpy 8.67268 -cpz -2.46723 -tpx 14.302 -tpy 8.92638 -tpz -2.34244 -a 0 -fd 1 -fl 0.035
 -cpx 14.1425 -cpy 9.46712 -cpz -1.4188 -tpx 14.6619 -tpy 9.98319 -tpz -0.737739 -a 0 -fd 1 -fl 0.035
 -cpx 15.2032 -cpy 9.16938 -cpz -1.46913 -tpx 16.1649 -tpy 8.8994 -tpz -1.51475 -a 0 -fd 1 -fl 0.035
 -cpx 17.4035 -cpy 8.95928 -cpz -2.23043 -tpx 18.3447 -tpy 8.86941 -tpz -2.55608 -a 0 -fd 1 -fl 0.035
 -cpx 19.155 -cpy 8.73261 -cpz -2.37877 -tpx 19.8192 -tpy 8.65058 -tpz -1.63571 -a 0 -fd 1 -fl 0.035
 -cpx 20.7848 -cpy 8.62531 -cpz -1.95026 -tpx 20.8682 -tpy 8.66918 -tpz -0.954717 -a 0 -fd 1 -fl 0.035
 -cpx 21.7529 -cpy 8.69132 -cpz -0.214807 -tpx 20.7673 -tpy 8.5746 -tpz -0.0926304 -a 0 -fd 1 -fl 0.035
 -cpx 19.9317 -cpy 8.49202 -cpz -1.14603 -tpx 18.946 -tpy 8.3753 -tpz -1.02385 -a 0 -fd 1 -fl 0.035
 -cpx 18.5773 -cpy 8.39537 -cpz 0.289728 -tpx 17.6075 -tpy 8.33691 -tpz 0.526237 -a 0 -fd 1 -fl 0.035
 -cpx 16.155 -cpy 8.84873 -cpz 1.04717 -tpx 15.2666 -tpy 9.17562 -tpz 1.36962 -a 0 -fd 1 -fl 0.035
 -cpx 14.269 -cpy 9.79421 -cpz 1.52704 -tpx 13.3973 -tpy 10.2312 -tpz 1.74883 -a 0 -fd 1 -fl 0.035
 -cpx 13.6723 -cpy 10.2173 -cpz 1.167 -tpx 12.9404 -tpy 10.7363 -tpz 0.725405 -a 0 -fd 1 -fl 0.035
 -cpx 10.2957 -cpy 4.53606 -cpz 2.07312 -tpx 10.4739 -tpy 3.55207 -tpz 2.07641 -a 0 -fd 1 -fl 0.035
 -cpx 11.4038 -cpy 2.25783 -cpz 2.18863 -tpx 11.8407 -tpy 1.35948 -tpz 2.23418 -a 0 -fd 1 -fl 0.035
 -cpx 11.6258 -cpy 1.72707 -cpz 2.22859 -tpx 12.0108 -tpy 0.806758 -tpz 2.29787 -a 0 -fd 1 -fl 0.035
 -cpx 11.8385 -cpy 1.21879 -cpz 2.26685 -tpx 12.2235 -tpy 0.298484 -tpz 2.33613 -a 0 -fd 1 -fl 0.035
 -cpx 12.1339 -cpy 0.853937 -cpz 2.51206 -tpx 12.8764 -tpy 0.370026 -tpz 2.9752 -a 0 -fd 1 -fl 0.035
 -cpx 16.9789 -cpy 0.353899 -cpz 0.998215 -tpx 17.5158 -tpy 0.568232 -tpz 1.81417 -a 0 -fd 1 -fl 0.035
 -cpx 17.5913 -cpy 0.841467 -cpz 1.89144 -tpx 18.0755 -tpy 0.816729 -tpz 2.76607 -a 0 -fd 1 -fl 0.035
 -cpx 17.8817 -cpy 1.71196 -cpz 1.94936 -tpx 18.1558 -tpy 1.20073 -tpz 2.76392 -a 0 -fd 1 -fl 0.035
 -cpx 18.4489 -cpy 1.71214 -cpz 1.8889 -tpx 18.5352 -tpy 1.12938 -tpz 2.69696 -a 0 -fd 1 -fl 0.035
 -cpx 21.0441 -cpy 1.13811 -cpz 2.70521 -tpx 21.0286 -tpy 0.682006 -tpz 3.595 -a 0 -fd 1 -fl 0.035
 -cpx 21.0441 -cpy 1.13811 -cpz 2.70521 -tpx 20.6576 -tpy 0.216055 -tpz 2.72667 -a 0 -fd 1 -fl 0.035
 -cpx 20.5873 -cpy 0.892864 -cpz 2.97471 -tpx 20.3331 -tpy -0.0532013 -tpz 3.17558 -a 0 -fd 1 -fl 0.035
 -cpx 20.5873 -cpy 0.892864 -cpz 2.97471 -tpx 21.2094 -tpy 0.489567 -tpz 3.64577 -a 0 -fd 1 -fl 0.035
 -cpx 21.1922 -cpy 0.723869 -cpz 4.05014 -tpx 21.6778 -tpy 0.588172 -tpz 4.91367 -a 0 -fd 1 -fl 0.035
 -cpx 21.4553 -cpy 1.22965 -cpz 5.76827 -tpx 21.2657 -tpy 0.888988 -tpz 6.68914 -a 0 -fd 1 -fl 0.035
 -cpx 21.7812 -cpy 1.22983 -cpz 6.26066 -tpx 20.9152 -tpy 0.735125 -tpz 6.33371 -a 0 -fd 1 -fl 0.035
 -cpx 21.776 -cpy 1.23005 -cpz 6.99129 -tpx 21.3816 -tpy 0.657397 -tpz 6.27259 -a 0 -fd 1 -fl 0.035
 -cpx 21.776 -cpy 1.23005 -cpz 6.99129 -tpx 21.7759 -tpy 0.67038 -tpz 6.16258 -a 0 -fd 1 -fl 0.035
 -cpx 19.8537 -cpy 0.911769 -cpz 5.95893 -tpx 19.7734 -tpy 0.652643 -tpz 4.99643 -a 0 -fd 1 -fl 0.035
 -cpx 19.3972 -cpy 0.458456 -cpz 4.36106 -tpx 19.2708 -tpy 0.161511 -tpz 3.41457 -a 0 -fd 1 -fl 0.035
 -cpx 19.2848 -cpy 0.501593 -cpz 3.13007 -tpx 19.194 -tpy 0.536468 -tpz 2.13482 -a 0 -fd 1 -fl 0.035
 -cpx 18.3411 -cpy 0.689756 -cpz 0.243672 -tpx 18.0309 -tpy 0.751599 -tpz -0.704992 -a 0 -fd 1 -fl 0.035
 -cpx 16.1303 -cpy 0.675642 -cpz 1.22045 -tpx 15.689 -tpy 0.870152 -tpz 0.344456 -a 0 -fd 1 -fl 0.035
 -cpx 13.537 -cpy 1.1754 -cpz -0.157855 -tpx 13.1621 -tpy 1.39852 -tpz -1.0577 -a 0 -fd 1 -fl 0.035
 -cpx 10.7528 -cpy 2.21801 -cpz -1.29981 -tpx 9.9237 -tpy 2.52998 -tpz -0.835786 -a 0 -fd 1 -fl 0.035
 -cpx 9.90178 -cpy 2.21758 -cpz -2.40019 -tpx 9.15846 -tpy 2.44398 -tpz -1.77073 -a 0 -fd 1 -fl 0.035
 -cpx 7.45665 -cpy 2.50987 -cpz -1.68136 -tpx 7.07901 -tpy 2.68115 -tpz -0.771384 -a 0 -fd 1 -fl 0.035
 -cpx 7.72308 -cpy 3.12952 -cpz 0.137475 -tpx 7.86042 -tpy 3.44896 -tpz 1.07508 -a 0 -fd 1 -fl 0.035
 -cpx 7.83852 -cpy 4.33472 -cpz 2.35503 -tpx 7.88421 -tpy 4.81174 -tpz 3.23274 -a 0 -fd 1 -fl 0.035
 -cpx 7.9239 -cpy 3.92098 -cpz 1.92158 -tpx 7.70107 -tpy 4.7015 -tpz 2.50564 -a 0 -fd 1 -fl 0.035
 -cpx 8.44657 -cpy 3.92204 -cpz -1.40078 -tpx 9.42816 -tpy 4.0276 -tpz -1.24159 -a 0 -fd 1 -fl 0.035
 -cpx 9.65761 -cpy 4.05227 -cpz -1.20438 -tpx 10.6392 -tpy 4.15783 -tpz -1.04519 -a 0 -fd 1 -fl 0.035
 -cpx 10.1889 -cpy 3.88371 -cpz -1.28766 -tpx 11.1316 -tpy 3.58462 -tpz -1.43543 -a 0 -fd 1 -fl 0.035
 -cpx 11.3957 -cpy 3.91245 -cpz -1.43655 -tpx 12.3879 -tpy 3.93608 -tpz -1.55896 -a 0 -fd 1 -fl 0.035
 -cpx 12.5982 -cpy 3.94109 -cpz -1.58491 -tpx 13.5904 -tpy 3.96472 -tpz -1.70732 -a 0 -fd 1 -fl 0.035
 -cpx 13.8227 -cpy 3.97025 -cpz -1.73598 -tpx 14.8149 -tpy 3.99388 -tpz -1.85839 -a 0 -fd 1 -fl 0.035
 -cpx 15.0321 -cpy 3.99906 -cpz -1.88519 -tpx 16.0243 -tpy 4.02269 -tpz -2.0076 -a 0 -fd 1 -fl 0.035
 -cpx 15.0321 -cpy 3.99906 -cpz -1.88519 -tpx 16.0254 -tpy 3.88345 -tpz -1.87754 -a 0 -fd 1 -fl 0.035
 -cpx 16.2473 -cpy 3.85762 -cpz -1.87583 -tpx 17.2469 -tpy 3.852 -tpz -1.90297 -a 0 -fd 1 -fl 0.035
 -cpx 17.4743 -cpy 3.85072 -cpz -1.90914 -tpx 18.4739 -tpy 3.84511 -tpz -1.93627 -a 0 -fd 1 -fl 0.035
 -cpx 18.7064 -cpy 3.8438 -cpz -1.94258 -tpx 19.706 -tpy 3.83818 -tpz -1.96972 -a 0 -fd 1 -fl 0.035
 -cpx 20.5836 -cpy 3.83325 -cpz -1.99354 -tpx 21.5832 -tpy 3.82764 -tpz -2.02068 -a 0 -fd 1 -fl 0.035
 -cpx 20.5836 -cpy 3.83325 -cpz -1.99354 -tpx 21.439 -tpy 3.46734 -tpz -1.62707 -a 0 -fd 1 -fl 0.035
 -cpx 22.3848 -cpy 3.62324 -cpz -1.61558 -tpx 23.3572 -tpy 3.50986 -tpz -1.41155 -a 0 -fd 1 -fl 0.035
 -cpx 23.3706 -cpy 3.99473 -cpz -2.1709 -tpx 24.1984 -tpy 4.30669 -tpz -2.63722 -a 0 -fd 1 -fl 0.035
 -cpx 25.4446 -cpy 3.99589 -cpz -0.991289 -tpx 24.5387 -tpy 3.85574 -tpz -1.39093 -a 0 -fd 1 -fl 0.035
 -cpx 23.1747 -cpy 3.6447 -cpz -1.99267 -tpx 22.2688 -tpy 3.50455 -tpz -2.39231 -a 0 -fd 1 -fl 0.035
 -cpx 22.7612 -cpy 3.29561 -cpz -2.23184 -tpx 22.0623 -tpy 2.70556 -tpz -2.6361 -a 0 -fd 1 -fl 0.035
 -cpx 22.0576 -cpy 2.50581 -cpz -3.22436 -tpx 21.3186 -tpy 1.88091 -tpz -3.47634 -a 0 -fd 1 -fl 0.035
 -cpx 21.9499 -cpy 2.77604 -cpz -0.831284 -tpx 21.0839 -tpy 2.97606 -tpz -0.373054 -a 0 -fd 1 -fl 0.035
 -cpx 20.0708 -cpy 3.12188 -cpz -1.11543 -tpx 19.0981 -tpy 3.30092 -tpz -1.26253 -a 0 -fd 1 -fl 0.035
 -cpx 19.579 -cpy 3.21632 -cpz -1.30083 -tpx 18.658 -tpy 3.39314 -tpz -1.64797 -a 0 -fd 1 -fl 0.035
 -cpx 18.4074 -cpy 2.87261 -cpz -1.53488 -tpx 17.465 -tpy 2.59614 -tpz -1.72315 -a 0 -fd 1 -fl 0.035
 -cpx 17.2447 -cpy 2.53153 -cpz -1.76715 -tpx 16.3023 -tpy 2.25506 -tpz -1.95541 -a 0 -fd 1 -fl 0.035
 -cpx 15.4824 -cpy 2.01451 -cpz -2.11922 -tpx 14.54 -tpy 1.73804 -tpz -2.30749 -a 0 -fd 1 -fl 0.035
 -cpx 14.9794 -cpy 1.86694 -cpz -2.21971 -tpx 14.037 -tpy 1.59047 -tpz -2.40798 -a 0 -fd 1 -fl 0.035
 -cpx 14.7448 -cpy 1.86733 -cpz -1.04592 -tpx 13.8024 -tpy 1.59086 -tpz -1.23419 -a 0 -fd 1 -fl 0.035
 -cpx 14.2771 -cpy 1.86809 -cpz 1.29402 -tpx 13.3347 -tpy 1.59162 -tpz 1.10575 -a 0 -fd 1 -fl 0.035
 -cpx 12.5855 -cpy 1.76832 -cpz 1.97013 -tpx 11.6973 -tpy 1.68517 -tpz 1.51826 -a 0 -fd 1 -fl 0.035
 -cpx 9.01187 -cpy 1.71394 -cpz 2.29662 -tpx 8.5351 -tpy 1.64425 -tpz 1.42036 -a 0 -fd 1 -fl 0.035
 -cpx 10.6381 -cpy 2.13756 -cpz 2.87327 -tpx 11.5534 -tpy 2.376 -tpz 3.19783 -a 0 -fd 1 -fl 0.035
 -cpx 14.0316 -cpy 3.0927 -cpz 1.13248 -tpx 14.9188 -tpy 3.43442 -tpz 1.4426 -a 0 -fd 1 -fl 0.035
 -cpx 24.72 -cpy 2.33685 -cpz 1.77416 -tpx 25.6733 -tpy 2.09515 -tpz 1.95513 -a 0 -fd 1 -fl 0.035
 -cpx 26.3618 -cpy 2.33741 -cpz 2.28108 -tpx 25.437 -tpy 2.70649 -tpz 2.37356 -a 0 -fd 1 -fl 0.035
 -cpx 25.4129 -cpy 2.8233 -cpz 1.76686 -tpx 24.6111 -tpy 3.2338 -tpz 1.33241 -a 0 -fd 1 -fl 0.035
 -cpx 24.0861 -cpy 3.22647 -cpz -0.980861 -tpx 23.13 -tpy 3.2276 -tpz -1.27383 -a 0 -fd 1 -fl 0.035
 -cpx 22.3794 -cpy 0.396226 -cpz -1.62951 -tpx 21.8727 -tpy -0.444091 -tpz -1.8221 -a 0 -fd 1 -fl 0.035
 -cpx 22.3794 -cpy 0.396226 -cpz -1.62951 -tpx 21.4304 -tpy 0.117596 -tpz -1.77717 -a 0 -fd 1 -fl 0.035
 -cpx 21.0454 -cpy 0.126449 -cpz -1.71704 -tpx 20.0672 -tpy -0.0713553 -tpz -1.78122 -a 0 -fd 1 -fl 0.035
 -cpx 20.4654 -cpy 0.067884 -cpz -1.65763 -tpx 19.4756 -tpy -0.0320666 -tpz -1.55625 -a 0 -fd 1 -fl 0.035
 -cpx 19.2444 -cpy 0.016729 -cpz -1.52286 -tpx 18.2513 -tpy -0.024877 -tpz -1.41325 -a 0 -fd 1 -fl 0.035
 -cpx 19.2444 -cpy 0.016729 -cpz -1.52286 -tpx 18.2797 -tpy 0.0549759 -tpz -1.26208 -a 0 -fd 1 -fl 0.035
