 -cpx 6.4997 -cpy 2.79845 -cpz -1.56223 -tpx 5.86498 -tpy 2.38077 -tpz -0.912092 -a 0 -fd 1 -fl 0.035
 -cpx -5.06358 -cpy 1.52551 -cpz 0.257911 -tpx -5.00784 -tpy 1.64783 -tpz -0.733013 -a 0 -fd 1 -fl 0.035
 -cpx -4.99657 -cpy 1.67257 -cpz -0.933461 -tpx -4.94083 -tpy 1.79489 -tpz -1.92439 -a 0 -fd 1 -fl 0.035
 -cpx -3.9793 -cpy 1.67256 -cpz -0.876245 -tpx -3.92356 -tpy 1.79488 -tpz -1.86717 -a 0 -fd 1 -fl 0.035
 -cpx -3.31083 -cpy 1.54054 -cpz 0.234208 -tpx -3.25509 -tpy 1.66286 -tpz -0.756716 -a 0 -fd 1 -fl 0.035
 -cpx -3.38476 -cpy 1.37829 -cpz 1.54862 -tpx -3.32902 -tpy 1.50061 -tpz 0.557693 -a 0 -fd 1 -fl 0.035
 -cpx -3.42074 -cpy 1.29932 -cpz 2.18828 -tpx -3.365 -tpy 1.42165 -tpz 1.19736 -a 0 -fd 1 -fl 0.035
 -cpx -5.50999 -cpy 1.49784 -cpz 0.457677 -tpx -5.45425 -tpy 1.62016 -tpz -0.533248 -a 0 -fd 1 -fl 0.035
 -cpx -5.41482 -cpy 1.70672 -cpz -1.23441 -tpx -5.35908 -tpy 1.82904 -tpz -2.22533 -a 0 -fd 1 -fl 0.035
 -cpx -5.41482 -cpy 1.70672 -cpz -1.23441 -tpx -5.03221 -tpy 2.18965 -tpz -2.02206 -a 0 -fd 1 -fl 0.035
 -cpx -5.41482 -cpy 1.70672 -cpz -1.23441 -tpx -4.8732 -tpy 2.35246 -tpz -1.77261 -a 0 -fd 1 -fl 0.035
 -cpx -5.41482 -cpy 1.70672 -cpz -1.23441 -tpx -4.52609 -tpy 2.12847 -tpz -1.41408 -a 0 -fd 1 -fl 0.035
 -cpx -5.41482 -cpy 1.70672 -cpz -1.23441 -tpx -4.46823 -tpy 1.89681 -tpz -0.973946 -a 0 -fd 1 -fl 0.035
 -cpx -5.41482 -cpy 1.70672 -cpz -1.23441 -tpx -4.8424 -tpy 1.61124 -tpz -0.420025 -a 0 -fd 1 -fl 0.035
 -cpx -5.41482 -cpy 1.70672 -cpz -1.23441 -tpx -5.27688 -tpy 1.21299 -tpz -0.375802 -a 0 -fd 1 -fl 0.035
 -cpx -5.41482 -cpy 1.70672 -cpz -1.23441 -tpx -5.73188 -tpy 1.21006 -tpz -0.426449 -a 0 -fd 1 -fl 0.035
 -cpx -5.41482 -cpy 1.70672 -cpz -1.23441 -tpx -6.02087 -tpy 1.58999 -tpz -0.447595 -a 0 -fd 1 -fl 0.035
 -cpx -5.41482 -cpy 1.70672 -cpz -1.23441 -tpx -6.32944 -tpy 1.47157 -tpz -0.905507 -a 0 -fd 1 -fl 0.035
 -cpx -5.41482 -cpy 1.70672 -cpz -1.23441 -tpx -5.31852 -tpy 0.880702 -tpz -0.679046 -a 0 -fd 1 -fl 0.035
 -cpx -5.03406 -cpy 0.438224 -cpz 0.45898 -tpx -4.82347 -tpy 0.142346 -tpz 1.3907 -a 0 -fd 1 -fl 0.035
 -cpx -5.03406 -cpy 0.438224 -cpz 0.45898 -tpx -4.88265 -tpy 1.12914 -tpz 1.16588 -a 0 -fd 1 -fl 0.035
 -cpx -5.03406 -cpy 0.438224 -cpz 0.45898 -tpx -4.17592 -tpy 0.605068 -tpz 0.94452 -a 0 -fd 1 -fl 0.035
 -cpx -3.28696 -cpy 0.777902 -cpz 1.44749 -tpx -2.42882 -tpy 0.944746 -tpz 1.93303 -a 0 -fd 1 -fl 0.035
 -cpx -3.28696 -cpy 0.777902 -cpz 1.44749 -tpx -2.4618 -tpy 0.544941 -tpz 1.96211 -a 0 -fd 1 -fl 0.035
 -cpx -3.28696 -cpy 0.777902 -cpz 1.44749 -tpx -2.77778 -tpy 0.12361 -tpz 2.00662 -a 0 -fd 1 -fl 0.035
 -cpx -3.28696 -cpy 0.777902 -cpz 1.44749 -tpx -4.11128 -tpy 0.327807 -tpz 1.79088 -a 0 -fd 1 -fl 0.035
 -cpx -3.28696 -cpy 0.777902 -cpz 1.44749 -tpx -4.12998 -tpy 0.439355 -tpz 1.02952 -a 0 -fd 1 -fl 0.035
 -cpx -3.28696 -cpy 0.777902 -cpz 1.44749 -tpx -3.99441 -tpy 1.0533 -tpz 0.796581 -a 0 -fd 1 -fl 0.035
 -cpx -5.00778 -cpy 2.09824 -cpz -0.527483 -tpx -5.35045 -tpy 2.87736 -tpz -1.05241 -a 0 -fd 1 -fl 0.035
 -cpx -5.00778 -cpy 2.09824 -cpz -0.527483 -tpx -5.65442 -tpy 2.64103 -tpz -1.06343 -a 0 -fd 1 -fl 0.035
 -cpx -5.00778 -cpy 2.09824 -cpz -0.527483 -tpx -5.27011 -tpy 2.42937 -tpz 0.378902 -a 0 -fd 1 -fl 0.035
 -cpx -4.44571 -cpy 0.352502 -cpz 1.28992 -tpx -4.22802 -tpy -0.323628 -tpz 1.99381 -a 0 -fd 1 -fl 0.035
 -cpx -4.44571 -cpy 0.352502 -cpz 1.28992 -tpx -4.47297 -tpy -0.335148 -tpz 2.01545 -a 0 -fd 1 -fl 0.035
 -cpx -4.44551 -cpy 0.355444 -cpz 1.28614 -tpx -4.44149 -tpy 0.275655 -tpz 2.28294 -a 0 -fd 1 -fl 0.035
 -cpx -4.44551 -cpy 0.355444 -cpz 1.28614 -tpx -4.02531 -tpy 0.790411 -tpz 2.08253 -a 0 -fd 1 -fl 0.035
 -cpx -4.44551 -cpy 0.355444 -cpz 1.28614 -tpx -3.55319 -tpy 0.710877 -tpz 1.5644 -a 0 -fd 1 -fl 0.035
 -cpx -4.44551 -cpy 0.355444 -cpz 1.28614 -tpx -3.7836 -tpy 0.157635 -tpz 0.563126 -a 0 -fd 1 -fl 0.035
 -cpx -4.44551 -cpy 0.355444 -cpz 1.28614 -tpx -3.75313 -tpy 0.50785 -tpz 0.58089 -a 0 -fd 1 -fl 0.035
 -cpx -4.44551 -cpy 0.355444 -cpz 1.28614 -tpx -3.46153 -tpy 0.356571 -tpz 1.10786 -a 0 -fd 1 -fl 0.035
 -cpx -4.44551 -cpy 0.355444 -cpz 1.28614 -tpx -3.55199 -tpy 0.338573 -tpz 1.73485 -a 0 -fd 1 -fl 0.035
 -cpx -2.44837 -cpy 0.487991 -cpz -0.313604 -tpx -1.66893 -tpy 0.539721 -tpz -0.937946 -a 0 -fd 1 -fl 0.035
 -cpx -0.575441 -cpy 0.612293 -cpz -1.81385 -tpx 0.203995 -tpy 0.664023 -tpz -2.43819 -a 0 -fd 1 -fl 0.035
 -cpx -0.575441 -cpy 0.612293 -cpz -1.81385 -tpx 0.116772 -tpy 1.23014 -tpz -2.18681 -a 0 -fd 1 -fl 0.035
 -cpx -0.575441 -cpy 0.612293 -cpz -1.81385 -tpx 0.0826356 -tpy 1.36242 -tpz -1.74869 -a 0 -fd 1 -fl 0.035
 -cpx -0.575441 -cpy 0.612293 -cpz -1.81385 -tpx -0.0849142 -tpy 1.10309 -tpz -1.09378 -a 0 -fd 1 -fl 0.035
 -cpx -0.575441 -cpy 0.612293 -cpz -1.81385 -tpx -0.813813 -tpy 0.727913 -tpz -0.849579 -a 0 -fd 1 -fl 0.035
 -cpx -0.575441 -cpy 0.612293 -cpz -1.81385 -tpx -0.521995 -tpy 0.659529 -tpz -0.816394 -a 0 -fd 1 -fl 0.035
 -cpx -0.575441 -cpy 0.612293 -cpz -1.81385 -tpx -0.00597525 -tpy 0.599922 -tpz -0.991925 -a 0 -fd 1 -fl 0.035
 -cpx 0.108796 -cpy 1.16368 -cpz 0.313796 -tpx 0.406036 -tpy 1.40321 -tpz 1.23807 -a 0 -fd 1 -fl 0.035
 -cpx 0.108796 -cpy 1.16368 -cpz 0.313796 -tpx -0.263509 -tpy 1.12207 -tpz 1.24097 -a 0 -fd 1 -fl 0.035
 -cpx 0.108796 -cpy 1.16368 -cpz 0.313796 -tpx -0.820885 -tpy 1.22664 -tpz 0.676741 -a 0 -fd 1 -fl 0.035
 -cpx -0.997591 -cpy 1.16374 -cpz 1.04859 -tpx -1.5469 -tpy 1.28271 -tpz 0.221478 -a 0 -fd 1 -fl 0.035
 -cpx -0.997591 -cpy 1.16374 -cpz 1.04859 -tpx -1.61072 -tpy 1.57322 -tpz 0.373008 -a 0 -fd 1 -fl 0.035
 -cpx -0.997591 -cpy 1.16374 -cpz 1.04859 -tpx -0.70754 -tpy 1.58855 -tpz 0.191028 -a 0 -fd 1 -fl 0.035
 -cpx -1.14297 -cpy 1.1638 -cpz -0.0750644 -tpx -0.154225 -tpy 1.24135 -tpz -0.202988 -a 0 -fd 1 -fl 0.035
 -cpx -1.29381 -cpy 1.16386 -cpz -1.24088 -tpx -0.305063 -tpy 1.2414 -tpz -1.3688 -a 0 -fd 1 -fl 0.035
 -cpx -1.29381 -cpy 1.16386 -cpz -1.24088 -tpx -0.305063 -tpy 1.2414 -tpz -1.3688 -a 0 -fd 1 -fl 0.035
 -cpx 0.64918 -cpy 2.51278 -cpz -1.55695 -tpx 1.46339 -tpy 3.07805 -tpz -1.68941 -a 0 -fd 1 -fl 0.035
 -cpx 0.64918 -cpy 2.51278 -cpz -1.55695 -tpx 1.61861 -tpy 2.75559 -tpz -1.59227 -a 0 -fd 1 -fl 0.035
 -cpx 0.64918 -cpy 2.51278 -cpz -1.55695 -tpx 0.829649 -tpy 2.57687 -tpz -0.575464 -a 0 -fd 1 -fl 0.035
 -cpx 0.64918 -cpy 2.51278 -cpz -1.55695 -tpx 1.04683 -tpy 2.48692 -tpz -0.639781 -a 0 -fd 1 -fl 0.035
 -cpx 0.64918 -cpy 2.51278 -cpz -1.55695 -tpx 0.444449 -tpy 2.48354 -tpz -0.578573 -a 0 -fd 1 -fl 0.035
 -cpx 0.64918 -cpy 2.51278 -cpz -1.55695 -tpx -0.0657809 -tpy 2.38712 -tpz -0.869175 -a 0 -fd 1 -fl 0.035
 -cpx 0.64918 -cpy 2.51278 -cpz -1.55695 -tpx 0.219593 -tpy 2.28311 -tpz -0.683625 -a 0 -fd 1 -fl 0.035
 -cpx 0.212093 -cpy 2.2791 -cpz -0.668377 -tpx -0.217493 -tpy 2.04942 -tpz 0.204952 -a 0 -fd 1 -fl 0.035
 -cpx -0.201846 -cpy 2.05779 -cpz 0.17314 -tpx -0.631432 -tpy 1.82811 -tpz 1.04647 -a 0 -fd 1 -fl 0.035
 -cpx -0.730234 -cpy 2.05775 -cpz -0.0867801 -tpx -1.15982 -tpy 1.82808 -tpz 0.786549 -a 0 -fd 1 -fl 0.035
 -cpx -1.26066 -cpy 2.05772 -cpz -0.347704 -tpx -1.69025 -tpy 1.82804 -tpz 0.525625 -a 0 -fd 1 -fl 0.035
 -cpx -2.1505 -cpy 2.05766 -cpz -0.785425 -tpx -2.58009 -tpy 1.82799 -tpz 0.0879046 -a 0 -fd 1 -fl 0.035
 -cpx -2.1505 -cpy 2.05766 -cpz -0.785425 -tpx -2.72415 -tpy 1.56003 -tpz -0.134822 -a 0 -fd 1 -fl 0.035
 -cpx -2.1505 -cpy 2.05766 -cpz -0.785425 -tpx -2.76083 -tpy 1.27294 -tpz -0.677223 -a 0 -fd 1 -fl 0.035
 -cpx -2.1505 -cpy 2.05766 -cpz -0.785425 -tpx -2.62639 -tpy 1.49706 -tpz -1.4631 -a 0 -fd 1 -fl 0.035
 -cpx -2.19449 -cpy 0.441792 -cpz -1.39261 -tpx -2.41359 -tpy 0.271629 -tpz -0.431855 -a 0 -fd 1 -fl 0.035
 -cpx -2.19449 -cpy 0.441792 -cpz -1.39261 -tpx -3.0018 -tpy 0.781404 -tpz -0.909992 -a 0 -fd 1 -fl 0.035
 -cpx -2.19449 -cpy 0.441792 -cpz -1.39261 -tpx -1.54563 -tpy 0.771864 -tpz -0.707018 -a 0 -fd 1 -fl 0.035
 -cpx -2.19449 -cpy 0.441792 -cpz -1.39261 -tpx -1.27789 -tpy 0.722595 -tpz -1.10803 -a 0 -fd 1 -fl 0.035
 -cpx -2.19449 -cpy 0.441792 -cpz -1.39261 -tpx -1.2164 -tpy 0.645121 -tpz -1.34792 -a 0 -fd 1 -fl 0.035
 -cpx -1.84287 -cpy 0.514888 -cpz -1.37654 -tpx -0.864784 -tpy 0.718217 -tpz -1.33186 -a 0 -fd 1 -fl 0.035
 -cpx -1.84287 -cpy 0.514888 -cpz -1.37654 -tpx -0.946508 -tpy 0.935624 -tpz -1.51622 -a 0 -fd 1 -fl 0.035
 -cpx -1.84287 -cpy 0.514888 -cpz -1.37654 -tpx -1.48443 -tpy 1.39041 -tpz -1.70056 -a 0 -fd 1 -fl 0.035
 -cpx -0.808293 -cpy 0.429176 -cpz -0.419456 -tpx -0.0755827 -tpy 0.368472 -tpz 0.258372 -a 0 -fd 1 -fl 0.035
 -cpx -0.302762 -cpy 0.387294 -cpz 0.0482096 -tpx 0.429949 -tpy 0.32659 -tpz 0.726037 -a 0 -fd 1 -fl 0.035
 -cpx 0.200266 -cpy 0.345619 -cpz 0.513558 -tpx 0.932977 -tpy 0.284916 -tpz 1.19139 -a 0 -fd 1 -fl 0.035
 -cpx 0.963391 -cpy 0.282396 -cpz 1.21952 -tpx 1.6961 -tpy 0.221693 -tpz 1.89735 -a 0 -fd 1 -fl 0.035
 -cpx 1.45367 -cpy 0.241778 -cpz 1.67307 -tpx 2.18638 -tpy 0.181075 -tpz 2.3509 -a 0 -fd 1 -fl 0.035
 -cpx 1.45367 -cpy 0.241778 -cpz 1.67307 -tpx 0.722487 -tpy -0.0433267 -tpz 2.29282 -a 0 -fd 1 -fl 0.035
 -cpx 0.73597 -cpy 0.173417 -cpz 1.60095 -tpx -0.25458 -tpy 0.0790667 -tpz 1.5014 -a 0 -fd 1 -fl 0.035
 -cpx 0.0290163 -cpy 0.106079 -cpz 1.5299 -tpx -0.961533 -tpy 0.0117292 -tpz 1.43035 -a 0 -fd 1 -fl 0.035
 -cpx -0.688221 -cpy 0.0377623 -cpz 1.45782 -tpx -1.67877 -tpy -0.0565879 -tpz 1.35827 -a 0 -fd 1 -fl 0.035
 -cpx -0.252939 -cpy 0.0724554 -cpz 0.792629 -tpx -1.24349 -tpy -0.0218947 -tpz 0.693081 -a 0 -fd 1 -fl 0.035
 -cpx -0.142897 -cpy 0.0723795 -cpz -0.302263 -tpx -1.13345 -tpy -0.0219707 -tpz -0.401812 -a 0 -fd 1 -fl 0.035
 -cpx -0.0351572 -cpy 0.0723051 -cpz -1.37425 -tpx -1.02571 -tpy -0.022045 -tpz -1.47379 -a 0 -fd 1 -fl 0.035
 -cpx 0.0617922 -cpy 0.0722382 -cpz -2.33887 -tpx -0.928757 -tpy -0.0221119 -tpz -2.43842 -a 0 -fd 1 -fl 0.035
 -cpx -0.123589 -cpy 0.0723662 -cpz -0.494375 -tpx -1.11414 -tpy -0.021984 -tpz -0.593924 -a 0 -fd 1 -fl 0.035
 -cpx -0.123589 -cpy 0.0723662 -cpz -0.494375 -tpx -1.06681 -tpy 0.140946 -tpz -0.169372 -a 0 -fd 1 -fl 0.035
 -cpx -0.123589 -cpy 0.0723662 -cpz -0.494375 -tpx -0.955934 -tpy 0.211422 -tpz 0.042155 -a 0 -fd 1 -fl 0.035
 -cpx -1.23067 -cpy 0.510974 -cpz 0.708417 -tpx -1.88476 -tpy 0.770115 -tpz 1.41906 -a 0 -fd 1 -fl 0.035
 -cpx -0.504025 -cpy 0.511045 -cpz 1.37721 -tpx -1.15812 -tpy 0.770186 -tpz 2.08785 -a 0 -fd 1 -fl 0.035
 -cpx -0.915118 -cpy 0.673914 -cpz 1.82385 -tpx -1.56921 -tpy 0.933054 -tpz 2.53449 -a 0 -fd 1 -fl 0.035
 -cpx -0.915118 -cpy 0.673914 -cpz 1.82385 -tpx -1.32312 -tpy 1.48704 -tpz 2.23901 -a 0 -fd 1 -fl 0.035
 -cpx -0.915118 -cpy 0.673914 -cpz 1.82385 -tpx -0.987308 -tpy 1.6713 -tpz 1.82613 -a 0 -fd 1 -fl 0.035
 -cpx -1.04832 -cpy 2.51432 -cpz 1.82805 -tpx -1.12052 -tpy 3.51171 -tpz 1.83033 -a 0 -fd 1 -fl 0.035
 -cpx -1.04832 -cpy 2.51432 -cpz 1.82805 -tpx -1.93411 -tpy 2.90835 -tpz 1.58283 -a 0 -fd 1 -fl 0.035
 -cpx -0.471426 -cpy 2.64117 -cpz -1.36727 -tpx -1.35721 -tpy 3.03519 -tpz -1.61249 -a 0 -fd 1 -fl 0.035
 -cpx -0.471426 -cpy 2.64117 -cpz -1.36727 -tpx -0.672304 -tpy 2.83236 -tpz -2.32804 -a 0 -fd 1 -fl 0.035
 -cpx -0.471426 -cpy 2.64117 -cpz -1.36727 -tpx 0.334326 -tpy 2.18306 -tpz -1.74263 -a 0 -fd 1 -fl 0.035
 -cpx -0.471426 -cpy 2.64117 -cpz -1.36727 -tpx 0.326646 -tpy 2.11168 -tpz -1.07965 -a 0 -fd 1 -fl 0.035
 -cpx 0.146771 -cpy 2.23102 -cpz -1.14447 -tpx 0.944843 -tpy 1.70154 -tpz -0.856849 -a 0 -fd 1 -fl 0.035
 -cpx 1.13371 -cpy 1.57623 -cpz -0.788784 -tpx 1.93178 -tpy 1.04675 -tpz -0.501161 -a 0 -fd 1 -fl 0.035
 -cpx 0.716098 -cpy 1.57614 -cpz 0.369794 -tpx 1.51417 -tpy 1.04665 -tpz 0.657416 -a 0 -fd 1 -fl 0.035
 -cpx 1.55789 -cpy 1.01765 -cpz 0.673171 -tpx 2.35596 -tpy 0.488166 -tpz 0.960793 -a 0 -fd 1 -fl 0.035
 -cpx 1.55789 -cpy 1.01765 -cpz 0.673171 -tpx 1.9155 -tpy 0.149299 -tpz 1.01679 -a 0 -fd 1 -fl 0.035
 -cpx 1.67668 -cpy 0.0185721 -cpz -0.449402 -tpx 1.75548 -tpy -0.644184 -tpz -1.19408 -a 0 -fd 1 -fl 0.035
 -cpx 1.67668 -cpy 0.0185721 -cpz -0.449402 -tpx 1.63309 -tpy -0.137159 -tpz -1.43624 -a 0 -fd 1 -fl 0.035
 -cpx 1.67668 -cpy 0.0185721 -cpz -0.449402 -tpx 1.89571 -tpy 0.380311 -tpz -1.35559 -a 0 -fd 1 -fl 0.035
 -cpx 1.67668 -cpy 0.0185721 -cpz -0.449402 -tpx 2.29968 -tpy 0.365583 -tpz -1.15044 -a 0 -fd 1 -fl 0.035
 -cpx 1.67668 -cpy 0.0185721 -cpz -0.449402 -tpx 2.61373 -tpy 0.300457 -tpz -0.655526 -a 0 -fd 1 -fl 0.035
 -cpx 1.67668 -cpy 0.0185721 -cpz -0.449402 -tpx 2.61934 -tpy 0.266831 -tpz -0.226347 -a 0 -fd 1 -fl 0.035
 -cpx 1.67668 -cpy 0.0185721 -cpz -0.449402 -tpx 2.53422 -tpy 0.290728 -tpz -0.0128813 -a 0 -fd 1 -fl 0.035
 -cpx 1.67668 -cpy 0.0185721 -cpz -0.449402 -tpx 2.38563 -tpy 0.443388 -tpz 0.113555 -a 0 -fd 1 -fl 0.035
 -cpx 1.67668 -cpy 0.0185721 -cpz -0.449402 -tpx 2.15281 -tpy 0.769446 -tpz 0.00829962 -a 0 -fd 1 -fl 0.035
 -cpx 1.67668 -cpy 0.0185721 -cpz -0.449402 -tpx 2.28259 -tpy 0.813649 -tpz -0.476272 -a 0 -fd 1 -fl 0.035
 -cpx 1.67668 -cpy 0.0185721 -cpz -0.449402 -tpx 2.04477 -tpy 0.849631 -tpz -0.866353 -a 0 -fd 1 -fl 0.035
 -cpx 1.68222 -cpy 0.648865 -cpz -0.723975 -tpx 1.69028 -tpy 1.56562 -tpz -1.12334 -a 0 -fd 1 -fl 0.035
 -cpx 1.68222 -cpy 0.648865 -cpz -0.723975 -tpx 1.90467 -tpy 1.52 -tpz -1.16174 -a 0 -fd 1 -fl 0.035
 -cpx 1.77217 -cpy 1.00111 -cpz -0.900988 -tpx 2.49924 -tpy 1.62514 -tpz -1.18727 -a 0 -fd 1 -fl 0.035
 -cpx 1.77217 -cpy 1.00111 -cpz -0.900988 -tpx 2.74065 -tpy 1.02812 -tpz -0.653356 -a 0 -fd 1 -fl 0.035
 -cpx 1.77217 -cpy 1.00111 -cpz -0.900988 -tpx 2.46846 -tpy 0.984247 -tpz -0.183421 -a 0 -fd 1 -fl 0.035
 -cpx 1.77217 -cpy 1.00111 -cpz -0.900988 -tpx 2.20483 -tpy 1.01125 -tpz 0.000510275 -a 0 -fd 1 -fl 0.035
 -cpx 1.77217 -cpy 1.00111 -cpz -0.900988 -tpx 2.1256 -tpy 1.45122 -tpz -0.0809335 -a 0 -fd 1 -fl 0.035
 -cpx 1.77217 -cpy 1.00111 -cpz -0.900988 -tpx 1.71681 -tpy 1.02812 -tpz 0.0971134 -a 0 -fd 1 -fl 0.035
 -cpx 1.77217 -cpy 1.00111 -cpz -0.900988 -tpx 2.0889 -tpy 0.711697 -tpz 0.00229597 -a 0 -fd 1 -fl 0.035
 -cpx 2.06578 -cpy 0.90537 -cpz -0.641428 -tpx 2.79358 -tpy 0.668042 -tpz 0.00198215 -a 0 -fd 1 -fl 0.035
 -cpx 2.67477 -cpy 0.706786 -cpz -0.103054 -tpx 3.40257 -tpy 0.469457 -tpz 0.540356 -a 0 -fd 1 -fl 0.035
 -cpx 2.67477 -cpy 0.706786 -cpz -0.103054 -tpx 2.80869 -tpy 0.7821 -tpz 0.885071 -a 0 -fd 1 -fl 0.035
 -cpx 2.67477 -cpy 0.706786 -cpz -0.103054 -tpx 2.464 -tpy 0.222878 -tpz 0.746306 -a 0 -fd 1 -fl 0.035
 -cpx 2.67477 -cpy 0.706786 -cpz -0.103054 -tpx 2.80753 -tpy 1.30319 -tpz 0.688577 -a 0 -fd 1 -fl 0.035
 -cpx 2.67477 -cpy 0.706786 -cpz -0.103054 -tpx 2.72645 -tpy 1.6991 -tpz 0.00934866 -a 0 -fd 1 -fl 0.035
 -cpx 2.67477 -cpy 0.706786 -cpz -0.103054 -tpx 2.9238 -tpy 1.65358 -tpz 0.100798 -a 0 -fd 1 -fl 0.035
 -cpx 2.67477 -cpy 0.706786 -cpz -0.103054 -tpx 3.03113 -tpy 1.64099 -tpz -0.119616 -a 0 -fd 1 -fl 0.035
 -cpx 2.67477 -cpy 0.706786 -cpz -0.103054 -tpx 3.30389 -tpy 1.45692 -tpz -0.306799 -a 0 -fd 1 -fl 0.035
 -cpx 2.67477 -cpy 0.706786 -cpz -0.103054 -tpx 3.01388 -tpy 1.55733 -tpz -0.505033 -a 0 -fd 1 -fl 0.035
 -cpx 2.67477 -cpy 0.706786 -cpz -0.103054 -tpx 2.77234 -tpy 1.5309 -tpz -0.661011 -a 0 -fd 1 -fl 0.035
 -cpx 2.67477 -cpy 0.706786 -cpz -0.103054 -tpx 2.82229 -tpy 1.23151 -tpz -0.941449 -a 0 -fd 1 -fl 0.035
 -cpx 2.56611 -cpy 0.320318 -cpz 0.514441 -tpx 2.71364 -tpy 0.845039 -tpz -0.323954 -a 0 -fd 1 -fl 0.035
 -cpx 2.56611 -cpy 0.320318 -cpz 0.514441 -tpx 2.78494 -tpy 0.590312 -tpz -0.423226 -a 0 -fd 1 -fl 0.035
 -cpx 3.09691 -cpy 0.472409 -cpz -0.0774792 -tpx 3.75265 -tpy 0.660296 -tpz -0.808719 -a 0 -fd 1 -fl 0.035
 -cpx 2.75306 -cpy 0.500309 -cpz -0.799173 -tpx 2.3232 -tpy 0.535188 -tpz -1.70139 -a 0 -fd 1 -fl 0.035
 -cpx 2.75306 -cpy 0.500309 -cpz -0.799173 -tpx 3.45104 -tpy 0.568891 -tpz -1.512 -a 0 -fd 1 -fl 0.035
 -cpx 2.75306 -cpy 0.500309 -cpz -0.799173 -tpx 3.73632 -tpy 0.646049 -tpz -0.908555 -a 0 -fd 1 -fl 0.035
 -cpx 2.75306 -cpy 0.500309 -cpz -0.799173 -tpx 3.31379 -tpy 1.23001 -tpz -0.407862 -a 0 -fd 1 -fl 0.035
 -cpx 2.9254 -cpy 0.500382 -cpz -1.59524 -tpx 3.64845 -tpy 1.1732 -tpz -1.43865 -a 0 -fd 1 -fl 0.035
 -cpx 2.9254 -cpy 0.500382 -cpz -1.59524 -tpx 3.32843 -tpy 1.41533 -tpz -1.57451 -a 0 -fd 1 -fl 0.035
 -cpx 2.77727 -cpy 0.164098 -cpz -1.60286 -tpx 3.1803 -tpy 1.07905 -tpz -1.58213 -a 0 -fd 1 -fl 0.035
 -cpx 2.77727 -cpy 0.164098 -cpz -1.60286 -tpx 2.97927 -tpy 1.14269 -tpz -1.64224 -a 0 -fd 1 -fl 0.035
 -cpx 3.16243 -cpy 0.944523 -cpz -0.487471 -tpx 3.36443 -tpy 1.92312 -tpz -0.526844 -a 0 -fd 1 -fl 0.035
 -cpx 3.31944 -cpy 1.70518 -cpz -0.518076 -tpx 3.52144 -tpy 2.68377 -tpz -0.557449 -a 0 -fd 1 -fl 0.035
 -cpx 3.39513 -cpy 2.07185 -cpz -0.532829 -tpx 3.59713 -tpy 3.05045 -tpz -0.572202 -a 0 -fd 1 -fl 0.035
 -cpx 3.32364 -cpy 2.07189 -cpz -0.898777 -tpx 3.52564 -tpy 3.05048 -tpz -0.93815 -a 0 -fd 1 -fl 0.035
 -cpx 3.40285 -cpy 2.74693 -cpz -0.936234 -tpx 3.5632 -tpy 3.73398 -tpz -0.942368 -a 0 -fd 1 -fl 0.035
 -cpx 3.40285 -cpy 2.74693 -cpz -0.936234 -tpx 3.76399 -tpy 3.34063 -tpz -0.217129 -a 0 -fd 1 -fl 0.035
 -cpx 3.40285 -cpy 2.74693 -cpz -0.936234 -tpx 2.88688 -tpy 3.48352 -tpz -0.498953 -a 0 -fd 1 -fl 0.035
 -cpx 3.40285 -cpy 2.74693 -cpz -0.936234 -tpx 2.74831 -tpy 2.90602 -tpz -0.197131 -a 0 -fd 1 -fl 0.035
 -cpx 3.40285 -cpy 2.74693 -cpz -0.936234 -tpx 3.90373 -tpy 2.25028 -tpz -0.227394 -a 0 -fd 1 -fl 0.035
 -cpx 3.40285 -cpy 2.74693 -cpz -0.936234 -tpx 4.08686 -tpy 2.36018 -tpz -0.317724 -a 0 -fd 1 -fl 0.035
 -cpx 3.40285 -cpy 2.74693 -cpz -0.936234 -tpx 4.39446 -tpy 2.64811 -tpz -0.852929 -a 0 -fd 1 -fl 0.035
 -cpx 3.40285 -cpy 2.74693 -cpz -0.936234 -tpx 4.31584 -tpy 2.56571 -tpz -1.30176 -a 0 -fd 1 -fl 0.035
 -cpx 3.40285 -cpy 2.74693 -cpz -0.936234 -tpx 3.88929 -tpy 2.28883 -tpz -1.68022 -a 0 -fd 1 -fl 0.035
 -cpx 3.40285 -cpy 2.74693 -cpz -0.936234 -tpx 4.09897 -tpy 2.02968 -tpz -0.905348 -a 0 -fd 1 -fl 0.035
 -cpx 3.40285 -cpy 2.74693 -cpz -0.936234 -tpx 3.61035 -tpy 1.82101 -tpz -0.620634 -a 0 -fd 1 -fl 0.035
 -cpx 3.40285 -cpy 2.74693 -cpz -0.936234 -tpx 3.37453 -tpy 2.01189 -tpz -0.258809 -a 0 -fd 1 -fl 0.035
 -cpx 3.40285 -cpy 2.74693 -cpz -0.936234 -tpx 3.42451 -tpy 2.27787 -tpz -0.0533376 -a 0 -fd 1 -fl 0.035
 -cpx 3.42852 -cpy 2.19116 -cpz 0.109871 -tpx 3.45018 -tpy 1.72209 -tpz 0.992768 -a 0 -fd 1 -fl 0.035
 -cpx 3.42852 -cpy 2.19116 -cpz 0.109871 -tpx 3.6256 -tpy 1.6655 -tpz 0.937426 -a 0 -fd 1 -fl 0.035
 -cpx 3.42852 -cpy 2.19116 -cpz 0.109871 -tpx 4.19693 -tpy 1.70332 -tpz 0.524071 -a 0 -fd 1 -fl 0.035
 -cpx 4.39972 -cpy 1.57457 -cpz 0.633384 -tpx 5.16813 -tpy 1.08674 -tpz 1.04758 -a 0 -fd 1 -fl 0.035
 -cpx 4.39972 -cpy 1.57457 -cpz 0.633384 -tpx 5.39495 -tpy 1.58359 -tpz 0.536239 -a 0 -fd 1 -fl 0.035
 -cpx 5.26039 -cpy 1.58237 -cpz 0.549373 -tpx 6.25562 -tpy 1.59138 -tpz 0.452228 -a 0 -fd 1 -fl 0.035
 -cpx 5.17828 -cpy 1.58246 -cpz -0.291899 -tpx 6.17351 -tpy 1.59148 -tpz -0.389043 -a 0 -fd 1 -fl 0.035
 -cpx 5.09528 -cpy 1.58255 -cpz -1.1422 -tpx 6.09051 -tpy 1.59157 -tpz -1.23935 -a 0 -fd 1 -fl 0.035
 -cpx 4.2372 -cpy 1.57478 -cpz -1.05844 -tpx 5.23243 -tpy 1.5838 -tpz -1.15559 -a 0 -fd 1 -fl 0.035
 -cpx 4.2372 -cpy 1.57478 -cpz -1.05844 -tpx 5.2183 -tpy 1.44801 -tpz -1.20466 -a 0 -fd 1 -fl 0.035
 -cpx 4.2372 -cpy 1.57478 -cpz -1.05844 -tpx 5.13987 -tpy 1.16738 -tpz -0.919805 -a 0 -fd 1 -fl 0.035
 -cpx 4.2372 -cpy 1.57478 -cpz -1.05844 -tpx 5.01446 -tpy 0.96138 -tpz -0.918422 -a 0 -fd 1 -fl 0.035
 -cpx 4.2372 -cpy 1.57478 -cpz -1.05844 -tpx 4.71505 -tpy 0.732038 -tpz -0.810566 -a 0 -fd 1 -fl 0.035
 -cpx 4.42854 -cpy 1.23734 -cpz -0.959191 -tpx 4.90639 -tpy 0.394596 -tpz -0.711314 -a 0 -fd 1 -fl 0.035
 -cpx 4.51078 -cpy 1.0923 -cpz -0.916529 -tpx 4.98863 -tpy 0.249553 -tpz -0.668652 -a 0 -fd 1 -fl 0.035
 -cpx 4.502 -cpy 1.09229 -cpz -0.899617 -tpx 5.0986 -tpy 0.312487 -tpz -1.08929 -a 0 -fd 1 -fl 0.035
 -cpx 4.63197 -cpy 0.950507 -cpz -0.93955 -tpx 5.58427 -tpy 0.664335 -tpz -0.833617 -a 0 -fd 1 -fl 0.035
 -cpx 4.63197 -cpy 0.950507 -cpz -0.93955 -tpx 4.52864 -tpy 0.243521 -tpz -1.63919 -a 0 -fd 1 -fl 0.035
 -cpx 4.63197 -cpy 0.950507 -cpz -0.93955 -tpx 3.75462 -tpy 0.472528 -tpz -0.981999 -a 0 -fd 1 -fl 0.035
 -cpx 4.63197 -cpy 0.950507 -cpz -0.93955 -tpx 3.64237 -tpy 1.09069 -tpz -0.971901 -a 0 -fd 1 -fl 0.035
 -cpx 4.63197 -cpy 0.950507 -cpz -0.93955 -tpx 4.13589 -tpy 0.115728 -tpz -1.1784 -a 0 -fd 1 -fl 0.035
 -cpx 4.63197 -cpy 0.950507 -cpz -0.93955 -tpx 4.92779 -tpy 0.0546503 -tpz -1.27111 -a 0 -fd 1 -fl 0.035
 -cpx 4.63197 -cpy 0.950507 -cpz -0.93955 -tpx 3.70108 -tpy 0.784794 -tpz -0.614005 -a 0 -fd 1 -fl 0.035
 -cpx 4.49261 -cpy 0.992069 -cpz 0.302587 -tpx 4.90193 -tpy 1.66987 -tpz -0.308182 -a 0 -fd 1 -fl 0.035
 -cpx 4.49261 -cpy 0.992069 -cpz 0.302587 -tpx 5.30381 -tpy 1.50429 -tpz 0.0204986 -a 0 -fd 1 -fl 0.035
 -cpx 4.49261 -cpy 0.992069 -cpz 0.302587 -tpx 5.01078 -tpy 1.1211 -tpz -0.542901 -a 0 -fd 1 -fl 0.035
 -cpx 4.90159 -cpy 1.09391 -cpz -0.364749 -tpx 5.41976 -tpy 1.22295 -tpz -1.21024 -a 0 -fd 1 -fl 0.035
 -cpx 4.9469 -cpy 1.18401 -cpz -1.14867 -tpx 5.46507 -tpy 1.31305 -tpz -1.99416 -a 0 -fd 1 -fl 0.035
 -cpx 4.42727 -cpy 1.18409 -cpz -1.46712 -tpx 4.94544 -tpy 1.31313 -tpz -2.31261 -a 0 -fd 1 -fl 0.035
 -cpx 4.42727 -cpy 1.18409 -cpz -1.46712 -tpx 5.05482 -tpy 0.702164 -tpz -2.07861 -a 0 -fd 1 -fl 0.035
 -cpx 4.42727 -cpy 1.18409 -cpz -1.46712 -tpx 5.02545 -tpy 0.448288 -tpz -1.78456 -a 0 -fd 1 -fl 0.035
 -cpx 4.42727 -cpy 1.18409 -cpz -1.46712 -tpx 4.82234 -tpy 0.319681 -tpz -1.7781 -a 0 -fd 1 -fl 0.035
 -cpx 4.42727 -cpy 1.18409 -cpz -1.46712 -tpx 4.51933 -tpy 0.215477 -tpz -1.698 -a 0 -fd 1 -fl 0.035
 -cpx 4.50484 -cpy 0.367867 -cpz -1.66168 -tpx 4.5969 -tpy -0.60075 -tpz -1.89256 -a 0 -fd 1 -fl 0.035
 -cpx 4.50484 -cpy 0.367867 -cpz -1.66168 -tpx 4.1076 -tpy -0.485602 -tpz -1.999 -a 0 -fd 1 -fl 0.035
 -cpx 4.50484 -cpy 0.367867 -cpz -1.66168 -tpx 4.20858 -tpy 0.250036 -tpz -2.60949 -a 0 -fd 1 -fl 0.035
 -cpx 4.50484 -cpy 0.367867 -cpz -1.66168 -tpx 4.03111 -tpy 0.864547 -tpz -2.38892 -a 0 -fd 1 -fl 0.035
 -cpx 4.4956 -cpy 1.14533 -cpz -1.75995 -tpx 4.48381 -tpy 2.13737 -tpz -1.88534 -a 0 -fd 1 -fl 0.035
 -cpx 4.48594 -cpy 1.95804 -cpz -1.86267 -tpx 4.47415 -tpy 2.95008 -tpz -1.98806 -a 0 -fd 1 -fl 0.035
 -cpx 4.47936 -cpy 2.51198 -cpz -1.93269 -tpx 5.33968 -tpy 2.0027 -tpz -1.91102 -a 0 -fd 1 -fl 0.035
 -cpx 4.47936 -cpy 2.51198 -cpz -1.93269 -tpx 5.0441 -tpy 1.73571 -tpz -1.65256 -a 0 -fd 1 -fl 0.035
 -cpx 4.47936 -cpy 2.51198 -cpz -1.93269 -tpx 4.92724 -tpy 1.85177 -tpz -1.32976 -a 0 -fd 1 -fl 0.035
 -cpx 4.47936 -cpy 2.51198 -cpz -1.93269 -tpx 5.44631 -tpy 2.35404 -tpz -1.73253 -a 0 -fd 1 -fl 0.035
 -cpx 4.80199 -cpy 2.41919 -cpz -1.68706 -tpx 5.57758 -tpy 2.1961 -tpz -1.09656 -a 0 -fd 1 -fl 0.035
 -cpx 5.45878 -cpy 2.23027 -cpz -1.187 -tpx 6.23437 -tpy 2.00718 -tpz -0.596501 -a 0 -fd 1 -fl 0.035
 -cpx 5.62694 -cpy 1.86892 -cpz -1.01728 -tpx 6.01511 -tpy 1.03476 -tpz -0.625481 -a 0 -fd 1 -fl 0.035
 -cpx 5.95322 -cpy 1.16774 -cpz -0.687942 -tpx 6.34139 -tpy 0.333582 -tpz -0.296145 -a 0 -fd 1 -fl 0.035
 -cpx 6.02045 -cpy 1.13888 -cpz -0.679626 -tpx 6.93349 -tpy 0.746951 -tpz -0.566685 -a 0 -fd 1 -fl 0.035
 -cpx 6.02045 -cpy 1.13888 -cpz -0.679626 -tpx 6.90296 -tpy 1.60699 -tpz -0.634394 -a 0 -fd 1 -fl 0.035
 -cpx 6.42741 -cpy 1.59971 -cpz -0.412987 -tpx 7.0347 -tpy 2.28738 -tpz -0.0150967 -a 0 -fd 1 -fl 0.035
 -cpx 6.42741 -cpy 1.59971 -cpz -0.412987 -tpx 6.85915 -tpy 2.19973 -tpz 0.260499 -a 0 -fd 1 -fl 0.035
 -cpx 6.42741 -cpy 1.59971 -cpz -0.412987 -tpx 6.44092 -tpy 2.17883 -tpz 0.402144 -a 0 -fd 1 -fl 0.035
 -cpx 6.42741 -cpy 1.59971 -cpz -0.412987 -tpx 6.13736 -tpy 2.52003 -tpz -0.150532 -a 0 -fd 1 -fl 0.035
 -cpx 6.76927 -cpy 1.34839 -cpz -0.692342 -tpx 6.10636 -tpy 1.29781 -tpz 0.0546516 -a 0 -fd 1 -fl 0.035
 -cpx 6.76344 -cpy 1.21982 -cpz 0.147768 -tpx 6.75658 -tpy 1.06855 -tpz 1.13624 -a 0 -fd 1 -fl 0.035
 -cpx 6.76344 -cpy 1.21982 -cpz 0.147768 -tpx 6.67483 -tpy 1.04081 -tpz 1.12762 -a 0 -fd 1 -fl 0.035
 -cpx 6.68256 -cpy 1.05643 -cpz 1.04215 -tpx 6.59395 -tpy 0.87742 -tpz 2.022 -a 0 -fd 1 -fl 0.035
 -cpx 6.68256 -cpy 1.05643 -cpz 1.04215 -tpx 6.39848 -tpy 1.23216 -tpz 1.9847 -a 0 -fd 1 -fl 0.035
 -cpx 6.68256 -cpy 1.05643 -cpz 1.04215 -tpx 5.89742 -tpy 1.14633 -tpz 1.6549 -a 0 -fd 1 -fl 0.035
 -cpx 6.34356 -cpy 1.09524 -cpz 1.30672 -tpx 5.55841 -tpy 1.18515 -tpz 1.91947 -a 0 -fd 1 -fl 0.035
 -cpx 6.77779 -cpy 1.05855 -cpz 1.20191 -tpx 6.25369 -tpy 1.38864 -tpz 1.98699 -a 0 -fd 1 -fl 0.035
 -cpx 6.77779 -cpy 1.05855 -cpz 1.20191 -tpx 6.51738 -tpy 1.70689 -tpz 1.91734 -a 0 -fd 1 -fl 0.035
 -cpx 6.11463 -cpy 0.921449 -cpz 1.72554 -tpx 5.33992 -tpy 0.761286 -tpz 2.33723 -a 0 -fd 1 -fl 0.035
 -cpx 6.11463 -cpy 0.921449 -cpz 1.72554 -tpx 5.18964 -tpy 0.723655 -tpz 1.40105 -a 0 -fd 1 -fl 0.035
 -cpx 6.11463 -cpy 0.921449 -cpz 1.72554 -tpx 5.68048 -tpy 1.13469 -tpz 0.850297 -a 0 -fd 1 -fl 0.035
 -cpx 6.11463 -cpy 0.921449 -cpz 1.72554 -tpx 6.31471 -tpy 1.0035 -tpz 0.749199 -a 0 -fd 1 -fl 0.035
 -cpx 6.11463 -cpy 0.921449 -cpz 1.72554 -tpx 6.27357 -tpy 1.53842 -tpz 0.954772 -a 0 -fd 1 -fl 0.035
 -cpx 6.1123 -cpy 0.930824 -cpz 1.69129 -tpx 5.68846 -tpy 1.20191 -tpz 0.82707 -a 0 -fd 1 -fl 0.035
 -cpx 5.88631 -cpy 0.998162 -cpz 1.68078 -tpx 6.8347 -tpy 0.841332 -tpz 1.95638 -a 0 -fd 1 -fl 0.035
 -cpx 5.88631 -cpy 0.998162 -cpz 1.68078 -tpx 6.23817 -tpy 1.38391 -tpz 2.53366 -a 0 -fd 1 -fl 0.035
 -cpx 5.88631 -cpy 0.998162 -cpz 1.68078 -tpx 5.94576 -tpy 1.80536 -tpz 2.26806 -a 0 -fd 1 -fl 0.035
 -cpx 5.88631 -cpy 0.998162 -cpz 1.68078 -tpx 5.1411 -tpy 1.1138 -tpz 2.33752 -a 0 -fd 1 -fl 0.035
 -cpx 5.88631 -cpy 0.998162 -cpz 1.68078 -tpx 4.89184 -tpy 1.0847 -tpz 1.74028 -a 0 -fd 1 -fl 0.035
 -cpx 5.47344 -cpy 1.03409 -cpz 1.70548 -tpx 4.47897 -tpy 1.12063 -tpz 1.76498 -a 0 -fd 1 -fl 0.035
 -cpx 5.48499 -cpy 1.03412 -cpz 1.89854 -tpx 4.49052 -tpy 1.12066 -tpz 1.95803 -a 0 -fd 1 -fl 0.035
 -cpx 5.48499 -cpy 1.03412 -cpz 1.89854 -tpx 4.83177 -tpy 0.605259 -tpz 1.27453 -a 0 -fd 1 -fl 0.035
 -cpx 5.48499 -cpy 1.03412 -cpz 1.89854 -tpx 5.26081 -tpy 0.358831 -tpz 1.19588 -a 0 -fd 1 -fl 0.035
 -cpx 5.48499 -cpy 1.03412 -cpz 1.89854 -tpx 5.53531 -tpy 0.695588 -tpz 0.958929 -a 0 -fd 1 -fl 0.035
 -cpx 5.48499 -cpy 1.03412 -cpz 1.89854 -tpx 5.97728 -tpy 0.868407 -tpz 1.04402 -a 0 -fd 1 -fl 0.035
 -cpx 5.48499 -cpy 1.03412 -cpz 1.89854 -tpx 5.18553 -tpy 1.23856 -tpz 0.966589 -a 0 -fd 1 -fl 0.035
 -cpx 5.48499 -cpy 1.03412 -cpz 1.89854 -tpx 4.7815 -tpy 1.26491 -tpz 1.22635 -a 0 -fd 1 -fl 0.035
 -cpx 5.20777 -cpy 1.12507 -cpz 1.63365 -tpx 4.50427 -tpy 1.35586 -tpz 0.961462 -a 0 -fd 1 -fl 0.035
 -cpx 4.94838 -cpy 1.12513 -cpz 1.90513 -tpx 4.24489 -tpy 1.35592 -tpz 1.23295 -a 0 -fd 1 -fl 0.035
 -cpx 4.94838 -cpy 1.12513 -cpz 1.90513 -tpx 4.1 -tpy 1.30086 -tpz 1.40576 -a 0 -fd 1 -fl 0.035
 -cpx 3.59511 -cpy 1.40544 -cpz 1.10857 -tpx 2.94001 -tpy 2.09799 -tpz 1.41059 -a 0 -fd 1 -fl 0.035
 -cpx 3.59511 -cpy 1.40544 -cpz 1.10857 -tpx 2.73661 -tpy 1.61098 -tpz 1.57839 -a 0 -fd 1 -fl 0.035
 -cpx 3.59511 -cpy 1.40544 -cpz 1.10857 -tpx 2.85561 -tpy 0.891316 -tpz 1.54309 -a 0 -fd 1 -fl 0.035
 -cpx 3.17071 -cpy 1.4053 -cpz 0.386117 -tpx 2.64961 -tpy 0.683358 -tpz 0.841369 -a 0 -fd 1 -fl 0.035
 -cpx 3.17071 -cpy 1.4053 -cpz 0.386117 -tpx 3.07454 -tpy 1.12884 -tpz 1.34232 -a 0 -fd 1 -fl 0.035
 -cpx 3.17071 -cpy 1.4053 -cpz 0.386117 -tpx 2.96959 -tpy 0.635451 -tpz 0.991824 -a 0 -fd 1 -fl 0.035
 -cpx 3.17071 -cpy 1.4053 -cpz 0.386117 -tpx 3.96087 -tpy 0.979491 -tpz 0.826938 -a 0 -fd 1 -fl 0.035
 -cpx 3.17071 -cpy 1.4053 -cpz 0.386117 -tpx 3.58329 -tpy 1.88035 -tpz 1.16336 -a 0 -fd 1 -fl 0.035
 -cpx 3.17071 -cpy 1.4053 -cpz 0.386117 -tpx 3.97377 -tpy 1.58877 -tpz 0.953066 -a 0 -fd 1 -fl 0.035
 -cpx 3.8756 -cpy 1.11266 -cpz 0.780419 -tpx 4.69614 -tpy 0.772015 -tpz 1.23941 -a 0 -fd 1 -fl 0.035
 -cpx 4.58598 -cpy 0.817749 -cpz 1.17779 -tpx 5.40651 -tpy 0.477099 -tpz 1.63678 -a 0 -fd 1 -fl 0.035
 -cpx 4.58598 -cpy 0.817749 -cpz 1.17779 -tpx 5.58157 -tpy 0.77503 -tpz 1.26131 -a 0 -fd 1 -fl 0.035
 -cpx 4.58598 -cpy 0.817749 -cpz 1.17779 -tpx 4.96129 -tpy 1.48389 -tpz 1.8223 -a 0 -fd 1 -fl 0.035
 -cpx 4.74703 -cpy 1.10359 -cpz 1.45436 -tpx 5.24766 -tpy 1.31354 -tpz 2.29417 -a 0 -fd 1 -fl 0.035
 -cpx 4.74703 -cpy 1.10359 -cpz 1.45436 -tpx 4.92652 -tpy 1.02831 -tpz 2.43523 -a 0 -fd 1 -fl 0.035
 -cpx 4.82158 -cpy 1.07232 -cpz 1.86177 -tpx 5.00107 -tpy 0.997041 -tpz 2.84264 -a 0 -fd 1 -fl 0.035
 -cpx 4.14674 -cpy 1.12499 -cpz 1.27488 -tpx 4.32622 -tpy 1.0497 -tpz 2.25575 -a 0 -fd 1 -fl 0.035
 -cpx 5.87879 -cpy 1.09423 -cpz 1.37593 -tpx 6.05828 -tpy 1.01894 -tpz 2.3568 -a 0 -fd 1 -fl 0.035
 -cpx 6.28034 -cpy 1.09429 -cpz 1.30245 -tpx 6.45983 -tpy 1.01901 -tpz 2.28333 -a 0 -fd 1 -fl 0.035
 -cpx 6.28034 -cpy 1.09429 -cpz 1.30245 -tpx 6.71366 -tpy 1.35562 -tpz 2.16498 -a 0 -fd 1 -fl 0.035
 -cpx 6.46803 -cpy 1.20748 -cpz 1.67605 -tpx 6.90135 -tpy 1.46881 -tpz 2.53857 -a 0 -fd 1 -fl 0.035
 -cpx 6.66119 -cpy 1.24997 -cpz 1.46103 -tpx 7.33896 -tpy 1.57368 -tpz 2.12121 -a 0 -fd 1 -fl 0.035
 -cpx 6.77918 -cpy 1.34066 -cpz 1.58316 -tpx 6.9771 -tpy 1.24745 -tpz 2.55894 -a 0 -fd 1 -fl 0.035
 -cpx 6.77918 -cpy 1.34066 -cpz 1.58316 -tpx 5.98329 -tpy 1.21167 -tpz 2.17471 -a 0 -fd 1 -fl 0.035
 -cpx 6.75934 -cpy 1.33745 -cpz 1.5979 -tpx 5.90582 -tpy 0.876354 -tpz 1.84056 -a 0 -fd 1 -fl 0.035
 -cpx 6.37684 -cpy 1.13081 -cpz 1.70665 -tpx 5.52331 -tpy 0.669716 -tpz 1.9493 -a 0 -fd 1 -fl 0.035
 -cpx 5.86689 -cpy 1.0342 -cpz 1.09171 -tpx 5.23316 -tpy 0.914131 -tpz 0.327525 -a 0 -fd 1 -fl 0.035
 -cpx 5.36085 -cpy 0.938323 -cpz 0.4815 -tpx 4.72713 -tpy 0.818259 -tpz -0.282687 -a 0 -fd 1 -fl 0.035
 -cpx 4.74401 -cpy 0.938462 -cpz 0.993009 -tpx 4.11029 -tpy 0.818397 -tpz 0.228822 -a 0 -fd 1 -fl 0.035
 -cpx 4.50428 -cpy 0.893042 -cpz 0.70392 -tpx 3.87056 -tpy 0.772977 -tpz -0.0602672 -a 0 -fd 1 -fl 0.035
 -cpx 4.50428 -cpy 0.893042 -cpz 0.70392 -tpx 4.13027 -tpy 0.104857 -tpz 0.21516 -a 0 -fd 1 -fl 0.035
 -cpx 4.19646 -cpy 0.244333 -cpz 0.301651 -tpx 4.35436 -tpy -0.121571 -tpz -0.615508 -a 0 -fd 1 -fl 0.035
 -cpx 4.19646 -cpy 0.244333 -cpz 0.301651 -tpx 4.47599 -tpy 0.547744 -tpz -0.609286 -a 0 -fd 1 -fl 0.035
 -cpx 4.19646 -cpy 0.244333 -cpz 0.301651 -tpx 3.81668 -tpy 0.772886 -tpz -0.457558 -a 0 -fd 1 -fl 0.035
 -cpx 3.7623 -cpy 0.848568 -cpz -0.566266 -tpx 3.38251 -tpy 1.37712 -tpz -1.32547 -a 0 -fd 1 -fl 0.035
 -cpx 3.7623 -cpy 0.848568 -cpz -0.566266 -tpx 4.63576 -tpy 1.33545 -tpz -0.566827 -a 0 -fd 1 -fl 0.035
 -cpx 4.12476 -cpy 1.05061 -cpz -0.566499 -tpx 4.99823 -tpy 1.5375 -tpz -0.567059 -a 0 -fd 1 -fl 0.035
 -cpx 4.12476 -cpy 1.05061 -cpz -0.566499 -tpx 4.19617 -tpy 1.15842 -tpz 0.425105 -a 0 -fd 1 -fl 0.035
 -cpx 4.12476 -cpy 1.05061 -cpz -0.566499 -tpx 4.89628 -tpy 1.07426 -tpz -1.20227 -a 0 -fd 1 -fl 0.035
 -cpx 4.33334 -cpy 1.01394 -cpz -0.871196 -tpx 4.89546 -tpy 0.915127 -tpz -1.69233 -a 0 -fd 1 -fl 0.035
 -cpx 4.77527 -cpy 0.936256 -cpz -1.51675 -tpx 5.33738 -tpy 0.837439 -tpz -2.33789 -a 0 -fd 1 -fl 0.035
 -cpx 4.77527 -cpy 0.936256 -cpz -1.51675 -tpx 4.76926 -tpy -0.0625032 -tpz -1.56619 -a 0 -fd 1 -fl 0.035
 -cpx 4.77287 -cpy 0.537765 -cpz -1.53648 -tpx 4.4644 -tpy -0.314527 -tpz -1.9589 -a 0 -fd 1 -fl 0.035
 -cpx 4.77287 -cpy 0.537765 -cpz -1.53648 -tpx 3.89222 -tpy 0.793659 -tpz -1.9352 -a 0 -fd 1 -fl 0.035
 -cpx 3.25471 -cpy 1.44482 -cpz -2.073 -tpx 2.38582 -tpy 1.00582 -tpz -2.30172 -a 0 -fd 1 -fl 0.035
 -cpx 3.25471 -cpy 1.44482 -cpz -2.073 -tpx 2.66841 -tpy 0.658715 -tpz -1.87732 -a 0 -fd 1 -fl 0.035
 -cpx 3.25471 -cpy 1.44482 -cpz -2.073 -tpx 3.17266 -tpy 0.45293 -tpz -1.97595 -a 0 -fd 1 -fl 0.035
 -cpx 3.25471 -cpy 1.44482 -cpz -2.073 -tpx 3.71793 -tpy 0.658715 -tpz -1.66378 -a 0 -fd 1 -fl 0.035
 -cpx 3.78776 -cpy 0.292553 -cpz -1.00658 -tpx 4.10926 -tpy -0.402403 -tpz -0.363404 -a 0 -fd 1 -fl 0.035
 -cpx 3.78776 -cpy 0.292553 -cpz -1.00658 -tpx 4.30345 -tpy 0.00206807 -tpz -0.200549 -a 0 -fd 1 -fl 0.035
 -cpx 3.78776 -cpy 0.292553 -cpz -1.00658 -tpx 4.75807 -tpy 0.0508623 -tpz -1.01602 -a 0 -fd 1 -fl 0.035
 -cpx 4.52589 -cpy 0.0481603 -cpz -1.19456 -tpx 5.44862 -tpy -0.257357 -tpz -1.42955 -a 0 -fd 1 -fl 0.035
 -cpx 4.52589 -cpy 0.0481603 -cpz -1.19456 -tpx 5.35401 -tpy -0.246624 -tpz -0.71778 -a 0 -fd 1 -fl 0.035
 -cpx 5.02707 -cpy 0.0304111 -cpz -1.86063 -tpx 5.73193 -tpy 0.0855294 -tpz -2.56783 -a 0 -fd 1 -fl 0.035
 -cpx 5.02707 -cpy 0.0304111 -cpz -1.86063 -tpx 5.85324 -tpy 0.447074 -tpz -2.23988 -a 0 -fd 1 -fl 0.035
 -cpx 5.02707 -cpy 0.0304111 -cpz -1.86063 -tpx 5.9978 -tpy 0.241459 -tpz -1.74606 -a 0 -fd 1 -fl 0.035
 -cpx 5.79576 -cpy 0.096854 -cpz -1.9594 -tpx 6.78398 -tpy 0.182272 -tpz -2.08638 -a 0 -fd 1 -fl 0.035
 -cpx 5.79576 -cpy 0.096854 -cpz -1.9594 -tpx 6.79482 -tpy 0.127246 -tpz -1.9286 -a 0 -fd 1 -fl 0.035
 -cpx 5.79576 -cpy 0.096854 -cpz -1.9594 -tpx 6.45914 -tpy 0.502237 -tpz -1.33044 -a 0 -fd 1 -fl 0.035
 -cpx 5.79576 -cpy 0.096854 -cpz -1.9594 -tpx 5.82822 -tpy 0.0586365 -tpz -0.96066 -a 0 -fd 1 -fl 0.035
 -cpx 5.79576 -cpy 0.096854 -cpz -1.9594 -tpx 5.83832 -tpy 0.407762 -tpz -1.00992 -a 0 -fd 1 -fl 0.035
 -cpx 5.79939 -cpy 1.12598 -cpz -1.63452 -tpx 5.20035 -tpy 1.75964 -tpz -1.14501 -a 0 -fd 1 -fl 0.035
 -cpx 5.29719 -cpy 1.6572 -cpz -1.22415 -tpx 4.69815 -tpy 2.29086 -tpz -0.734637 -a 0 -fd 1 -fl 0.035
 -cpx 4.80223 -cpy 2.18077 -cpz -0.819687 -tpx 4.20319 -tpy 2.81443 -tpz -0.330176 -a 0 -fd 1 -fl 0.035
 -cpx 4.54992 -cpy 2.73898 -cpz -0.264722 -tpx 4.42504 -tpy 2.21813 -tpz -1.10918 -a 0 -fd 1 -fl 0.035
 -cpx 4.54992 -cpy 2.73898 -cpz -0.264722 -tpx 5.1057 -tpy 2.43561 -tpz -1.03873 -a 0 -fd 1 -fl 0.035
 -cpx 4.73428 -cpy 2.63245 -cpz -0.439467 -tpx 4.2464 -tpy 2.91543 -tpz -1.26524 -a 0 -fd 1 -fl 0.035
 -cpx 4.73428 -cpy 2.63245 -cpz -0.439467 -tpx 4.01303 -tpy 3.134 -tpz 0.0382755 -a 0 -fd 1 -fl 0.035
 -cpx 4.73428 -cpy 2.63245 -cpz -0.439467 -tpx 4.15103 -tpy 2.92082 -tpz 0.319916 -a 0 -fd 1 -fl 0.035
 -cpx 4.6859 -cpy 2.62216 -cpz -0.0613425 -tpx 4.1961 -tpy 2.8387 -tpz 0.783171 -a 0 -fd 1 -fl 0.035
 -cpx 4.6859 -cpy 2.62216 -cpz -0.0613425 -tpx 4.07193 -tpy 3.28746 -tpz 0.363409 -a 0 -fd 1 -fl 0.035
 -cpx 4.54226 -cpy 2.7778 -cpz 0.0380253 -tpx 4.1106 -tpy 2.14767 -tpz 0.683468 -a 0 -fd 1 -fl 0.035
 -cpx 4.18277 -cpy 2.25302 -cpz 0.575557 -tpx 3.75111 -tpy 1.62288 -tpz 1.221 -a 0 -fd 1 -fl 0.035
 -cpx 4.01812 -cpy 2.01266 -cpz 0.821756 -tpx 3.58645 -tpy 1.38252 -tpz 1.4672 -a 0 -fd 1 -fl 0.035
 -cpx 3.86086 -cpy 1.78309 -cpz 1.0569 -tpx 3.4292 -tpy 1.15296 -tpz 1.70234 -a 0 -fd 1 -fl 0.035
 -cpx 3.86086 -cpy 1.78309 -cpz 1.0569 -tpx 3.10636 -tpy 1.16349 -tpz 1.2733 -a 0 -fd 1 -fl 0.035
 -cpx 3.22312 -cpy 1.30836 -cpz 1.1161 -tpx 2.42319 -tpy 0.712888 -tpz 1.19035 -a 0 -fd 1 -fl 0.035
 -cpx 3.17967 -cpy 1.27602 -cpz 1.12013 -tpx 2.36611 -tpy 1.80743 -tpz 1.35617 -a 0 -fd 1 -fl 0.035
 -cpx 3.01413 -cpy 1.61944 -cpz 1.13784 -tpx 2.84234 -tpy 2.51331 -tpz 1.55195 -a 0 -fd 1 -fl 0.035
 -cpx 3.01413 -cpy 1.61944 -cpz 1.13784 -tpx 3.91079 -tpy 2.03917 -tpz 1.27868 -a 0 -fd 1 -fl 0.035
 -cpx 3.59545 -cpy 1.55231 -cpz 1.06003 -tpx 4.44091 -tpy 1.4066 -tpz 1.5738 -a 0 -fd 1 -fl 0.035
 -cpx 5.5345 -cpy 1.29526 -cpz 1.23252 -tpx 6.37997 -tpy 1.14955 -tpz 1.74628 -a 0 -fd 1 -fl 0.035
 -cpx 5.5345 -cpy 1.29526 -cpz 1.23252 -tpx 6.03764 -tpy 2.09102 -tpz 1.56958 -a 0 -fd 1 -fl 0.035
 -cpx 5.93592 -cpy 1.93015 -cpz 1.50144 -tpx 6.43906 -tpy 2.72591 -tpz 1.8385 -a 0 -fd 1 -fl 0.035
 -cpx 6.14794 -cpy 1.93024 -cpz 1.18475 -tpx 6.65107 -tpy 2.726 -tpz 1.52181 -a 0 -fd 1 -fl 0.035
 -cpx 6.53375 -cpy 2.54044 -cpz 1.44321 -tpx 7.03689 -tpy 3.3362 -tpz 1.78028 -a 0 -fd 1 -fl 0.035
 -cpx 5.86051 -cpy 2.62967 -cpz 1.03044 -tpx 5.01338 -tpy 2.74196 -tpz 0.51106 -a 0 -fd 1 -fl 0.035
 -cpx 5.03704 -cpy 2.52538 -cpz 1.02688 -tpx 4.04497 -tpy 2.39973 -tpz 1.0226 -a 0 -fd 1 -fl 0.035
 -cpx 5.03347 -cpy 2.52557 -cpz 1.8463 -tpx 4.04141 -tpy 2.39992 -tpz 1.84201 -a 0 -fd 1 -fl 0.035
 -cpx 3.92755 -cpy 2.72263 -cpz 1.50796 -tpx 3.23493 -tpy 2.66755 -tpz 0.788772 -a 0 -fd 1 -fl 0.035
 -cpx 3.36849 -cpy 2.67817 -cpz 0.927455 -tpx 2.67587 -tpy 2.62309 -tpz 0.208263 -a 0 -fd 1 -fl 0.035
 -cpx 3.36849 -cpy 2.67817 -cpz 0.927455 -tpx 3.388 -tpy 2.86164 -tpz -0.0553758 -a 0 -fd 1 -fl 0.035
 -cpx 3.36849 -cpy 2.67817 -cpz 0.927455 -tpx 3.28558 -tpy 1.90904 -tpz 0.293765 -a 0 -fd 1 -fl 0.035
 -cpx 3.90642 -cpy 2.0963 -cpz 0.528869 -tpx 4.51286 -tpy 1.44032 -tpz 0.0795156 -a 0 -fd 1 -fl 0.035
 -cpx 4.40495 -cpy 1.84149 -cpz 0.148142 -tpx 5.14126 -tpy 1.46514 -tpz -0.41418 -a 0 -fd 1 -fl 0.035
 -cpx 4.04185 -cpy 2.09823 -cpz 0.22474 -tpx 4.84651 -tpy 1.52928 -tpz 0.0549922 -a 0 -fd 1 -fl 0.035
 -cpx 4.29888 -cpy 1.85435 -cpz -0.26565 -tpx 5.18628 -tpy 1.39525 -tpz -0.307382 -a 0 -fd 1 -fl 0.035
 -cpx 4.29888 -cpy 1.85435 -cpz -0.26565 -tpx 5.22342 -tpy 1.82625 -tpz -0.645689 -a 0 -fd 1 -fl 0.035
 -cpx 4.29888 -cpy 1.85435 -cpz -0.26565 -tpx 4.84057 -tpy 1.39126 -tpz -0.967157 -a 0 -fd 1 -fl 0.035
 -cpx 4.29888 -cpy 1.85435 -cpz -0.26565 -tpx 4.45446 -tpy 0.903305 -tpz -0.532679 -a 0 -fd 1 -fl 0.035
 -cpx 4.31139 -cpy 1.43908 -cpz -0.280957 -tpx 4.34148 -tpy 0.440207 -tpz -0.317776 -a 0 -fd 1 -fl 0.035
 -cpx 4.33733 -cpy 0.578028 -cpz -0.312696 -tpx 4.36743 -tpy -0.420841 -tpz -0.349515 -a 0 -fd 1 -fl 0.035
 -cpx 4.35367 -cpy 0.035573 -cpz -0.332691 -tpx 4.38377 -tpy -0.963296 -tpz -0.36951 -a 0 -fd 1 -fl 0.035
 -cpx 4.35367 -cpy 0.035573 -cpz -0.332691 -tpx 4.05556 -tpy -0.536146 -tpz -1.09706 -a 0 -fd 1 -fl 0.035
 -cpx 4.35367 -cpy 0.035573 -cpz -0.332691 -tpx 4.10466 -tpy 0.0974331 -tpz 0.63383 -a 0 -fd 1 -fl 0.035
 -cpx 4.32937 -cpy 0.0560349 -cpz 0.0449088 -tpx 4.26522 -tpy 0.110033 -tpz 1.04139 -a 0 -fd 1 -fl 0.035
 -cpx 4.27815 -cpy 0.0991484 -cpz 0.840518 -tpx 4.21401 -tpy 0.153147 -tpz 1.837 -a 0 -fd 1 -fl 0.035
 -cpx 4.25313 -cpy 0.120218 -cpz 1.22933 -tpx 4.18898 -tpy 0.174216 -tpz 2.22581 -a 0 -fd 1 -fl 0.035
 -cpx 4.25313 -cpy 0.120218 -cpz 1.22933 -tpx 5.20106 -tpy 0.260404 -tpz 1.51528 -a 0 -fd 1 -fl 0.035
 -cpx 4.25313 -cpy 0.120218 -cpz 1.22933 -tpx 5.17946 -tpy 0.496611 -tpz 1.24442 -a 0 -fd 1 -fl 0.035
 -cpx 5.03279 -cpy 0.437015 -cpz 1.24203 -tpx 5.95913 -tpy 0.813408 -tpz 1.25712 -a 0 -fd 1 -fl 0.035
 -cpx 5.40195 -cpy 0.587014 -cpz 1.24804 -tpx 6.32829 -tpy 0.963407 -tpz 1.26313 -a 0 -fd 1 -fl 0.035
 -cpx 6.17966 -cpy 0.903016 -cpz 1.26071 -tpx 7.106 -tpy 1.27941 -tpz 1.2758 -a 0 -fd 1 -fl 0.035
 -cpx 6.17966 -cpy 0.903016 -cpz 1.26071 -tpx 7.11364 -tpy 0.667889 -tpz 1.52979 -a 0 -fd 1 -fl 0.035
 -cpx 6.17966 -cpy 0.903016 -cpz 1.26071 -tpx 6.43669 -tpy 0.503858 -tpz 0.380591 -a 0 -fd 1 -fl 0.035
 -cpx 5.73285 -cpy 0.719865 -cpz 0.630788 -tpx 5.16992 -tpy 0.489114 -tpz -0.162849 -a 0 -fd 1 -fl 0.035
 -cpx 5.5173 -cpy 0.631509 -cpz 0.326899 -tpx 4.95437 -tpy 0.400758 -tpz -0.466737 -a 0 -fd 1 -fl 0.035
 -cpx 5.05204 -cpy 0.440793 -cpz -0.329042 -tpx 4.4891 -tpy 0.210043 -tpz -1.12268 -a 0 -fd 1 -fl 0.035
 -cpx 6.07594 -cpy 0.440482 -cpz -1.05522 -tpx 5.51301 -tpy 0.209731 -tpz -1.84885 -a 0 -fd 1 -fl 0.035
 -cpx 5.84246 -cpy 0.344778 -cpz -1.38438 -tpx 5.27953 -tpy 0.114028 -tpz -2.17801 -a 0 -fd 1 -fl 0.035
 -cpx 5.61924 -cpy 0.253276 -cpz -1.69909 -tpx 5.0563 -tpy 0.0225253 -tpz -2.49272 -a 0 -fd 1 -fl 0.035
 -cpx 4.82506 -cpy 0.019952 -cpz -1.71057 -tpx 3.85223 -tpy -0.0777423 -tpz -1.92048 -a 0 -fd 1 -fl 0.035
 -cpx 5.12743 -cpy 0.0343783 -cpz -1.64813 -tpx 4.12938 -tpy 0.0883764 -tpz -1.67951 -a 0 -fd 1 -fl 0.035
 -cpx 5.11527 -cpy 0.0344744 -cpz -1.26127 -tpx 4.11723 -tpy 0.0884725 -tpz -1.29264 -a 0 -fd 1 -fl 0.035
 -cpx 3.14018 -cpy 0.141334 -cpz -1.32335 -tpx 2.14213 -tpy 0.195333 -tpz -1.35472 -a 0 -fd 1 -fl 0.035
 -cpx 1.96825 -cpy 0.203196 -cpz -0.295572 -tpx 0.970206 -tpy 0.257194 -tpz -0.326943 -a 0 -fd 1 -fl 0.035
 -cpx 0.844321 -cpy 0.264005 -cpz -0.3309 -tpx -0.153727 -tpy 0.318003 -tpz -0.362271 -a 0 -fd 1 -fl 0.035
 -cpx -0.283919 -cpy 0.325047 -cpz -0.366364 -tpx -1.28197 -tpy 0.379045 -tpz -0.397735 -a 0 -fd 1 -fl 0.035
 -cpx -1.29266 -cpy 0.379623 -cpz -0.398071 -tpx -2.29071 -tpy 0.433622 -tpz -0.429442 -a 0 -fd 1 -fl 0.035
 -cpx -2.3103 -cpy 0.434682 -cpz -0.430058 -tpx -3.30835 -tpy 0.48868 -tpz -0.461429 -a 0 -fd 1 -fl 0.035
 -cpx -3.42886 -cpy 0.4952 -cpz -0.465217 -tpx -4.42691 -tpy 0.549198 -tpz -0.496588 -a 0 -fd 1 -fl 0.035
 -cpx -4.42625 -cpy 0.549162 -cpz -0.496568 -tpx -5.4243 -tpy 0.603161 -tpz -0.527939 -a 0 -fd 1 -fl 0.035
 -cpx -5.44432 -cpy 0.604244 -cpz -0.528568 -tpx -5.13752 -tpy 1.12514 -tpz -1.32515 -a 0 -fd 1 -fl 0.035
 -cpx -3.18998 -cpy 1.60011 -cpz 1.1443 -tpx -2.43315 -tpy 1.93444 -tpz 1.70592 -a 0 -fd 1 -fl 0.035
 -cpx -2.60606 -cpy 1.60035 -cpz 0.357275 -tpx -1.84923 -tpy 1.93469 -tpz 0.918898 -a 0 -fd 1 -fl 0.035
 -cpx -2.21776 -cpy 1.60051 -cpz -0.16609 -tpx -1.46093 -tpy 1.93485 -tpz 0.395533 -a 0 -fd 1 -fl 0.035
 -cpx -0.815088 -cpy 2.22015 -cpz 0.874789 -tpx -0.0582523 -tpy 2.55449 -tpz 1.43641 -a 0 -fd 1 -fl 0.035
 -cpx -1.7864 -cpy 1.79107 -cpz 0.154007 -tpx -0.815847 -tpy 1.55048 -tpz 0.142362 -a 0 -fd 1 -fl 0.035
 -cpx -1.105 -cpy 1.62018 -cpz -0.582408 -tpx -0.134446 -tpy 1.37959 -tpz -0.594052 -a 0 -fd 1 -fl 0.035
 -cpx 2.49941 -cpy 0.726689 -cpz -0.625653 -tpx 3.46997 -tpy 0.486099 -tpz -0.637297 -a 0 -fd 1 -fl 0.035
 -cpx 2.50947 -cpy 0.726478 -cpz 0.217283 -tpx 3.48003 -tpy 0.485888 -tpz 0.205639 -a 0 -fd 1 -fl 0.035
 -cpx 3.33154 -cpy 0.523773 -cpz 0.605066 -tpx 4.3021 -tpy 0.283183 -tpz 0.593422 -a 0 -fd 1 -fl 0.035
 -cpx 4.94599 -cpy 1.06022 -cpz 0.355114 -tpx 5.88489 -tpy 1.3722 -tpz 0.209751 -a 0 -fd 1 -fl 0.035
 -cpx 6.45604 -cpy 1.56199 -cpz 0.121324 -tpx 7.39494 -tpy 1.87397 -tpz -0.0240388 -a 0 -fd 1 -fl 0.035
 -cpx 6.33869 -cpy 1.56218 -cpz -0.636235 -tpx 7.27759 -tpy 1.87416 -tpz -0.781598 -a 0 -fd 1 -fl 0.035
 -cpx 4.40752 -cpy 0.941292 -cpz -0.749047 -tpx 5.23943 -tpy 0.387243 -tpz -0.717925 -a 0 -fd 1 -fl 0.035
 -cpx 4.40752 -cpy 0.941292 -cpz -0.749047 -tpx 5.39308 -tpy 0.803388 -tpz -0.650757 -a 0 -fd 1 -fl 0.035
 -cpx 4.40752 -cpy 0.941292 -cpz -0.749047 -tpx 5.32563 -tpy 1.27139 -tpz -0.529691 -a 0 -fd 1 -fl 0.035
 -cpx 4.40752 -cpy 0.941292 -cpz -0.749047 -tpx 5.01351 -tpy 1.7183 -tpz -0.578641 -a 0 -fd 1 -fl 0.035
 -cpx 4.40752 -cpy 0.941292 -cpz -0.749047 -tpx 4.75581 -tpy 1.87184 -tpz -0.636007 -a 0 -fd 1 -fl 0.035
 -cpx 4.40752 -cpy 0.941292 -cpz -0.749047 -tpx 4.64766 -tpy 1.76669 -tpz -0.238114 -a 0 -fd 1 -fl 0.035
 -cpx 4.40752 -cpy 0.941292 -cpz -0.749047 -tpx 4.8088 -tpy 1.52773 -tpz -0.0454372 -a 0 -fd 1 -fl 0.035
 -cpx 4.40752 -cpy 0.941292 -cpz -0.749047 -tpx 4.28489 -tpy 1.30201 -tpz 0.175532 -a 0 -fd 1 -fl 0.035
 -cpx 4.38031 -cpy 1.0353 -cpz -0.347645 -tpx 4.70189 -tpy 1.31613 -tpz -1.25192 -a 0 -fd 1 -fl 0.035
 -cpx 4.38031 -cpy 1.0353 -cpz -0.347645 -tpx 4.69249 -tpy 1.71888 -tpz -1.00738 -a 0 -fd 1 -fl 0.035
 -cpx 4.38031 -cpy 1.0353 -cpz -0.347645 -tpx 4.09185 -tpy 1.35795 -tpz -1.24913 -a 0 -fd 1 -fl 0.035
 -cpx 4.38031 -cpy 1.0353 -cpz -0.347645 -tpx 4.26168 -tpy 0.777284 -tpz -1.30648 -a 0 -fd 1 -fl 0.035
 -cpx 4.38031 -cpy 1.0353 -cpz -0.347645 -tpx 4.44942 -tpy 0.487825 -tpz -1.18161 -a 0 -fd 1 -fl 0.035
 -cpx 5.79724 -cpy 0.859529 -cpz -1.34134 -tpx 6.61178 -tpy 0.758487 -tpz -1.91257 -a 0 -fd 1 -fl 0.035
 -cpx 6.14179 -cpy 0.934458 -cpz -1.54241 -tpx 6.99062 -tpy 1.11905 -tpz -2.03779 -a 0 -fd 1 -fl 0.035
 -cpx 6.14179 -cpy 0.934458 -cpz -1.54241 -tpx 6.96258 -tpy 1.24966 -tpz -1.06602 -a 0 -fd 1 -fl 0.035
 -cpx 6.14179 -cpy 0.934458 -cpz -1.54241 -tpx 6.69585 -tpy 1.2034 -tpz -0.754581 -a 0 -fd 1 -fl 0.035
 -cpx 6.26121 -cpy 1.11892 -cpz -0.789533 -tpx 6.53379 -tpy 0.755132 -tpz 0.101172 -a 0 -fd 1 -fl 0.035
 -cpx 6.26121 -cpy 1.11892 -cpz -0.789533 -tpx 6.40606 -tpy 0.225082 -tpz -0.365183 -a 0 -fd 1 -fl 0.035
 -cpx 5.10661 -cpy 1.09318 -cpz -0.253834 -tpx 4.19968 -tpy 1.07296 -tpz 0.166956 -a 0 -fd 1 -fl 0.035
 -cpx 4.67535 -cpy 0.975075 -cpz 0.133301 -tpx 3.77602 -tpy 0.541144 -tpz 0.187259 -a 0 -fd 1 -fl 0.035
 -cpx 4.67535 -cpy 0.975075 -cpz 0.133301 -tpx 4.57508 -tpy -0.0198851 -tpz 0.134193 -a 0 -fd 1 -fl 0.035
 -cpx 4.67535 -cpy 0.975075 -cpz 0.133301 -tpx 4.19305 -tpy 1.8506 -tpz 0.162418 -a 0 -fd 1 -fl 0.035
 -cpx 4.67535 -cpy 0.975075 -cpz 0.133301 -tpx 4.78664 -tpy 1.96827 -tpz 0.0990169 -a 0 -fd 1 -fl 0.035
 -cpx 5.37707 -cpy 2.02582 -cpz 1.31675 -tpx 5.21779 -tpy 2.25772 -tpz 2.27636 -a 0 -fd 1 -fl 0.035
 -cpx 5.37707 -cpy 2.02582 -cpz 1.31675 -tpx 4.73304 -tpy 2.14258 -tpz 2.07279 -a 0 -fd 1 -fl 0.035
 -cpx 5.37707 -cpy 2.02582 -cpz 1.31675 -tpx 4.89443 -tpy 1.70642 -tpz 2.13225 -a 0 -fd 1 -fl 0.035
 -cpx 5.37707 -cpy 2.02582 -cpz 1.31675 -tpx 5.22686 -tpy 1.27274 -tpz 1.95731 -a 0 -fd 1 -fl 0.035
 -cpx 5.01789 -cpy 2.09502 -cpz 1.68407 -tpx 4.32499 -tpy 2.22851 -tpz 2.39264 -a 0 -fd 1 -fl 0.035
 -cpx 5.01789 -cpy 2.09502 -cpz 1.68407 -tpx 4.03601 -tpy 2.22851 -tpz 1.81864 -a 0 -fd 1 -fl 0.035
 -cpx 5.01789 -cpy 2.09502 -cpz 1.68407 -tpx 5.06946 -tpy 1.92375 -tpz 0.700193 -a 0 -fd 1 -fl 0.035
 -cpx 5.01789 -cpy 2.09502 -cpz 1.68407 -tpx 5.86643 -tpy 2.11416 -tpz 2.21284 -a 0 -fd 1 -fl 0.035
 -cpx 5.17748 -cpy 2.09515 -cpz 1.42888 -tpx 5.56742 -tpy 2.0266 -tpz 2.34716 -a 0 -fd 1 -fl 0.035
 -cpx 5.17006 -cpy 1.69547 -cpz 1.76473 -tpx 5.15586 -tpy 0.929943 -tpz 2.40798 -a 0 -fd 1 -fl 0.035
 -cpx 5.17006 -cpy 1.69547 -cpz 1.76473 -tpx 4.21241 -tpy 1.94591 -tpz 1.62265 -a 0 -fd 1 -fl 0.035
 -cpx 5.17006 -cpy 1.69547 -cpz 1.76473 -tpx 6.08053 -tpy 1.29217 -tpz 1.85638 -a 0 -fd 1 -fl 0.035
 -cpx 6.58988 -cpy 0.99296 -cpz -0.461092 -tpx 6.70635 -tpy 0.870656 -tpz -1.44673 -a 0 -fd 1 -fl 0.035
 -cpx 6.34594 -cpy 1.2521 -cpz -1.36504 -tpx 6.79387 -tpy 1.14209 -tpz -2.25232 -a 0 -fd 1 -fl 0.035
 -cpx 6.34594 -cpy 1.2521 -cpz -1.36504 -tpx 7.25685 -tpy 0.958382 -tpz -1.65483 -a 0 -fd 1 -fl 0.035
 -cpx 6.74862 -cpy 1.12226 -cpz -1.49314 -tpx 6.86079 -tpy 1.10315 -tpz -0.499639 -a 0 -fd 1 -fl 0.035
 -cpx 6.74862 -cpy 1.12226 -cpz -1.49314 -tpx 5.76282 -tpy 1.15489 -tpz -1.32842 -a 0 -fd 1 -fl 0.035
 -cpx 5.2422 -cpy 1.54827 -cpz -1.69075 -tpx 4.28751 -tpy 1.81825 -tpz -1.81598 -a 0 -fd 1 -fl 0.035
 -cpx 4.51651 -cpy 1.75349 -cpz -1.78595 -tpx 3.56182 -tpy 2.02347 -tpz -1.91118 -a 0 -fd 1 -fl 0.035
 -cpx 3.28906 -cpy 2.10061 -cpz -1.94696 -tpx 2.33438 -tpy 2.37059 -tpz -2.07219 -a 0 -fd 1 -fl 0.035
 -cpx 3.28906 -cpy 2.10061 -cpz -1.94696 -tpx 3.51114 -tpy 2.17254 -tpz -2.91933 -a 0 -fd 1 -fl 0.035
 -cpx 3.28906 -cpy 2.10061 -cpz -1.94696 -tpx 3.51531 -tpy 2.06687 -tpz -0.973472 -a 0 -fd 1 -fl 0.035
 -cpx 4.18564 -cpy 0.387803 -cpz -1.73904 -tpx 4.39471 -tpy -0.422034 -tpz -2.28717 -a 0 -fd 1 -fl 0.035
 -cpx 4.18564 -cpy 0.387803 -cpz -1.73904 -tpx 4.4742 -tpy -0.108859 -tpz -2.55761 -a 0 -fd 1 -fl 0.035
 -cpx 4.18564 -cpy 0.387803 -cpz -1.73904 -tpx 5.14137 -tpy 0.306892 -tpz -2.02192 -a 0 -fd 1 -fl 0.035
 -cpx 4.18564 -cpy 0.387803 -cpz -1.73904 -tpx 4.95337 -tpy 0.0114348 -tpz -1.22046 -a 0 -fd 1 -fl 0.035
 -cpx 4.18564 -cpy 0.387803 -cpz -1.73904 -tpx 5.05675 -tpy 0.84992 -tpz -1.9052 -a 0 -fd 1 -fl 0.035
 -cpx 4.18564 -cpy 0.387803 -cpz -1.73904 -tpx 3.65527 -tpy 0.975132 -tpz -2.35039 -a 0 -fd 1 -fl 0.035
 -cpx 4.18564 -cpy 0.387803 -cpz -1.73904 -tpx 3.59711 -tpy 0.938126 -tpz -1.14677 -a 0 -fd 1 -fl 0.035
 -cpx 4.18564 -cpy 0.387803 -cpz -1.73904 -tpx 4.32102 -tpy 1.19632 -tpz -1.16635 -a 0 -fd 1 -fl 0.035
 -cpx 3.33875 -cpy 2.18989 -cpz 0.0424611 -tpx 3.02177 -tpy 2.86438 -tpz 0.709241 -a 0 -fd 1 -fl 0.035
 -cpx 3.34562 -cpy 2.52506 -cpz 0.74024 -tpx 3.35663 -tpy 3.29637 -tpz 1.3766 -a 0 -fd 1 -fl 0.035
 -cpx 3.36311 -cpy 2.64749 -cpz 0.824844 -tpx 3.4881 -tpy 3.59679 -tpz 1.11327 -a 0 -fd 1 -fl 0.035
 -cpx 3.36311 -cpy 2.64749 -cpz 0.824844 -tpx 3.78171 -tpy 3.48414 -tpz 1.17808 -a 0 -fd 1 -fl 0.035
 -cpx 3.36311 -cpy 2.64749 -cpz 0.824844 -tpx 4.34531 -tpy 2.80548 -tpz 0.723217 -a 0 -fd 1 -fl 0.035
 -cpx 3.36311 -cpy 2.64749 -cpz 0.824844 -tpx 3.14394 -tpy 2.57334 -tpz 1.79771 -a 0 -fd 1 -fl 0.035
 -cpx 4.3559 -cpy 1.79798 -cpz 0.671503 -tpx 5.11053 -tpy 1.15226 -tpz 0.554947 -a 0 -fd 1 -fl 0.035
 -cpx 4.268 -cpy 1.79831 -cpz 0.100522 -tpx 5.02262 -tpy 1.15259 -tpz -0.0160345 -a 0 -fd 1 -fl 0.035
 -cpx 5.35631 -cpy 0.759973 -cpz -0.903478 -tpx 6.11094 -tpy 0.114253 -tpz -1.02003 -a 0 -fd 1 -fl 0.035
 -cpx 5.95107 -cpy 0.251053 -cpz -0.995341 -tpx 6.70569 -tpy -0.394666 -tpz -1.1119 -a 0 -fd 1 -fl 0.035
 -cpx 6.75193 -cpy 1.08086 -cpz 0.236024 -tpx 6.00045 -tpy 1.61421 -tpz 0.624371 -a 0 -fd 1 -fl 0.035
 -cpx 6.75193 -cpy 1.08086 -cpz 0.236024 -tpx 6.1187 -tpy 1.57659 -tpz -0.35834 -a 0 -fd 1 -fl 0.035
 -cpx 6.52656 -cpy 1.03485 -cpz 1.64734 -tpx 7.32938 -tpy 0.619267 -tpz 2.07486 -a 0 -fd 1 -fl 0.035
 -cpx 6.52656 -cpy 1.03485 -cpz 1.64734 -tpx 5.93601 -tpy 1.78202 -tpz 1.95227 -a 0 -fd 1 -fl 0.035
 -cpx 5.62125 -cpy 2.67446 -cpz -0.715729 -tpx 5.32101 -tpy 3.21823 -tpz -1.49942 -a 0 -fd 1 -fl 0.035
 -cpx 3.66069 -cpy 2.6613 -cpz -0.781223 -tpx 2.66127 -tpy 2.6546 -tpz -0.814609 -a 0 -fd 1 -fl 0.035
 -cpx 1.28918 -cpy 0.259794 -cpz -0.516311 -tpx 0.58869 -tpy -0.449562 -tpz -0.438061 -a 0 -fd 1 -fl 0.035
 -cpx 1.28918 -cpy 0.259794 -cpz -0.516311 -tpx 0.808452 -tpy 0.166592 -tpz 0.35559 -a 0 -fd 1 -fl 0.035
 -cpx -4.69861 -cpy 1.96718 -cpz 0.720088 -tpx -5.39575 -tpy 2.53709 -tpz 1.15507 -a 0 -fd 1 -fl 0.035
 -cpx -3.84627 -cpy 1.70913 -cpz 0.264895 -tpx -2.99405 -tpy 1.45111 -tpz -0.190233 -a 0 -fd 1 -fl 0.035
 -cpx -2.79248 -cpy 1.39008 -cpz -0.297878 -tpx -1.94026 -tpy 1.13206 -tpz -0.753006 -a 0 -fd 1 -fl 0.035
 -cpx -1.50324 -cpy 1.1496 -cpz 0.211748 -tpx -0.65102 -tpy 0.891585 -tpz -0.24338 -a 0 -fd 1 -fl 0.035
 -cpx 0.466365 -cpy 1.13448 -cpz 1.69775 -tpx 0.31948 -tpy 1.28023 -tpz 0.719397 -a 0 -fd 1 -fl 0.035
 -cpx 0.466365 -cpy 1.13448 -cpz 1.69775 -tpx 0.981342 -tpy 1.21205 -tpz 0.844067 -a 0 -fd 1 -fl 0.035
 -cpx 2.9295 -cpy 1.39005 -cpz -0.662854 -tpx 3.44448 -tpy 1.46763 -tpz -1.51654 -a 0 -fd 1 -fl 0.035
 -cpx 2.9295 -cpy 1.39005 -cpz -0.662854 -tpx 3.62615 -tpy 0.675163 -tpz -0.602787 -a 0 -fd 1 -fl 0.035
 -cpx 4.27075 -cpy 1.02978 -cpz -0.59195 -tpx 5.23527 -tpy 0.77071 -tpz -0.540961 -a 0 -fd 1 -fl 0.035
 -cpx 4.23794 -cpy 1.02927 -cpz 0.0261565 -tpx 5.20245 -tpy 0.770199 -tpz 0.0771447 -a 0 -fd 1 -fl 0.035
 -cpx 5.94928 -cpy 0.55229 -cpz 1.26689 -tpx 6.91379 -tpy 0.293217 -tpz 1.31787 -a 0 -fd 1 -fl 0.035
 -cpx 5.94928 -cpy 0.55229 -cpz 1.26689 -tpx 6.82665 -tpy 0.956685 -tpz 1.52515 -a 0 -fd 1 -fl 0.035
 -cpx 5.94928 -cpy 0.55229 -cpz 1.26689 -tpx 6.43652 -tpy -0.314351 -tpz 1.37428 -a 0 -fd 1 -fl 0.035
 -cpx 3.35924 -cpy 0.860138 -cpz 1.15389 -tpx 2.61204 -tpy 1.24073 -tpz 1.69871 -a 0 -fd 1 -fl 0.035
 -cpx 5.13405 -cpy 1.03533 -cpz -1.92761 -tpx 5.89141 -tpy 1.62361 -tpz -2.21104 -a 0 -fd 1 -fl 0.035
 -cpx 5.13405 -cpy 1.03533 -cpz -1.92761 -tpx 5.17192 -tpy 2.00981 -tpz -2.14883 -a 0 -fd 1 -fl 0.035
 -cpx 5.13405 -cpy 1.03533 -cpz -1.92761 -tpx 4.15304 -tpy 1.20997 -tpz -1.84331 -a 0 -fd 1 -fl 0.035
 -cpx 3.19186 -cpy 0.9257 -cpz -1.77353 -tpx 2.19657 -tpy 0.869521 -tpz -1.69458 -a 0 -fd 1 -fl 0.035
 -cpx 3.63005 -cpy 0.950904 -cpz -1.93967 -tpx 2.64422 -tpy 0.957693 -tpz -2.10726 -a 0 -fd 1 -fl 0.035
 -cpx 3.63005 -cpy 0.950904 -cpz -1.93967 -tpx 2.79128 -tpy 1.48804 -tpz -2.02887 -a 0 -fd 1 -fl 0.035
 -cpx 3.63005 -cpy 0.950904 -cpz -1.93967 -tpx 3.401 -tpy 1.48804 -tpz -1.12787 -a 0 -fd 1 -fl 0.035
 -cpx -0.910226 -cpy 0.763872 -cpz 1.24215 -tpx -1.72869 -tpy 0.730157 -tpz 1.81572 -a 0 -fd 1 -fl 0.035
 -cpx -0.910226 -cpy 0.763872 -cpz 1.24215 -tpx -1.43215 -tpy 1.48973 -tpz 0.794115 -a 0 -fd 1 -fl 0.035
 -cpx -1.42666 -cpy 2.50328 -cpz -0.52449 -tpx -1.63059 -tpy 3.19013 -tpz -1.22209 -a 0 -fd 1 -fl 0.035
 -cpx -1.42666 -cpy 2.50328 -cpz -0.52449 -tpx -0.926208 -tpy 2.58197 -tpz -1.38667 -a 0 -fd 1 -fl 0.035
 -cpx -1.11823 -cpy 2.32166 -cpz -2.03228 -tpx -1.5336 -tpy 2.07452 -tpz -2.90772 -a 0 -fd 1 -fl 0.035
 -cpx -1.11823 -cpy 2.32166 -cpz -2.03228 -tpx -1.19716 -tpy 1.32554 -tpz -2.07111 -a 0 -fd 1 -fl 0.035
 -cpx -1.11823 -cpy 2.32166 -cpz -2.03228 -tpx -0.439095 -tpy 2.1305 -tpz -1.3236 -a 0 -fd 1 -fl 0.035
