 -cpx -0.430162 -cpy 0.932568 -cpz 2.47013 -tpx -0.109579 -tpy 0.820305 -tpz 1.52959 -a 0 -fd 1 -fl 0.035
 -cpx -0.355493 -cpy 0.90642 -cpz 2.25106 -tpx -0.0349098 -tpy 0.794157 -tpz 1.31052 -a 0 -fd 1 -fl 0.035
 -cpx -0.191314 -cpy 0.848927 -cpz 1.76939 -tpx 0.12927 -tpy 0.736664 -tpz 0.828842 -a 0 -fd 1 -fl 0.035
 -cpx -0.633534 -cpy 0.848926 -cpz 1.61866 -tpx -0.31295 -tpy 0.736663 -tpz 0.678112 -a 0 -fd 1 -fl 0.035
 -cpx -0.477805 -cpy 0.794392 -cpz 1.16177 -tpx -0.157222 -tpy 0.682129 -tpz 0.221229 -a 0 -fd 1 -fl 0.035
 -cpx -0.626018 -cpy 0.725039 -cpz 0.462715 -tpx -0.305435 -tpy 0.612776 -tpz -0.477829 -a 0 -fd 1 -fl 0.035
 -cpx -0.626018 -cpy 0.725039 -cpz 0.462715 -tpx -0.202235 -tpy 1.03057 -tpz -0.389961 -a 0 -fd 1 -fl 0.035
 -cpx -0.528741 -cpy 0.795172 -cpz 0.266988 -tpx -0.104959 -tpy 1.10071 -tpz -0.585688 -a 0 -fd 1 -fl 0.035
 -cpx -0.456225 -cpy 0.847455 -cpz 0.121081 -tpx -0.0324422 -tpy 1.15299 -tpz -0.731596 -a 0 -fd 1 -fl 0.035
 -cpx -0.368641 -cpy 0.9106 -cpz -0.0551427 -tpx 0.0551414 -tpy 1.21613 -tpz -0.907819 -a 0 -fd 1 -fl 0.035
 -cpx -0.283881 -cpy 0.971709 -cpz -0.225686 -tpx 0.139902 -tpy 1.27724 -tpz -1.07836 -a 0 -fd 1 -fl 0.035
 -cpx -0.283881 -cpy 0.971709 -cpz -0.225686 -tpx 0.41486 -tpy 1.12411 -tpz -0.924638 -a 0 -fd 1 -fl 0.035
 -cpx -0.283881 -cpy 0.971709 -cpz -0.225686 -tpx 0.610281 -tpy 1.08844 -tpz -0.657945 -a 0 -fd 1 -fl 0.035
 -cpx -0.283881 -cpy 0.971709 -cpz -0.225686 -tpx 0.710823 -tpy 1.05374 -tpz -0.28761 -a 0 -fd 1 -fl 0.035
 -cpx -0.283881 -cpy 0.971709 -cpz -0.225686 -tpx 0.693682 -tpy 1.05486 -tpz -0.0321495 -a 0 -fd 1 -fl 0.035
 -cpx -0.283881 -cpy 0.971709 -cpz -0.225686 -tpx 0.432339 -tpy 1.43083 -tpz 0.299899 -a 0 -fd 1 -fl 0.035
 -cpx -0.283881 -cpy 0.971709 -cpz -0.225686 -tpx 0.168308 -tpy 1.2265 -tpz 0.629071 -a 0 -fd 1 -fl 0.035
 -cpx -0.283881 -cpy 0.971709 -cpz -0.225686 -tpx 0.183563 -tpy 0.675834 -tpz 0.607353 -a 0 -fd 1 -fl 0.035
 -cpx -0.283881 -cpy 0.971709 -cpz -0.225686 -tpx -0.243551 -tpy 0.505615 -tpz 0.658129 -a 0 -fd 1 -fl 0.035
 -cpx -0.283881 -cpy 0.971709 -cpz -0.225686 -tpx -0.655096 -tpy 0.799328 -tpz 0.68672 -a 0 -fd 1 -fl 0.035
 -cpx -0.301258 -cpy 0.898886 -cpz -0.0455092 -tpx -0.390323 -tpy 0.525647 -tpz 0.877941 -a 0 -fd 1 -fl 0.035
 -cpx -0.319892 -cpy 0.820797 -cpz 0.147694 -tpx -0.408956 -tpy 0.447559 -tpz 1.07114 -a 0 -fd 1 -fl 0.035
 -cpx -0.110918 -cpy 0.927247 -cpz -0.0979701 -tpx -0.199982 -tpy 0.554008 -tpz 0.82548 -a 0 -fd 1 -fl 0.035
 -cpx -0.233854 -cpy 0.927246 -cpz -0.109827 -tpx 0.0546903 -tpy 0.827291 -tpz 0.842407 -a 0 -fd 1 -fl 0.035
 -cpx -0.233854 -cpy 0.927246 -cpz -0.109827 -tpx 0.526502 -tpy 0.560279 -tpz 0.426077 -a 0 -fd 1 -fl 0.035
 -cpx -0.233854 -cpy 0.927246 -cpz -0.109827 -tpx -0.849243 -tpy 0.721724 -tpz 0.651131 -a 0 -fd 1 -fl 0.035
 -cpx -0.233854 -cpy 0.927246 -cpz -0.109827 -tpx -1.0707 -tpy 0.941873 -tpz 0.437422 -a 0 -fd 1 -fl 0.035
 -cpx -0.337205 -cpy 0.929053 -cpz -0.0422412 -tpx -1.17405 -tpy 0.94368 -tpz 0.505008 -a 0 -fd 1 -fl 0.035
 -cpx -0.396496 -cpy 0.929051 -cpz -0.132908 -tpx -1.23334 -tpy 0.943678 -tpz 0.414342 -a 0 -fd 1 -fl 0.035
 -cpx -0.396496 -cpy 0.929051 -cpz -0.132908 -tpx -1.19072 -tpy 1.53354 -tpz -0.0713233 -a 0 -fd 1 -fl 0.035
 -cpx -0.396496 -cpy 0.929051 -cpz -0.132908 -tpx -1.33425 -tpy 0.703753 -tpz -0.397219 -a 0 -fd 1 -fl 0.035
 -cpx -0.396496 -cpy 0.929051 -cpz -0.132908 -tpx -1.14879 -tpy 0.279876 -tpz -0.0205329 -a 0 -fd 1 -fl 0.035
 -cpx -0.396496 -cpy 0.929051 -cpz -0.132908 -tpx -0.665725 -tpy 0.131259 -tpz 0.406577 -a 0 -fd 1 -fl 0.035
 -cpx -0.437313 -cpy 0.849964 -cpz -0.0431749 -tpx -0.760269 -tpy 0.224188 -tpz 0.666828 -a 0 -fd 1 -fl 0.035
 -cpx -0.437313 -cpy 0.849964 -cpz -0.0431749 -tpx -0.796917 -tpy 0.550862 -tpz 0.840693 -a 0 -fd 1 -fl 0.035
 -cpx -0.437313 -cpy 0.849964 -cpz -0.0431749 -tpx -0.585584 -tpy 1.09494 -tpz 0.914949 -a 0 -fd 1 -fl 0.035
 -cpx -0.437313 -cpy 0.849964 -cpz -0.0431749 -tpx -0.714452 -tpy 1.5186 -tpz 0.646839 -a 0 -fd 1 -fl 0.035
 -cpx -0.437313 -cpy 0.849964 -cpz -0.0431749 -tpx -0.524448 -tpy 0.41804 -tpz -0.940866 -a 0 -fd 1 -fl 0.035
 -cpx -0.569613 -cpy 0.849966 -cpz -0.0303343 -tpx -0.656748 -tpy 0.418043 -tpz -0.928026 -a 0 -fd 1 -fl 0.035
 -cpx -0.634772 -cpy 0.815982 -cpz -0.0953104 -tpx -0.721908 -tpy 0.384058 -tpz -0.993002 -a 0 -fd 1 -fl 0.035
 -cpx -0.634772 -cpy 0.815982 -cpz -0.0953104 -tpx 0.328241 -tpy 0.803606 -tpz -0.364479 -a 0 -fd 1 -fl 0.035
 -cpx -0.496216 -cpy 0.814201 -cpz -0.134038 -tpx 0.466797 -tpy 0.801826 -tpz -0.403206 -a 0 -fd 1 -fl 0.035
 -cpx -0.354572 -cpy 0.812381 -cpz -0.173628 -tpx 0.608441 -tpy 0.800006 -tpz -0.442797 -a 0 -fd 1 -fl 0.035
 -cpx -0.144986 -cpy 0.809687 -cpz -0.232209 -tpx 0.818027 -tpy 0.797312 -tpz -0.501378 -a 0 -fd 1 -fl 0.035
 -cpx -0.00436579 -cpy 0.80788 -cpz -0.271513 -tpx 0.958648 -tpy 0.795505 -tpz -0.540682 -a 0 -fd 1 -fl 0.035
 -cpx -0.00436579 -cpy 0.80788 -cpz -0.271513 -tpx 0.575828 -tpy 0.910078 -tpz 0.536528 -a 0 -fd 1 -fl 0.035
 -cpx 0.0945251 -cpy 0.825299 -cpz -0.133787 -tpx 0.674719 -tpy 0.927497 -tpz 0.674255 -a 0 -fd 1 -fl 0.035
 -cpx 0.0945251 -cpy 0.825299 -cpz -0.133787 -tpx 0.614662 -tpy 1.13512 -tpz 0.662122 -a 0 -fd 1 -fl 0.035
 -cpx 0.0945251 -cpy 0.825299 -cpz -0.133787 -tpx 0.548202 -tpy 1.25723 -tpz 0.645711 -a 0 -fd 1 -fl 0.035
 -cpx 0.0945251 -cpy 0.825299 -cpz -0.133787 -tpx 0.040468 -tpy 1.69198 -tpz 0.362141 -a 0 -fd 1 -fl 0.035
 -cpx 0.0792927 -cpy 1.02799 -cpz -0.0626633 -tpx -0.662532 -tpy 1.69412 -tpz -0.139909 -a 0 -fd 1 -fl 0.035
 -cpx 0.0792927 -cpy 1.02799 -cpz -0.0626633 -tpx -0.641814 -tpy 1.1425 -tpz -0.74596 -a 0 -fd 1 -fl 0.035
 -cpx 0.0792927 -cpy 1.02799 -cpz -0.0626633 -tpx -0.334785 -tpy 1.08085 -tpz -0.971369 -a 0 -fd 1 -fl 0.035
 -cpx 0.0792927 -cpy 1.02799 -cpz -0.0626633 -tpx 0.519861 -tpy 0.985262 -tpz -0.959365 -a 0 -fd 1 -fl 0.035
 -cpx 0.0792927 -cpy 1.02799 -cpz -0.0626633 -tpx 0.785635 -tpy 1.06961 -tpz -0.769309 -a 0 -fd 1 -fl 0.035
 -cpx 0.0792927 -cpy 1.02799 -cpz -0.0626633 -tpx 1.05868 -tpy 1.0505 -tpz 0.138048 -a 0 -fd 1 -fl 0.035
 -cpx 0.246322 -cpy 1.03183 -cpz -0.0284332 -tpx 1.22571 -tpy 1.05434 -tpz 0.172278 -a 0 -fd 1 -fl 0.035
 -cpx 0.263326 -cpy 1.03183 -cpz -0.111404 -tpx 1.24272 -tpy 1.05434 -tpz 0.0893067 -a 0 -fd 1 -fl 0.035
 -cpx 0.433427 -cpy 1.03574 -cpz -0.0765448 -tpx 1.41282 -tpy 1.05825 -tpz 0.124166 -a 0 -fd 1 -fl 0.035
 -cpx 0.597934 -cpy 1.03952 -cpz -0.0428317 -tpx 1.57733 -tpy 1.06203 -tpz 0.15788 -a 0 -fd 1 -fl 0.035
 -cpx 0.103442 -cpy 1.02816 -cpz -0.14417 -tpx 0.820817 -tpy 0.727994 -tpz 0.484538 -a 0 -fd 1 -fl 0.035
 -cpx 0.341641 -cpy 0.920491 -cpz 0.0848458 -tpx 1.02704 -tpy 0.610684 -tpz 0.743821 -a 0 -fd 1 -fl 0.035
 -cpx 0.463919 -cpy 0.920497 -cpz -0.0423323 -tpx 1.14932 -tpy 0.61069 -tpz 0.616643 -a 0 -fd 1 -fl 0.035
 -cpx 0.579197 -cpy 0.868391 -cpz 0.0685013 -tpx 1.2646 -tpy 0.558584 -tpz 0.727476 -a 0 -fd 1 -fl 0.035
 -cpx 0.480393 -cpy 0.825696 -cpz -0.171667 -tpx 0.582796 -tpy 0.237469 -tpz -0.973853 -a 0 -fd 1 -fl 0.035
 -cpx 0.476732 -cpy 0.830629 -cpz -0.165297 -tpx 0.579135 -tpy 0.242403 -tpz -0.967483 -a 0 -fd 1 -fl 0.035
 -cpx 0.476732 -cpy 0.830629 -cpz -0.165297 -tpx 0.143721 -tpy 0.452186 -tpz -1.02894 -a 0 -fd 1 -fl 0.035
 -cpx 0.418834 -cpy 0.829266 -cpz -0.20693 -tpx -0.392906 -tpy 0.810154 -tpz -0.790636 -a 0 -fd 1 -fl 0.035
 -cpx 0.309342 -cpy 0.826688 -cpz -0.285663 -tpx -0.502398 -tpy 0.807576 -tpz -0.86937 -a 0 -fd 1 -fl 0.035
 -cpx 0.199023 -cpy 0.824091 -cpz -0.364992 -tpx -0.612718 -tpy 0.804978 -tpz -0.948698 -a 0 -fd 1 -fl 0.035
 -cpx 0.0363341 -cpy 0.82026 -cpz -0.481978 -tpx -0.775406 -tpy 0.801147 -tpz -1.06568 -a 0 -fd 1 -fl 0.035
 -cpx 0.115794 -cpy 0.820255 -cpz -0.59248 -tpx -0.695946 -tpy 0.801142 -tpz -1.17619 -a 0 -fd 1 -fl 0.035
 -cpx 0.00399571 -cpy 0.817622 -cpz -0.672871 -tpx -0.807744 -tpy 0.79851 -tpz -1.25658 -a 0 -fd 1 -fl 0.035
 -cpx 0.00399571 -cpy 0.817622 -cpz -0.672871 -tpx -0.0600417 -tpy 1.78763 -tpz -0.90736 -a 0 -fd 1 -fl 0.035
 -cpx 0.238093 -cpy 1.07616 -cpz -0.306697 -tpx 0.668869 -tpy 1.16717 -tpz 0.591161 -a 0 -fd 1 -fl 0.035
 -cpx 0.238093 -cpy 1.07616 -cpz -0.306697 -tpx 0.874287 -tpy 0.814864 -tpz 0.419239 -a 0 -fd 1 -fl 0.035
 -cpx 0.238093 -cpy 1.07616 -cpz -0.306697 -tpx 0.341723 -tpy 0.85416 -tpz 0.662828 -a 0 -fd 1 -fl 0.035
 -cpx 0.139072 -cpy 1.00794 -cpz 0.027086 -tpx -0.140033 -tpy 0.815657 -tpz 0.967898 -a 0 -fd 1 -fl 0.035
 -cpx 0.139072 -cpy 1.00794 -cpz 0.027086 -tpx -0.217416 -tpy 0.117646 -tpz 0.310449 -a 0 -fd 1 -fl 0.035
 -cpx 0.120952 -cpy 0.85699 -cpz 0.0394483 -tpx 0.0021567 -tpy -0.132616 -tpz 0.120494 -a 0 -fd 1 -fl 0.035
 -cpx 0.112516 -cpy 0.786716 -cpz 0.0452036 -tpx -0.00627923 -tpy -0.20289 -tpz 0.12625 -a 0 -fd 1 -fl 0.035
 -cpx 0.112516 -cpy 0.786716 -cpz 0.0452036 -tpx -0.873054 -tpy 0.620994 -tpz 0.0107181 -a 0 -fd 1 -fl 0.035
 -cpx 0.108352 -cpy 0.786721 -cpz 0.164168 -tpx -0.877217 -tpy 0.621 -tpz 0.129683 -a 0 -fd 1 -fl 0.035
 -cpx 0.108352 -cpy 0.786721 -cpz 0.164168 -tpx -0.145295 -tpy 1.45201 -tpz -0.538006 -a 0 -fd 1 -fl 0.035
 -cpx 0.0791794 -cpy 1.77408 -cpz 0.00168707 -tpx 0.390397 -tpy 0.843544 -tpz 0.194694 -a 0 -fd 1 -fl 0.035
 -cpx 0.0791794 -cpy 1.77408 -cpz 0.00168707 -tpx 0.520889 -tpy 0.901849 -tpz -0.208338 -a 0 -fd 1 -fl 0.035
 -cpx -0.0594032 -cpy 1.54381 -cpz -0.0146023 -tpx -0.574115 -tpy 0.688587 -tpz -0.0751028 -a 0 -fd 1 -fl 0.035
 -cpx -0.0993448 -cpy 1.2472 -cpz 0.509299 -tpx 0.0109595 -tpy 0.321703 -tpz 0.146974 -a 0 -fd 1 -fl 0.035
 -cpx -0.072897 -cpy 1.0253 -cpz 0.422424 -tpx 0.0374074 -tpy 0.0997939 -tpz 0.0600985 -a 0 -fd 1 -fl 0.035
 -cpx -0.0578877 -cpy 0.899361 -cpz 0.373121 -tpx 0.0524166 -tpy -0.0261407 -tpz 0.0107964 -a 0 -fd 1 -fl 0.035
 -cpx -0.0319897 -cpy 0.682066 -cpz 0.288052 -tpx 0.0783146 -tpy -0.243436 -tpz -0.0742727 -a 0 -fd 1 -fl 0.035
 -cpx -0.00387764 -cpy 0.446193 -cpz 0.195711 -tpx 0.106427 -tpy -0.479309 -tpz -0.166615 -a 0 -fd 1 -fl 0.035
 -cpx 0.0152272 -cpy 0.285895 -cpz 0.132955 -tpx 0.125532 -tpy -0.639607 -tpz -0.22937 -a 0 -fd 1 -fl 0.035
 -cpx 0.0152272 -cpy 0.285895 -cpz 0.132955 -tpx 0.0803819 -tpy -0.667218 -tpz 0.428475 -a 0 -fd 1 -fl 0.035
 -cpx 0.0205023 -cpy 0.208729 -cpz 0.156881 -tpx 0.085657 -tpy -0.744383 -tpz 0.4524 -a 0 -fd 1 -fl 0.035
 -cpx 0.0205023 -cpy 0.208729 -cpz 0.156881 -tpx -0.119407 -tpy -0.54657 -tpz 0.797153 -a 0 -fd 1 -fl 0.035
 -cpx 0.0205023 -cpy 0.208729 -cpz 0.156881 -tpx -0.777106 -tpy -0.389458 -tpz 0.234299 -a 0 -fd 1 -fl 0.035
 -cpx 0.0205023 -cpy 0.208729 -cpz 0.156881 -tpx -0.954124 -tpy 0.226742 -tpz -0.0662339 -a 0 -fd 1 -fl 0.035
 -cpx 0.0205023 -cpy 0.208729 -cpz 0.156881 -tpx -0.853375 -tpy 0.620265 -tpz 0.415681 -a 0 -fd 1 -fl 0.035
 -cpx -0.125665 -cpy 0.277564 -cpz 0.200169 -tpx -0.999542 -tpy 0.689099 -tpz 0.458968 -a 0 -fd 1 -fl 0.035
 -cpx -0.125665 -cpy 0.277564 -cpz 0.200169 -tpx -0.628374 -tpy 1.12573 -tpz 0.0331361 -a 0 -fd 1 -fl 0.035
 -cpx -0.125665 -cpy 0.277564 -cpz 0.200169 -tpx 0.607306 -tpy 0.699325 -tpz -0.333565 -a 0 -fd 1 -fl 0.035
 -cpx -0.040967 -cpy 0.141714 -cpz 0.11857 -tpx 0.430399 -tpy -0.614323 -tpz -0.335547 -a 0 -fd 1 -fl 0.035
 -cpx -0.107002 -cpy 0.141721 -cpz 0.0500149 -tpx 0.364365 -tpy -0.614316 -tpz -0.404101 -a 0 -fd 1 -fl 0.035
 -cpx -0.107002 -cpy 0.141721 -cpz 0.0500149 -tpx -0.854592 -tpy -0.151995 -tpz 0.645699 -a 0 -fd 1 -fl 0.035
 -cpx -0.107002 -cpy 0.141721 -cpz 0.0500149 -tpx -0.778177 -tpy 0.456892 -tpz 0.720977 -a 0 -fd 1 -fl 0.035
 -cpx -0.107002 -cpy 0.141721 -cpz 0.0500149 -tpx 0.133833 -tpy 0.0709176 -tpz 1.018 -a 0 -fd 1 -fl 0.035
 -cpx -0.0458744 -cpy 0.0962664 -cpz 0.157056 -tpx 0.484073 -tpy -0.250727 -tpz 0.930847 -a 0 -fd 1 -fl 0.035
 -cpx 0.0288963 -cpy 0.096274 -cpz 0.105851 -tpx 0.558844 -tpy -0.250719 -tpz 0.879642 -a 0 -fd 1 -fl 0.035
 -cpx 0.249682 -cpy 0.0744302 -cpz 0.327321 -tpx 0.953978 -tpy 0.00474936 -tpz 1.0338 -a 0 -fd 1 -fl 0.035
 -cpx 0.249682 -cpy 0.0744302 -cpz 0.327321 -tpx -0.663377 -tpy -0.314401 -tpz 0.450343 -a 0 -fd 1 -fl 0.035
 -cpx 0.16144 -cpy 0.0601466 -cpz 0.362952 -tpx -0.829418 -tpy 0.0241664 -tpz 0.232926 -a 0 -fd 1 -fl 0.035
 -cpx -0.0139186 -cpy 0.0537789 -cpz 0.339941 -tpx -1.00478 -tpy 0.0177987 -tpz 0.209915 -a 0 -fd 1 -fl 0.035
 -cpx -0.0403528 -cpy 0.0537933 -cpz 0.497251 -tpx -0.482892 -tpy 0.113394 -tpz -0.397516 -a 0 -fd 1 -fl 0.035
 -cpx -0.0403528 -cpy 0.0537933 -cpz 0.497251 -tpx 0.603634 -tpy 0.18728 -tpz -0.25605 -a 0 -fd 1 -fl 0.035
 -cpx -0.0403528 -cpy 0.0537933 -cpz 0.497251 -tpx 0.45384 -tpy 0.516913 -tpz -0.238476 -a 0 -fd 1 -fl 0.035
 -cpx -0.0403528 -cpy 0.0537933 -cpz 0.497251 -tpx 0.388041 -tpy 0.702978 -tpz -0.13127 -a 0 -fd 1 -fl 0.035
 -cpx -0.0403528 -cpy 0.0537933 -cpz 0.497251 -tpx 0.137725 -tpy 0.911934 -tpz 0.0157079 -a 0 -fd 1 -fl 0.035
 -cpx -0.113959 -cpy 0.0720926 -cpz 0.372961 -tpx 0.119856 -tpy -0.138923 -tpz -0.576145 -a 0 -fd 1 -fl 0.035
 -cpx -0.0924702 -cpy 0.052699 -cpz 0.285733 -tpx 0.141345 -tpy -0.158317 -tpz -0.663374 -a 0 -fd 1 -fl 0.035
 -cpx -0.280501 -cpy 0.0527158 -cpz 0.265191 -tpx -0.245468 -tpy 0.999514 -tpz -0.0547252 -a 0 -fd 1 -fl 0.035
 -cpx -0.131102 -cpy 0.255536 -cpz 0.212157 -tpx -0.0960687 -tpy 1.20233 -tpz -0.10776 -a 0 -fd 1 -fl 0.035
 -cpx -0.124741 -cpy 0.42744 -cpz 0.154071 -tpx -0.0897079 -tpy 1.37424 -tpz -0.165845 -a 0 -fd 1 -fl 0.035
 -cpx -0.124741 -cpy 0.42744 -cpz 0.154071 -tpx -0.0718784 -tpy 1.06109 -tpz -0.617742 -a 0 -fd 1 -fl 0.035
 -cpx -0.124741 -cpy 0.42744 -cpz 0.154071 -tpx -0.981418 -tpy 0.885566 -tpz -0.0830483 -a 0 -fd 1 -fl 0.035
 -cpx -0.124741 -cpy 0.42744 -cpz 0.154071 -tpx -0.917423 -tpy 0.743677 -tpz -0.367129 -a 0 -fd 1 -fl 0.035
 -cpx -0.124741 -cpy 0.42744 -cpz 0.154071 -tpx -0.382706 -tpy 0.653845 -tpz -0.785181 -a 0 -fd 1 -fl 0.035
 -cpx -0.124741 -cpy 0.42744 -cpz 0.154071 -tpx -0.0877852 -tpy 0.65494 -tpz -0.819005 -a 0 -fd 1 -fl 0.035
 -cpx -0.124016 -cpy 0.444931 -cpz 0.108866 -tpx -0.468112 -tpy 0.82131 -tpz -0.75133 -a 0 -fd 1 -fl 0.035
 -cpx -0.100098 -cpy 0.49394 -cpz 0.0668284 -tpx -0.930101 -tpy 0.0589826 -tpz -0.282325 -a 0 -fd 1 -fl 0.035
 -cpx -0.100098 -cpy 0.49394 -cpz 0.0668284 -tpx -0.677199 -tpy -0.119467 -tpz -0.472326 -a 0 -fd 1 -fl 0.035
 -cpx -0.100098 -cpy 0.49394 -cpz 0.0668284 -tpx 0.876666 -tpy 0.279625 -tpz 0.067314 -a 0 -fd 1 -fl 0.035
 -cpx 0.0334278 -cpy 0.467948 -cpz 0.0807652 -tpx 1.00989 -tpy 0.277871 -tpz 0.182684 -a 0 -fd 1 -fl 0.035
 -cpx 0.0245359 -cpy 0.46794 -cpz 0.165942 -tpx 1.01827 -tpy 0.56007 -tpz 0.102655 -a 0 -fd 1 -fl 0.035
 -cpx 0.0245359 -cpy 0.46794 -cpz 0.165942 -tpx 0.77081 -tpy 0.511813 -tpz 0.830134 -a 0 -fd 1 -fl 0.035
 -cpx 0.536499 -cpy 0.498038 -cpz 0.621595 -tpx 1.28277 -tpy 0.541911 -tpz 1.28579 -a 0 -fd 1 -fl 0.035
 -cpx 0.406421 -cpy 0.49802 -cpz 0.767749 -tpx 1.15269 -tpy 0.541893 -tpz 1.43194 -a 0 -fd 1 -fl 0.035
 -cpx 0.578143 -cpy 0.499597 -cpz 0.628142 -tpx 1.22266 -tpy -0.256439 -tpz 0.514119 -a 0 -fd 1 -fl 0.035
 -cpx 0.578143 -cpy 0.499597 -cpz 0.628142 -tpx 0.930632 -tpy 0.444515 -tpz -0.306051 -a 0 -fd 1 -fl 0.035
 -cpx 0.578143 -cpy 0.499597 -cpz 0.628142 -tpx 0.370858 -tpy 0.414216 -tpz -0.346406 -a 0 -fd 1 -fl 0.035
 -cpx 0.551197 -cpy 0.488499 -cpz 0.501459 -tpx 0.343913 -tpy 0.403117 -tpz -0.473089 -a 0 -fd 1 -fl 0.035
 -cpx 0.536895 -cpy 0.482608 -cpz 0.434218 -tpx 0.329611 -tpy 0.397226 -tpz -0.54033 -a 0 -fd 1 -fl 0.035
 -cpx 0.61937 -cpy 0.472866 -cpz 0.327218 -tpx 1.22828 -tpy 0.400943 -tpz -0.462757 -a 0 -fd 1 -fl 0.035
 -cpx 0.75341 -cpy 0.457033 -cpz 0.15332 -tpx 1.36232 -tpy 0.38511 -tpz -0.636655 -a 0 -fd 1 -fl 0.035
 -cpx 0.842225 -cpy 0.446542 -cpz 0.0380942 -tpx 1.45113 -tpy 0.374619 -tpz -0.75188 -a 0 -fd 1 -fl 0.035
 -cpx 0.842225 -cpy 0.446542 -cpz 0.0380942 -tpx -0.130143 -tpy 0.228936 -tpz 0.122637 -a 0 -fd 1 -fl 0.035
 -cpx 0.842225 -cpy 0.446542 -cpz 0.0380942 -tpx 0.126953 -tpy -0.248416 -tpz 0.111706 -a 0 -fd 1 -fl 0.035
 -cpx 0.842225 -cpy 0.446542 -cpz 0.0380942 -tpx 0.271154 -tpy -0.374359 -tpz 0.0382234 -a 0 -fd 1 -fl 0.035
 -cpx 0.763595 -cpy 0.333514 -cpz 0.038112 -tpx 0.192524 -tpy -0.487387 -tpz 0.0382412 -a 0 -fd 1 -fl 0.035
 -cpx 0.677482 -cpy 0.209728 -cpz 0.0381315 -tpx 0.106411 -tpy -0.611173 -tpz 0.0382607 -a 0 -fd 1 -fl 0.035
 -cpx 0.629284 -cpy 0.140445 -cpz 0.0381424 -tpx 0.0582138 -tpy -0.680456 -tpz 0.0382716 -a 0 -fd 1 -fl 0.035
 -cpx 0.582011 -cpy 0.0724915 -cpz 0.0381531 -tpx 0.0109407 -tpy -0.74841 -tpz 0.0382823 -a 0 -fd 1 -fl 0.035
 -cpx 0.582011 -cpy 0.0724915 -cpz 0.0381531 -tpx -0.304304 -tpy -0.0620862 -tpz 0.481249 -a 0 -fd 1 -fl 0.035
 -cpx 0.582011 -cpy 0.0724915 -cpz 0.0381531 -tpx -0.11538 -tpy 0.570141 -tpz 0.553896 -a 0 -fd 1 -fl 0.035
 -cpx 0.582011 -cpy 0.0724915 -cpz 0.0381531 -tpx -0.245342 -tpy 0.601992 -tpz -0.14924 -a 0 -fd 1 -fl 0.035
 -cpx 0.582011 -cpy 0.0724915 -cpz 0.0381531 -tpx -0.0482308 -tpy 0.303278 -tpz -0.703151 -a 0 -fd 1 -fl 0.035
 -cpx 0.582011 -cpy 0.0724915 -cpz 0.0381531 -tpx 1.17909 -tpy 0.343568 -tpz 0.79315 -a 0 -fd 1 -fl 0.035
 -cpx 0.582011 -cpy 0.0724915 -cpz 0.0381531 -tpx 1.15152 -tpy 0.53661 -tpz 0.716572 -a 0 -fd 1 -fl 0.035
 -cpx 0.774122 -cpy 0.229051 -cpz 0.267002 -tpx 1.34363 -tpy 0.69317 -tpz 0.94542 -a 0 -fd 1 -fl 0.035
 -cpx 0.674414 -cpy 0.229036 -cpz 0.350714 -tpx 1.24392 -tpy 0.693155 -tpz 1.02913 -a 0 -fd 1 -fl 0.035
 -cpx 0.864535 -cpy 0.383974 -cpz 0.577192 -tpx 1.43405 -tpy 0.848092 -tpz 1.25561 -a 0 -fd 1 -fl 0.035
 -cpx 0.822125 -cpy 0.423283 -cpz 0.710789 -tpx 1.39164 -tpy 0.887402 -tpz 1.38921 -a 0 -fd 1 -fl 0.035
 -cpx 0.822125 -cpy 0.423283 -cpz 0.710789 -tpx 0.881326 -tpy 0.49748 -tpz 1.70627 -a 0 -fd 1 -fl 0.035
 -cpx 0.822125 -cpy 0.423283 -cpz 0.710789 -tpx 0.421859 -tpy -0.022779 -tpz 1.5113 -a 0 -fd 1 -fl 0.035
 -cpx 1.1637 -cpy 1.18963 -cpz 0.798477 -tpx 0.299731 -tpy 1.18851 -tpz 1.30201 -a 0 -fd 1 -fl 0.035
 -cpx 0.875115 -cpy 1.18926 -cpz 0.966671 -tpx 0.0111422 -tpy 1.18814 -tpz 1.47021 -a 0 -fd 1 -fl 0.035
 -cpx 0.746039 -cpy 1.18922 -cpz 0.745201 -tpx -0.117934 -tpy 1.1881 -tpz 1.24874 -a 0 -fd 1 -fl 0.035
 -cpx 0.573393 -cpy 1.189 -cpz 0.845822 -tpx -0.29058 -tpy 1.18788 -tpz 1.34936 -a 0 -fd 1 -fl 0.035
 -cpx 0.573393 -cpy 1.189 -cpz 0.845822 -tpx 0.337559 -tpy 1.76994 -tpz 1.62486 -a 0 -fd 1 -fl 0.035
 -cpx 0.573393 -cpy 1.189 -cpz 0.845822 -tpx 1.27358 -tpy 0.885613 -tpz 0.199532 -a 0 -fd 1 -fl 0.035
 -cpx 0.901543 -cpy 1.18744 -cpz 0.519587 -tpx 0.0633711 -tpy 0.81316 -tpz 0.122874 -a 0 -fd 1 -fl 0.035
 -cpx 0.901543 -cpy 1.18744 -cpz 0.519587 -tpx 0.0727993 -tpy 1.33095 -tpz -0.0213286 -a 0 -fd 1 -fl 0.035
 -cpx 0.901543 -cpy 1.18744 -cpz 0.519587 -tpx 0.581526 -tpy 1.47902 -tpz -0.38184 -a 0 -fd 1 -fl 0.035
 -cpx 0.901543 -cpy 1.18744 -cpz 0.519587 -tpx 0.722808 -tpy 0.931572 -tpz -0.430458 -a 0 -fd 1 -fl 0.035
 -cpx 0.901543 -cpy 1.18744 -cpz 0.519587 -tpx 0.000645161 -tpy 1.17844 -tpz 0.953524 -a 0 -fd 1 -fl 0.035
 -cpx 0.785124 -cpy 1.20556 -cpz 0.553077 -tpx -0.107384 -tpy 1.23818 -tpz 1.00293 -a 0 -fd 1 -fl 0.035
 -cpx 0.204163 -cpy 0.859649 -cpz 1.39718 -tpx 0.961238 -tpy 0.833766 -tpz 0.744364 -a 0 -fd 1 -fl 0.035
 -cpx 0.379292 -cpy 0.853662 -cpz 1.24617 -tpx 1.13637 -tpy 0.827779 -tpz 0.593353 -a 0 -fd 1 -fl 0.035
 -cpx 0.379292 -cpy 0.853662 -cpz 1.24617 -tpx 1.08615 -tpy 1.20066 -tpz 0.629765 -a 0 -fd 1 -fl 0.035
 -cpx 0.379292 -cpy 0.853662 -cpz 1.24617 -tpx 0.850072 -tpy 1.52396 -tpz 0.672527 -a 0 -fd 1 -fl 0.035
 -cpx 0.485784 -cpy 1.00529 -cpz 1.11641 -tpx 0.956564 -tpy 1.67559 -tpz 0.542768 -a 0 -fd 1 -fl 0.035
 -cpx 0.485784 -cpy 1.00529 -cpz 1.11641 -tpx 1.09042 -tpy 1.72255 -tpz 0.770075 -a 0 -fd 1 -fl 0.035
 -cpx 0.485784 -cpy 1.00529 -cpz 1.11641 -tpx 1.22433 -tpy 1.67392 -tpz 1.20288 -a 0 -fd 1 -fl 0.035
 -cpx 0.485784 -cpy 1.00529 -cpz 1.11641 -tpx 1.32916 -tpy 1.13875 -tpz 1.6369 -a 0 -fd 1 -fl 0.035
 -cpx 0.485784 -cpy 1.00529 -cpz 1.11641 -tpx 1.07385 -tpy 0.205461 -tpz 1.23666 -a 0 -fd 1 -fl 0.035
 -cpx 0.56863 -cpy 0.768345 -cpz 1.14623 -tpx 0.896382 -tpy -0.169026 -tpz 1.26419 -a 0 -fd 1 -fl 0.035
 -cpx 0.675967 -cpy 0.461361 -cpz 1.18486 -tpx 1.00372 -tpy -0.47601 -tpz 1.30282 -a 0 -fd 1 -fl 0.035
 -cpx 0.553517 -cpy 0.982904 -cpz 0.953035 -tpx -0.0271152 -tpy 0.169122 -tpz 0.978034 -a 0 -fd 1 -fl 0.035
 -cpx 0.553517 -cpy 0.982904 -cpz 0.953035 -tpx 0.759121 -tpy 1.34568 -tpz 0.0441225 -a 0 -fd 1 -fl 0.035
 -cpx 0.553517 -cpy 0.982904 -cpz 0.953035 -tpx 1.29775 -tpy 0.949155 -tpz 0.285967 -a 0 -fd 1 -fl 0.035
 -cpx 0.553517 -cpy 0.982904 -cpz 0.953035 -tpx 1.05772 -tpy 0.296883 -tpz 0.428484 -a 0 -fd 1 -fl 0.035
 -cpx 0.553517 -cpy 0.982904 -cpz 0.953035 -tpx 1.47606 -tpy 0.597168 -tpz 0.963793 -a 0 -fd 1 -fl 0.035
 -cpx 0.553517 -cpy 0.982904 -cpz 0.953035 -tpx 1.25385 -tpy 0.65602 -tpz 1.5876 -a 0 -fd 1 -fl 0.035
 -cpx 0.695737 -cpy 0.916523 -cpz 1.0819 -tpx 1.15871 -tpy 0.428669 -tpz 1.82194 -a 0 -fd 1 -fl 0.035
 -cpx 0.721987 -cpy 0.817109 -cpz 1.17238 -tpx 0.913649 -tpy 0.0912699 -tpz 1.833 -a 0 -fd 1 -fl 0.035
 -cpx 0.723929 -cpy 0.809758 -cpz 1.17907 -tpx 0.895558 -tpy 0.572415 -tpz 2.13522 -a 0 -fd 1 -fl 0.035
 -cpx 0.723929 -cpy 0.809758 -cpz 1.17907 -tpx 1.00273 -tpy 1.44339 -tpz 1.90072 -a 0 -fd 1 -fl 0.035
 -cpx 0.723929 -cpy 0.809758 -cpz 1.17907 -tpx 0.817978 -tpy 1.74984 -tpz 1.50679 -a 0 -fd 1 -fl 0.035
 -cpx 0.723929 -cpy 0.809758 -cpz 1.17907 -tpx 1.26429 -tpy 1.64143 -tpz 1.05133 -a 0 -fd 1 -fl 0.035
 -cpx 0.723929 -cpy 0.809758 -cpz 1.17907 -tpx 1.33151 -tpy 1.47756 -tpz 0.749088 -a 0 -fd 1 -fl 0.035
 -cpx 0.723929 -cpy 0.809758 -cpz 1.17907 -tpx 0.908895 -tpy 0.975486 -tpz 0.210401 -a 0 -fd 1 -fl 0.035
 -cpx 0.723929 -cpy 0.809758 -cpz 1.17907 -tpx 0.389313 -tpy 1.40344 -tpz 0.447238 -a 0 -fd 1 -fl 0.035
 -cpx 0.619507 -cpy 0.995024 -cpz 0.950691 -tpx 0.284891 -tpy 1.5887 -tpz 0.218858 -a 0 -fd 1 -fl 0.035
 -cpx 0.570849 -cpy 1.08135 -cpz 0.844273 -tpx 0.236234 -tpy 1.67503 -tpz 0.11244 -a 0 -fd 1 -fl 0.035
 -cpx 0.570849 -cpy 1.08135 -cpz 0.844273 -tpx 0.907732 -tpy 1.43678 -tpz -0.0276112 -a 0 -fd 1 -fl 0.035
 -cpx 0.570849 -cpy 1.08135 -cpz 0.844273 -tpx 1.1792 -tpy 1.25373 -tpz 0.0695483 -a 0 -fd 1 -fl 0.035
 -cpx 0.570849 -cpy 1.08135 -cpz 0.844273 -tpx 1.55589 -tpy 1.01053 -tpz 0.687167 -a 0 -fd 1 -fl 0.035
 -cpx 0.570849 -cpy 1.08135 -cpz 0.844273 -tpx 1.46194 -tpy 1.01278 -tpz 0.395649 -a 0 -fd 1 -fl 0.035
 -cpx 0.703954 -cpy 1.07111 -cpz 0.77726 -tpx 1.59504 -tpy 1.00254 -tpz 0.328636 -a 0 -fd 1 -fl 0.035
 -cpx 0.640768 -cpy 1.07113 -cpz 0.65175 -tpx 1.53185 -tpy 1.00256 -tpz 0.203126 -a 0 -fd 1 -fl 0.035
 -cpx 0.965856 -cpy 1.05225 -cpz 0.687572 -tpx 1.85694 -tpy 0.983678 -tpz 0.238948 -a 0 -fd 1 -fl 0.035
 -cpx 1.05741 -cpy 1.05222 -cpz 0.869426 -tpx 1.9485 -tpy 0.983643 -tpz 0.420803 -a 0 -fd 1 -fl 0.035
 -cpx 1.18472 -cpy 1.04242 -cpz 0.805329 -tpx 2.07581 -tpy 0.973845 -tpz 0.356705 -a 0 -fd 1 -fl 0.035
 -cpx 1.18472 -cpy 1.04242 -cpz 0.805329 -tpx 1.68435 -tpy 1.46417 -tpz 0.0486923 -a 0 -fd 1 -fl 0.035
 -cpx 1.21174 -cpy 1.06522 -cpz 0.764423 -tpx 0.718168 -tpy 1.02136 -tpz -0.104177 -a 0 -fd 1 -fl 0.035
 -cpx 1.085 -cpy 0.815708 -cpz 0.30774 -tpx 0.603899 -tpy 0.331788 -tpz -0.423264 -a 0 -fd 1 -fl 0.035
 -cpx 0.902906 -cpy 0.809836 -cpz 0.172466 -tpx 0.100447 -tpy 0.783959 -tpz -0.42368 -a 0 -fd 1 -fl 0.035
 -cpx 0.902906 -cpy 0.809836 -cpz 0.172466 -tpx 1.33168 -tpy 1.44608 -tpz -0.468899 -a 0 -fd 1 -fl 0.035
 -cpx 0.902906 -cpy 0.809836 -cpz 0.172466 -tpx 0.296596 -tpy 1.46583 -tpz -0.277049 -a 0 -fd 1 -fl 0.035
 -cpx 0.712774 -cpy 0.882443 -cpz 0.2578 -tpx -0.148762 -tpy 1.21144 -tpz 0.644471 -a 0 -fd 1 -fl 0.035
 -cpx 0.590675 -cpy 0.906641 -cpz 0.155573 -tpx 0.107604 -tpy 1.7524 -tpz 0.382126 -a 0 -fd 1 -fl 0.035
 -cpx 0.590675 -cpy 0.906641 -cpz 0.155573 -tpx 1.1234 -tpy 1.35271 -tpz 0.874757 -a 0 -fd 1 -fl 0.035
 -cpx 0.590675 -cpy 0.906641 -cpz 0.155573 -tpx 1.43006 -tpy 0.818999 -tpz 0.691994 -a 0 -fd 1 -fl 0.035
 -cpx 0.590675 -cpy 0.906641 -cpz 0.155573 -tpx 0.268621 -tpy 0.265197 -tpz 0.851871 -a 0 -fd 1 -fl 0.035
 -cpx 0.590675 -cpy 0.906641 -cpz 0.155573 -tpx 0.333613 -tpy 0.272996 -tpz 0.88524 -a 0 -fd 1 -fl 0.035
 -cpx 0.590675 -cpy 0.906641 -cpz 0.155573 -tpx 0.64409 -tpy 0.315675 -tpz 0.960499 -a 0 -fd 1 -fl 0.035
 -cpx 0.598702 -cpy 0.817831 -cpz 0.276536 -tpx 0.652117 -tpy 0.226865 -tpz 1.08146 -a 0 -fd 1 -fl 0.035
 -cpx 0.598512 -cpy 0.819941 -cpz 0.273663 -tpx 0.651927 -tpy 0.228975 -tpz 1.07859 -a 0 -fd 1 -fl 0.035
 -cpx 0.598512 -cpy 0.819941 -cpz 0.273663 -tpx 1.34745 -tpy 0.204748 -tpz 0.5199 -a 0 -fd 1 -fl 0.035
 -cpx 0.598512 -cpy 0.819941 -cpz 0.273663 -tpx 1.45053 -tpy 0.331104 -tpz 0.461007 -a 0 -fd 1 -fl 0.035
 -cpx 0.598512 -cpy 0.819941 -cpz 0.273663 -tpx 1.56468 -tpy 0.568416 -tpz 0.330723 -a 0 -fd 1 -fl 0.035
 -cpx 0.598512 -cpy 0.819941 -cpz 0.273663 -tpx 1.48503 -tpy 1.10828 -tpz -0.0881929 -a 0 -fd 1 -fl 0.035
 -cpx 0.598512 -cpy 0.819941 -cpz 0.273663 -tpx 0.950625 -tpy 1.01995 -tpz 1.188 -a 0 -fd 1 -fl 0.035
 -cpx 0.651097 -cpy 0.849811 -cpz 0.410211 -tpx 1.00321 -tpy 1.04983 -tpz 1.32455 -a 0 -fd 1 -fl 0.035
 -cpx 0.651097 -cpy 0.849811 -cpz 0.410211 -tpx 0.898199 -tpy 1.40295 -tpz 1.20581 -a 0 -fd 1 -fl 0.035
 -cpx 0.627143 -cpy 0.849806 -cpz 0.415376 -tpx 1.23491 -tpy 1.19364 -tpz 1.13119 -a 0 -fd 1 -fl 0.035
 -cpx 0.444753 -cpy 0.849802 -cpz 0.360924 -tpx 1.31212 -tpy 0.404738 -tpz 0.583612 -a 0 -fd 1 -fl 0.035
 -cpx 0.444753 -cpy 0.849802 -cpz 0.360924 -tpx 1.36212 -tpy 1.23969 -tpz 0.441156 -a 0 -fd 1 -fl 0.035
 -cpx 0.487667 -cpy 0.886485 -cpz 0.364681 -tpx 1.24613 -tpy 1.53481 -tpz 0.431077 -a 0 -fd 1 -fl 0.035
 -cpx 0.67579 -cpy 0.920748 -cpz 0.76027 -tpx 0.978005 -tpy 0.999423 -tpz 1.71026 -a 0 -fd 1 -fl 0.035
 -cpx 0.67579 -cpy 0.920748 -cpz 0.76027 -tpx -0.150925 -tpy 0.90838 -tpz 1.32276 -a 0 -fd 1 -fl 0.035
 -cpx 0.67579 -cpy 0.920748 -cpz 0.76027 -tpx 0.176567 -tpy 0.0719966 -tpz 0.58592 -a 0 -fd 1 -fl 0.035
 -cpx 0.67579 -cpy 0.920748 -cpz 0.76027 -tpx 0.562418 -tpy 0.238016 -tpz 0.0384489 -a 0 -fd 1 -fl 0.035
 -cpx 0.577286 -cpy 0.917116 -cpz 0.230826 -tpx 0.396798 -tpy 0.910372 -tpz -0.752728 -a 0 -fd 1 -fl 0.035
 -cpx 0.547116 -cpy 0.915989 -cpz 0.0664194 -tpx 0.366628 -tpy 0.909245 -tpz -0.917135 -a 0 -fd 1 -fl 0.035
 -cpx 0.618895 -cpy 0.514207 -cpz 1.07841 -tpx 1.60098 -tpy 0.466974 -tpz 0.895969 -a 0 -fd 1 -fl 0.035
 -cpx 0.647126 -cpy 0.487125 -cpz 0.956734 -tpx 0.670564 -tpy 0.60944 -tpz -0.0354804 -a 0 -fd 1 -fl 0.035
 -cpx 0.786991 -cpy 0.457669 -cpz 0.844117 -tpx 1.74138 -tpy 0.623398 -tpz 0.595785 -a 0 -fd 1 -fl 0.035
 -cpx 0.913706 -cpy 0.475513 -cpz 0.801677 -tpx 1.85359 -tpy 0.607871 -tpz 0.486888 -a 0 -fd 1 -fl 0.035
 -cpx 0.923999 -cpy 0.475513 -cpz 0.6541 -tpx 1.88694 -tpy 0.62124 -tpz 0.881036 -a 0 -fd 1 -fl 0.035
 -cpx 1.03533 -cpy 0.475513 -cpz 0.550015 -tpx 1.70233 -tpy 0.620128 -tpz 1.2809 -a 0 -fd 1 -fl 0.035
 -cpx 1.15867 -cpy 0.49126 -cpz 0.554251 -tpx 1.58519 -tpy 0.74169 -tpz 1.42337 -a 0 -fd 1 -fl 0.035
 -cpx 1.15867 -cpy 0.49126 -cpz 0.554251 -tpx 1.45719 -tpy 1.21787 -tpz 1.17306 -a 0 -fd 1 -fl 0.035
 -cpx 1.13884 -cpy 0.541181 -cpz 0.582259 -tpx 0.81162 -tpy 1.36529 -tpz 1.04461 -a 0 -fd 1 -fl 0.035
 -cpx 1.13884 -cpy 0.541181 -cpz 0.582259 -tpx 0.241936 -tpy 0.912334 -tpz 0.822679 -a 0 -fd 1 -fl 0.035
 -cpx 1.13884 -cpy 0.541181 -cpz 0.582259 -tpx 0.158595 -tpy 0.352199 -tpz 0.640553 -a 0 -fd 1 -fl 0.035
 -cpx 1.10371 -cpy 0.541181 -cpz 0.621665 -tpx 0.435278 -tpy 0.0961131 -tpz 0.025755 -a 0 -fd 1 -fl 0.035
 -cpx 1.01324 -cpy 0.50185 -cpz 0.505475 -tpx 0.630286 -tpy 0.40525 -tpz -0.413227 -a 0 -fd 1 -fl 0.035
 -cpx 0.927827 -cpy 0.488464 -cpz 0.289159 -tpx 0.657058 -tpy 0.624168 -tpz -0.663873 -a 0 -fd 1 -fl 0.035
 -cpx 0.841106 -cpy 0.488464 -cpz 0.280094 -tpx 1.02213 -tpy 0.648646 -tpz -0.690253 -a 0 -fd 1 -fl 0.035
 -cpx 0.841106 -cpy 0.488464 -cpz 0.280094 -tpx 0.378218 -tpy 0.414282 -tpz -0.603212 -a 0 -fd 1 -fl 0.035
 -cpx 0.749928 -cpy 0.492569 -cpz 0.223582 -tpx -0.0994285 -tpy 0.530809 -tpz -0.302851 -a 0 -fd 1 -fl 0.035
 -cpx 0.749928 -cpy 0.492569 -cpz 0.223582 -tpx -0.205245 -tpy 0.229091 -tpz 0.358576 -a 0 -fd 1 -fl 0.035
 -cpx 0.614636 -cpy 0.484177 -cpz 0.33505 -tpx 0.0110601 -tpy 0.13717 -tpz 1.05288 -a 0 -fd 1 -fl 0.035
 -cpx 0.594072 -cpy 0.472354 -cpz 0.359506 -tpx -0.00950336 -tpy 0.125348 -tpz 1.07734 -a 0 -fd 1 -fl 0.035
 -cpx 0.564318 -cpy 0.472899 -cpz 0.359336 -tpx -0.404302 -tpy 0.49764 -tpz 0.112024 -a 0 -fd 1 -fl 0.035
 -cpx 0.555764 -cpy 0.4729 -cpz 0.392839 -tpx 1.55033 -tpy 0.51001 -tpz 0.490133 -a 0 -fd 1 -fl 0.035
 -cpx 0.609602 -cpy 0.474968 -cpz 0.397495 -tpx 1.25704 -tpy 0.424359 -tpz -0.362942 -a 0 -fd 1 -fl 0.035
 -cpx 0.655818 -cpy 0.471355 -cpz 0.343213 -tpx 0.655756 -tpy 0.706502 -tpz -0.628747 -a 0 -fd 1 -fl 0.035
 -cpx 0.599733 -cpy 0.489144 -cpz 0.284668 -tpx -0.0759642 -tpy 0.703464 -tpz -0.42067 -a 0 -fd 1 -fl 0.035
 -cpx 0.56415 -cpy 0.450861 -cpz 0.132695 -tpx -0.012389 -tpy 0.178708 -tpz -0.637718 -a 0 -fd 1 -fl 0.035
 -cpx 0.536166 -cpy 0.450862 -cpz 0.172354 -tpx -0.2269 -tpy 0.0933239 -tpz -0.366067 -a 0 -fd 1 -fl 0.035
 -cpx 0.407428 -cpy 0.390541 -cpz 0.0815165 -tpx -0.568023 -tpy 0.399536 -tpz -0.138515 -a 0 -fd 1 -fl 0.035
 -cpx 0.27625 -cpy 0.403421 -cpz 0.0560434 -tpx -0.681353 -tpy 0.661463 -tpz -0.0720591 -a 0 -fd 1 -fl 0.035
 -cpx 0.154093 -cpy 0.428395 -cpz 0.147554 -tpx -0.645511 -tpy 0.661353 -tpz -0.405948 -a 0 -fd 1 -fl 0.035
 -cpx -0.046863 -cpy 0.454583 -cpz 0.192849 -tpx -0.757522 -tpy 0.636926 -tpz -0.486647 -a 0 -fd 1 -fl 0.035
 -cpx -0.0712127 -cpy 0.418541 -cpz 0.109294 -tpx -0.329707 -tpy 0.0359198 -tpz -0.777713 -a 0 -fd 1 -fl 0.035
 -cpx -0.0271814 -cpy 0.435025 -cpz 0.169043 -tpx 0.340457 -tpy -0.11718 -tpz -0.57923 -a 0 -fd 1 -fl 0.035
 -cpx -0.00309691 -cpy 0.336747 -cpz 0.183912 -tpx 0.232396 -tpy -0.624194 -tpz 0.329295 -a 0 -fd 1 -fl 0.035
 -cpx 0.0164193 -cpy 0.271527 -cpz 0.207167 -tpx 0.287704 -tpy -0.635063 -tpz 0.530431 -a 0 -fd 1 -fl 0.035
 -cpx 0.0134275 -cpy 0.147487 -cpz 0.0770252 -tpx -0.390726 -tpy -0.764718 -tpz 0.144423 -a 0 -fd 1 -fl 0.035
 -cpx 0.00149849 -cpy 0.0641266 -cpz -0.0224175 -tpx -0.0900468 -tpy -0.575592 -tpz -0.785555 -a 0 -fd 1 -fl 0.035
 -cpx 0.00149849 -cpy 0.0641266 -cpz -0.0224175 -tpx -0.0517998 -tpy 0.035997 -tpz 0.975765 -a 0 -fd 1 -fl 0.035
 -cpx -0.026245 -cpy 0.0859573 -cpz 0.00493564 -tpx -0.647467 -tpy 0.574782 -tpz 0.617418 -a 0 -fd 1 -fl 0.035
 -cpx -0.0640054 -cpy 0.11567 -cpz 0.0421648 -tpx -0.685227 -tpy 0.604494 -tpz 0.654647 -a 0 -fd 1 -fl 0.035
 -cpx -0.0221036 -cpy 0.129316 -cpz 0.0927896 -tpx 0.602195 -tpy 0.33263 -tpz 0.847054 -a 0 -fd 1 -fl 0.035
 -cpx 0.0471106 -cpy 0.151857 -cpz 0.176413 -tpx -0.20858 -tpy -0.0426532 -tpz 1.1234 -a 0 -fd 1 -fl 0.035
 -cpx 0.30221 -cpy 0.106942 -cpz 0.0720678 -tpx 0.899408 -tpy -0.185714 -tpz 0.818865 -a 0 -fd 1 -fl 0.035
 -cpx 0.372635 -cpy 0.07243 -cpz 0.160135 -tpx 0.969833 -tpy -0.220226 -tpz 0.906932 -a 0 -fd 1 -fl 0.035
 -cpx 0.54229 -cpy 0.0814861 -cpz -0.015876 -tpx 1.37021 -tpy 0.0275087 -tpz -0.574112 -a 0 -fd 1 -fl 0.035
 -cpx 0.384365 -cpy 0.0898582 -cpz -0.155502 -tpx 0.674162 -tpy 0.15618 -tpz -1.11029 -a 0 -fd 1 -fl 0.035
 -cpx 0.336521 -cpy 0.0802017 -cpz -0.25121 -tpx -0.108816 -tpy -0.00968105 -tpz -1.14205 -a 0 -fd 1 -fl 0.035
 -cpx 0.235717 -cpy 0.0959015 -cpz -0.25839 -tpx -0.749933 -tpy 0.249413 -tpz -0.328595 -a 0 -fd 1 -fl 0.035
 -cpx 0.160199 -cpy 0.190348 -cpz -0.348703 -tpx -0.340154 -tpy 0.81612 -tpz -0.947081 -a 0 -fd 1 -fl 0.035
 -cpx 0.0829566 -cpy 0.141996 -cpz -0.514244 -tpx -0.325807 -tpy -0.113881 -tpz -1.39028 -a 0 -fd 1 -fl 0.035
 -cpx 0.0508602 -cpy 0.109403 -cpz -0.609791 -tpx -0.252128 -tpy -0.198278 -tpz -1.51175 -a 0 -fd 1 -fl 0.035
 -cpx -0.0320113 -cpy 0.0802003 -cpz -0.607105 -tpx -0.974727 -tpy -0.251995 -tpz -0.576542 -a 0 -fd 1 -fl 0.035
 -cpx -0.183385 -cpy 0.0595174 -cpz -0.528419 -tpx -0.995668 -tpy -0.0583386 -tpz 0.0428139 -a 0 -fd 1 -fl 0.035
 -cpx -0.193694 -cpy 0.0530209 -cpz -0.447891 -tpx -1.00598 -tpy -0.0648351 -tpz 0.123342 -a 0 -fd 1 -fl 0.035
 -cpx -0.209701 -cpy 0.0632791 -cpz -0.333952 -tpx -1.05864 -tpy 0.192287 -tpz 0.178556 -a 0 -fd 1 -fl 0.035
 -cpx -0.209701 -cpy 0.0632791 -cpz -0.333952 -tpx -0.966974 -tpy 0.560912 -tpz 0.0890125 -a 0 -fd 1 -fl 0.035
 -cpx -0.225956 -cpy 0.101058 -cpz -0.34181 -tpx -0.614156 -tpy 1.00332 -tpz -0.52948 -a 0 -fd 1 -fl 0.035
 -cpx -0.245524 -cpy 0.181808 -cpz -0.355787 -tpx -0.47777 -tpy 1.14021 -tpz -0.521672 -a 0 -fd 1 -fl 0.035
 -cpx -0.253927 -cpy 0.35131 -cpz -0.366009 -tpx -0.299744 -tpy 1.34862 -tpz -0.423307 -a 0 -fd 1 -fl 0.035
 -cpx -0.253927 -cpy 0.35131 -cpz -0.366009 -tpx -0.241779 -tpy 1.35018 -tpz -0.411968 -a 0 -fd 1 -fl 0.035
 -cpx -0.227125 -cpy 0.429851 -cpz -0.375051 -tpx 0.0939334 -tpy 1.3707 -tpz -0.483365 -a 0 -fd 1 -fl 0.035
 -cpx -0.186709 -cpy 0.478481 -cpz -0.377659 -tpx 0.45191 -tpy 1.2469 -tpz -0.418868 -a 0 -fd 1 -fl 0.035
 -cpx -0.168855 -cpy 0.464862 -cpz -0.322782 -tpx 0.132255 -tpy 0.235172 -tpz 0.602732 -a 0 -fd 1 -fl 0.035
 -cpx -0.240884 -cpy 0.462737 -cpz -0.183936 -tpx -0.0656664 -tpy 0.443605 -tpz 0.800408 -a 0 -fd 1 -fl 0.035
 -cpx -0.167731 -cpy 0.46274 -cpz -0.176552 -tpx -0.268144 -tpy 0.449232 -tpz 0.818302 -a 0 -fd 1 -fl 0.035
 -cpx -0.178072 -cpy 0.461349 -cpz -0.074097 -tpx -0.447418 -tpy 0.45684 -tpz 0.888936 -a 0 -fd 1 -fl 0.035
 -cpx -0.117671 -cpy 0.461352 -cpz -0.0572037 -tpx -0.604983 -tpy 0.550101 -tpz 0.811503 -a 0 -fd 1 -fl 0.035
 -cpx -0.173516 -cpy 0.498349 -cpz -0.000891974 -tpx -0.811654 -tpy 0.921111 -tpz 0.642577 -a 0 -fd 1 -fl 0.035
 -cpx -0.219834 -cpy 0.531313 -cpz 0.037641 -tpx -1.10963 -tpy 0.969306 -tpz -0.0905376 -a 0 -fd 1 -fl 0.035
 -cpx -0.219834 -cpy 0.531313 -cpz 0.037641 -tpx -0.491555 -tpy 0.75441 -tpz -0.898519 -a 0 -fd 1 -fl 0.035
 -cpx -0.239674 -cpy 0.490771 -cpz 0.251818 -tpx -0.456899 -tpy 0.559331 -tpz -0.721893 -a 0 -fd 1 -fl 0.035
 -cpx -0.573762 -cpy 0.739257 -cpz 0.180033 -tpx -0.223758 -tpy 1.64103 -tpz -0.0735301 -a 0 -fd 1 -fl 0.035
 -cpx -0.470542 -cpy 0.98057 -cpz 0.151798 -tpx -0.291898 -tpy 1.95775 -tpz 0.0368599 -a 0 -fd 1 -fl 0.035
 -cpx -0.499372 -cpy 0.942441 -cpz 0.122323 -tpx -0.320728 -tpy 1.91962 -tpz 0.0073852 -a 0 -fd 1 -fl 0.035
 -cpx -0.547348 -cpy 0.945338 -cpz 0.0466275 -tpx -0.368704 -tpy 1.92252 -tpz -0.0683105 -a 0 -fd 1 -fl 0.035
 -cpx -0.547348 -cpy 0.945338 -cpz 0.0466275 -tpx -0.236166 -tpy 1.72726 -tpz 0.586782 -a 0 -fd 1 -fl 0.035
 -cpx -0.463355 -cpy 0.991919 -cpz 0.047817 -tpx -0.56851 -tpy 1.64194 -tpz 0.80042 -a 0 -fd 1 -fl 0.035
 -cpx -0.483577 -cpy 0.977709 -cpz 0.111161 -tpx -0.11704 -tpy 0.846453 -tpz 1.03226 -a 0 -fd 1 -fl 0.035
 -cpx -0.305328 -cpy 0.9875 -cpz 0.235873 -tpx 0.48524 -tpy 0.95937 -tpz -0.375854 -a 0 -fd 1 -fl 0.035
 -cpx -0.187559 -cpy 0.983028 -cpz 0.137526 -tpx 0.664566 -tpy 0.94253 -tpz -0.384243 -a 0 -fd 1 -fl 0.035
 -cpx 0.063515 -cpy 0.97141 -cpz -0.0184041 -tpx 0.903942 -tpy 0.925293 -tpz 0.521555 -a 0 -fd 1 -fl 0.035
 -cpx 0.176688 -cpy 0.960781 -cpz 0.0400221 -tpx 1.06218 -tpy 0.87762 -tpz 0.497166 -a 0 -fd 1 -fl 0.035
 -cpx 0.270558 -cpy 0.951966 -cpz 0.0884834 -tpx 1.15605 -tpy 0.868804 -tpz 0.545628 -a 0 -fd 1 -fl 0.035
 -cpx 0.397687 -cpy 0.946657 -cpz -0.0188562 -tpx 1.28318 -tpy 0.863495 -tpz 0.438288 -a 0 -fd 1 -fl 0.035
 -cpx 0.573623 -cpy 0.93757 -cpz 0.141481 -tpx 1.06275 -tpy 0.900447 -tpz 1.0129 -a 0 -fd 1 -fl 0.035
 -cpx 0.736275 -cpy 0.932007 -cpz 0.256357 -tpx 0.720138 -tpy 0.896008 -tpz 1.25558 -a 0 -fd 1 -fl 0.035
 -cpx 0.975377 -cpy 0.924774 -cpz 0.532102 -tpx 0.373675 -tpy 0.887651 -tpz 1.32996 -a 0 -fd 1 -fl 0.035
 -cpx 0.778942 -cpy 0.966131 -cpz 0.734784 -tpx 0.0368752 -tpy 1.28981 -tpz 1.32178 -a 0 -fd 1 -fl 0.035
 -cpx 1.02926 -cpy 0.996935 -cpz 0.948755 -tpx 0.0970276 -tpy 0.855652 -tpz 0.615608 -a 0 -fd 1 -fl 0.035
 -cpx 1.05289 -cpy 0.996931 -cpz 0.882629 -tpx 0.474574 -tpy 0.7574 -tpz 0.102772 -a 0 -fd 1 -fl 0.035
 -cpx 0.59543 -cpy 0.933438 -cpz 0.90134 -tpx 0.0171152 -tpy 0.693906 -tpz 0.121483 -a 0 -fd 1 -fl 0.035
 -cpx 0.508729 -cpy 0.897527 -cpz 0.784424 -tpx 0.093945 -tpy 1.03657 -tpz -0.11481 -a 0 -fd 1 -fl 0.035
 -cpx 0.488466 -cpy 0.99934 -cpz 0.593809 -tpx 0.395108 -tpy 1.46841 -tpz -0.284402 -a 0 -fd 1 -fl 0.035
 -cpx 0.184795 -cpy 0.999361 -cpz 0.471292 -tpx 0.858306 -tpy 1.09819 -tpz -0.261248 -a 0 -fd 1 -fl 0.035
 -cpx 0.296749 -cpy 1.01579 -cpz 0.349526 -tpx 0.97026 -tpy 1.11462 -tpz -0.383014 -a 0 -fd 1 -fl 0.035
 -cpx 0.414134 -cpy 1.03301 -cpz 0.221853 -tpx 1.08764 -tpy 1.13184 -tpz -0.510687 -a 0 -fd 1 -fl 0.035
 -cpx 0.450925 -cpy 1.06546 -cpz 0.196435 -tpx 1.11682 -tpy 1.65278 -tpz -0.263607 -a 0 -fd 1 -fl 0.035
 -cpx 0.576078 -cpy 1.19018 -cpz 0.0929224 -tpx 1.18198 -tpy 1.70528 -tpz -0.513346 -a 0 -fd 1 -fl 0.035
 -cpx 0.576078 -cpy 1.19018 -cpz 0.0929224 -tpx 0.140972 -tpy 0.820069 -tpz 0.913713 -a 0 -fd 1 -fl 0.035
 -cpx 0.547816 -cpy 1.19018 -cpz 0.073354 -tpx -0.148646 -tpy 1.26548 -tpz 0.786986 -a 0 -fd 1 -fl 0.035
 -cpx 0.595662 -cpy 1.18501 -cpz 0.0243282 -tpx -0.1008 -tpy 1.2603 -tpz 0.737961 -a 0 -fd 1 -fl 0.035
 -cpx 0.690805 -cpy 1.02563 -cpz -0.0523687 -tpx 0.140449 -tpy 0.617172 -tpz 0.675829 -a 0 -fd 1 -fl 0.035
 -cpx 0.630627 -cpy 0.980966 -cpz 0.0272558 -tpx 0.0802709 -tpy 0.57251 -tpz 0.755454 -a 0 -fd 1 -fl 0.035
 -cpx 0.630627 -cpy 0.980966 -cpz 0.0272558 -tpx -0.196222 -tpy 1.17545 -tpz 0.554982 -a 0 -fd 1 -fl 0.035
 -cpx 0.548086 -cpy 1.20237 -cpz 0.0990258 -tpx 0.366299 -tpy 0.227634 -tpz 0.228843 -a 0 -fd 1 -fl 0.035
 -cpx 0.552451 -cpy 1.22577 -cpz 0.0959086 -tpx 0.370664 -tpy 0.25104 -tpz 0.225726 -a 0 -fd 1 -fl 0.035
 -cpx 0.556123 -cpy 1.16896 -cpz 0.0834882 -tpx 0.61914 -tpy 0.19398 -tpz -0.129676 -a 0 -fd 1 -fl 0.035
 -cpx 0.569198 -cpy 1.03095 -cpz 0.0579399 -tpx 0.661955 -tpy 0.0518981 -tpz -0.123302 -a 0 -fd 1 -fl 0.035
 -cpx 0.590018 -cpy 0.975541 -cpz 0.0519591 -tpx 0.939958 -tpy 0.0441781 -tpz -0.0485668 -a 0 -fd 1 -fl 0.035
 -cpx 0.592017 -cpy 0.971785 -cpz 0.0793469 -tpx -0.0123187 -tpy 0.824931 -tpz 0.862426 -a 0 -fd 1 -fl 0.035
 -cpx 0.696238 -cpy 0.967738 -cpz 0.194311 -tpx 0.0919021 -tpy 0.820885 -tpz 0.97739 -a 0 -fd 1 -fl 0.035
 -cpx 0.713009 -cpy 0.937707 -cpz 0.462885 -tpx 0.108673 -tpy 0.790854 -tpz 1.24596 -a 0 -fd 1 -fl 0.035
 -cpx 0.891588 -cpy 0.959093 -cpz 0.418828 -tpx 0.287252 -tpy 0.812239 -tpz 1.20191 -a 0 -fd 1 -fl 0.035
 -cpx 0.725734 -cpy 0.964548 -cpz 1.14686 -tpx 0.288501 -tpy 0.972412 -tpz 2.04617 -a 0 -fd 1 -fl 0.035
 -cpx 0.755246 -cpy 0.907026 -cpz 0.901915 -tpx -0.0677057 -tpy 0.355755 -tpz 0.764619 -a 0 -fd 1 -fl 0.035
 -cpx 0.634083 -cpy 0.845833 -cpz 0.85013 -tpx 0.144863 -tpy 0.361905 -tpz 0.124542 -a 0 -fd 1 -fl 0.035
 -cpx 0.665756 -cpy 0.668118 -cpz 0.541712 -tpx 0.0651288 -tpy 0.580468 -tpz -0.252999 -a 0 -fd 1 -fl 0.035
 -cpx 0.368063 -cpy 0.642243 -cpz 0.397927 -tpx -0.232564 -tpy 0.554593 -tpz -0.396784 -a 0 -fd 1 -fl 0.035
 -cpx 0.354829 -cpy 0.607583 -cpz 0.390755 -tpx -0.173398 -tpy 0.872133 -tpz -0.416084 -a 0 -fd 1 -fl 0.035
 -cpx -0.40001 -cpy 0.59088 -cpz 0.338871 -tpx -0.602068 -tpy 0.658315 -tpz -0.638178 -a 0 -fd 1 -fl 0.035
 -cpx -0.699798 -cpy 0.596826 -cpz 0.117563 -tpx -0.121532 -tpy 0.641797 -tpz -0.697045 -a 0 -fd 1 -fl 0.035
 -cpx -0.872186 -cpy 0.592754 -cpz 0.0372798 -tpx -0.0579969 -tpy 1.10301 -tpz -0.239724 -a 0 -fd 1 -fl 0.035
 -cpx -0.30376 -cpy 0.411385 -cpz -0.442566 -tpx -0.322719 -tpy -0.136132 -tpz 0.394014 -a 0 -fd 1 -fl 0.035
 -cpx -0.30376 -cpy 0.411385 -cpz -0.442566 -tpx -0.747973 -tpy 0.621291 -tpz 0.428419 -a 0 -fd 1 -fl 0.035
 -cpx -0.342321 -cpy 0.48844 -cpz -0.373804 -tpx -0.69211 -tpy 1.18743 -tpz 0.249947 -a 0 -fd 1 -fl 0.035
 -cpx -0.376487 -cpy 0.556715 -cpz -0.312878 -tpx -0.874733 -tpy 0.965141 -tpz 0.451935 -a 0 -fd 1 -fl 0.035
 -cpx -0.409833 -cpy 0.584049 -cpz -0.261692 -tpx -0.908078 -tpy 0.992475 -tpz 0.503121 -a 0 -fd 1 -fl 0.035
 -cpx -0.453016 -cpy 0.619448 -cpz -0.195405 -tpx -0.951262 -tpy 1.02787 -tpz 0.569408 -a 0 -fd 1 -fl 0.035
 -cpx -0.483468 -cpy 0.64441 -cpz -0.148662 -tpx -0.981714 -tpy 1.05284 -tpz 0.616152 -a 0 -fd 1 -fl 0.035
 -cpx -0.560944 -cpy 0.644401 -cpz -0.167963 -tpx -0.785454 -tpy 0.995603 -tpz 0.741021 -a 0 -fd 1 -fl 0.035
 -cpx -0.560944 -cpy 0.644401 -cpz -0.167963 -tpx -0.16697 -tpy 0.742099 -tpz 0.745952 -a 0 -fd 1 -fl 0.035
 -cpx -0.538786 -cpy 0.649896 -cpz -0.116564 -tpx -0.0204186 -tpy 0.721813 -tpz 0.735565 -a 0 -fd 1 -fl 0.035
 -cpx -0.466254 -cpy 0.659959 -cpz 0.00266996 -tpx 0.0207758 -tpy 0.297159 -tpz 0.797138 -a 0 -fd 1 -fl 0.035
 -cpx -0.389311 -cpy 0.602643 -cpz 0.128182 -tpx 0.050322 -tpy -0.238299 -tpz 0.443682 -a 0 -fd 1 -fl 0.035
 -cpx -0.467444 -cpy 0.852877 -cpz -0.199691 -tpx 0.521649 -tpy 0.969593 -tpz -0.289539 -a 0 -fd 1 -fl 0.035
 -cpx -0.321043 -cpy 0.870085 -cpz -0.212611 -tpx 0.65362 -tpy 0.947616 -tpz -0.00279911 -a 0 -fd 1 -fl 0.035
 -cpx -0.0294628 -cpy 0.885359 -cpz -0.257213 -tpx 0.556045 -tpy 1.32638 -tpz 0.422995 -a 0 -fd 1 -fl 0.035
 -cpx -0.0472105 -cpy 0.978493 -cpz 0.0919781 -tpx 0.636004 -tpy 1.03245 -tpz 0.820199 -a 0 -fd 1 -fl 0.035
 -cpx 0.128529 -cpy 0.986928 -cpz 0.15347 -tpx 0.597621 -tpy 1.27957 -tpz 0.986725 -a 0 -fd 1 -fl 0.035
 -cpx 0.402335 -cpy 1.0366 -cpz 0.49876 -tpx 1.21398 -tpy 0.873073 -tpz 1.05956 -a 0 -fd 1 -fl 0.035
 -cpx 0.413483 -cpy 0.964584 -cpz 0.787983 -tpx 1.16355 -tpy 0.304347 -tpz 0.749432 -a 0 -fd 1 -fl 0.035
 -cpx 0.370341 -cpy 0.721622 -cpz 0.977149 -tpx 0.815699 -tpy -0.151712 -tpz 0.779807 -a 0 -fd 1 -fl 0.035
 -cpx 0.420879 -cpy 0.397818 -cpz 1.04573 -tpx 0.788996 -tpy -0.315521 -tpz 0.449373 -a 0 -fd 1 -fl 0.035
 -cpx 0.598139 -cpy 0.191996 -cpz 0.866266 -tpx 1.24938 -tpy -0.099582 -tpz 0.165644 -a 0 -fd 1 -fl 0.035
 -cpx 0.57045 -cpy 0.208178 -cpz 0.761838 -tpx 1.30679 -tpy 0.531865 -tpz 0.167676 -a 0 -fd 1 -fl 0.035
 -cpx 0.594452 -cpy 0.266807 -cpz 0.518813 -tpx 1.33079 -tpy 0.590494 -tpz -0.0753493 -a 0 -fd 1 -fl 0.035
 -cpx 0.923711 -cpy 0.327905 -cpz 0.367906 -tpx 1.85717 -tpy 0.594635 -tpz 0.12811 -a 0 -fd 1 -fl 0.035
 -cpx 0.995681 -cpy 0.349835 -cpz 0.303863 -tpx 1.59643 -tpy 0.946229 -tpz 0.836228 -a 0 -fd 1 -fl 0.035
 -cpx 1.13549 -cpy 0.488808 -cpz 0.428406 -tpx 0.720821 -tpy 0.591006 -tpz 1.33262 -a 0 -fd 1 -fl 0.035
 -cpx 0.966825 -cpy 0.459099 -cpz 0.361821 -tpx 0.235575 -tpy 0.3446 -tpz -0.31061 -a 0 -fd 1 -fl 0.035
 -cpx 0.729454 -cpy 0.421931 -cpz 0.143543 -tpx 0.0289982 -tpy 0.55206 -tpz -0.558188 -a 0 -fd 1 -fl 0.035
 -cpx 0.525631 -cpy 0.476152 -cpz 0.0757917 -tpx -0.101956 -tpy 0.747217 -tpz -0.654043 -a 0 -fd 1 -fl 0.035
 -cpx 0.29371 -cpy 0.476188 -cpz 0.0274516 -tpx 0.484461 -tpy 0.121809 -tpz -0.887987 -a 0 -fd 1 -fl 0.035
 -cpx 0.401548 -cpy 0.476171 -cpz 0.000287756 -tpx 0.157082 -tpy -0.417686 -tpz -0.375552 -a 0 -fd 1 -fl 0.035
 -cpx 0.377737 -cpy 0.389107 -cpz -0.03632 -tpx 0.133271 -tpy -0.50475 -tpz -0.41216 -a 0 -fd 1 -fl 0.035
 -cpx 0.369109 -cpy 0.315335 -cpz -0.0809965 -tpx 0.269574 -tpy -0.535791 -tpz -0.596436 -a 0 -fd 1 -fl 0.035
 -cpx 0.380675 -cpy 0.251596 -cpz -0.209817 -tpx 0.460884 -tpy -0.190447 -tpz -1.10322 -a 0 -fd 1 -fl 0.035
 -cpx 0.380675 -cpy 0.251596 -cpz -0.209817 -tpx -0.188779 -tpy 0.156116 -tpz -1.02628 -a 0 -fd 1 -fl 0.035
 -cpx 0.240003 -cpy 0.239822 -cpz -0.246839 -tpx -0.388446 -tpy 0.130913 -tpz -1.01703 -a 0 -fd 1 -fl 0.035
 -cpx 0.246684 -cpy 0.239797 -cpz -0.396636 -tpx -0.626514 -tpy 0.353177 -tpz 0.077359 -a 0 -fd 1 -fl 0.035
 -cpx 0.113152 -cpy 0.269054 -cpz -0.380948 -tpx -0.541824 -tpy 0.540119 -tpz 0.32441 -a 0 -fd 1 -fl 0.035
 -cpx -0.0182041 -cpy 0.302102 -cpz -0.34984 -tpx -0.59694 -tpy 0.587215 -tpz 0.414212 -a 0 -fd 1 -fl 0.035
 -cpx -0.10826 -cpy 0.300591 -cpz -0.256558 -tpx -1.00355 -tpy 0.281466 -tpz 0.188508 -a 0 -fd 1 -fl 0.035
 -cpx -0.112532 -cpy 0.300603 -cpz -0.1774 -tpx -1.03293 -tpy 0.688407 -tpz -0.227133 -a 0 -fd 1 -fl 0.035
 -cpx -0.195015 -cpy 0.300627 -cpz -0.06013 -tpx -0.896608 -tpy 0.775655 -tpz -0.591276 -a 0 -fd 1 -fl 0.035
 -cpx -0.309607 -cpy 0.300647 -cpz -0.0159665 -tpx -0.555427 -tpy 0.839644 -tpz -0.821605 -a 0 -fd 1 -fl 0.035
 -cpx -0.440337 -cpy 0.278318 -cpz -0.0470911 -tpx -0.0179102 -tpy 0.792451 -tpz -0.793565 -a 0 -fd 1 -fl 0.035
 -cpx -0.360253 -cpy 0.30192 -cpz -0.0780146 -tpx 0.539764 -tpy 0.566479 -tpz -0.424392 -a 0 -fd 1 -fl 0.035
 -cpx -0.370505 -cpy 0.301934 -cpz -0.162328 -tpx 0.612579 -tpy 0.439865 -tpz -0.0418231 -a 0 -fd 1 -fl 0.035
 -cpx -0.134538 -cpy 0.321559 -cpz -0.367266 -tpx 0.627464 -tpy 0.378899 -tpz 0.277766 -a 0 -fd 1 -fl 0.035
 -cpx 0.0470543 -cpy 0.327844 -cpz -0.413088 -tpx 0.809056 -tpy 0.385184 -tpz 0.231944 -a 0 -fd 1 -fl 0.035
 -cpx 0.111036 -cpy 0.332658 -cpz -0.358927 -tpx 0.873038 -tpy 0.389999 -tpz 0.286104 -a 0 -fd 1 -fl 0.035
 -cpx 0.101224 -cpy 0.336225 -cpz -0.250831 -tpx 0.863225 -tpy 0.393565 -tpz 0.394201 -a 0 -fd 1 -fl 0.035
 -cpx 0.108267 -cpy 0.34085 -cpz -0.134133 -tpx 0.870269 -tpy 0.398191 -tpz 0.510898 -a 0 -fd 1 -fl 0.035
 -cpx 0.237607 -cpy 0.359171 -cpz -0.195187 -tpx 0.991757 -tpy 0.741784 -tpz 0.338541 -a 0 -fd 1 -fl 0.035
 -cpx 0.394521 -cpy 0.443626 -cpz -0.063868 -tpx 1.14867 -tpy 0.826239 -tpz 0.46986 -a 0 -fd 1 -fl 0.035
 -cpx 0.408173 -cpy 0.475566 -cpz 0.0504198 -tpx 1.16232 -tpy 0.858179 -tpz 0.584148 -a 0 -fd 1 -fl 0.035
 -cpx 0.568102 -cpy 0.481867 -cpz 0.125473 -tpx 0.7267 -tpy 0.544824 -tpz 1.11081 -a 0 -fd 1 -fl 0.035
 -cpx 0.676981 -cpy 0.481886 -cpz 0.142477 -tpx 0.277968 -tpy 0.563917 -tpz 1.05575 -a 0 -fd 1 -fl 0.035
 -cpx 0.747288 -cpy 0.481899 -cpz 0.173193 -tpx 0.348274 -tpy 0.56393 -tpz 1.08646 -a 0 -fd 1 -fl 0.035
 -cpx 0.85175 -cpy 0.48746 -cpz 0.292257 -tpx 0.452737 -tpy 0.569492 -tpz 1.20552 -a 0 -fd 1 -fl 0.035
 -cpx 0.989665 -cpy 0.03311 -cpz 0.455681 -tpx 1.18462 -tpy 0.679709 -tpz 1.19318 -a 0 -fd 1 -fl 0.035
 -cpx 1.08807 -cpy -0.112609 -cpz 0.251792 -tpx 1.28303 -tpy 0.533989 -tpz 0.98929 -a 0 -fd 1 -fl 0.035
 -cpx 1.10872 -cpy -0.0160551 -cpz 0.338077 -tpx 1.24169 -tpy 0.719759 -tpz 1.00208 -a 0 -fd 1 -fl 0.035
 -cpx 1.11084 -cpy 0.0283201 -cpz 0.380364 -tpx 1.14553 -tpy 0.751826 -tpz 1.06981 -a 0 -fd 1 -fl 0.035
 -cpx 1.11084 -cpy 0.0283201 -cpz 0.380364 -tpx 0.273114 -tpy 0.476402 -tpz 0.692506 -a 0 -fd 1 -fl 0.035
 -cpx 1.08011 -cpy 0.0283302 -cpz 0.426212 -tpx 0.235382 -tpy 0.17739 -tpz -0.0878022 -a 0 -fd 1 -fl 0.035
 -cpx 0.92195 -cpy 0.0541379 -cpz 0.329701 -tpx 0.132129 -tpy -0.0480656 -tpz -0.275061 -a 0 -fd 1 -fl 0.035
 -cpx 0.81299 -cpy 0.0400385 -cpz 0.246271 -tpx 0.0714027 -tpy -0.0767023 -tpz -0.414349 -a 0 -fd 1 -fl 0.035
 -cpx 0.707732 -cpy 0.0706495 -cpz 0.176056 -tpx -0.100836 -tpy 0.305794 -tpz -0.36332 -a 0 -fd 1 -fl 0.035
 -cpx 0.650328 -cpy 0.0704308 -cpz 0.146317 -tpx -0.237587 -tpy 0.0670486 -tpz -0.313677 -a 0 -fd 1 -fl 0.035
 -cpx 0.54158 -cpy 0.0668402 -cpz 0.129814 -tpx -0.446573 -tpy 0.0342135 -tpz -0.0201487 -a 0 -fd 1 -fl 0.035
 -cpx 0.431095 -cpy 0.062935 -cpz 0.112028 -tpx -0.555593 -tpy 0.0280599 -tpz -0.046809 -a 0 -fd 1 -fl 0.035
 -cpx 0.38761 -cpy 0.0856434 -cpz 0.0630607 -tpx 0.0231337 -tpy 0.429473 -tpz -0.802352 -a 0 -fd 1 -fl 0.035
 -cpx 0.27887 -cpy 0.0723308 -cpz 0.0962495 -tpx -0.531255 -tpy -0.0656108 -tpz -0.473548 -a 0 -fd 1 -fl 0.035
 -cpx 0.195229 -cpy 0.0631556 -cpz 0.100535 -tpx -0.614896 -tpy -0.0747861 -tpz -0.469262 -a 0 -fd 1 -fl 0.035
 -cpx 0.170733 -cpy 0.0467957 -cpz 0.133999 -tpx 0.720198 -tpy 0.413759 -tpz -0.616618 -a 0 -fd 1 -fl 0.035
 -cpx 0.113058 -cpy 0.0591643 -cpz 0.101803 -tpx 0.879711 -tpy 0.516274 -tpz -0.349077 -a 0 -fd 1 -fl 0.035
 -cpx 0.113058 -cpy 0.0591643 -cpz 0.101803 -tpx 0.453625 -tpy 0.918448 -tpz 0.483438 -a 0 -fd 1 -fl 0.035
 -cpx 0.173961 -cpy 0.173742 -cpz 0.183826 -tpx 0.570704 -tpy 0.92013 -tpz 0.718147 -a 0 -fd 1 -fl 0.035
 -cpx 0.275926 -cpy 0.3653 -cpz 0.320851 -tpx 0.651976 -tpy 1.10869 -tpz 0.873989 -a 0 -fd 1 -fl 0.035
 -cpx 0.353437 -cpy 0.502409 -cpz 0.474262 -tpx 0.680214 -tpy 0.961523 -tpz 1.30036 -a 0 -fd 1 -fl 0.035
 -cpx 0.522836 -cpy 0.564601 -cpz 0.68834 -tpx 0.93686 -tpy 1.47448 -tpz 0.714792 -a 0 -fd 1 -fl 0.035
 -cpx 0.522836 -cpy 0.564601 -cpz 0.68834 -tpx 0.721783 -tpy 1.34159 -tpz 0.0910925 -a 0 -fd 1 -fl 0.035
 -cpx 0.401327 -cpy 0.564624 -cpz 0.647895 -tpx 0.600274 -tpy 1.34162 -tpz 0.050648 -a 0 -fd 1 -fl 0.035
 -cpx 0.154442 -cpy 0.564672 -cpz 0.573059 -tpx 0.413563 -tpy 1.01477 -tpz -0.281499 -a 0 -fd 1 -fl 0.035
 -cpx -0.0865482 -cpy 0.588289 -cpz 0.690169 -tpx 0.238458 -tpy 0.464852 -tpz -0.247453 -a 0 -fd 1 -fl 0.035
 -cpx -0.214181 -cpy 0.619386 -cpz 0.84054 -tpx 0.425033 -tpy 0.463645 -tpz 0.0874456 -a 0 -fd 1 -fl 0.035
 -cpx -0.455781 -cpy 0.641834 -cpz 0.731682 -tpx 0.424271 -tpy 0.503898 -tpz 0.277279 -a 0 -fd 1 -fl 0.035
 -cpx -0.637898 -cpy 0.656477 -cpz 0.671272 -tpx 0.328344 -tpy 0.566596 -tpz 0.42982 -a 0 -fd 1 -fl 0.035
 -cpx -0.826088 -cpy 0.658571 -cpz 0.485581 -tpx 0.173846 -tpy 0.650693 -tpz 0.493847 -a 0 -fd 1 -fl 0.035
 -cpx -0.961904 -cpy 0.655078 -cpz 0.295843 -tpx 0.0372829 -tpy 0.682072 -tpz 0.265881 -a 0 -fd 1 -fl 0.035
 -cpx -1.06726 -cpy 0.491698 -cpz 0.59662 -tpx -0.486732 -tpy 0.981509 -tpz -0.0538177 -a 0 -fd 1 -fl 0.035
 -cpx -0.933164 -cpy 0.476875 -cpz 0.605713 -tpx -0.266396 -tpy 0.300058 -tpz -0.118272 -a 0 -fd 1 -fl 0.035
 -cpx -0.859183 -cpy 0.441512 -cpz 0.595349 -tpx 0.035919 -tpy 0.0136496 -tpz 0.469943 -a 0 -fd 1 -fl 0.035
 -cpx -0.84435 -cpy 0.441537 -cpz 0.462727 -tpx 0.0948619 -tpy 0.127445 -tpz 0.60139 -a 0 -fd 1 -fl 0.035
 -cpx -0.551207 -cpy 0.358547 -cpz 0.346197 -tpx 0.315594 -tpy 0.0809925 -tpz 0.760466 -a 0 -fd 1 -fl 0.035
 -cpx -0.388387 -cpy 0.309274 -cpz 0.549747 -tpx 0.470317 -tpy -0.0165366 -tpz 0.154179 -a 0 -fd 1 -fl 0.035
 -cpx -0.284527 -cpy 0.309246 -cpz 0.649771 -tpx 0.375192 -tpy 0.384555 -tpz -0.0979577 -a 0 -fd 1 -fl 0.035
 -cpx -0.219265 -cpy 0.240079 -cpz 0.533767 -tpx 0.215817 -tpy -0.22103 -tpz -0.239591 -a 0 -fd 1 -fl 0.035
 -cpx -0.0431615 -cpy 0.240043 -cpz 0.568045 -tpx 0.056673 -tpy 0.000525415 -tpz -0.397701 -a 0 -fd 1 -fl 0.035
 -cpx -0.0572451 -cpy 0.178693 -cpz 0.720884 -tpx 0.0279585 -tpy 0.549851 -tpz -0.203768 -a 0 -fd 1 -fl 0.035
 -cpx -0.0342736 -cpy 0.061514 -cpz 0.619685 -tpx 0.0230022 -tpy 0.824151 -tpz -0.0246012 -a 0 -fd 1 -fl 0.035
 -cpx -0.11875 -cpy 0.0615322 -cpz 0.58207 -tpx 0.163383 -tpy 0.819786 -tpz -0.00568217 -a 0 -fd 1 -fl 0.035
 -cpx -0.240013 -cpy 0.0615597 -cpz 0.513497 -tpx 0.132771 -tpy 0.824924 -tpz -0.0140516 -a 0 -fd 1 -fl 0.035
 -cpx -0.292114 -cpy 0.061577 -cpz 0.442485 -tpx 0.232937 -tpy 0.820563 -tpz 0.0574386 -a 0 -fd 1 -fl 0.035
 -cpx -0.298975 -cpy 0.0615881 -cpz 0.386112 -tpx 0.425588 -tpy 0.745149 -tpz 0.298061 -a 0 -fd 1 -fl 0.035
 -cpx -0.0839016 -cpy 0.210624 -cpz 0.320557 -tpx 0.743583 -tpy 0.650652 -tpz -0.0282189 -a 0 -fd 1 -fl 0.035
 -cpx -0.00025433 -cpy 0.231842 -cpz 0.230559 -tpx 0.670606 -tpy 0.402016 -tpz -0.491236 -a 0 -fd 1 -fl 0.035
 -cpx 0.0977079 -cpy 0.218002 -cpz 0.163159 -tpx 0.916028 -tpy 0.102392 -tpz -0.399857 -a 0 -fd 1 -fl 0.035
 -cpx 0.159421 -cpy 0.214202 -cpz 0.125482 -tpx 1.09107 -tpy 0.258069 -tpz 0.486184 -a 0 -fd 1 -fl 0.035
 -cpx 0.208507 -cpy 0.21422 -cpz 0.0457015 -tpx 1.04035 -tpy 0.245722 -tpz 0.599825 -a 0 -fd 1 -fl 0.035
 -cpx 0.253836 -cpy 0.175256 -cpz -0.0148063 -tpx 0.786783 -tpy -0.282853 -tpz -0.726215 -a 0 -fd 1 -fl 0.035
 -cpx 0.257746 -cpy 0.17124 -cpz -0.152104 -tpx -0.486486 -tpy 0.238697 -tpz -0.81661 -a 0 -fd 1 -fl 0.035
 -cpx 0.0551104 -cpy 0.180232 -cpz -0.228006 -tpx -0.0642098 -tpy 0.217356 -tpz -1.22017 -a 0 -fd 1 -fl 0.035
 -cpx -0.0159972 -cpy 0.189587 -cpz -0.482241 -tpx 0.696103 -tpy 0.890201 -tpz -0.527555 -a 0 -fd 1 -fl 0.035
 -cpx 0.0854604 -cpy 0.238895 -cpz -0.382421 -tpx 0.414315 -tpy 0.539077 -tpz 0.512981 -a 0 -fd 1 -fl 0.035
 -cpx 0.117891 -cpy 0.269267 -cpz -0.293501 -tpx 0.444145 -tpy 0.57481 -tpz 0.601039 -a 0 -fd 1 -fl 0.035
 -cpx 0.217734 -cpy 0.307628 -cpz -0.202711 -tpx 0.543989 -tpy 0.613171 -tpz 0.691829 -a 0 -fd 1 -fl 0.035
 -cpx 0.334969 -cpy 0.361216 -cpz -0.0677559 -tpx 0.661223 -tpy 0.666759 -tpz 0.826784 -a 0 -fd 1 -fl 0.035
 -cpx 0.444457 -cpy 0.38674 -cpz -0.0230845 -tpx 0.770712 -tpy 0.692284 -tpz 0.871455 -a 0 -fd 1 -fl 0.035
 -cpx 0.558754 -cpy 0.386764 -cpz -0.0581974 -tpx 0.820801 -tpy 0.521364 -tpz 0.897425 -a 0 -fd 1 -fl 0.035
 -cpx 0.558754 -cpy 0.386764 -cpz -0.0581974 -tpx -0.19336 -tpy 0.414895 -tpz 0.600235 -a 0 -fd 1 -fl 0.035
 -cpx 0.487698 -cpy 0.381172 -cpz 0.0617183 -tpx 0.447912 -tpy 0.441893 -tpz -0.935643 -a 0 -fd 1 -fl 0.035
 -cpx 0.487698 -cpy 0.381172 -cpz 0.0617183 -tpx 1.03011 -tpy 0.859178 -tpz -0.629149 -a 0 -fd 1 -fl 0.035
 -cpx 0.393376 -cpy 0.29805 -cpz 0.181855 -tpx 0.93579 -tpy 0.776057 -tpz -0.509013 -a 0 -fd 1 -fl 0.035
 -cpx 0.297829 -cpy 0.284871 -cpz 0.109301 -tpx 0.169838 -tpy 0.130253 -tpz -0.870347 -a 0 -fd 1 -fl 0.035
 -cpx 0.217392 -cpy 0.316987 -cpz -0.169184 -tpx -0.378815 -tpy 0.509291 -tpz -0.948644 -a 0 -fd 1 -fl 0.035
 -cpx 0.0947766 -cpy 0.355284 -cpz -0.238055 -tpx 0.810251 -tpy 0.302443 -tpz 0.458583 -a 0 -fd 1 -fl 0.035
 -cpx 0.327775 -cpy 0.356561 -cpz -0.123976 -tpx 0.941799 -tpy 0.417284 -tpz 0.662971 -a 0 -fd 1 -fl 0.035
 -cpx 0.400641 -cpy 0.538244 -cpz 0.0914173 -tpx 0.989935 -tpy 1.09887 -tpz 0.673167 -a 0 -fd 1 -fl 0.035
 -cpx 0.44594 -cpy 0.538266 -cpz -0.002513 -tpx 1.32501 -tpy 0.741605 -tpz 0.428634 -a 0 -fd 1 -fl 0.035
 -cpx 0.57605 -cpy 0.513018 -cpz 0.109102 -tpx 1.32694 -tpy 0.367305 -tpz 0.753255 -a 0 -fd 1 -fl 0.035
 -cpx 0.697173 -cpy 0.489513 -cpz 0.213008 -tpx 1.44806 -tpy 0.343801 -tpz 0.85716 -a 0 -fd 1 -fl 0.035
 -cpx 0.697173 -cpy 0.489513 -cpz 0.213008 -tpx 1.44806 -tpy 0.343801 -tpz 0.85716 -a 0 -fd 1 -fl 0.035
 -cpx 0.847327 -cpy 0.460375 -cpz 0.341818 -tpx 1.59822 -tpy 0.314663 -tpz 0.985971 -a 0 -fd 1 -fl 0.035
 -cpx 0.885532 -cpy 0.452962 -cpz 0.374592 -tpx 1.63642 -tpy 0.307249 -tpz 1.01874 -a 0 -fd 1 -fl 0.035
 -cpx 1.06865 -cpy 0.429705 -cpz 0.403857 -tpx 1.81954 -tpy 0.283993 -tpz 1.04801 -a 0 -fd 1 -fl 0.035
 -cpx 1.20828 -cpy 0.412983 -cpz 0.415642 -tpx 1.95917 -tpy 0.267271 -tpz 1.05979 -a 0 -fd 1 -fl 0.035
 -cpx 1.2831 -cpy 0.398464 -cpz 0.479825 -tpx 2.03399 -tpy 0.252752 -tpz 1.12398 -a 0 -fd 1 -fl 0.035
 -cpx 1.2831 -cpy 0.398464 -cpz 0.479825 -tpx 0.497893 -tpy 0.374858 -tpz 1.0986 -a 0 -fd 1 -fl 0.035
