 -cpx 0 -cpy 1 -cpz 3 -tpx 0 -tpy 1 -tpz 2 -a 0 -fd 1 -fl 0.035
 -cpx 0.884595 -cpy 1.19018 -cpz -0.0543841 -tpx -0.109327 -tpy 1.24753 -tpz 0.0395889 -a 0 -fd 1 -fl 0.035
 -cpx 0.884595 -cpy 1.19018 -cpz -0.0543841 -tpx 0.0467814 -tpy 0.830548 -tpz -0.46516 -a 0 -fd 1 -fl 0.035
 -cpx 0.823439 -cpy 1.24364 -cpz 0.105647 -tpx 0.289624 -tpy 0.502512 -tpz -0.301509 -a 0 -fd 1 -fl 0.035
 -cpx 0.737951 -cpy 1.34693 -cpz 0.228551 -tpx 0.518435 -tpy 0.404567 -tpz -0.0239715 -a 0 -fd 1 -fl 0.035
 -cpx 0.70959 -cpy 1.24969 -cpz 0.175019 -tpx 0.462032 -tpy 0.40094 -tpz -0.292246 -a 0 -fd 1 -fl 0.035
 -cpx 0.69503 -cpy 1.17387 -cpz 0.0984681 -tpx 0.561121 -tpy 0.476482 -tpz -0.605606 -a 0 -fd 1 -fl 0.035
 -cpx 0.702331 -cpy 1.11558 -cpz 0.0143358 -tpx 0.773477 -tpy 0.547544 -tpz -0.805586 -a 0 -fd 1 -fl 0.035
 -cpx 0.744063 -cpy 1.07877 -cpz -0.0939626 -tpx 1.08681 -tpy 0.776459 -tpz -0.983418 -a 0 -fd 1 -fl 0.035
 -cpx 0.821634 -cpy 1.07925 -cpz -0.210241 -tpx 1.37659 -tpy 1.08263 -tpz -1.04212 -a 0 -fd 1 -fl 0.035
 -cpx 0.821634 -cpy 1.07925 -cpz -0.210241 -tpx 1.22809 -tpy 1.44622 -tpz -1.04698 -a 0 -fd 1 -fl 0.035
 -cpx 0.870548 -cpy 1.12341 -cpz -0.310937 -tpx 0.954154 -tpy 1.73327 -tpz -1.09903 -a 0 -fd 1 -fl 0.035
 -cpx 0.880995 -cpy 1.19962 -cpz -0.409415 -tpx 0.973004 -tpy 1.97091 -tpz -1.0392 -a 0 -fd 1 -fl 0.035
 -cpx 0.895256 -cpy 1.31916 -cpz -0.507025 -tpx 0.944216 -tpy 2.19084 -tpz -0.99464 -a 0 -fd 1 -fl 0.035
 -cpx 0.899601 -cpy 1.39652 -cpz -0.550301 -tpx 0.948562 -tpy 2.26821 -tpz -1.03792 -a 0 -fd 1 -fl 0.035
 -cpx 0.796537 -cpy 1.39652 -cpz -0.640888 -tpx 0.994895 -tpy 2.35032 -tpz -0.866556 -a 0 -fd 1 -fl 0.035
 -cpx 0.796537 -cpy 1.39652 -cpz -0.640888 -tpx 1.11977 -tpy 2.23562 -tpz -0.20336 -a 0 -fd 1 -fl 0.035
 -cpx 0.796537 -cpy 1.39652 -cpz -0.640888 -tpx 0.997192 -tpy 1.62621 -tpz 0.311468 -a 0 -fd 1 -fl 0.035
 -cpx 0.796537 -cpy 1.39652 -cpz -0.640888 -tpx 1.37964 -tpy 1.29657 -tpz 0.165338 -a 0 -fd 1 -fl 0.035
 -cpx 0.693223 -cpy 1.39652 -cpz -0.566167 -tpx 1.42718 -tpy 1.27644 -tpz 0.102333 -a 0 -fd 1 -fl 0.035
 -cpx 0.603788 -cpy 1.39652 -cpz -0.425597 -tpx 1.43735 -tpy 1.2419 -tpz 0.104743 -a 0 -fd 1 -fl 0.035
 -cpx 0.519914 -cpy 1.39652 -cpz -0.328312 -tpx 1.2395 -tpy 1.1028 -tpz 0.300914 -a 0 -fd 1 -fl 0.035
 -cpx 0.448602 -cpy 1.39651 -cpz -0.242959 -tpx 1.04773 -tpy 0.771624 -tpz 0.257596 -a 0 -fd 1 -fl 0.035
 -cpx 0.403712 -cpy 1.39651 -cpz -0.116712 -tpx 1.25167 -tpy 0.960542 -tpz 0.184792 -a 0 -fd 1 -fl 0.035
 -cpx 0.328692 -cpy 1.39651 -cpz -0.0112689 -tpx 0.744695 -tpy 0.536652 -tpz 0.284683 -a 0 -fd 1 -fl 0.035
 -cpx 0.246982 -cpy 1.39651 -cpz 0.103577 -tpx 0.662985 -tpy 0.536649 -tpz 0.399529 -a 0 -fd 1 -fl 0.035
 -cpx 0.196306 -cpy 1.3965 -cpz 0.174804 -tpx 0.612309 -tpy 0.536647 -tpz 0.470757 -a 0 -fd 1 -fl 0.035
 -cpx 0.125592 -cpy 1.3965 -cpz 0.274195 -tpx 0.541595 -tpy 0.536644 -tpz 0.570148 -a 0 -fd 1 -fl 0.035
 -cpx 0.125592 -cpy 1.3965 -cpz 0.274195 -tpx 0.139654 -tpy 0.396669 -tpz 0.285914 -a 0 -fd 1 -fl 0.035
 -cpx 0.228945 -cpy 1.56352 -cpz 0.145723 -tpx 0.243007 -tpy 0.563686 -tpz 0.157442 -a 0 -fd 1 -fl 0.035
 -cpx 0.352488 -cpy 1.69732 -cpz 0.0942572 -tpx 0.345418 -tpy 0.697474 -tpz 0.0780376 -a 0 -fd 1 -fl 0.035
 -cpx 0.476725 -cpy 1.79787 -cpz 0.0453683 -tpx 0.470925 -tpy 0.797987 -tpz 0.0310547 -a 0 -fd 1 -fl 0.035
 -cpx 0.594519 -cpy 1.90361 -cpz 0.0144164 -tpx 0.591044 -tpy 0.903699 -tpz 0.00168776 -a 0 -fd 1 -fl 0.035
 -cpx 0.710451 -cpy 1.90362 -cpz 0.0051911 -tpx 0.713534 -tpy 0.904358 -tpz 0.043612 -a 0 -fd 1 -fl 0.035
 -cpx 0.710364 -cpy 1.95607 -cpz 0.00299219 -tpx 0.702558 -tpy 0.956104 -tpz 0.005428 -a 0 -fd 1 -fl 0.035
 -cpx 0.710364 -cpy 1.95607 -cpz 0.00299219 -tpx 0.436192 -tpy 1.01561 -tpz -0.197897 -a 0 -fd 1 -fl 0.035
 -cpx 0.687314 -cpy 1.877 -cpz -0.0138968 -tpx 0.412241 -tpy 0.93654 -tpz -0.21355 -a 0 -fd 1 -fl 0.035
 -cpx 0.687314 -cpy 1.877 -cpz -0.0138968 -tpx 0.0675365 -tpy 1.19263 -tpz -0.397966 -a 0 -fd 1 -fl 0.035
 -cpx 0.650819 -cpy 1.80968 -cpz -0.164564 -tpx -0.0905482 -tpy 1.20073 -tpz -0.446605 -a 0 -fd 1 -fl 0.035
 -cpx 0.675895 -cpy 1.80968 -cpz -0.288006 -tpx -0.156594 -tpy 1.28115 -tpz -0.454187 -a 0 -fd 1 -fl 0.035
 -cpx 0.681275 -cpy 1.80968 -cpz -0.393447 -tpx -0.206988 -tpy 1.35257 -tpz -0.438594 -a 0 -fd 1 -fl 0.035
 -cpx 0.687672 -cpy 1.80967 -cpz -0.480565 -tpx -0.198323 -tpy 1.35056 -tpz -0.54561 -a 0 -fd 1 -fl 0.035
 -cpx 0.678365 -cpy 1.80967 -cpz -0.600483 -tpx -0.220357 -tpy 1.37674 -tpz -0.530722 -a 0 -fd 1 -fl 0.035
 -cpx 0.670004 -cpy 1.80967 -cpz -0.708209 -tpx -0.228718 -tpy 1.37673 -tpz -0.638449 -a 0 -fd 1 -fl 0.035
 -cpx 0.670004 -cpy 1.80967 -cpz -0.708209 -tpx -0.328549 -tpy 1.80067 -tpz -0.761229 -a 0 -fd 1 -fl 0.035
 -cpx 0.603126 -cpy 1.80907 -cpz -0.71176 -tpx -0.394822 -tpy 1.83944 -tpz -0.768127 -a 0 -fd 1 -fl 0.035
 -cpx 0.603126 -cpy 1.80907 -cpz -0.71176 -tpx -0.243013 -tpy 1.95035 -tpz -1.22566 -a 0 -fd 1 -fl 0.035
 -cpx 0.466903 -cpy 1.80907 -cpz -0.608518 -tpx -0.0847597 -tpy 2.07798 -tpz -1.39805 -a 0 -fd 1 -fl 0.035
 -cpx 0.317056 -cpy 1.80907 -cpz -0.632123 -tpx 0.467272 -tpy 2.07039 -tpz -1.58562 -a 0 -fd 1 -fl 0.035
 -cpx 0.173577 -cpy 1.80908 -cpz -0.720645 -tpx 0.687628 -tpy 2.03329 -tpz -1.54858 -a 0 -fd 1 -fl 0.035
 -cpx 0.0487168 -cpy 1.77021 -cpz -0.638274 -tpx 0.856605 -tpy 2.02173 -tpz -1.17124 -a 0 -fd 1 -fl 0.035
 -cpx -0.141259 -cpy 1.77021 -cpz -0.798423 -tpx 0.415013 -tpy 2.07254 -tpz -1.57248 -a 0 -fd 1 -fl 0.035
 -cpx -0.141259 -cpy 1.77021 -cpz -0.798423 -tpx 0.415013 -tpy 2.07254 -tpz -1.57248 -a 0 -fd 1 -fl 0.035
 -cpx -0.141259 -cpy 1.77021 -cpz -0.798423 -tpx 0.146391 -tpy 2.27467 -tpz -1.61253 -a 0 -fd 1 -fl 0.035
 -cpx -0.141259 -cpy 1.77021 -cpz -0.798423 -tpx 0.0350238 -tpy 2.47403 -tpz -1.48658 -a 0 -fd 1 -fl 0.035
 -cpx -0.141259 -cpy 1.77021 -cpz -0.798423 -tpx -0.00123756 -tpy 2.17866 -tpz -1.7004 -a 0 -fd 1 -fl 0.035
 -cpx -0.128071 -cpy 1.79056 -cpz -0.882754 -tpx 0.022226 -tpy 2.02244 -tpz -1.84382 -a 0 -fd 1 -fl 0.035
 -cpx -0.115526 -cpy 1.80932 -cpz -0.981891 -tpx 0.00786388 -tpy 1.99389 -tpz -1.95694 -a 0 -fd 1 -fl 0.035
 -cpx -0.113259 -cpy 1.81519 -cpz -1.0396 -tpx -0.0742188 -tpy 1.91628 -tpz -2.03372 -a 0 -fd 1 -fl 0.035
 -cpx -0.113259 -cpy 1.81519 -cpz -1.0396 -tpx 0.543887 -tpy 1.26206 -tpz -1.55166 -a 0 -fd 1 -fl 0.035
 -cpx -0.113259 -cpy 1.81519 -cpz -1.0396 -tpx 0.463547 -tpy 1.02424 -tpz -1.24378 -a 0 -fd 1 -fl 0.035
 -cpx -0.0591597 -cpy 1.72383 -cpz -1.02718 -tpx 0.446889 -tpy 0.869182 -tpz -0.911012 -a 0 -fd 1 -fl 0.035
 -cpx -0.00286963 -cpy 1.61449 -cpz -0.995176 -tpx 0.440091 -tpy 0.754054 -tpz -0.743298 -a 0 -fd 1 -fl 0.035
 -cpx -0.00286963 -cpy 1.61449 -cpz -0.995176 -tpx 0.312769 -tpy 0.736271 -tpz -0.635857 -a 0 -fd 1 -fl 0.035
 -cpx -0.00286963 -cpy 1.61449 -cpz -0.995176 -tpx 0.0443396 -tpy 0.66952 -tpz -0.671433 -a 0 -fd 1 -fl 0.035
 -cpx -0.116224 -cpy 1.61448 -cpz -0.979307 -tpx -0.0708366 -tpy 0.669516 -tpz -0.655304 -a 0 -fd 1 -fl 0.035
 -cpx -0.212238 -cpy 1.61448 -cpz -0.965865 -tpx -0.166851 -tpy 0.669513 -tpz -0.641862 -a 0 -fd 1 -fl 0.035
 -cpx -0.307578 -cpy 1.61448 -cpz -0.952518 -tpx -0.262191 -tpy 0.66951 -tpz -0.628514 -a 0 -fd 1 -fl 0.035
 -cpx -0.315569 -cpy 1.78084 -cpz -1.00956 -tpx -0.270181 -tpy 0.835873 -tpz -0.685556 -a 0 -fd 1 -fl 0.035
 -cpx -0.315569 -cpy 1.78084 -cpz -1.00956 -tpx -0.425124 -tpy 0.864538 -tpz -0.624344 -a 0 -fd 1 -fl 0.035
 -cpx -0.431277 -cpy 1.74832 -cpz -0.975295 -tpx -1.35709 -tpy 1.4881 -tpz -0.701142 -a 0 -fd 1 -fl 0.035
 -cpx -0.431277 -cpy 1.74832 -cpz -0.975295 -tpx -0.932153 -tpy 0.911062 -tpz -0.755922 -a 0 -fd 1 -fl 0.035
 -cpx -0.487643 -cpy 1.65034 -cpz -0.965956 -tpx -0.98461 -tpy 0.786484 -tpz -0.883616 -a 0 -fd 1 -fl 0.035
 -cpx -0.537733 -cpy 1.55295 -cpz -0.956027 -tpx -0.993241 -tpy 0.667308 -tpz -0.865728 -a 0 -fd 1 -fl 0.035
 -cpx -0.622208 -cpy 1.55295 -cpz -0.992846 -tpx -0.748218 -tpy 0.604002 -tpz -0.703663 -a 0 -fd 1 -fl 0.035
 -cpx -0.714613 -cpy 1.55294 -cpz -0.978849 -tpx -0.712512 -tpy 0.553038 -tpz -0.96521 -a 0 -fd 1 -fl 0.035
 -cpx -0.714807 -cpy 1.64554 -cpz -0.980112 -tpx -0.712707 -tpy 0.64564 -tpz -0.966473 -a 0 -fd 1 -fl 0.035
 -cpx -0.715409 -cpy 1.93226 -cpz -0.984023 -tpx -0.713309 -tpy 0.932354 -tpz -0.970384 -a 0 -fd 1 -fl 0.035
 -cpx -0.602811 -cpy 1.93226 -cpz -1.00108 -tpx -0.60071 -tpy 0.932358 -tpz -0.98744 -a 0 -fd 1 -fl 0.035
 -cpx -0.602811 -cpy 1.93226 -cpz -1.00108 -tpx -0.638274 -tpy 1.07996 -tpz -0.479235 -a 0 -fd 1 -fl 0.035
 -cpx -0.602811 -cpy 1.93226 -cpz -1.00108 -tpx -0.96942 -tpy 1.37538 -tpz -0.255772 -a 0 -fd 1 -fl 0.035
 -cpx -0.602811 -cpy 1.93226 -cpz -1.00108 -tpx -1.3663 -tpy 1.82447 -tpz -0.364321 -a 0 -fd 1 -fl 0.035
 -cpx -0.681391 -cpy 1.94467 -cpz -0.968962 -tpx -1.59733 -tpy 2.08928 -tpz -0.594601 -a 0 -fd 1 -fl 0.035
 -cpx -0.785238 -cpy 1.95973 -cpz -0.967807 -tpx -1.77483 -tpy 2.10323 -tpz -0.956798 -a 0 -fd 1 -fl 0.035
 -cpx -0.900441 -cpy 1.97545 -cpz -1.01089 -tpx -1.82953 -tpy 2.10223 -tpz -1.35835 -a 0 -fd 1 -fl 0.035
 -cpx -0.970656 -cpy 1.98069 -cpz -0.998271 -tpx -1.96774 -tpy 2.05487 -tpz -0.980445 -a 0 -fd 1 -fl 0.035
 -cpx -0.970656 -cpy 1.98069 -cpz -0.998271 -tpx -1.45315 -tpy 1.84163 -tpz -0.13348 -a 0 -fd 1 -fl 0.035
 -cpx -0.970656 -cpy 1.98069 -cpz -0.998271 -tpx -1.19944 -tpy 1.76196 -tpz -0.0496827 -a 0 -fd 1 -fl 0.035
 -cpx -0.970656 -cpy 1.98069 -cpz -0.998271 -tpx -1.12803 -tpy 1.751 -tpz -0.0378142 -a 0 -fd 1 -fl 0.035
 -cpx -0.970656 -cpy 1.98069 -cpz -0.998271 -tpx -0.691276 -tpy 1.63579 -tpz -0.102174 -a 0 -fd 1 -fl 0.035
 -cpx -0.959361 -cpy 1.96945 -cpz -0.959056 -tpx -0.642474 -tpy 1.39402 -tpz -0.205094 -a 0 -fd 1 -fl 0.035
 -cpx -0.843327 -cpy 1.75304 -cpz -0.811783 -tpx -0.470387 -tpy 0.965524 -tpz -0.321128 -a 0 -fd 1 -fl 0.035
 -cpx -0.924757 -cpy 1.75303 -cpz -0.733675 -tpx -0.505487 -tpy 0.957268 -tpz -0.296662 -a 0 -fd 1 -fl 0.035
 -cpx -0.876679 -cpy 1.66178 -cpz -0.683563 -tpx -0.45741 -tpy 0.866018 -tpz -0.24655 -a 0 -fd 1 -fl 0.035
 -cpx -0.809437 -cpy 1.58256 -cpz -0.620507 -tpx -0.256193 -tpy 0.930816 -tpz -0.101713 -a 0 -fd 1 -fl 0.035
 -cpx -0.752217 -cpy 1.51515 -cpz -0.566851 -tpx -0.198973 -tpy 0.863409 -tpz -0.0480562 -a 0 -fd 1 -fl 0.035
 -cpx -0.690902 -cpy 1.44292 -cpz -0.509353 -tpx -0.137658 -tpy 0.791176 -tpz 0.00944138 -a 0 -fd 1 -fl 0.035
 -cpx -0.639256 -cpy 1.38208 -cpz -0.460924 -tpx -0.0860125 -tpy 0.730335 -tpz 0.0578707 -a 0 -fd 1 -fl 0.035
 -cpx -0.639256 -cpy 1.38208 -cpz -0.460924 -tpx -0.167047 -tpy 0.611496 -tpz -0.0328868 -a 0 -fd 1 -fl 0.035
 -cpx -0.570582 -cpy 1.38209 -cpz -0.536671 -tpx -0.098373 -tpy 0.611504 -tpz -0.108633 -a 0 -fd 1 -fl 0.035
 -cpx -0.521923 -cpy 1.30268 -cpz -0.492563 -tpx -0.049714 -tpy 0.532099 -tpz -0.0645261 -a 0 -fd 1 -fl 0.035
 -cpx -0.472141 -cpy 1.22145 -cpz -0.447438 -tpx 6.83963e-05 -tpy 0.45086 -tpz -0.0194005 -a 0 -fd 1 -fl 0.035
 -cpx -0.463853 -cpy 1.20792 -cpz -0.439925 -tpx -0.330769 -tpy 0.748796 -tpz 0.438421 -a 0 -fd 1 -fl 0.035
 -cpx -0.463853 -cpy 1.20792 -cpz -0.439925 -tpx -1.30639 -tpy 1.12588 -tpz 0.0924289 -a 0 -fd 1 -fl 0.035
 -cpx -0.463853 -cpy 1.20792 -cpz -0.439925 -tpx -1.40596 -tpy 1.29667 -tpz -0.116579 -a 0 -fd 1 -fl 0.035
 -cpx -0.463853 -cpy 1.20792 -cpz -0.439925 -tpx -1.39975 -tpy 1.46813 -tpz -0.202471 -a 0 -fd 1 -fl 0.035
 -cpx -0.463853 -cpy 1.20792 -cpz -0.439925 -tpx -1.33116 -tpy 1.52413 -tpz -0.0554993 -a 0 -fd 1 -fl 0.035
 -cpx -0.463853 -cpy 1.20792 -cpz -0.439925 -tpx -1.24805 -tpy 1.59571 -tpz 0.0444771 -a 0 -fd 1 -fl 0.035
 -cpx -0.463853 -cpy 1.20792 -cpz -0.439925 -tpx -1.13261 -tpy 1.58323 -tpz 0.201875 -a 0 -fd 1 -fl 0.035
 -cpx -0.463853 -cpy 1.20792 -cpz -0.439925 -tpx -1.124 -tpy 1.95729 -tpz -0.491431 -a 0 -fd 1 -fl 0.035
 -cpx -0.463853 -cpy 1.20792 -cpz -0.439925 -tpx -1.10267 -tpy 1.8115 -tpz -0.917003 -a 0 -fd 1 -fl 0.035
 -cpx -0.463853 -cpy 1.20792 -cpz -0.439925 -tpx -0.467149 -tpy 1.90044 -tpz -1.16131 -a 0 -fd 1 -fl 0.035
 -cpx -0.463853 -cpy 1.20792 -cpz -0.439925 -tpx -0.246821 -tpy 1.54645 -tpz -1.35551 -a 0 -fd 1 -fl 0.035
 -cpx -0.463853 -cpy 1.20792 -cpz -0.439925 -tpx -0.62926 -tpy 1.47029 -tpz -1.39061 -a 0 -fd 1 -fl 0.035
 -cpx -0.463853 -cpy 1.20792 -cpz -0.439925 -tpx -0.0708922 -tpy 1.60296 -tpz -1.2703 -a 0 -fd 1 -fl 0.035
 -cpx -0.463853 -cpy 1.20792 -cpz -0.439925 -tpx 0.33042 -tpy 1.58323 -tpz -0.917706 -a 0 -fd 1 -fl 0.035
 -cpx -0.463853 -cpy 1.20792 -cpz -0.439925 -tpx 0.214378 -tpy 1.91252 -tpz -0.648603 -a 0 -fd 1 -fl 0.035
 -cpx -0.463853 -cpy 1.20792 -cpz -0.439925 -tpx 0.317574 -tpy 1.72782 -tpz -0.0948451 -a 0 -fd 1 -fl 0.035
 -cpx -0.463853 -cpy 1.20792 -cpz -0.439925 -tpx 0.152065 -tpy 1.91888 -tpz -0.100532 -a 0 -fd 1 -fl 0.035
 -cpx -0.463853 -cpy 1.20792 -cpz -0.439925 -tpx 0.231341 -tpy 1.56123 -tpz 0.186076 -a 0 -fd 1 -fl 0.035
 -cpx -0.438364 -cpy 1.31032 -cpz -0.370448 -tpx -0.236621 -tpy 2.12081 -tpz 0.17947 -a 0 -fd 1 -fl 0.035
 -cpx -0.438364 -cpy 1.31032 -cpz -0.370448 -tpx 0.302926 -tpy 1.94742 -tpz -0.159293 -a 0 -fd 1 -fl 0.035
 -cpx -0.442077 -cpy 1.3103 -cpz -0.231695 -tpx 0.420723 -tpy 1.81475 -tpz -0.265062 -a 0 -fd 1 -fl 0.035
 -cpx -0.210549 -cpy 1.31034 -cpz -0.0975113 -tpx -0.906299 -tpy 1.03493 -tpz 0.565876 -a 0 -fd 1 -fl 0.035
 -cpx -0.3294 -cpy 1.29959 -cpz -0.0577535 -tpx -1.27428 -tpy 1.21418 -tpz 0.258326 -a 0 -fd 1 -fl 0.035
 -cpx -0.3294 -cpy 1.29959 -cpz -0.0577535 -tpx -1.24506 -tpy 1.06114 -tpz 0.265848 -a 0 -fd 1 -fl 0.035
 -cpx -0.293456 -cpy 1.29961 -cpz 0.0441215 -tpx -1.27046 -tpy 1.08966 -tpz 0.0814653 -a 0 -fd 1 -fl 0.035
 -cpx -0.308205 -cpy 1.29962 -cpz 0.194123 -tpx -1.27348 -tpy 1.06227 -tpz 0.0850275 -a 0 -fd 1 -fl 0.035
 -cpx -0.397874 -cpy 1.29964 -cpz 0.305618 -tpx -1.15361 -tpy 1.05573 -tpz -0.30214 -a 0 -fd 1 -fl 0.035
 -cpx -0.541375 -cpy 1.4024 -cpz 0.214216 -tpx -1.26334 -tpy 1.91942 -tpz -0.245638 -a 0 -fd 1 -fl 0.035
 -cpx -0.541375 -cpy 1.4024 -cpz 0.214216 -tpx 0.0283061 -tpy 1.41251 -tpz -0.607588 -a 0 -fd 1 -fl 0.035
 -cpx -0.603976 -cpy 1.40241 -cpz 0.144949 -tpx 0.165632 -tpy 1.38552 -tpz -0.493344 -a 0 -fd 1 -fl 0.035
 -cpx -0.651692 -cpy 1.40243 -cpz 0.0557111 -tpx 0.230065 -tpy 1.38778 -tpz -0.415765 -a 0 -fd 1 -fl 0.035
 -cpx -0.651692 -cpy 1.40243 -cpz 0.0557111 -tpx 0.28258 -tpy 1.61783 -tpz -0.228431 -a 0 -fd 1 -fl 0.035
 -cpx -0.672421 -cpy 1.40244 -cpz -0.0231531 -tpx 0.278475 -tpy 1.59692 -tpz -0.263928 -a 0 -fd 1 -fl 0.035
 -cpx -0.672421 -cpy 1.40244 -cpz -0.0231531 -tpx 0.224365 -tpy 1.84345 -tpz -0.058897 -a 0 -fd 1 -fl 0.035
 -cpx -0.575834 -cpy 1.44597 -cpz 0.173997 -tpx 0.320953 -tpy 1.88699 -tpz 0.138253 -a 0 -fd 1 -fl 0.035
 -cpx -0.541878 -cpy 1.44596 -cpz 0.300865 -tpx 0.331719 -tpy 1.87279 -tpz 0.0670988 -a 0 -fd 1 -fl 0.035
 -cpx -0.464439 -cpy 1.52554 -cpz 0.275113 -tpx 0.214904 -tpy 2.22373 -tpz 0.0492089 -a 0 -fd 1 -fl 0.035
 -cpx -0.373952 -cpy 1.58006 -cpz 0.274665 -tpx 0.482596 -tpy 2.09611 -tpz 0.270425 -a 0 -fd 1 -fl 0.035
 -cpx -0.105384 -cpy 1.66705 -cpz 0.527737 -tpx 0.635886 -tpy 1.76363 -tpz -0.136485 -a 0 -fd 1 -fl 0.035
 -cpx -0.446315 -cpy 1.66709 -cpz 0.506306 -tpx -0.384064 -tpy 1.79274 -tpz -0.483813 -a 0 -fd 1 -fl 0.035
 -cpx -0.446315 -cpy 1.66709 -cpz 0.506306 -tpx -0.427634 -tpy 1.52135 -tpz -0.482839 -a 0 -fd 1 -fl 0.035
 -cpx -0.610445 -cpy 1.71272 -cpz 0.611512 -tpx -0.501214 -tpy 1.3657 -tpz -0.319964 -a 0 -fd 1 -fl 0.035
 -cpx -0.643465 -cpy 1.7691 -cpz 0.708836 -tpx -0.361781 -tpy 1.28813 -tpz -0.121416 -a 0 -fd 1 -fl 0.035
 -cpx -0.769025 -cpy 1.76912 -cpz 0.623154 -tpx -0.276121 -tpy 1.232 -tpz -0.0613543 -a 0 -fd 1 -fl 0.035
 -cpx -0.850993 -cpy 1.85844 -cpz 0.736986 -tpx -0.35809 -tpy 1.32132 -tpz 0.0524775 -a 0 -fd 1 -fl 0.035
 -cpx -0.950504 -cpy 1.97108 -cpz 0.835691 -tpx -0.368054 -tpy 1.29826 -tpz 0.379551 -a 0 -fd 1 -fl 0.035
 -cpx -1.03024 -cpy 2.06222 -cpz 0.886029 -tpx -0.422236 -tpy 1.36724 -tpz 0.502182 -a 0 -fd 1 -fl 0.035
 -cpx -1.00152 -cpy 1.95141 -cpz 0.709653 -tpx -1.07756 -tpy 1.82349 -tpz -0.279213 -a 0 -fd 1 -fl 0.035
 -cpx -0.917367 -cpy 1.98204 -cpz 0.570761 -tpx -0.917578 -tpy 2.10658 -tpz -0.421453 -a 0 -fd 1 -fl 0.035
 -cpx -0.987904 -cpy 1.98205 -cpz 0.49948 -tpx -0.279432 -tpy 1.90113 -tpz -0.201604 -a 0 -fd 1 -fl 0.035
 -cpx -0.987904 -cpy 1.98205 -cpz 0.49948 -tpx -0.0847528 -tpy 1.87984 -tpz 0.0825014 -a 0 -fd 1 -fl 0.035
 -cpx -0.902667 -cpy 1.97459 -cpz 0.27872 -tpx -0.105877 -tpy 1.78007 -tpz 0.850812 -a 0 -fd 1 -fl 0.035
 -cpx -0.805215 -cpy 1.97461 -cpz 0.142999 -tpx 0.184692 -tpy 1.86792 -tpz 0.236286 -a 0 -fd 1 -fl 0.035
 -cpx -0.792293 -cpy 1.97462 -cpz 0.00589516 -tpx 0.197614 -tpy 1.86794 -tpz 0.0991824 -a 0 -fd 1 -fl 0.035
 -cpx -0.77216 -cpy 1.97465 -cpz -0.207715 -tpx 0.217747 -tpy 1.86797 -tpz -0.114428 -a 0 -fd 1 -fl 0.035
 -cpx -0.762746 -cpy 1.97466 -cpz -0.307599 -tpx 0.227161 -tpy 1.86798 -tpz -0.214312 -a 0 -fd 1 -fl 0.035
 -cpx -0.74988 -cpy 1.97468 -cpz -0.444107 -tpx 0.240028 -tpy 1.86799 -tpz -0.350819 -a 0 -fd 1 -fl 0.035
 -cpx -0.737137 -cpy 1.97469 -cpz -0.579307 -tpx 0.25277 -tpy 1.86801 -tpz -0.486019 -a 0 -fd 1 -fl 0.035
 -cpx -0.737137 -cpy 1.97469 -cpz -0.579307 -tpx 0.129185 -tpy 1.75706 -tpz -0.129725 -a 0 -fd 1 -fl 0.035
 -cpx -0.666276 -cpy 1.97471 -cpz -0.715844 -tpx 0.0685946 -tpy 1.63827 -tpz -0.126969 -a 0 -fd 1 -fl 0.035
 -cpx -0.51735 -cpy 1.94388 -cpz -0.712093 -tpx 0.170014 -tpy 1.69344 -tpz -0.0303226 -a 0 -fd 1 -fl 0.035
 -cpx -0.527364 -cpy 1.96334 -cpz -0.728635 -tpx -0.162377 -tpy 1.25395 -tpz -0.125684 -a 0 -fd 1 -fl 0.035
 -cpx -0.44592 -cpy 1.96336 -cpz -0.758372 -tpx -0.209665 -tpy 1.2453 -tpz -0.103715 -a 0 -fd 1 -fl 0.035
 -cpx -0.33233 -cpy 1.96337 -cpz -0.764606 -tpx -0.293178 -tpy 1.26195 -tpz -0.0529315 -a 0 -fd 1 -fl 0.035
 -cpx -0.228627 -cpy 1.96339 -cpz -0.781772 -tpx -0.0155923 -tpy 1.27818 -tpz -0.0852735 -a 0 -fd 1 -fl 0.035
 -cpx -0.0874605 -cpy 1.96341 -cpz -0.817314 -tpx 0.0570986 -tpy 1.38889 -tpz -0.0116862 -a 0 -fd 1 -fl 0.035
 -cpx 0.0347959 -cpy 1.98491 -cpz -0.596835 -tpx -0.550319 -tpy 1.19257 -tpz -0.424103 -a 0 -fd 1 -fl 0.035
 -cpx -0.0998205 -cpy 1.88526 -cpz 0.00933042 -tpx -0.315278 -tpy 0.944403 -tpz -0.252156 -a 0 -fd 1 -fl 0.035
 -cpx -0.245077 -cpy 1.75652 -cpz 0.0431181 -tpx -0.3803 -tpy 0.799402 -tpz -0.213083 -a 0 -fd 1 -fl 0.035
 -cpx -0.402166 -cpy 1.75654 -cpz 0.102988 -tpx -0.458726 -tpy 0.791364 -tpz -0.152406 -a 0 -fd 1 -fl 0.035
 -cpx -0.546443 -cpy 1.64457 -cpz 0.06653 -tpx -0.571755 -tpy 0.724256 -tpz -0.323827 -a 0 -fd 1 -fl 0.035
 -cpx -0.665681 -cpy 1.64459 -cpz 0.0742216 -tpx -0.690993 -tpy 0.724273 -tpz -0.316136 -a 0 -fd 1 -fl 0.035
 -cpx -0.770504 -cpy 1.6446 -cpz 0.0809833 -tpx -0.795817 -tpy 0.724288 -tpz -0.309374 -a 0 -fd 1 -fl 0.035
 -cpx -0.800585 -cpy 1.56527 -cpz -0.0695389 -tpx -0.974673 -tpy 1.10615 -tpz -0.940686 -a 0 -fd 1 -fl 0.035
 -cpx -0.804858 -cpy 1.51032 -cpz -0.119132 -tpx -0.862489 -tpy 0.769186 -tpz -0.788009 -a 0 -fd 1 -fl 0.035
 -cpx -0.894884 -cpy 1.51033 -cpz -0.11139 -tpx -0.952515 -tpy 0.769199 -tpz -0.780266 -a 0 -fd 1 -fl 0.035
 -cpx -0.891041 -cpy 1.41633 -cpz -0.165926 -tpx -0.855707 -tpy 0.551907 -tpz -0.66744 -a 0 -fd 1 -fl 0.035
 -cpx -0.769704 -cpy 1.41632 -cpz -0.19688 -tpx -0.891592 -tpy 0.517468 -tpz -0.617849 -a 0 -fd 1 -fl 0.035
 -cpx -0.790799 -cpy 1.27053 -cpz -0.262508 -tpx -0.931295 -tpy 0.361576 -tpz -0.655025 -a 0 -fd 1 -fl 0.035
 -cpx -0.814201 -cpy 1.11504 -cpz -0.329876 -tpx -0.950715 -tpy 0.206087 -tpz -0.723795 -a 0 -fd 1 -fl 0.035
 -cpx -0.922848 -cpy 1.11505 -cpz -0.302801 -tpx -1.00343 -tpy 0.209893 -tpz -0.720161 -a 0 -fd 1 -fl 0.035
 -cpx -0.932676 -cpy 1.00052 -cpz -0.356568 -tpx -0.860095 -tpy 0.136658 -tpz -0.855042 -a 0 -fd 1 -fl 0.035
 -cpx -0.926125 -cpy 0.922543 -cpz -0.401562 -tpx -0.779449 -tpy 0.0644031 -tpz -0.893582 -a 0 -fd 1 -fl 0.035
 -cpx -0.97753 -cpy 0.593805 -cpz -0.714813 -tpx -0.391508 -tpy -0.185314 -tpz -0.937414 -a 0 -fd 1 -fl 0.035
 -cpx -0.993637 -cpy 0.593821 -cpz -0.824581 -tpx -0.369604 -tpy -0.185298 -tpz -0.884211 -a 0 -fd 1 -fl 0.035
 -cpx -0.934531 -cpy 0.520028 -cpz -0.830202 -tpx -0.321813 -tpy -0.270247 -tpz -0.823783 -a 0 -fd 1 -fl 0.035
 -cpx -0.934531 -cpy 0.520028 -cpz -0.830202 -tpx -0.318484 -tpy -0.249121 -tpz -0.660212 -a 0 -fd 1 -fl 0.035
 -cpx -0.893126 -cpy 0.520048 -cpz -0.9584 -tpx -0.312065 -tpy -0.191717 -tpz -0.563736 -a 0 -fd 1 -fl 0.035
 -cpx -0.854611 -cpy 0.426633 -cpz -0.909155 -tpx -0.511968 -tpy -0.404426 -tpz -0.471048 -a 0 -fd 1 -fl 0.035
 -cpx -0.832484 -cpy 0.329328 -cpz -0.857702 -tpx -0.635397 -tpy -0.537352 -tpz -0.39942 -a 0 -fd 1 -fl 0.035
 -cpx -0.832484 -cpy 0.329328 -cpz -0.857702 -tpx -0.677276 -tpy -0.459567 -tpz -0.263097 -a 0 -fd 1 -fl 0.035
 -cpx -0.829264 -cpy 0.257882 -cpz -0.775749 -tpx -0.799663 -tpy -0.398969 -tpz -0.0223097 -a 0 -fd 1 -fl 0.035
 -cpx -0.841671 -cpy 0.143313 -cpz -0.664894 -tpx -0.919263 -tpy -0.573179 -tpz 0.0283732 -a 0 -fd 1 -fl 0.035
 -cpx -0.841671 -cpy 0.143313 -cpz -0.664894 -tpx -0.0293444 -tpy -0.419169 -tpz -0.81897 -a 0 -fd 1 -fl 0.035
 -cpx -0.875607 -cpy 0.143341 -cpz -0.843915 -tpx -0.0632802 -tpy -0.419141 -tpz -0.997991 -a 0 -fd 1 -fl 0.035
 -cpx -0.874627 -cpy 0.143356 -cpz -0.935806 -tpx 0.0142118 -tpy -0.314767 -tpz -0.926404 -a 0 -fd 1 -fl 0.035
 -cpx -0.884255 -cpy 0.143362 -cpz -0.980807 -tpx 0.033549 -tpy -0.204694 -tpz -0.789774 -a 0 -fd 1 -fl 0.035
 -cpx -0.801696 -cpy 0.142514 -cpz -0.935219 -tpx 0.0736729 -tpy 0.133518 -tpz -0.451848 -a 0 -fd 1 -fl 0.035
 -cpx -0.620126 -cpy 0.15191 -cpz -0.970148 -tpx 0.171927 -tpy 0.226098 -tpz -0.364221 -a 0 -fd 1 -fl 0.035
 -cpx -0.422342 -cpy 0.163692 -cpz -0.993503 -tpx 0.300703 -tpy 0.260298 -tpz -0.30949 -a 0 -fd 1 -fl 0.035
 -cpx -0.351128 -cpy 0.16371 -cpz -1.05754 -tpx 0.315199 -tpy 0.243508 -tpz -0.316161 -a 0 -fd 1 -fl 0.035
 -cpx -0.272398 -cpy 0.173138 -cpz -0.96994 -tpx 0.393929 -tpy 0.252936 -tpz -0.228563 -a 0 -fd 1 -fl 0.035
 -cpx -0.165567 -cpy 0.176285 -cpz -0.935683 -tpx 0.379502 -tpy 0.212286 -tpz -0.0980654 -a 0 -fd 1 -fl 0.035
 -cpx -0.0595681 -cpy 0.176307 -cpz -0.998221 -tpx 0.448413 -tpy 0.201064 -tpz -0.137209 -a 0 -fd 1 -fl 0.035
 -cpx 0.064764 -cpy 0.17848 -cpz -0.957329 -tpx 0.456496 -tpy 0.170614 -tpz -0.0372829 -a 0 -fd 1 -fl 0.035
 -cpx 0.102348 -cpy 0.179837 -cpz -0.842774 -tpx 0.414068 -tpy 0.191097 -tpz 0.107334 -a 0 -fd 1 -fl 0.035
 -cpx 0.102348 -cpy 0.179837 -cpz -0.842774 -tpx 0.0677145 -tpy 0.5583 -tpz 0.0821947 -a 0 -fd 1 -fl 0.035
 -cpx 0.102348 -cpy 0.179837 -cpz -0.842774 -tpx 0.170944 -tpy 1.00267 -tpz -0.278652 -a 0 -fd 1 -fl 0.035
 -cpx 0.102348 -cpy 0.179837 -cpz -0.842774 -tpx -0.0505833 -tpy 1.02441 -tpz -0.329633 -a 0 -fd 1 -fl 0.035
 -cpx 0.102348 -cpy 0.179837 -cpz -0.842774 -tpx -0.352306 -tpy 1.01401 -tpz -0.530621 -a 0 -fd 1 -fl 0.035
 -cpx 0.102348 -cpy 0.179837 -cpz -0.842774 -tpx -0.411623 -tpy 1.00075 -tpz -0.593913 -a 0 -fd 1 -fl 0.035
 -cpx 0.102348 -cpy 0.179837 -cpz -0.842774 -tpx -0.731029 -tpy 0.732047 -tpz -0.819376 -a 0 -fd 1 -fl 0.035
 -cpx 0.102348 -cpy 0.179837 -cpz -0.842774 -tpx -0.855682 -tpy 0.454161 -tpz -0.759561 -a 0 -fd 1 -fl 0.035
 -cpx 0.102348 -cpy 0.179837 -cpz -0.842774 -tpx -0.86947 -tpy 0.315553 -tpz -0.650028 -a 0 -fd 1 -fl 0.035
 -cpx 0.102348 -cpy 0.179837 -cpz -0.842774 -tpx -0.719087 -tpy 0.119134 -tpz -0.275712 -a 0 -fd 1 -fl 0.035
 -cpx 0.102348 -cpy 0.179837 -cpz -0.842774 -tpx -0.688816 -tpy -0.120329 -tpz -1.37565 -a 0 -fd 1 -fl 0.035
 -cpx 0.102348 -cpy 0.179837 -cpz -0.842774 -tpx -0.0570292 -tpy -0.206924 -tpz -1.75108 -a 0 -fd 1 -fl 0.035
 -cpx 0.102348 -cpy 0.179837 -cpz -0.842774 -tpx 0.944345 -tpy -0.066227 -tpz -1.32287 -a 0 -fd 1 -fl 0.035
 -cpx 0.102348 -cpy 0.179837 -cpz -0.842774 -tpx 0.943397 -tpy 0.487521 -tpz -1.28771 -a 0 -fd 1 -fl 0.035
 -cpx 0.102348 -cpy 0.179837 -cpz -0.842774 -tpx 0.488532 -tpy 0.74696 -tpz -1.57026 -a 0 -fd 1 -fl 0.035
 -cpx 0.102348 -cpy 0.179837 -cpz -0.842774 -tpx 0.222703 -tpy 0.978312 -tpz -1.43265 -a 0 -fd 1 -fl 0.035
 -cpx 0.194024 -cpy 0.196512 -cpz -0.832788 -tpx 1.17228 -tpy 0.374443 -tpz -0.72623 -a 0 -fd 1 -fl 0.035
 -cpx 0.318988 -cpy 0.201722 -cpz -0.837933 -tpx 1.31728 -tpy 0.243343 -tpz -0.87904 -a 0 -fd 1 -fl 0.035
 -cpx 0.390781 -cpy 0.190372 -cpz -0.785664 -tpx 1.19269 -tpy 0.0635983 -tpz -0.201824 -a 0 -fd 1 -fl 0.035
 -cpx 0.491354 -cpy 0.190397 -cpz -0.856928 -tpx 1.05662 -tpy 0.0313352 -tpz -0.0474988 -a 0 -fd 1 -fl 0.035
 -cpx 0.560528 -cpy 0.170932 -cpz -0.757875 -tpx 0.489831 -tpy 0.0844251 -tpz 0.235865 -a 0 -fd 1 -fl 0.035
 -cpx 0.671408 -cpy 0.170956 -cpz -0.718242 -tpx 0.335501 -tpy 0.108007 -tpz 0.221548 -a 0 -fd 1 -fl 0.035
 -cpx 0.76306 -cpy 0.170975 -cpz -0.685482 -tpx 0.37376 -tpy 0.110272 -tpz 0.233627 -a 0 -fd 1 -fl 0.035
 -cpx 0.79985 -cpy 0.164734 -cpz -0.520261 -tpx 0.285137 -tpy 0.119759 -tpz 0.335921 -a 0 -fd 1 -fl 0.035
 -cpx 0.797581 -cpy 0.153427 -cpz -0.408979 -tpx 0.777291 -tpy 0.052358 -tpz 0.585694 -a 0 -fd 1 -fl 0.035
 -cpx 0.89395 -cpy 0.143421 -cpz -0.278427 -tpx 0.570651 -tpy 0.0445904 -tpz 0.662695 -a 0 -fd 1 -fl 0.035
 -cpx 0.92675 -cpy 0.150513 -cpz -0.150671 -tpx 0.556247 -tpy 0.216848 -tpz 0.775789 -a 0 -fd 1 -fl 0.035
 -cpx 0.92675 -cpy 0.150513 -cpz -0.150671 -tpx 0.447988 -tpy 0.613629 -tpz 0.595192 -a 0 -fd 1 -fl 0.035
 -cpx 0.942244 -cpy 0.194424 -cpz -0.0401278 -tpx 0.458175 -tpy 0.656543 -tpz 0.702923 -a 0 -fd 1 -fl 0.035
 -cpx 0.89538 -cpy 0.194404 -cpz -0.119088 -tpx 0.0354682 -tpy 0.185411 -tpz 0.391275 -a 0 -fd 1 -fl 0.035
 -cpx 0.785388 -cpy 0.191108 -cpz -0.0945487 -tpx -0.190199 -tpy 0.161867 -tpz 0.123108 -a 0 -fd 1 -fl 0.035
 -cpx 0.613524 -cpy 0.186507 -cpz -0.236297 -tpx -0.323955 -tpy 0.147147 -tpz 0.109511 -a 0 -fd 1 -fl 0.035
 -cpx 0.508686 -cpy 0.182109 -cpz -0.197893 -tpx -0.42957 -tpy 0.142748 -tpz 0.145804 -a 0 -fd 1 -fl 0.035
 -cpx 0.342198 -cpy 0.175718 -cpz -0.26253 -tpx -0.560607 -tpy 0.102661 -tpz 0.16127 -a 0 -fd 1 -fl 0.035
 -cpx 0.342198 -cpy 0.175718 -cpz -0.26253 -tpx -0.448881 -tpy 0.515328 -tpz 0.246253 -a 0 -fd 1 -fl 0.035
 -cpx 0.342198 -cpy 0.175718 -cpz -0.26253 -tpx -0.281729 -tpy 0.66945 -tpz 0.343228 -a 0 -fd 1 -fl 0.035
 -cpx 0.342198 -cpy 0.175718 -cpz -0.26253 -tpx 0.099154 -tpy 0.995341 -tpz 0.256265 -a 0 -fd 1 -fl 0.035
 -cpx 0.310357 -cpy 0.274479 -cpz -0.20988 -tpx 0.0367205 -tpy 1.12324 -tpz 0.242599 -a 0 -fd 1 -fl 0.035
 -cpx 0.29512 -cpy 0.41284 -cpz -0.150591 -tpx 0.194411 -tpy 1.32733 -tpz 0.241276 -a 0 -fd 1 -fl 0.035
 -cpx 0.29512 -cpy 0.41284 -cpz -0.150591 -tpx 0.183066 -tpy 1.32458 -tpz 0.244594 -a 0 -fd 1 -fl 0.035
 -cpx 0.29512 -cpy 0.41284 -cpz -0.150591 -tpx 0.0250922 -tpy 1.30771 -tpz 0.204796 -a 0 -fd 1 -fl 0.035
 -cpx 0.262489 -cpy 0.518931 -cpz -0.109139 -tpx -0.104281 -tpy 1.39607 -tpz 0.20086 -a 0 -fd 1 -fl 0.035
 -cpx 0.256083 -cpy 0.609709 -cpz 0.0354994 -tpx -0.161072 -tpy 1.51101 -tpz 0.152309 -a 0 -fd 1 -fl 0.035
 -cpx 0.234058 -cpy 0.609739 -cpz 0.165763 -tpx -0.265466 -tpy 1.47189 -tpz 0.0810995 -a 0 -fd 1 -fl 0.035
 -cpx 0.167434 -cpy 0.609774 -cpz 0.300287 -tpx -0.261729 -tpy 1.48638 -tpz 0.0825983 -a 0 -fd 1 -fl 0.035
 -cpx 0.119302 -cpy 0.725956 -cpz 0.253108 -tpx -0.239047 -tpy 1.59095 -tpz -0.0981475 -a 0 -fd 1 -fl 0.035
 -cpx 0.0356725 -cpy 0.927822 -cpz 0.171134 -tpx -0.322677 -tpy 1.79281 -tpz -0.180121 -a 0 -fd 1 -fl 0.035
 -cpx -0.0535253 -cpy 1.14313 -cpz 0.083702 -tpx -0.411874 -tpy 2.00812 -tpz -0.267553 -a 0 -fd 1 -fl 0.035
 -cpx -0.0535253 -cpy 1.14313 -cpz 0.083702 -tpx -0.398181 -tpy 1.50276 -tpz -0.783405 -a 0 -fd 1 -fl 0.035
 -cpx -0.079259 -cpy 1.19899 -cpz -0.0133955 -tpx -0.298923 -tpy 1.68783 -tpz -0.857664 -a 0 -fd 1 -fl 0.035
 -cpx -0.0545173 -cpy 1.32245 -cpz -0.191628 -tpx 0.055728 -tpy 1.92155 -tpz -0.984676 -a 0 -fd 1 -fl 0.035
 -cpx -0.0545173 -cpy 1.32245 -cpz -0.191628 -tpx 0.760104 -tpy 0.809286 -tpz -0.461908 -a 0 -fd 1 -fl 0.035
 -cpx -0.114525 -cpy 1.32243 -cpz -0.0974707 -tpx 0.424506 -tpy 0.553287 -tpz 0.245847 -a 0 -fd 1 -fl 0.035
 -cpx -0.0697083 -cpy 1.25848 -cpz -0.0689259 -tpx 0.469323 -tpy 0.489338 -tpz 0.274392 -a 0 -fd 1 -fl 0.035
 -cpx 0.0755663 -cpy 1.16593 -cpz -0.0663614 -tpx 0.784214 -tpy 0.568643 -tpz 0.309219 -a 0 -fd 1 -fl 0.035
 -cpx 0.0329212 -cpy 1.18663 -cpz -0.0560962 -tpx 0.382152 -tpy 0.628819 -tpz 0.696822 -a 0 -fd 1 -fl 0.035
 -cpx 0.151689 -cpy 0.827341 -cpz 0.330589 -tpx 0.583343 -tpy 0.145431 -tpz 0.921076 -a 0 -fd 1 -fl 0.035
 -cpx 0.00973808 -cpy 0.827289 -cpz 0.48915 -tpx 0.610326 -tpy 0.165375 -tpz 0.937663 -a 0 -fd 1 -fl 0.035
 -cpx -0.0574067 -cpy 0.719561 -cpz 0.396504 -tpx 0.466873 -tpy 0.0384775 -tpz -0.114628 -a 0 -fd 1 -fl 0.035
 -cpx 0.0175471 -cpy 0.44854 -cpz 0.256058 -tpx 0.213527 -tpy -0.457567 -tpz -0.118858 -a 0 -fd 1 -fl 0.035
 -cpx 0.0492748 -cpy 0.301848 -cpz 0.195362 -tpx 0.245255 -tpy -0.604259 -tpz -0.179554 -a 0 -fd 1 -fl 0.035
 -cpx 0.00387086 -cpy 0.1435 -cpz 0.0961329 -tpx 0.196031 -tpy -0.777685 -tpz -0.242236 -a 0 -fd 1 -fl 0.035
 -cpx 0.0409052 -cpy 0.0892447 -cpz 0.0319936 -tpx 0.444287 -tpy -0.501707 -tpz -0.666618 -a 0 -fd 1 -fl 0.035
 -cpx 0.0409052 -cpy 0.0892447 -cpz 0.0319936 -tpx 0.544044 -tpy -0.299588 -tpz -0.739797 -a 0 -fd 1 -fl 0.035
 -cpx 0.0409052 -cpy 0.0892447 -cpz 0.0319936 -tpx 0.679509 -tpy -0.131657 -tpz -0.705155 -a 0 -fd 1 -fl 0.035
 -cpx 0.0409052 -cpy 0.0892447 -cpz 0.0319936 -tpx 0.684973 -tpy 0.342951 -tpz -0.689678 -a 0 -fd 1 -fl 0.035
 -cpx 0.0409052 -cpy 0.0892447 -cpz 0.0319936 -tpx 0.416827 -tpy 0.790663 -tpz -0.57356 -a 0 -fd 1 -fl 0.035
 -cpx 0.0409052 -cpy 0.0892447 -cpz 0.0319936 -tpx 0.290459 -tpy 0.982095 -tpz -0.342894 -a 0 -fd 1 -fl 0.035
 -cpx 0.0200896 -cpy 0.0147706 -cpz 0.0632636 -tpx 0.269643 -tpy 0.907621 -tpz -0.311624 -a 0 -fd 1 -fl 0.035
 -cpx 0.0200896 -cpy 0.0147706 -cpz 0.0632636 -tpx 0.301679 -tpy 0.969243 -tpz -0.035176 -a 0 -fd 1 -fl 0.035
 -cpx 0.0465264 -cpy 0.0147507 -cpz 0.138695 -tpx 0.328116 -tpy 0.969223 -tpz 0.0402553 -a 0 -fd 1 -fl 0.035
 -cpx -0.137034 -cpy 0.220914 -cpz 0.727081 -tpx 0.329725 -tpy 0.990056 -tpz 0.290553 -a 0 -fd 1 -fl 0.035
 -cpx -0.0799967 -cpy 0.220896 -cpz 0.77594 -tpx 0.338705 -tpy 0.986432 -tpz 0.287427 -a 0 -fd 1 -fl 0.035
 -cpx -0.0979306 -cpy 0.350029 -cpz 0.617703 -tpx 0.320771 -tpy 1.11556 -tpz 0.12919 -a 0 -fd 1 -fl 0.035
 -cpx -0.073462 -cpy 0.454122 -cpz 0.605516 -tpx 0.0338243 -tpy 1.42358 -tpz 0.384956 -a 0 -fd 1 -fl 0.035
 -cpx -0.0629672 -cpy 0.548954 -cpz 0.583941 -tpx 0.0443191 -tpy 1.51841 -tpz 0.363381 -a 0 -fd 1 -fl 0.035
 -cpx -0.0534947 -cpy 0.634716 -cpz 0.563103 -tpx 0.0533644 -tpy 1.60048 -tpz 0.326712 -a 0 -fd 1 -fl 0.035
 -cpx 0.0342902 -cpy 0.473553 -cpz 0.659754 -tpx 0.151545 -tpy 1.41092 -tpz 0.331742 -a 0 -fd 1 -fl 0.035
 -cpx 0.13259 -cpy 0.47353 -cpz 0.67487 -tpx 0.186863 -tpy 1.40813 -tpz 0.323325 -a 0 -fd 1 -fl 0.035
 -cpx 0.243188 -cpy 0.473505 -cpz 0.675694 -tpx 0.24616 -tpy 1.40238 -tpz 0.30532 -a 0 -fd 1 -fl 0.035
 -cpx 0.452703 -cpy 0.155932 -cpz 0.803869 -tpx 0.455674 -tpy 1.08481 -tpz 0.433496 -a 0 -fd 1 -fl 0.035
 -cpx 0.554439 -cpy 0.155904 -cpz 0.745931 -tpx 0.4483 -tpy 1.13518 -tpz 0.573451 -a 0 -fd 1 -fl 0.035
 -cpx 0.553299 -cpy 0.327602 -cpz 0.743852 -tpx 0.546657 -tpy 1.32751 -tpz 0.731742 -a 0 -fd 1 -fl 0.035
 -cpx 0.551917 -cpy 0.535611 -cpz 0.741333 -tpx 0.545275 -tpy 1.53552 -tpz 0.729222 -a 0 -fd 1 -fl 0.035
 -cpx 0.551303 -cpy 0.628018 -cpz 0.740213 -tpx 0.544661 -tpy 1.62792 -tpz 0.728103 -a 0 -fd 1 -fl 0.035
 -cpx 0.454383 -cpy 0.736345 -cpz 0.797689 -tpx 0.277977 -tpy 1.70468 -tpz 0.621046 -a 0 -fd 1 -fl 0.035
 -cpx 0.288428 -cpy 0.87454 -cpz 0.878445 -tpx -0.0868839 -tpy 1.74841 -tpz 0.569427 -a 0 -fd 1 -fl 0.035
 -cpx 0.151703 -cpy 0.874581 -cpz 0.973373 -tpx -0.292154 -tpy 1.50209 -tpz 0.333671 -a 0 -fd 1 -fl 0.035
 -cpx 0.0147477 -cpy 0.874617 -cpz 1.02818 -tpx -0.331089 -tpy 1.23948 -tpz 0.163728 -a 0 -fd 1 -fl 0.035
 -cpx -0.102945 -cpy 0.874645 -cpz 1.01507 -tpx 0.0160394 -tpy 1.09444 -tpz 0.0468056 -a 0 -fd 1 -fl 0.035
 -cpx -0.255412 -cpy 0.874687 -cpz 0.941106 -tpx 0.182276 -tpy 1.00926 -tpz 0.0521066 -a 0 -fd 1 -fl 0.035
 -cpx -0.358471 -cpy 0.874723 -cpz 0.834864 -tpx 0.352381 -tpy 0.728976 -tpz 0.146789 -a 0 -fd 1 -fl 0.035
 -cpx -0.461126 -cpy 0.874776 -cpz 0.643263 -tpx 0.39253 -tpy 0.619974 -tpz 0.189007 -a 0 -fd 1 -fl 0.035
 -cpx -0.627811 -cpy 0.874858 -cpz 0.35535 -tpx 0.2309 -tpy 0.751404 -tpz -0.142018 -a 0 -fd 1 -fl 0.035
 -cpx -0.685103 -cpy 0.874898 -cpz 0.199884 -tpx 0.234433 -tpy 0.671557 -tpz -0.13643 -a 0 -fd 1 -fl 0.035
 -cpx -0.717941 -cpy 0.874935 -cpz 0.0539304 -tpx 0.24034 -tpy 0.670492 -tpz -0.145823 -a 0 -fd 1 -fl 0.035
 -cpx -0.686735 -cpy 0.874897 -cpz 0.203673 -tpx 0.309532 -tpy 0.949062 -tpz 0.247847 -a 0 -fd 1 -fl 0.035
 -cpx -0.583569 -cpy 0.887943 -cpz 0.205076 -tpx 0.402551 -tpy 1.05255 -tpz 0.183337 -a 0 -fd 1 -fl 0.035
 -cpx -0.440302 -cpy 0.907607 -cpz 0.327482 -tpx 0.524316 -tpy 1.07554 -tpz 0.124234 -a 0 -fd 1 -fl 0.035
 -cpx -0.3437 -cpy 0.907571 -cpz 0.438725 -tpx 0.398286 -tpy 0.836737 -tpz -0.227937 -a 0 -fd 1 -fl 0.035
 -cpx -0.193479 -cpy 0.877234 -cpz 0.46642 -tpx 0.575536 -tpy 0.56954 -tpz -0.0938848 -a 0 -fd 1 -fl 0.035
 -cpx -0.107932 -cpy 0.835808 -cpz 0.436428 -tpx 0.750379 -tpy 0.42017 -tpz 0.135515 -a 0 -fd 1 -fl 0.035
 -cpx -0.00438973 -cpy 0.801545 -cpz 0.396293 -tpx 0.886572 -tpy 0.506725 -tpz 0.0509401 -a 0 -fd 1 -fl 0.035
 -cpx 0.101317 -cpy 0.771886 -cpz 0.35614 -tpx 1.00556 -tpy 0.518172 -tpz 0.0126547 -a 0 -fd 1 -fl 0.035
 -cpx 0.191725 -cpy 0.735506 -cpz 0.327944 -tpx 1.08288 -tpy 0.376907 -tpz 0.0500221 -a 0 -fd 1 -fl 0.035
 -cpx 0.409769 -cpy 0.701581 -cpz 0.326233 -tpx 0.898604 -tpy 0.52918 -tpz -0.528939 -a 0 -fd 1 -fl 0.035
 -cpx 0.569392 -cpy 0.679094 -cpz 0.283547 -tpx 0.842516 -tpy 0.410179 -tpz -0.640081 -a 0 -fd 1 -fl 0.035
 -cpx 0.369968 -cpy 0.679148 -cpz 0.373692 -tpx 0.0461766 -tpy 0.720745 -tpz -0.571521 -a 0 -fd 1 -fl 0.035
 -cpx 0.369968 -cpy 0.679148 -cpz 0.373692 -tpx 0.0473368 -tpy 1.10598 -tpz -0.47113 -a 0 -fd 1 -fl 0.035
 -cpx 0.369968 -cpy 0.679148 -cpz 0.373692 -tpx -0.175394 -tpy 1.3909 -tpz -0.0690207 -a 0 -fd 1 -fl 0.035
 -cpx 0.369968 -cpy 0.679148 -cpz 0.373692 -tpx -0.327861 -tpy 1.38931 -tpz 0.280412 -a 0 -fd 1 -fl 0.035
 -cpx 0.384965 -cpy 0.67912 -cpz 0.261289 -tpx -0.312865 -tpy 1.38928 -tpz 0.168008 -a 0 -fd 1 -fl 0.035
 -cpx 0.401894 -cpy 0.679088 -cpz 0.134398 -tpx -0.295936 -tpy 1.38925 -tpz 0.0411174 -a 0 -fd 1 -fl 0.035
 -cpx 0.419258 -cpy 0.679055 -cpz 0.00424973 -tpx -0.278572 -tpy 1.38922 -tpz -0.0890308 -a 0 -fd 1 -fl 0.035
 -cpx 0.350705 -cpy 0.772998 -cpz -0.00728678 -tpx -0.235887 -tpy 1.57684 -tpz -0.106002 -a 0 -fd 1 -fl 0.035
 -cpx 0.232503 -cpy 0.836187 -cpz -0.0277009 -tpx -0.639334 -tpy 1.30227 -tpz -0.178272 -a 0 -fd 1 -fl 0.035
 -cpx 0.147368 -cpy 0.694121 -cpz -0.0788081 -tpx -0.343812 -tpy -0.125514 -tpz -0.373666 -a 0 -fd 1 -fl 0.035
 -cpx 0.147368 -cpy 0.694121 -cpz -0.0788081 -tpx 0.0624222 -tpy 1.68984 -tpz -0.115268 -a 0 -fd 1 -fl 0.035
 -cpx 0.0752763 -cpy 0.694156 -cpz 0.0307771 -tpx -0.0424901 -tpy 1.68392 -tpz -0.0498258 -a 0 -fd 1 -fl 0.035
 -cpx -0.131338 -cpy 0.694233 -cpz 0.236712 -tpx -0.229039 -tpy 1.68072 -tpz 0.1052 -a 0 -fd 1 -fl 0.035
 -cpx -0.417131 -cpy 0.694318 -cpz 0.368279 -tpx -0.48251 -tpy 1.67427 -tpz 0.180078 -a 0 -fd 1 -fl 0.035
 -cpx -0.695896 -cpy 0.798285 -cpz 0.333775 -tpx -0.646425 -tpy 1.73525 -tpz -0.0121236 -a 0 -fd 1 -fl 0.035
 -cpx -0.673654 -cpy 0.884702 -cpz 0.214455 -tpx -0.52438 -tpy 1.4647 -tpz -0.586373 -a 0 -fd 1 -fl 0.035
 -cpx -0.806066 -cpy 0.884738 -cpz 0.189799 -tpx -0.656792 -tpy 1.46473 -tpz -0.611028 -a 0 -fd 1 -fl 0.035
 -cpx -0.78799 -cpy 0.934821 -cpz 0.0990483 -tpx -0.616189 -tpy 1.41082 -tpz -0.763456 -a 0 -fd 1 -fl 0.035
 -cpx -0.868875 -cpy 1.00927 -cpz -0.0993328 -tpx -0.450664 -tpy 1.57729 -tpz -0.808174 -a 0 -fd 1 -fl 0.035
 -cpx -0.892461 -cpy 1.09049 -cpz -0.243903 -tpx -0.399025 -tpy 1.73536 -tpz -0.827573 -a 0 -fd 1 -fl 0.035
 -cpx -0.868349 -cpy 1.16379 -cpz -0.393956 -tpx -0.179119 -tpy 1.77718 -tpz -0.779591 -a 0 -fd 1 -fl 0.035
 -cpx -0.868349 -cpy 1.16379 -cpz -0.393956 -tpx -0.0168663 -tpy 1.66336 -tpz -0.234542 -a 0 -fd 1 -fl 0.035
 -cpx -0.812692 -cpy 1.19644 -cpz -0.383536 -tpx 0.121977 -tpy 1.50837 -tpz -0.212961 -a 0 -fd 1 -fl 0.035
 -cpx -0.719768 -cpy 1.22746 -cpz -0.366577 -tpx 0.248599 -tpy 1.39538 -tpz -0.182004 -a 0 -fd 1 -fl 0.035
 -cpx -0.719768 -cpy 1.22746 -cpz -0.366577 -tpx 0.265286 -tpy 1.34304 -tpz -0.49428 -a 0 -fd 1 -fl 0.035
 -cpx -0.700397 -cpy 1.22742 -cpz -0.217198 -tpx 0.284657 -tpy 1.343 -tpz -0.344901 -a 0 -fd 1 -fl 0.035
 -cpx -0.682342 -cpy 1.22738 -cpz -0.0779605 -tpx 0.302712 -tpy 1.34297 -tpz -0.205664 -a 0 -fd 1 -fl 0.035
 -cpx -0.649073 -cpy 1.22735 -cpz 0.036061 -tpx 0.293595 -tpy 1.3474 -tpz -0.275331 -a 0 -fd 1 -fl 0.035
 -cpx -0.55246 -cpy 1.2273 -cpz 0.195808 -tpx 0.283122 -tpy 1.31603 -tpz -0.346345 -a 0 -fd 1 -fl 0.035
 -cpx -0.510147 -cpy 1.22727 -cpz 0.29105 -tpx 0.397094 -tpy 1.10716 -tpz -0.112045 -a 0 -fd 1 -fl 0.035
 -cpx -0.322169 -cpy 1.16338 -cpz 0.208403 -tpx 0.504764 -tpy 0.712249 -tpz -0.127256 -a 0 -fd 1 -fl 0.035
 -cpx -0.0792581 -cpy 1.07723 -cpz 0.284877 -tpx 0.621175 -tpy 0.54772 -tpz -0.193673 -a 0 -fd 1 -fl 0.035
 -cpx -0.0792581 -cpy 1.07723 -cpz 0.284877 -tpx 0.369041 -tpy 0.467359 -tpz -0.368637 -a 0 -fd 1 -fl 0.035
 -cpx 0.151202 -cpy 0.796163 -cpz 0.133587 -tpx 0.349268 -tpy -0.054385 -tpz -0.353586 -a 0 -fd 1 -fl 0.035
 -cpx 0.191729 -cpy 0.680313 -cpz 0.0406027 -tpx 0.454932 -tpy -0.0720562 -tpz -0.563272 -a 0 -fd 1 -fl 0.035
 -cpx 0.191729 -cpy 0.680313 -cpz 0.0406027 -tpx 0.0946115 -tpy 0.0766994 -tpz -0.750737 -a 0 -fd 1 -fl 0.035
 -cpx 0.336558 -cpy 0.588859 -cpz -0.158487 -tpx 0.0406559 -tpy 0.040395 -tpz -0.940554 -a 0 -fd 1 -fl 0.035
 -cpx 0.547338 -cpy 0.588793 -cpz -0.282609 -tpx 0.0972908 -tpy 0.0979774 -tpz -1.02864 -a 0 -fd 1 -fl 0.035
 -cpx 0.669298 -cpy 0.588732 -cpz -0.472774 -tpx -0.097151 -tpy 0.175135 -tpz -0.964194 -a 0 -fd 1 -fl 0.035
 -cpx 0.714886 -cpy 0.588696 -cpz -0.599524 -tpx -0.15125 -tpy 0.197757 -tpz -0.910933 -a 0 -fd 1 -fl 0.035
 -cpx 0.496202 -cpy 0.495149 -cpz -0.67129 -tpx -0.385139 -tpy 0.119798 -tpz -0.958257 -a 0 -fd 1 -fl 0.035
 -cpx 0.386042 -cpy 0.450895 -cpz -0.886581 -tpx -0.555697 -tpy 0.164678 -tpz -1.06324 -a 0 -fd 1 -fl 0.035
 -cpx 0.227242 -cpy 0.402631 -cpz -0.916369 -tpx -0.714497 -tpy 0.116415 -tpz -1.09303 -a 0 -fd 1 -fl 0.035
 -cpx 0.0424099 -cpy 0.346457 -cpz -0.951041 -tpx -0.899329 -tpy 0.0602397 -tpz -1.1277 -a 0 -fd 1 -fl 0.035
 -cpx -0.083721 -cpy 0.303735 -cpz -0.917173 -tpx -1.00164 -tpy -0.00717622 -tpz -0.670697 -a 0 -fd 1 -fl 0.035
 -cpx -0.325752 -cpy 0.255678 -cpz -0.966595 -tpx -1.1783 -tpy 0.0106708 -tpz -0.504927 -a 0 -fd 1 -fl 0.035
 -cpx -0.604585 -cpy 0.20931 -cpz -1.00627 -tpx -1.24457 -tpy -0.0725946 -tpz -0.291465 -a 0 -fd 1 -fl 0.035
 -cpx -0.814072 -cpy 0.209253 -cpz -0.982165 -tpx -0.702169 -tpy 0.002598 -tpz -0.0101711 -a 0 -fd 1 -fl 0.035
 -cpx -0.699079 -cpy 0.733674 -cpz -0.713663 -tpx -0.609105 -tpy 1.64448 -tpz -0.310745 -a 0 -fd 1 -fl 0.035
 -cpx -0.477103 -cpy 0.815365 -cpz -0.714791 -tpx -0.423148 -tpy 1.74671 -tpz -0.354683 -a 0 -fd 1 -fl 0.035
 -cpx -0.314461 -cpy 0.815411 -cpz -0.739279 -tpx -0.260506 -tpy 1.74676 -tpz -0.379171 -a 0 -fd 1 -fl 0.035
 -cpx -0.185351 -cpy 0.815448 -cpz -0.758719 -tpx -0.131397 -tpy 1.7468 -tpz -0.398611 -a 0 -fd 1 -fl 0.035
 -cpx 0.210991 -cpy 1.15787 -cpz 0.0214055 -tpx -0.781709 -tpy 1.0467 -tpz -0.0253847 -a 0 -fd 1 -fl 0.035
 -cpx 0.214663 -cpy 1.15785 -cpz -0.0564509 -tpx -0.778036 -tpy 1.04668 -tpz -0.103241 -a 0 -fd 1 -fl 0.035
 -cpx 0.0405665 -cpy 1.13835 -cpz -0.0646568 -tpx -0.952133 -tpy 1.02718 -tpz -0.111447 -a 0 -fd 1 -fl 0.035
 -cpx -0.161479 -cpy 1.11539 -cpz 0.00711062 -tpx -1.15167 -tpy 1.00534 -tpz 0.0932509 -a 0 -fd 1 -fl 0.035
 -cpx -0.182576 -cpy 1.055 -cpz 0.0137972 -tpx -0.51059 -tpy 0.116067 -tpz 0.11776 -a 0 -fd 1 -fl 0.035
 -cpx -0.132026 -cpy 0.924869 -cpz 0.125664 -tpx -0.287294 -tpy -0.0561984 -tpz 0.24142 -a 0 -fd 1 -fl 0.035
 -cpx -0.317422 -cpy 0.7752 -cpz 0.0935805 -tpx -0.394142 -tpy -0.212024 -tpz 0.233238 -a 0 -fd 1 -fl 0.035
 -cpx -0.329446 -cpy 0.463931 -cpz 0.144866 -tpx -0.318025 -tpy -0.521819 -tpz 0.312698 -a 0 -fd 1 -fl 0.035
 -cpx -0.686963 -cpy 0.463818 -cpz 0.240067 -tpx -0.264096 -tpy -0.169842 -tpz 0.887877 -a 0 -fd 1 -fl 0.035
 -cpx -0.736151 -cpy 0.463775 -cpz 0.369072 -tpx 0.159201 -tpy 0.14966 -tpz 0.684787 -a 0 -fd 1 -fl 0.035
 -cpx -0.63717 -cpy 0.423717 -cpz 0.476988 -tpx 0.273562 -tpy 0.150463 -tpz 0.786664 -a 0 -fd 1 -fl 0.035
 -cpx -0.507062 -cpy 0.384679 -cpz 0.521229 -tpx 0.40367 -tpy 0.111426 -tpz 0.830905 -a 0 -fd 1 -fl 0.035
 -cpx -0.375027 -cpy 0.345064 -cpz 0.566124 -tpx 0.535705 -tpy 0.0718102 -tpz 0.875801 -a 0 -fd 1 -fl 0.035
 -cpx -0.245084 -cpy 0.306076 -cpz 0.610309 -tpx 0.665648 -tpy 0.0328222 -tpz 0.919985 -a 0 -fd 1 -fl 0.035
 -cpx -0.129364 -cpy 0.299894 -cpz 0.706537 -tpx 0.865285 -tpy 0.242528 -tpz 0.62062 -a 0 -fd 1 -fl 0.035
 -cpx 0.106729 -cpy 0.286883 -cpz 0.906159 -tpx 0.996295 -tpy 0.170126 -tpz 0.464527 -a 0 -fd 1 -fl 0.035
 -cpx 0.311506 -cpy 0.268915 -cpz 0.975852 -tpx 1.15543 -tpy 0.179013 -tpz 0.446984 -a 0 -fd 1 -fl 0.035
 -cpx 0.515599 -cpy 0.252556 -cpz 0.994378 -tpx 1.14948 -tpy 0.121286 -tpz 0.232165 -a 0 -fd 1 -fl 0.035
 -cpx 0.665786 -cpy 0.234889 -cpz 0.857422 -tpx 0.879631 -tpy 0.129312 -tpz -0.113724 -a 0 -fd 1 -fl 0.035
 -cpx 0.807745 -cpy 0.244432 -cpz 0.766437 -tpx 0.950389 -tpy 0.330924 -tpz -0.21955 -a 0 -fd 1 -fl 0.035
 -cpx 0.723169 -cpy 0.244458 -cpz 0.764469 -tpx 0.74079 -tpy 0.861399 -tpz -0.0223435 -a 0 -fd 1 -fl 0.035
 -cpx 0.725376 -cpy 0.321722 -cpz 0.66593 -tpx 0.742996 -tpy 0.938663 -tpz -0.120882 -a 0 -fd 1 -fl 0.035
 -cpx 0.728252 -cpy 0.422414 -cpz 0.537513 -tpx 0.745872 -tpy 1.03936 -tpz -0.249299 -a 0 -fd 1 -fl 0.035
 -cpx 0.730813 -cpy 0.512077 -cpz 0.423162 -tpx 0.748433 -tpy 1.12902 -tpz -0.36365 -a 0 -fd 1 -fl 0.035
 -cpx 0.732951 -cpy 0.586937 -cpz 0.32769 -tpx 0.750571 -tpy 1.20388 -tpz -0.459122 -a 0 -fd 1 -fl 0.035
 -cpx 0.816909 -cpy 0.586908 -cpz 0.290085 -tpx 0.419997 -tpy 0.825315 -tpz -0.596268 -a 0 -fd 1 -fl 0.035
 -cpx 0.816909 -cpy 0.586908 -cpz 0.290085 -tpx -0.0419738 -tpy 0.883837 -tpz -0.127232 -a 0 -fd 1 -fl 0.035
 -cpx 0.719287 -cpy 0.568188 -cpz 0.20564 -tpx 0.00576943 -tpy 1.05307 -tpz -0.300113 -a 0 -fd 1 -fl 0.035
 -cpx 0.719287 -cpy 0.568188 -cpz 0.20564 -tpx 0.169308 -tpy 1.36529 -tpz -0.0436752 -a 0 -fd 1 -fl 0.035
 -cpx 0.719287 -cpy 0.568188 -cpz 0.20564 -tpx 0.588377 -tpy 1.55697 -tpz 0.133672 -a 0 -fd 1 -fl 0.035
 -cpx 0.476513 -cpy 1.95259 -cpz 0.0346797 -tpx 0.470607 -tpy 0.952892 -tpz 0.0584428 -a 0 -fd 1 -fl 0.035
 -cpx 0.390586 -cpy 1.95262 -cpz 0.0145352 -tpx 0.384285 -tpy 0.952844 -tpz 0.0346837 -a 0 -fd 1 -fl 0.035
 -cpx 0.309495 -cpy 1.95265 -cpz -0.00945654 -tpx 0.303193 -tpy 0.952872 -tpz 0.010692 -a 0 -fd 1 -fl 0.035
 -cpx 0.173427 -cpy 1.9527 -cpz -0.0497139 -tpx 0.167125 -tpy 0.952918 -tpz -0.0295653 -a 0 -fd 1 -fl 0.035
 -cpx 0.172753 -cpy 1.84578 -cpz -0.0475591 -tpx 0.166451 -tpy 0.845998 -tpz -0.0274106 -a 0 -fd 1 -fl 0.035
 -cpx 0.171037 -cpy 1.97361 -cpz -0.136408 -tpx 0.0397487 -tpy 0.982674 -tpz -0.108 -a 0 -fd 1 -fl 0.035
 -cpx 0.1704 -cpy 1.97368 -cpz -0.350965 -tpx 0.0265207 -tpy 0.98432 -tpz -0.372394 -a 0 -fd 1 -fl 0.035
 -cpx 0.269721 -cpy 1.97373 -cpz -0.456202 -tpx 0.325721 -tpy 0.976677 -tpz -0.403805 -a 0 -fd 1 -fl 0.035
 -cpx 0.375806 -cpy 1.97377 -cpz -0.485926 -tpx 0.416713 -tpy 0.98515 -tpz -0.341153 -a 0 -fd 1 -fl 0.035
 -cpx 0.603135 -cpy 1.97385 -cpz -0.484613 -tpx 0.577838 -tpy 0.979226 -tpz -0.384172 -a 0 -fd 1 -fl 0.035
 -cpx 0.657153 -cpy 1.97387 -cpz -0.470824 -tpx 0.641145 -tpy 0.974076 -tpz -0.457993 -a 0 -fd 1 -fl 0.035
 -cpx 0.977407 -cpy 1.97404 -cpz -0.879875 -tpx 1.09519 -tpy 0.985253 -tpz -0.788084 -a 0 -fd 1 -fl 0.035
 -cpx 0.977407 -cpy 1.97404 -cpz -0.879875 -tpx 1.27313 -tpy 1.06649 -tpz -0.581711 -a 0 -fd 1 -fl 0.035
 -cpx 0.977407 -cpy 1.97404 -cpz -0.879875 -tpx 0.798771 -tpy 1.22464 -tpz -0.242314 -a 0 -fd 1 -fl 0.035
 -cpx 0.634077 -cpy 1.94485 -cpz -0.845728 -tpx -0.35747 -tpy 1.86054 -tpz -0.74711 -a 0 -fd 1 -fl 0.035
 -cpx 0.427478 -cpy 1.93545 -cpz -0.869904 -tpx 0.229989 -tpy 1.11969 -tpz -0.326275 -a 0 -fd 1 -fl 0.035
 -cpx 0.427617 -cpy 1.93554 -cpz -0.610146 -tpx 0.0751979 -tpy 0.999734 -tpz -0.618111 -a 0 -fd 1 -fl 0.035
 -cpx 0.39494 -cpy 1.93565 -cpz -0.314723 -tpx 0.0407106 -tpy 1.00346 -tpz -0.38916 -a 0 -fd 1 -fl 0.035
 -cpx 0.27021 -cpy 1.93576 -cpz -0.0242567 -tpx 0.0465166 -tpy 0.973881 -tpz -0.181574 -a 0 -fd 1 -fl 0.035
 -cpx 0.177507 -cpy 1.97322 -cpz -0.0305222 -tpx 0.158132 -tpy 0.977149 -tpz 0.0558363 -a 0 -fd 1 -fl 0.035
 -cpx -0.000820542 -cpy 1.97329 -cpz -0.0848391 -tpx -0.0179047 -tpy 0.974503 -tpz -0.038673 -a 0 -fd 1 -fl 0.035
 -cpx -0.0329513 -cpy 1.97871 -cpz -0.0967502 -tpx -0.0500354 -tpy 0.979922 -tpz -0.0505841 -a 0 -fd 1 -fl 0.035
 -cpx 0.0350251 -cpy 1.97866 -cpz 0.0141979 -tpx -0.0844563 -tpy 0.988498 -tpz 0.0869877 -a 0 -fd 1 -fl 0.035
 -cpx 0.0937041 -cpy 1.97862 -cpz 0.109971 -tpx -0.0257774 -tpy 0.988458 -tpz 0.182761 -a 0 -fd 1 -fl 0.035
 -cpx 0.156153 -cpy 1.97858 -cpz 0.211897 -tpx 0.0366714 -tpy 0.988416 -tpz 0.284687 -a 0 -fd 1 -fl 0.035
 -cpx 0.218461 -cpy 1.97854 -cpz 0.313593 -tpx 0.098979 -tpy 0.988373 -tpz 0.386383 -a 0 -fd 1 -fl 0.035
 -cpx 0.293143 -cpy 1.9785 -cpz 0.387546 -tpx 0.161671 -tpy 0.996048 -tpz 0.51985 -a 0 -fd 1 -fl 0.035
 -cpx 0.448169 -cpy 1.97844 -cpz 0.415894 -tpx 0.433168 -tpy 0.983094 -tpz 0.51106 -a 0 -fd 1 -fl 0.035
 -cpx 0.471789 -cpy 1.97848 -cpz 0.722497 -tpx 0.529782 -tpy 0.9813 -tpz 0.770126 -a 0 -fd 1 -fl 0.035
 -cpx 0.265923 -cpy 1.97858 -cpz 0.91023 -tpx 0.278731 -tpy 0.978882 -tpz 0.931105 -a 0 -fd 1 -fl 0.035
 -cpx -0.185053 -cpy 1.97875 -cpz 1.00074 -tpx -0.196963 -tpy 1.01012 -tpz 0.752526 -a 0 -fd 1 -fl 0.035
 -cpx -0.589217 -cpy 1.9789 -cpz 0.947888 -tpx -0.581773 -tpy 0.979337 -tpz 0.919332 -a 0 -fd 1 -fl 0.035
 -cpx -0.718982 -cpy 1.97896 -cpz 0.875447 -tpx -0.73094 -tpy 0.979229 -tpz 0.895517 -a 0 -fd 1 -fl 0.035
 -cpx -0.877915 -cpy 1.97903 -cpz 0.772953 -tpx -0.890669 -tpy 0.979203 -tpz 0.786851 -a 0 -fd 1 -fl 0.035
 -cpx -0.957893 -cpy 1.97911 -cpz 0.558746 -tpx -0.949283 -tpy 0.979153 -tpz 0.555304 -a 0 -fd 1 -fl 0.035
 -cpx -0.810536 -cpy 1.97928 -cpz 0.139676 -tpx -0.880328 -tpy 0.982354 -tpz 0.103946 -a 0 -fd 1 -fl 0.035
 -cpx -0.6372 -cpy 1.97942 -cpz -0.202901 -tpx -0.706992 -tpy 0.982497 -tpz -0.23863 -a 0 -fd 1 -fl 0.035
 -cpx -0.58857 -cpy 1.97946 -cpz -0.299012 -tpx -0.658362 -tpy 0.982537 -tpz -0.334741 -a 0 -fd 1 -fl 0.035
 -cpx -0.531069 -cpy 1.97951 -cpz -0.412655 -tpx -0.600861 -tpy 0.982585 -tpz -0.448384 -a 0 -fd 1 -fl 0.035
 -cpx -0.468081 -cpy 1.97956 -cpz -0.537143 -tpx -0.537873 -tpy 0.982637 -tpz -0.572872 -a 0 -fd 1 -fl 0.035
 -cpx -0.417543 -cpy 1.9796 -cpz -0.637025 -tpx -0.487335 -tpy 0.982679 -tpz -0.672755 -a 0 -fd 1 -fl 0.035
 -cpx -0.42834 -cpy 1.82537 -cpz -0.642553 -tpx -0.498132 -tpy 0.828452 -tpz -0.678282 -a 0 -fd 1 -fl 0.035
 -cpx -0.436451 -cpy 1.70951 -cpz -0.646705 -tpx -0.506243 -tpy 0.712593 -tpz -0.682434 -a 0 -fd 1 -fl 0.035
 -cpx -0.548689 -cpy 1.23026 -cpz -0.570981 -tpx -0.670286 -tpy 0.239026 -tpz -0.622604 -a 0 -fd 1 -fl 0.035
 -cpx -0.238709 -cpy 1.32413 -cpz -0.714744 -tpx -0.305332 -tpy 0.327157 -tpz -0.75494 -a 0 -fd 1 -fl 0.035
 -cpx -0.131114 -cpy 1.32405 -cpz -0.891145 -tpx -0.197737 -tpy 0.327079 -tpz -0.931341 -a 0 -fd 1 -fl 0.035
 -cpx -0.0969354 -cpy 1.45928 -cpz -0.732494 -tpx -0.0616433 -tpy 0.459914 -tpz -0.738087 -a 0 -fd 1 -fl 0.035
 -cpx -0.0666769 -cpy 1.45934 -cpz -0.553862 -tpx -0.0313849 -tpy 0.459983 -tpz -0.559456 -a 0 -fd 1 -fl 0.035
 -cpx -0.035941 -cpy 1.45941 -cpz -0.372412 -tpx -0.000648938 -tpy 0.460053 -tpz -0.378005 -a 0 -fd 1 -fl 0.035
 -cpx -0.0109926 -cpy 1.45947 -cpz -0.225128 -tpx 0.0242994 -tpy 0.460109 -tpz -0.230722 -a 0 -fd 1 -fl 0.035
 -cpx 0.00994844 -cpy 1.45952 -cpz -0.101502 -tpx 0.0452405 -tpy 0.460157 -tpz -0.107096 -a 0 -fd 1 -fl 0.035
 -cpx 0.0278334 -cpy 1.45956 -cpz 0.00408228 -tpx 0.0631255 -tpy 0.460198 -tpz -0.00151138 -a 0 -fd 1 -fl 0.035
 -cpx 0.050784 -cpy 1.45961 -cpz 0.139572 -tpx 0.086076 -tpy 0.46025 -tpz 0.133978 -a 0 -fd 1 -fl 0.035
 -cpx 0.0727504 -cpy 1.45966 -cpz 0.269251 -tpx 0.108042 -tpy 0.460299 -tpz 0.263657 -a 0 -fd 1 -fl 0.035
 -cpx 0.0911404 -cpy 1.4597 -cpz 0.377817 -tpx 0.126432 -tpy 0.460341 -tpz 0.372223 -a 0 -fd 1 -fl 0.035
 -cpx 0.111073 -cpy 1.45975 -cpz 0.49549 -tpx 0.146365 -tpy 0.460386 -tpz 0.489896 -a 0 -fd 1 -fl 0.035
 -cpx 0.129163 -cpy 1.45979 -cpz 0.602285 -tpx 0.164455 -tpy 0.460427 -tpz 0.596692 -a 0 -fd 1 -fl 0.035
 -cpx 0.149947 -cpy 1.45984 -cpz 0.724982 -tpx 0.185239 -tpy 0.460475 -tpz 0.719388 -a 0 -fd 1 -fl 0.035
 -cpx 0.170998 -cpy 1.19559 -cpz 0.741039 -tpx 0.250269 -tpy 0.200575 -tpz 0.801502 -a 0 -fd 1 -fl 0.035
 -cpx 0.0312902 -cpy 1.0757 -cpz 0.780957 -tpx -0.0579276 -tpy 0.146811 -tpz 0.421512 -a 0 -fd 1 -fl 0.035
 -cpx -0.0927149 -cpy 0.84254 -cpz 0.719387 -tpx -0.138187 -tpy 0.015873 -tpz 0.158535 -a 0 -fd 1 -fl 0.035
 -cpx -0.352184 -cpy 0.842638 -cpz 0.701323 -tpx -0.283192 -tpy -0.0108579 -tpz 0.184811 -a 0 -fd 1 -fl 0.035
 -cpx -0.741408 -cpy 0.842792 -cpz 0.578582 -tpx -0.566604 -tpy -0.0136212 -tpz 0.092784 -a 0 -fd 1 -fl 0.035
 -cpx -0.807396 -cpy 0.772088 -cpz 0.433031 -tpx -0.373219 -tpy 0.112679 -tpz -0.180705 -a 0 -fd 1 -fl 0.035
 -cpx -0.979382 -cpy 0.423793 -cpz -0.249703 -tpx -0.565391 -tpy -0.0512659 -tpz -1.02619 -a 0 -fd 1 -fl 0.035
 -cpx -0.932161 -cpy 0.378115 -cpz -0.324217 -tpx -0.440438 -tpy -0.0810289 -tpz -1.06408 -a 0 -fd 1 -fl 0.035
 -cpx -0.809849 -cpy 0.310603 -cpz -0.43591 -tpx -0.126034 -tpy -0.0668375 -tpz -1.06036 -a 0 -fd 1 -fl 0.035
 -cpx -0.703971 -cpy 0.26979 -cpz -0.513434 -tpx 0.0664651 -tpy -0.0271927 -tpz -1.07755 -a 0 -fd 1 -fl 0.035
 -cpx -0.377514 -cpy 0.208138 -cpz -0.680636 -tpx 0.500225 -tpy 0.0423745 -tpz -1.13019 -a 0 -fd 1 -fl 0.035
 -cpx -0.232405 -cpy 0.198331 -cpz -0.718644 -tpx 0.732901 -tpy 0.133096 -tpz -0.971484 -a 0 -fd 1 -fl 0.035
 -cpx -0.0603373 -cpy 0.200649 -cpz -0.719744 -tpx 0.939552 -tpy 0.214117 -tpz -0.726138 -a 0 -fd 1 -fl 0.035
 -cpx -0.0603373 -cpy 0.200649 -cpz -0.719744 -tpx 0.868944 -tpy 0.56759 -tpz -0.677433 -a 0 -fd 1 -fl 0.035
 -cpx -0.0603373 -cpy 0.200649 -cpz -0.719744 -tpx 0.415539 -tpy 0.312882 -tpz 0.152578 -a 0 -fd 1 -fl 0.035
 -cpx 0.0820291 -cpy 0.261257 -cpz -0.447146 -tpx 0.514845 -tpy 0.645923 -tpz 0.368146 -a 0 -fd 1 -fl 0.035
 -cpx 0.180102 -cpy 0.348419 -cpz -0.262407 -tpx 0.612918 -tpy 0.733086 -tpz 0.552885 -a 0 -fd 1 -fl 0.035
 -cpx 0.233905 -cpy 0.432251 -cpz -0.191111 -tpx 0.67312 -tpy 1.11661 -tpz 0.390906 -a 0 -fd 1 -fl 0.035
 -cpx 0.289609 -cpy 0.549631 -cpz -0.0886436 -tpx 0.626252 -tpy 1.259 -tpz 0.530607 -a 0 -fd 1 -fl 0.035
 -cpx 0.289609 -cpy 0.549631 -cpz -0.0886436 -tpx -0.15389 -tpy 1.23645 -tpz 0.487197 -a 0 -fd 1 -fl 0.035
 -cpx 0.183251 -cpy 0.65252 -cpz -0.0644775 -tpx -0.526933 -tpy 1.33852 -tpz 0.0937794 -a 0 -fd 1 -fl 0.035
 -cpx 0.183251 -cpy 0.65252 -cpz -0.0644775 -tpx -0.336356 -tpy 1.50363 -tpz -0.139431 -a 0 -fd 1 -fl 0.035
 -cpx -0.0492674 -cpy 0.939469 -cpz 0.310194 -tpx -0.568875 -tpy 1.79058 -tpz 0.235241 -a 0 -fd 1 -fl 0.035
 -cpx -0.0492674 -cpy 0.939469 -cpz 0.310194 -tpx -0.292863 -tpy 1.68584 -tpz -0.30915 -a 0 -fd 1 -fl 0.035
 -cpx -0.0926305 -cpy 1.07233 -cpz 0.199943 -tpx -0.336226 -tpy 1.81871 -tpz -0.419401 -a 0 -fd 1 -fl 0.035
 -cpx -0.128808 -cpy 1.18318 -cpz 0.10796 -tpx -0.372404 -tpy 1.92956 -tpz -0.511384 -a 0 -fd 1 -fl 0.035
 -cpx -0.170705 -cpy 1.24802 -cpz -0.00634384 -tpx -0.474465 -tpy 1.71807 -tpz -0.835068 -a 0 -fd 1 -fl 0.035
 -cpx -0.202361 -cpy 1.24713 -cpz -0.0872568 -tpx -0.566678 -tpy 1.23698 -tpz -1.01848 -a 0 -fd 1 -fl 0.035
 -cpx -0.255068 -cpy 1.24566 -cpz -0.22198 -tpx -0.619386 -tpy 1.23551 -tpz -1.1532 -a 0 -fd 1 -fl 0.035
 -cpx -0.302178 -cpy 1.24435 -cpz -0.342397 -tpx -0.666496 -tpy 1.2342 -tpz -1.27362 -a 0 -fd 1 -fl 0.035
 -cpx -0.652626 -cpy 1.2445 -cpz -0.205295 -tpx -1.01694 -tpy 1.23435 -tpz -1.13651 -a 0 -fd 1 -fl 0.035
 -cpx 0.0981938 -cpy 1.06791 -cpz -0.355723 -tpx 0.0759279 -tpy 0.116155 -tpz -0.661776 -a 0 -fd 1 -fl 0.035
 -cpx 0.0981938 -cpy 1.06791 -cpz -0.355723 -tpx 0.497736 -tpy 0.155697 -tpz -0.446468 -a 0 -fd 1 -fl 0.035
 -cpx 0.119172 -cpy 0.817222 -cpz -0.022737 -tpx 0.632355 -tpy 0.0106816 -tpz 0.270753 -a 0 -fd 1 -fl 0.035
 -cpx 0.0721172 -cpy 0.861158 -cpz -0.0225537 -tpx 0.268941 -tpy -0.118354 -tpz 0.0200639 -a 0 -fd 1 -fl 0.035
 -cpx 0.0779439 -cpy 0.801635 -cpz -0.0211388 -tpx 0.175341 -tpy -0.193329 -tpz 0.0025126 -a 0 -fd 1 -fl 0.035
 -cpx 0.0885229 -cpy 0.693565 -cpz -0.0185699 -tpx 0.18592 -tpy -0.3014 -tpz 0.00508156 -a 0 -fd 1 -fl 0.035
 -cpx 0.0992076 -cpy 0.584415 -cpz -0.0159753 -tpx 0.196605 -tpy -0.41055 -tpz 0.00767617 -a 0 -fd 1 -fl 0.035
 -cpx 0.110045 -cpy 0.473705 -cpz -0.0133436 -tpx 0.207442 -tpy -0.52126 -tpz 0.0103079 -a 0 -fd 1 -fl 0.035
 -cpx 0.122802 -cpy 0.343386 -cpz -0.0102457 -tpx 0.220199 -tpy -0.651579 -tpz 0.0134057 -a 0 -fd 1 -fl 0.035
 -cpx 0.137299 -cpy 0.195287 -cpz -0.00672525 -tpx 0.234697 -tpy -0.799678 -tpz 0.0169262 -a 0 -fd 1 -fl 0.035
 -cpx 0.177324 -cpy 0.143639 -cpz -0.139656 -tpx 0.103658 -tpy -0.741493 -tpz 0.319815 -a 0 -fd 1 -fl 0.035
 -cpx 0.269627 -cpy 0.143678 -cpz -0.11502 -tpx 0.140196 -tpy -0.721888 -tpz 0.368761 -a 0 -fd 1 -fl 0.035
 -cpx 0.354817 -cpy 0.143719 -cpz -0.0620437 -tpx 0.0739933 -tpy -0.719017 -tpz 0.358463 -a 0 -fd 1 -fl 0.035
 -cpx 0.36363 -cpy 0.143726 -cpz -0.0458167 -tpx -0.0805495 -tpy -0.719009 -tpz 0.195827 -a 0 -fd 1 -fl 0.035
 -cpx 0.526947 -cpy 0.341929 -cpz 0.0115443 -tpx 0.082767 -tpy -0.520806 -tpz 0.253188 -a 0 -fd 1 -fl 0.035
 -cpx 0.596818 -cpy 0.341968 -cpz 0.0759535 -tpx 0.28574 -tpy -0.546286 -tpz 0.413941 -a 0 -fd 1 -fl 0.035
 -cpx 0.682004 -cpy 0.342006 -cpz 0.118411 -tpx 0.493185 -tpy -0.563642 -tpz 0.498081 -a 0 -fd 1 -fl 0.035
 -cpx 0.781902 -cpy 0.342051 -cpz 0.1682 -tpx 0.593083 -tpy -0.563596 -tpz 0.54787 -a 0 -fd 1 -fl 0.035
 -cpx 0.781902 -cpy 0.342051 -cpz 0.1682 -tpx 0.348109 -tpy -0.194131 -tpz 0.892308 -a 0 -fd 1 -fl 0.035
 -cpx 0.809003 -cpy 0.274428 -cpz 0.322971 -tpx 0.305208 -tpy -0.254136 -tpz 1.00621 -a 0 -fd 1 -fl 0.035
 -cpx 0.779603 -cpy 0.279948 -cpz 0.591708 -tpx -0.143828 -tpy 0.321524 -tpz 0.973213 -a 0 -fd 1 -fl 0.035
 -cpx -0.141635 -cpy 0.364188 -cpz 0.681733 -tpx -0.921381 -tpy 0.6298 -tpz 0.11477 -a 0 -fd 1 -fl 0.035
 -cpx -0.256248 -cpy 0.461858 -cpz 0.596979 -tpx -0.919527 -tpy 1.02709 -tpz 0.106495 -a 0 -fd 1 -fl 0.035
 -cpx -0.656435 -cpy 0.775038 -cpz 0.122599 -tpx -1.26366 -tpy 1.45857 -tpz 0.527655 -a 0 -fd 1 -fl 0.035
 -cpx -0.927115 -cpy 0.774888 -cpz -0.105725 -tpx -1.36734 -tpy 1.45595 -tpz 0.479389 -a 0 -fd 1 -fl 0.035
 -cpx -0.967795 -cpy 0.904598 -cpz -0.0127121 -tpx -1.21477 -tpy 1.69208 -tpz 0.551981 -a 0 -fd 1 -fl 0.035
 -cpx -1.00407 -cpy 1.08199 -cpz 0.120119 -tpx -1.10981 -tpy 1.87016 -tpz 0.726418 -a 0 -fd 1 -fl 0.035
