 -cpx 1371.19 -cpy 2307.22 -cpz 150.9 -tpx 1370.52 -tpy 2306.5 -tpz 150.705 -a 0 -fd 1 -fl 0.035
 -cpx -1207.87 -cpy 380.785 -cpz 398.746 -tpx -1207.77 -tpy 379.79 -tpz 398.747 -a 0 -fd 1 -fl 0.035
 -cpx -1138.94 -cpy 163.287 -cpz 400.752 -tpx -1139 -tpy 163.022 -tpz 399.789 -a 0 -fd 1 -fl 0.035
 -cpx -1198.76 -cpy 179.81 -cpz 386.791 -tpx -1198.81 -tpy 178.811 -tpz 386.791 -a 0 -fd 1 -fl 0.035
 -cpx 1064.39 -cpy 1637.5 -cpz 66.8923 -tpx 1063.67 -tpy 1636.81 -tpz 66.8114 -a 0 -fd 1 -fl 0.035
 -cpx 1535.44 -cpy 2256.47 -cpz 190.911 -tpx 1534.78 -tpy 2255.74 -tpz 190.762 -a 0 -fd 1 -fl 0.035
 -cpx 1064.09 -cpy 1672 -cpz -77.9754 -tpx 1063.26 -tpy 1671.44 -tpz -77.9522 -a 0 -fd 1 -fl 0.035
 -cpx -308.048 -cpy 1199.3 -cpz -70.8425 -tpx -309.041 -tpy 1199.18 -tpz -70.8315 -a 0 -fd 1 -fl 0.035
 -cpx -722.828 -cpy 1206.53 -cpz -65.2379 -tpx -723.826 -tpy 1206.56 -tpz -65.1763 -a 0 -fd 1 -fl 0.035
 -cpx -863.346 -cpy 1060.65 -cpz -129.927 -tpx -864.071 -tpy 1059.97 -tpz -129.818 -a 0 -fd 1 -fl 0.035
 -cpx -863.346 -cpy 1060.65 -cpz -129.927 -tpx -863.923 -tpy 1060.32 -tpz -129.178 -a 0 -fd 1 -fl 0.035
 -cpx -943.307 -cpy 1000.78 -cpz 110.59 -tpx -943.864 -tpy 1000.18 -tpz 111.168 -a 0 -fd 1 -fl 0.035
 -cpx -591.549 -cpy 1253.35 -cpz -148.917 -tpx -591.733 -tpy 1253.07 -tpz -147.974 -a 0 -fd 1 -fl 0.035
 -cpx -622.275 -cpy 1231.8 -cpz 15.2974 -tpx -622.417 -tpy 1230.82 -tpz 15.2578 -a 0 -fd 1 -fl 0.035
 -cpx -622.275 -cpy 1231.8 -cpz 15.2974 -tpx -621.825 -tpy 1231.33 -tpz 14.542 -a 0 -fd 1 -fl 0.035
 -cpx -511.518 -cpy 1116.97 -cpz -212.967 -tpx -511.2 -tpy 1116.62 -tpz -213.849 -a 0 -fd 1 -fl 0.035
 -cpx -363.303 -cpy 1104.25 -cpz -217.532 -tpx -362.307 -tpy 1104.17 -tpz -217.563 -a 0 -fd 1 -fl 0.035
 -cpx 559.527 -cpy 1139.26 -cpz -173.964 -tpx 560.525 -tpy 1139.32 -tpz -173.969 -a 0 -fd 1 -fl 0.035
 -cpx 686.909 -cpy 1077.54 -cpz -164.112 -tpx 687.807 -tpy 1077.11 -tpz -164.043 -a 0 -fd 1 -fl 0.035
 -cpx 685.777 -cpy 868.367 -cpz -63.9004 -tpx 684.938 -tpy 868.451 -tpz -63.3625 -a 0 -fd 1 -fl 0.035
 -cpx -330.599 -cpy 676.617 -cpz 74.674 -tpx -331.594 -tpy 676.586 -tpz 74.5807 -a 0 -fd 1 -fl 0.035
 -cpx -810.476 -cpy 661.963 -cpz 29.6765 -tpx -811.471 -tpy 661.932 -tpz 29.5832 -a 0 -fd 1 -fl 0.035
 -cpx -1101.83 -cpy 652.723 -cpz -122.753 -tpx -1102.82 -tpy 652.704 -tpz -122.63 -a 0 -fd 1 -fl 0.035
 -cpx -1188.3 -cpy 613.63 -cpz 182.03 -tpx -1188.66 -tpy 613.562 -tpz 182.962 -a 0 -fd 1 -fl 0.035
 -cpx -1204.56 -cpy 631.182 -cpz 460.83 -tpx -1204.57 -tpy 631.041 -tpz 459.841 -a 0 -fd 1 -fl 0.035
 -cpx -1360.53 -cpy 663.726 -cpz 505.415 -tpx -1359.56 -tpy 663.541 -tpz 505.217 -a 0 -fd 1 -fl 0.035
 -cpx -771.697 -cpy 547.835 -cpz 453.005 -tpx -771.362 -tpy 547.664 -tpz 452.078 -a 0 -fd 1 -fl 0.035
 -cpx -492.823 -cpy 514.222 -cpz 506.93 -tpx -492.744 -tpy 514.312 -tpz 507.923 -a 0 -fd 1 -fl 0.035
 -cpx -492.823 -cpy 514.222 -cpz 506.93 -tpx -491.937 -tpy 514.245 -tpz 507.394 -a 0 -fd 1 -fl 0.035
 -cpx -492.823 -cpy 514.222 -cpz 506.93 -tpx -491.83 -tpy 514.181 -tpz 506.816 -a 0 -fd 1 -fl 0.035
 -cpx -407.995 -cpy 514.215 -cpz 512.942 -tpx -407.925 -tpy 514.415 -tpz 511.965 -a 0 -fd 1 -fl 0.035
 -cpx -409.267 -cpy 473.484 -cpz 521.705 -tpx -409.237 -tpy 474.461 -tpz 521.495 -a 0 -fd 1 -fl 0.035
 -cpx -409.267 -cpy 473.484 -cpz 521.705 -tpx -410.2 -tpy 473.69 -tpz 521.409 -a 0 -fd 1 -fl 0.035
 -cpx -409.267 -cpy 473.484 -cpz 521.705 -tpx -409.624 -tpy 474.417 -tpz 521.676 -a 0 -fd 1 -fl 0.035
 -cpx -156.913 -cpy 536.388 -cpz 502.573 -tpx -156.876 -tpy 536.43 -tpz 501.574 -a 0 -fd 1 -fl 0.035
 -cpx -356.925 -cpy 546.477 -cpz 253.107 -tpx -356.906 -tpy 546.418 -tpz 252.109 -a 0 -fd 1 -fl 0.035
 -cpx -118.565 -cpy 554.599 -cpz 325.112 -tpx -117.609 -tpy 554.631 -tpz 325.402 -a 0 -fd 1 -fl 0.035
 -cpx 37.2939 -cpy 559.911 -cpz 372.359 -tpx 38.2504 -tpy 559.944 -tpz 372.649 -a 0 -fd 1 -fl 0.035
 -cpx 209.1 -cpy 563.783 -cpz 212.879 -tpx 210.056 -tpy 563.815 -tpz 213.169 -a 0 -fd 1 -fl 0.035
 -cpx 173.796 -cpy 563.772 -cpz 329.339 -tpx 174.753 -tpy 563.805 -tpz 329.629 -a 0 -fd 1 -fl 0.035
 -cpx 517.251 -cpy 573.984 -cpz 274.069 -tpx 518.208 -tpy 574.017 -tpz 274.359 -a 0 -fd 1 -fl 0.035
 -cpx 517.251 -cpy 573.984 -cpz 274.069 -tpx 518.12 -tpy 574.357 -tpz 274.396 -a 0 -fd 1 -fl 0.035
 -cpx 517.251 -cpy 573.984 -cpz 274.069 -tpx 516.832 -tpy 574.518 -tpz 274.803 -a 0 -fd 1 -fl 0.035
 -cpx 517.251 -cpy 573.984 -cpz 274.069 -tpx 517.586 -tpy 573.653 -tpz 273.186 -a 0 -fd 1 -fl 0.035
 -cpx 573.243 -cpy 518.504 -cpz 126.229 -tpx 573.577 -tpy 518.173 -tpz 125.346 -a 0 -fd 1 -fl 0.035
 -cpx 573.243 -cpy 518.504 -cpz 126.229 -tpx 574.194 -tpy 518.789 -tpz 126.108 -a 0 -fd 1 -fl 0.035
 -cpx 835.843 -cpy 597.242 -cpz 92.8444 -tpx 836.794 -tpy 597.527 -tpz 92.7235 -a 0 -fd 1 -fl 0.035
 -cpx 835.843 -cpy 597.242 -cpz 92.8444 -tpx 836.828 -tpy 597.072 -tpz 92.8206 -a 0 -fd 1 -fl 0.035
 -cpx 983.567 -cpy 571.445 -cpz -21.4773 -tpx 984.552 -tpy 571.276 -tpz -21.501 -a 0 -fd 1 -fl 0.035
 -cpx 1130.35 -cpy 546.258 -cpz -25.0185 -tpx 1131.34 -tpy 546.089 -tpz -25.0422 -a 0 -fd 1 -fl 0.035
 -cpx 1130.35 -cpy 546.258 -cpz -25.0185 -tpx 1131.02 -tpy 546.995 -tpz -25.1456 -a 0 -fd 1 -fl 0.035
 -cpx 1130.35 -cpy 546.258 -cpz -25.0185 -tpx 1131.31 -tpy 546.503 -tpz -24.8443 -a 0 -fd 1 -fl 0.035
 -cpx 1130.35 -cpy 546.258 -cpz -25.0185 -tpx 1131.27 -tpy 546.241 -tpz -25.417 -a 0 -fd 1 -fl 0.035
 -cpx 1130.35 -cpy 546.258 -cpz -25.0185 -tpx 1130.92 -tpy 546.711 -tpz -25.705 -a 0 -fd 1 -fl 0.035
 -cpx 1130.35 -cpy 546.258 -cpz -25.0185 -tpx 1130.25 -tpy 546.159 -tpz -26.0081 -a 0 -fd 1 -fl 0.035
 -cpx 1119.29 -cpy 654.661 -cpz -4.50187 -tpx 1119.39 -tpy 653.683 -tpz -4.6869 -a 0 -fd 1 -fl 0.035
 -cpx 1119.29 -cpy 654.661 -cpz -4.50187 -tpx 1119.57 -tpy 655.513 -tpz -4.94807 -a 0 -fd 1 -fl 0.035
 -cpx 1119.29 -cpy 654.661 -cpz -4.50187 -tpx 1118.59 -tpy 654.924 -tpz -5.16137 -a 0 -fd 1 -fl 0.035
 -cpx 1108.06 -cpy 616.096 -cpz -40.5324 -tpx 1107.46 -tpy 615.953 -tpz -41.3173 -a 0 -fd 1 -fl 0.035
 -cpx 1015.38 -cpy 616.107 -cpz 30.6534 -tpx 1014.77 -tpy 615.963 -tpz 29.8685 -a 0 -fd 1 -fl 0.035
 -cpx 1014.97 -cpy 616.01 -cpz 30.1224 -tpx 1014.23 -tpy 615.778 -tpz 29.4834 -a 0 -fd 1 -fl 0.035
 -cpx 1035.81 -cpy 577.665 -cpz -185.096 -tpx 1035.91 -tpy 577.49 -tpz -186.076 -a 0 -fd 1 -fl 0.035
 -cpx 1056.66 -cpy 539.316 -cpz -400.338 -tpx 1056.75 -tpy 539.141 -tpz -401.318 -a 0 -fd 1 -fl 0.035
 -cpx 1056.66 -cpy 539.316 -cpz -400.338 -tpx 1055.7 -tpy 539.046 -tpz -400.398 -a 0 -fd 1 -fl 0.035
 -cpx 892.302 -cpy 531.724 -cpz -404.98 -tpx 891.303 -tpy 531.678 -tpz -405.008 -a 0 -fd 1 -fl 0.035
 -cpx 892.302 -cpy 531.724 -cpz -404.98 -tpx 891.577 -tpy 531.868 -tpz -405.654 -a 0 -fd 1 -fl 0.035
 -cpx 724.14 -cpy 554.464 -cpz -454.411 -tpx 723.618 -tpy 555.131 -tpz -454.941 -a 0 -fd 1 -fl 0.035
 -cpx 724.14 -cpy 554.464 -cpz -454.411 -tpx 724.075 -tpy 554.552 -tpz -453.417 -a 0 -fd 1 -fl 0.035
 -cpx 556.022 -cpy 554.448 -cpz -465.466 -tpx 555.957 -tpy 554.537 -tpz -464.472 -a 0 -fd 1 -fl 0.035
 -cpx 535.094 -cpy 571.834 -cpz -382.396 -tpx 534.854 -tpy 572.033 -tpz -381.446 -a 0 -fd 1 -fl 0.035
 -cpx 535.094 -cpy 571.834 -cpz -382.396 -tpx 534.098 -tpy 571.89 -tpz -382.317 -a 0 -fd 1 -fl 0.035
 -cpx 351.497 -cpy 582.595 -cpz -282.003 -tpx 350.501 -tpy 582.651 -tpz -281.924 -a 0 -fd 1 -fl 0.035
 -cpx 351.497 -cpy 582.595 -cpz -282.003 -tpx 351.176 -tpy 581.708 -tpz -282.335 -a 0 -fd 1 -fl 0.035
 -cpx 351.497 -cpy 582.595 -cpz -282.003 -tpx 351.612 -tpy 582.043 -tpz -282.829 -a 0 -fd 1 -fl 0.035
 -cpx 370.553 -cpy 491.663 -cpz -417.958 -tpx 370.53 -tpy 492.429 -tpz -418.602 -a 0 -fd 1 -fl 0.035
 -cpx 536.237 -cpy 618.81 -cpz -530.712 -tpx 536.214 -tpy 619.575 -tpz -531.355 -a 0 -fd 1 -fl 0.035
 -cpx 536.237 -cpy 618.81 -cpz -530.712 -tpx 535.946 -tpy 619.762 -tpz -530.808 -a 0 -fd 1 -fl 0.035
 -cpx 536.237 -cpy 618.81 -cpz -530.712 -tpx 535.4 -tpy 619.354 -tpz -530.651 -a 0 -fd 1 -fl 0.035
 -cpx 291.552 -cpy 724.127 -cpz -520.008 -tpx 290.634 -tpy 724.522 -tpz -519.968 -a 0 -fd 1 -fl 0.035
 -cpx 62.753 -cpy 736.519 -cpz -516.267 -tpx 61.7697 -tpy 736.7 -tpz -516.242 -a 0 -fd 1 -fl 0.035
 -cpx 62.753 -cpy 736.519 -cpz -516.267 -tpx 61.7994 -tpy 736.445 -tpz -516.559 -a 0 -fd 1 -fl 0.035
 -cpx 62.753 -cpy 736.519 -cpz -516.267 -tpx 62.1504 -tpy 735.823 -tpz -516.656 -a 0 -fd 1 -fl 0.035
 -cpx 34.1226 -cpy 524.413 -cpz -352.053 -tpx 33.7552 -tpy 523.583 -tpz -351.634 -a 0 -fd 1 -fl 0.035
 -cpx -11.1172 -cpy 546.666 -cpz -292.041 -tpx -11.6175 -tpy 546.046 -tpz -291.436 -a 0 -fd 1 -fl 0.035
 -cpx -11.1172 -cpy 546.666 -cpz -292.041 -tpx -12.0698 -tpy 546.737 -tpz -291.745 -a 0 -fd 1 -fl 0.035
 -cpx -11.1172 -cpy 546.666 -cpz -292.041 -tpx -10.5763 -tpy 547.507 -tpz -292.054 -a 0 -fd 1 -fl 0.035
 -cpx -11.1172 -cpy 546.666 -cpz -292.041 -tpx -11.0788 -tpy 547.203 -tpz -291.198 -a 0 -fd 1 -fl 0.035
 -cpx -91.9864 -cpy 556.05 -cpz -327.805 -tpx -92.8959 -tpy 556.155 -tpz -328.207 -a 0 -fd 1 -fl 0.035
 -cpx -91.9864 -cpy 556.05 -cpz -327.805 -tpx -92.9061 -tpy 555.658 -tpz -327.828 -a 0 -fd 1 -fl 0.035
 -cpx -169.622 -cpy 522.961 -cpz -329.82 -tpx -170.541 -tpy 522.569 -tpz -329.844 -a 0 -fd 1 -fl 0.035
 -cpx -171.803 -cpy 522.97 -cpz -245.911 -tpx -172.723 -tpy 522.578 -tpz -245.935 -a 0 -fd 1 -fl 0.035
 -cpx -171.803 -cpy 522.97 -cpz -245.911 -tpx -172.448 -tpy 523.697 -tpz -246.147 -a 0 -fd 1 -fl 0.035
 -cpx -463.14 -cpy 696.46 -cpz -474.803 -tpx -463.381 -tpy 696.959 -tpz -475.635 -a 0 -fd 1 -fl 0.035
 -cpx -463.14 -cpy 696.46 -cpz -474.803 -tpx -463.857 -tpy 695.994 -tpz -474.284 -a 0 -fd 1 -fl 0.035
 -cpx -463.14 -cpy 696.46 -cpz -474.803 -tpx -463.166 -tpy 696.324 -tpz -473.812 -a 0 -fd 1 -fl 0.035
 -cpx -816.978 -cpy 617.113 -cpz -319.531 -tpx -817.874 -tpy 616.912 -tpz -319.136 -a 0 -fd 1 -fl 0.035
 -cpx -619.331 -cpy 661.292 -cpz -404.541 -tpx -620.187 -tpy 660.791 -tpz -404.418 -a 0 -fd 1 -fl 0.035
 -cpx -1016.63 -cpy 518.991 -cpz -364.384 -tpx -1017.22 -tpy 518.794 -tpz -363.604 -a 0 -fd 1 -fl 0.035
 -cpx -1016.63 -cpy 518.991 -cpz -364.384 -tpx -1017.39 -tpy 519.371 -tpz -364.898 -a 0 -fd 1 -fl 0.035
 -cpx -869.898 -cpy 519.023 -cpz -150.715 -tpx -869.512 -tpy 519.828 -tpz -151.165 -a 0 -fd 1 -fl 0.035
 -cpx -627.095 -cpy 900.652 -cpz -48.4105 -tpx -627.07 -tpy 900.549 -tpz -47.4162 -a 0 -fd 1 -fl 0.035
 -cpx -483.984 -cpy 970.077 -cpz 102.654 -tpx -483.298 -tpy 970.034 -tpz 103.381 -a 0 -fd 1 -fl 0.035
 -cpx -252.621 -cpy 973.496 -cpz -223.419 -tpx -251.936 -tpy 973.453 -tpz -222.692 -a 0 -fd 1 -fl 0.035
 -cpx 205.315 -cpy 958.71 -cpz -179.097 -tpx 206.028 -tpy 958.148 -tpz -178.679 -a 0 -fd 1 -fl 0.035
 -cpx 25.8117 -cpy 745.951 -cpz 347.406 -tpx 24.9128 -tpy 745.513 -tpz 347.406 -a 0 -fd 1 -fl 0.035
 -cpx -91.4842 -cpy 688.796 -cpz 347.405 -tpx -92.3831 -tpy 688.358 -tpz 347.405 -a 0 -fd 1 -fl 0.035
 -cpx -324.547 -cpy 575.211 -cpz 218.781 -tpx -325.346 -tpy 574.985 -tpz 218.224 -a 0 -fd 1 -fl 0.035
 -cpx -450.917 -cpy 501.024 -cpz -157.791 -tpx -451.716 -tpy 500.797 -tpz -158.348 -a 0 -fd 1 -fl 0.035
 -cpx -450.917 -cpy 501.024 -cpz -157.791 -tpx -450.787 -tpy 500.766 -tpz -158.748 -a 0 -fd 1 -fl 0.035
 -cpx -450.917 -cpy 501.024 -cpz -157.791 -tpx -450.083 -tpy 500.871 -tpz -158.322 -a 0 -fd 1 -fl 0.035
 -cpx -450.917 -cpy 501.024 -cpz -157.791 -tpx -449.932 -tpy 500.867 -tpz -157.874 -a 0 -fd 1 -fl 0.035
 -cpx -137.471 -cpy 451.053 -cpz -184.472 -tpx -136.487 -tpy 450.896 -tpz -184.555 -a 0 -fd 1 -fl 0.035
 -cpx -54.6021 -cpy 437.842 -cpz -191.525 -tpx -53.618 -tpy 437.685 -tpz -191.609 -a 0 -fd 1 -fl 0.035
 -cpx 117.182 -cpy 410.455 -cpz -206.148 -tpx 118.166 -tpy 410.298 -tpz -206.232 -a 0 -fd 1 -fl 0.035
 -cpx 253.911 -cpy 389.831 -cpz -129.73 -tpx 254.895 -tpy 389.675 -tpz -129.813 -a 0 -fd 1 -fl 0.035
 -cpx 554.11 -cpy 341.972 -cpz -155.283 -tpx 555.094 -tpy 341.815 -tpz -155.367 -a 0 -fd 1 -fl 0.035
 -cpx 554.11 -cpy 341.972 -cpz -155.283 -tpx 555.099 -tpy 342.124 -tpz -155.311 -a 0 -fd 1 -fl 0.035
 -cpx 804.79 -cpy 380.347 -cpz -162.461 -tpx 805.778 -tpy 380.498 -tpz -162.489 -a 0 -fd 1 -fl 0.035
 -cpx 804.79 -cpy 380.347 -cpz -162.461 -tpx 805.334 -tpy 380.492 -tpz -161.634 -a 0 -fd 1 -fl 0.035
 -cpx 697.289 -cpy 434.865 -cpz 121.416 -tpx 696.93 -tpy 435.042 -tpz 122.332 -a 0 -fd 1 -fl 0.035
 -cpx 844.284 -cpy 426.276 -cpz 131.406 -tpx 843.328 -tpy 426.202 -tpz 131.69 -a 0 -fd 1 -fl 0.035
 -cpx 844.284 -cpy 426.276 -cpz 131.406 -tpx 843.438 -tpy 425.753 -tpz 131.508 -a 0 -fd 1 -fl 0.035
 -cpx 603.777 -cpy 280.617 -cpz 133.318 -tpx 602.922 -tpy 280.099 -tpz 133.324 -a 0 -fd 1 -fl 0.035
 -cpx 602.666 -cpy 279.944 -cpz 133.326 -tpx 602.449 -tpy 279.106 -tpz 132.826 -a 0 -fd 1 -fl 0.035
 -cpx 556.745 -cpy 233.266 -cpz 70.6902 -tpx 556.238 -tpy 232.751 -tpz 69.9989 -a 0 -fd 1 -fl 0.035
 -cpx 738.01 -cpy 233.234 -cpz -62.177 -tpx 737.503 -tpy 232.719 -tpz -62.8683 -a 0 -fd 1 -fl 0.035
 -cpx 552.55 -cpy 116.932 -cpz -166.19 -tpx 552.043 -tpy 116.417 -tpz -166.881 -a 0 -fd 1 -fl 0.035
 -cpx 113.927 -cpy 47.6844 -cpz -153.882 -tpx 113.775 -tpy 47.4253 -tpz -154.836 -a 0 -fd 1 -fl 0.035
 -cpx 113.927 -cpy 47.6844 -cpz -153.882 -tpx 114.487 -tpy 47.3111 -tpz -153.142 -a 0 -fd 1 -fl 0.035
 -cpx 100.073 -cpy 57.8991 -cpz -19.0387 -tpx 100.027 -tpy 57.9744 -tpz -18.0426 -a 0 -fd 1 -fl 0.035
 -cpx 84.3238 -cpy 83.5372 -cpz 320.253 -tpx 83.6373 -tpy 83.6158 -tpz 320.975 -a 0 -fd 1 -fl 0.035
 -cpx -250.463 -cpy 104.784 -cpz 358.851 -tpx -251.454 -tpy 104.846 -tpz 358.965 -a 0 -fd 1 -fl 0.035
 -cpx -226.36 -cpy 104.815 -cpz 567.888 -tpx -226.938 -tpy 105.511 -tpz 567.461 -a 0 -fd 1 -fl 0.035
 -cpx -357.54 -cpy 285.285 -cpz 372.8 -tpx -357.779 -tpy 285.662 -tpz 371.905 -a 0 -fd 1 -fl 0.035
 -cpx -357.54 -cpy 285.285 -cpz 372.8 -tpx -358.21 -tpy 285.673 -tpz 372.167 -a 0 -fd 1 -fl 0.035
 -cpx -357.54 -cpy 285.285 -cpz 372.8 -tpx -358.51 -tpy 285.502 -tpz 372.686 -a 0 -fd 1 -fl 0.035
 -cpx -454.492 -cpy 303.728 -cpz 485.937 -tpx -455.462 -tpy 303.944 -tpz 485.824 -a 0 -fd 1 -fl 0.035
 -cpx -454.492 -cpy 303.728 -cpz 485.937 -tpx -455.228 -tpy 303.135 -tpz 485.609 -a 0 -fd 1 -fl 0.035
 -cpx -747.914 -cpy 40.7746 -cpz 266.878 -tpx -748.649 -tpy 40.1818 -tpz 266.55 -a 0 -fd 1 -fl 0.035
 -cpx -703.036 -cpy 158.17 -cpz 557.633 -tpx -704.007 -tpy 157.944 -tpz 557.546 -a 0 -fd 1 -fl 0.035
 -cpx -863.341 -cpy 120.752 -cpz 543.179 -tpx -864.311 -tpy 120.526 -tpz 543.092 -a 0 -fd 1 -fl 0.035
 -cpx -1014.42 -cpy 85.4885 -cpz 529.557 -tpx -1015.39 -tpy 85.2621 -tpz 529.47 -a 0 -fd 1 -fl 0.035
 -cpx -1129.24 -cpy 58.6876 -cpz 519.204 -tpx -1130.18 -tpy 58.6257 -tpz 518.874 -a 0 -fd 1 -fl 0.035
 -cpx -1129.24 -cpy 58.6876 -cpz 519.204 -tpx -1129.63 -tpy 59.5565 -tpz 518.909 -a 0 -fd 1 -fl 0.035
 -cpx -1166.66 -cpy 295.316 -cpz 490.763 -tpx -1166.82 -tpy 296.297 -tpz 490.645 -a 0 -fd 1 -fl 0.035
 -cpx -1163.85 -cpy 277.551 -cpz 492.898 -tpx -1163.99 -tpy 277.712 -tpz 491.921 -a 0 -fd 1 -fl 0.035
 -cpx -1163.85 -cpy 277.551 -cpz 492.898 -tpx -1163.58 -tpy 277.633 -tpz 491.94 -a 0 -fd 1 -fl 0.035
 -cpx -1163.85 -cpy 277.551 -cpz 492.898 -tpx -1163.07 -tpy 277.423 -tpz 492.288 -a 0 -fd 1 -fl 0.035
 -cpx -1163.85 -cpy 277.551 -cpz 492.898 -tpx -1162.9 -tpy 277.717 -tpz 492.631 -a 0 -fd 1 -fl 0.035
 -cpx -1163.85 -cpy 277.551 -cpz 492.898 -tpx -1163.45 -tpy 276.785 -tpz 492.397 -a 0 -fd 1 -fl 0.035
 -cpx -1163.85 -cpy 277.551 -cpz 492.898 -tpx -1164.02 -tpy 276.699 -tpz 492.401 -a 0 -fd 1 -fl 0.035
 -cpx -1183.52 -cpy 176.3 -cpz 433.797 -tpx -1183.68 -tpy 175.448 -tpz 433.3 -a 0 -fd 1 -fl 0.035
 -cpx -1283.19 -cpy 241.796 -cpz 509.383 -tpx -1283.36 -tpy 240.945 -tpz 508.886 -a 0 -fd 1 -fl 0.035
 -cpx -1359.83 -cpy 241.809 -cpz 534.862 -tpx -1360 -tpy 240.957 -tpz 534.365 -a 0 -fd 1 -fl 0.035
 -cpx -1319.95 -cpy 241.802 -cpz 521.604 -tpx -1320.01 -tpy 241.401 -tpz 520.69 -a 0 -fd 1 -fl 0.035
 -cpx -1327.56 -cpy 190.967 -cpz 405.819 -tpx -1327.62 -tpy 190.566 -tpz 404.905 -a 0 -fd 1 -fl 0.035
 -cpx -1335.12 -cpy 140.514 -cpz 290.906 -tpx -1335.18 -tpy 140.113 -tpz 289.992 -a 0 -fd 1 -fl 0.035
 -cpx -1209.53 -cpy 140.494 -cpz 282.658 -tpx -1209.59 -tpy 140.093 -tpz 281.744 -a 0 -fd 1 -fl 0.035
 -cpx -1080.92 -cpy 140.474 -cpz 274.211 -tpx -1080.98 -tpy 140.073 -tpz 273.297 -a 0 -fd 1 -fl 0.035
 -cpx -1083.57 -cpy 122.796 -cpz 233.947 -tpx -1083.63 -tpy 122.395 -tpz 233.033 -a 0 -fd 1 -fl 0.035
 -cpx -1083.57 -cpy 122.796 -cpz 233.947 -tpx -1083.52 -tpy 123.502 -tpz 233.239 -a 0 -fd 1 -fl 0.035
 -cpx -1075.94 -cpy 176.553 -cpz 167.68 -tpx -1075.85 -tpy 177.181 -tpz 166.906 -a 0 -fd 1 -fl 0.035
 -cpx -1195.74 -cpy 261.056 -cpz 48.3943 -tpx -1195.65 -tpy 261.683 -tpz 47.6208 -a 0 -fd 1 -fl 0.035
 -cpx -1195.74 -cpy 261.056 -cpz 48.3943 -tpx -1196.24 -tpy 261.114 -tpz 47.5286 -a 0 -fd 1 -fl 0.035
 -cpx -1195.74 -cpy 261.056 -cpz 48.3943 -tpx -1196.7 -tpy 260.804 -tpz 48.2372 -a 0 -fd 1 -fl 0.035
 -cpx -1181.68 -cpy 261.042 -cpz -37.1038 -tpx -1182.63 -tpy 260.791 -tpz -37.2609 -a 0 -fd 1 -fl 0.035
 -cpx -1286.9 -cpy 179.492 -cpz -36.3768 -tpx -1287.69 -tpy 178.879 -tpz -36.3714 -a 0 -fd 1 -fl 0.035
 -cpx -1286.9 -cpy 179.492 -cpz -36.3768 -tpx -1287.77 -tpy 179.347 -tpz -35.8999 -a 0 -fd 1 -fl 0.035
 -cpx -1286.9 -cpy 179.492 -cpz -36.3768 -tpx -1287.84 -tpy 179.804 -tpz -36.5185 -a 0 -fd 1 -fl 0.035
 -cpx -1286.9 -cpy 179.492 -cpz -36.3768 -tpx -1287.72 -tpy 179.303 -tpz -36.9172 -a 0 -fd 1 -fl 0.035
 -cpx -1286.9 -cpy 179.492 -cpz -36.3768 -tpx -1287.06 -tpy 179.334 -tpz -37.3513 -a 0 -fd 1 -fl 0.035
 -cpx -1326.55 -cpy 140.238 -cpz -278.455 -tpx -1326.71 -tpy 140.08 -tpz -279.43 -a 0 -fd 1 -fl 0.035
 -cpx -1371.17 -cpy 96.0748 -cpz -550.817 -tpx -1371.33 -tpy 95.9167 -tpz -551.791 -a 0 -fd 1 -fl 0.035
 -cpx -1371.17 -cpy 96.0748 -cpz -550.817 -tpx -1371.18 -tpy 97.0696 -tpz -550.917 -a 0 -fd 1 -fl 0.035
 -cpx -1371.17 -cpy 96.0748 -cpz -550.817 -tpx -1370.37 -tpy 96.6593 -tpz -550.649 -a 0 -fd 1 -fl 0.035
 -cpx -1371.17 -cpy 96.0748 -cpz -550.817 -tpx -1370.44 -tpy 96.2681 -tpz -550.159 -a 0 -fd 1 -fl 0.035
 -cpx -1371.17 -cpy 96.0748 -cpz -550.817 -tpx -1370.77 -tpy 96.0061 -tpz -549.901 -a 0 -fd 1 -fl 0.035
 -cpx -1371.17 -cpy 96.0748 -cpz -550.817 -tpx -1370.21 -tpy 96.005 -tpz -550.519 -a 0 -fd 1 -fl 0.035
 -cpx -1371.17 -cpy 96.0748 -cpz -550.817 -tpx -1370.17 -tpy 96.1388 -tpz -550.896 -a 0 -fd 1 -fl 0.035
 -cpx -1371.17 -cpy 96.0748 -cpz -550.817 -tpx -1370.18 -tpy 96.1993 -tpz -550.789 -a 0 -fd 1 -fl 0.035
 -cpx -999.896 -cpy 142.679 -cpz -540.598 -tpx -998.904 -tpy 142.804 -tpz -540.571 -a 0 -fd 1 -fl 0.035
 -cpx -919.04 -cpy 153.098 -cpz -456.524 -tpx -918.048 -tpy 153.223 -tpz -456.496 -a 0 -fd 1 -fl 0.035
 -cpx -455.568 -cpy 211.277 -cpz -443.767 -tpx -454.576 -tpy 211.401 -tpz -443.74 -a 0 -fd 1 -fl 0.035
 -cpx -452.091 -cpy 211.297 -cpz -570.156 -tpx -451.14 -tpy 211.025 -tpz -570.013 -a 0 -fd 1 -fl 0.035
 -cpx -242.974 -cpy 190.375 -cpz -545.714 -tpx -241.985 -tpy 190.277 -tpz -545.598 -a 0 -fd 1 -fl 0.035
 -cpx 92.388 -cpy 156.824 -cpz -506.516 -tpx 93.3764 -tpy 156.725 -tpz -506.401 -a 0 -fd 1 -fl 0.035
 -cpx 92.388 -cpy 156.824 -cpz -506.516 -tpx 93.1992 -tpy 156.789 -tpz -505.933 -a 0 -fd 1 -fl 0.035
 -cpx 92.388 -cpy 156.824 -cpz -506.516 -tpx 92.6653 -tpy 156.458 -tpz -505.628 -a 0 -fd 1 -fl 0.035
 -cpx 92.388 -cpy 156.824 -cpz -506.516 -tpx 92.2598 -tpy 156.403 -tpz -505.618 -a 0 -fd 1 -fl 0.035
 -cpx -114.889 -cpy 15.4642 -cpz -296.41 -tpx -115.522 -tpy 15.0323 -tpz -295.768 -a 0 -fd 1 -fl 0.035
 -cpx -114.889 -cpy 15.4642 -cpz -296.41 -tpx -115.845 -tpy 15.2127 -tpz -296.26 -a 0 -fd 1 -fl 0.035
 -cpx -163.826 -cpy 13.0887 -cpz -293.538 -tpx -164.823 -tpy 13.0403 -tpz -293.48 -a 0 -fd 1 -fl 0.035
 -cpx -163.826 -cpy 13.0887 -cpz -293.538 -tpx -164.798 -tpy 13.0527 -tpz -293.769 -a 0 -fd 1 -fl 0.035
 -cpx -163.826 -cpy 13.0887 -cpz -293.538 -tpx -163.788 -tpy 13.0954 -tpz -294.538 -a 0 -fd 1 -fl 0.035
 -cpx 459.55 -cpy 149.884 -cpz -441.821 -tpx 460.501 -tpy 150.093 -tpz -442.047 -a 0 -fd 1 -fl 0.035
 -cpx 459.55 -cpy 149.884 -cpz -441.821 -tpx 460.185 -tpy 149.706 -tpz -441.07 -a 0 -fd 1 -fl 0.035
 -cpx 427.589 -cpy 132.711 -cpz -327.362 -tpx 428.065 -tpy 132.512 -tpz -326.505 -a 0 -fd 1 -fl 0.035
 -cpx 427.589 -cpy 132.711 -cpz -327.362 -tpx 428.163 -tpy 133.237 -tpz -326.735 -a 0 -fd 1 -fl 0.035
 -cpx 427.589 -cpy 132.711 -cpz -327.362 -tpx 427.722 -tpy 131.743 -tpz -327.146 -a 0 -fd 1 -fl 0.035
 -cpx 427.589 -cpy 132.711 -cpz -327.362 -tpx 427.994 -tpy 131.83 -tpz -327.608 -a 0 -fd 1 -fl 0.035
 -cpx 397.958 -cpy 92.8418 -cpz -439.613 -tpx 397.717 -tpy 92.517 -tpz -440.527 -a 0 -fd 1 -fl 0.035
 -cpx 830.836 -cpy 54.8971 -cpz -381.629 -tpx 831.823 -tpy 54.8105 -tpz -381.497 -a 0 -fd 1 -fl 0.035
 -cpx 1029.13 -cpy 37.5156 -cpz -355.068 -tpx 1030.11 -tpy 37.4291 -tpz -354.936 -a 0 -fd 1 -fl 0.035
 -cpx 430.929 -cpy 80.5856 -cpz -359.141 -tpx 429.932 -tpy 80.653 -tpz -359.17 -a 0 -fd 1 -fl 0.035
 -cpx 343.114 -cpy 86.5212 -cpz -361.696 -tpx 342.117 -tpy 86.5886 -tpz -361.725 -a 0 -fd 1 -fl 0.035
 -cpx 170.589 -cpy 98.1824 -cpz -366.717 -tpx 169.592 -tpy 98.2498 -tpz -366.747 -a 0 -fd 1 -fl 0.035
 -cpx 42.3928 -cpy 106.847 -cpz -370.448 -tpx 41.3955 -tpy 106.915 -tpz -370.477 -a 0 -fd 1 -fl 0.035
 -cpx -131.441 -cpy 118.597 -cpz -375.508 -tpx -132.438 -tpy 118.664 -tpz -375.537 -a 0 -fd 1 -fl 0.035
 -cpx -345.703 -cpy 133.079 -cpz -381.743 -tpx -346.7 -tpy 133.147 -tpz -381.772 -a 0 -fd 1 -fl 0.035
 -cpx -340.813 -cpy 133.048 -cpz -549.851 -tpx -341.81 -tpy 133.115 -tpz -549.88 -a 0 -fd 1 -fl 0.035
 -cpx -507.24 -cpy 144.297 -cpz -554.695 -tpx -508.237 -tpy 144.364 -tpz -554.724 -a 0 -fd 1 -fl 0.035
 -cpx -685.028 -cpy 155.736 -cpz -234.679 -tpx -686.025 -tpy 155.803 -tpz -234.708 -a 0 -fd 1 -fl 0.035
 -cpx -843.669 -cpy 165.892 -cpz -313.049 -tpx -844.564 -tpy 165.95 -tpz -313.491 -a 0 -fd 1 -fl 0.035
 -cpx -843.669 -cpy 165.892 -cpz -313.049 -tpx -844.488 -tpy 166.197 -tpz -313.534 -a 0 -fd 1 -fl 0.035
 -cpx -1032.61 -cpy 180.584 -cpz -524.886 -tpx -1033.27 -tpy 180.635 -tpz -525.631 -a 0 -fd 1 -fl 0.035
 -cpx -1332.95 -cpy 210.763 -cpz -31.6316 -tpx -1332.75 -tpy 210.657 -tpz -32.6061 -a 0 -fd 1 -fl 0.035
 -cpx -1226.91 -cpy 121.396 -cpz -316.694 -tpx -1226.58 -tpy 121.114 -tpz -317.594 -a 0 -fd 1 -fl 0.035
 -cpx -1226.91 -cpy 121.396 -cpz -316.694 -tpx -1227.58 -tpy 121.576 -tpz -317.419 -a 0 -fd 1 -fl 0.035
 -cpx -1226.91 -cpy 121.396 -cpz -316.694 -tpx -1227.43 -tpy 121.987 -tpz -317.313 -a 0 -fd 1 -fl 0.035
 -cpx -1226.91 -cpy 121.396 -cpz -316.694 -tpx -1227.48 -tpy 122.174 -tpz -316.96 -a 0 -fd 1 -fl 0.035
 -cpx -1226.91 -cpy 121.396 -cpz -316.694 -tpx -1227.85 -tpy 121.657 -tpz -316.472 -a 0 -fd 1 -fl 0.035
 -cpx -1226.91 -cpy 121.396 -cpz -316.694 -tpx -1227.79 -tpy 120.959 -tpz -316.498 -a 0 -fd 1 -fl 0.035
 -cpx -1226.91 -cpy 121.396 -cpz -316.694 -tpx -1227.24 -tpy 120.742 -tpz -316.013 -a 0 -fd 1 -fl 0.035
 -cpx 311.877 -cpy 115.593 -cpz -208.342 -tpx 312.865 -tpy 115.641 -tpz -208.197 -a 0 -fd 1 -fl 0.035
 -cpx 904.981 -cpy 145.208 -cpz -31.0198 -tpx 905.97 -tpy 145.256 -tpz -30.8749 -a 0 -fd 1 -fl 0.035
 -cpx 1202.2 -cpy 158.913 -cpz -108.572 -tpx 1203.19 -tpy 158.961 -tpz -108.427 -a 0 -fd 1 -fl 0.035
 -cpx 1008.08 -cpy 150.811 -cpz 66.5596 -tpx 1009.07 -tpy 150.859 -tpz 66.7045 -a 0 -fd 1 -fl 0.035
 -cpx 845.992 -cpy 142.886 -cpz 42.7976 -tpx 846.828 -tpy 143.414 -tpz 42.6536 -a 0 -fd 1 -fl 0.035
 -cpx 1218.32 -cpy 254.849 -cpz -106.52 -tpx 1218.66 -tpy 254.114 -tpz -105.927 -a 0 -fd 1 -fl 0.035
 -cpx -163.484 -cpy 202.467 -cpz -139.303 -tpx -163.39 -tpy 203.151 -tpz -138.58 -a 0 -fd 1 -fl 0.035
 -cpx -163.484 -cpy 202.467 -cpz -139.303 -tpx -163.687 -tpy 203.425 -tpz -139.099 -a 0 -fd 1 -fl 0.035
 -cpx -163.484 -cpy 202.467 -cpz -139.303 -tpx -162.603 -tpy 202.864 -tpz -139.56 -a 0 -fd 1 -fl 0.035
 -cpx 274.846 -cpy 378.365 -cpz -88.5342 -tpx 275.402 -tpy 379.192 -tpz -88.4581 -a 0 -fd 1 -fl 0.035
 -cpx 574.269 -cpy 179.753 -cpz -363.402 -tpx 575.081 -tpy 180.335 -tpz -363.424 -a 0 -fd 1 -fl 0.035
 -cpx 574.269 -cpy 179.753 -cpz -363.402 -tpx 573.369 -tpy 180.057 -tpz -363.089 -a 0 -fd 1 -fl 0.035
 -cpx 365.017 -cpy 179.062 -cpz -290.684 -tpx 364.017 -tpy 179.058 -tpz -290.687 -a 0 -fd 1 -fl 0.035
 -cpx -157.807 -cpy 177.409 -cpz 114.406 -tpx -158.602 -tpy 176.902 -tpz 114.075 -a 0 -fd 1 -fl 0.035
 -cpx -157.807 -cpy 177.409 -cpz 114.406 -tpx -158.233 -tpy 176.548 -tpz 114.683 -a 0 -fd 1 -fl 0.035
 -cpx -218.765 -cpy 101.533 -cpz 147.806 -tpx -219.357 -tpy 100.795 -tpz 148.131 -a 0 -fd 1 -fl 0.035
 -cpx -384.67 -cpy 113.876 -cpz -179.002 -tpx -383.759 -tpy 113.464 -tpz -179.011 -a 0 -fd 1 -fl 0.035
 -cpx -64.5815 -cpy 46.0737 -cpz -240.39 -tpx -63.5962 -tpy 46.0635 -tpz -240.219 -a 0 -fd 1 -fl 0.035
 -cpx 198.028 -cpy 256.023 -cpz -120.591 -tpx 198.763 -tpy 256.612 -tpz -120.255 -a 0 -fd 1 -fl 0.035
 -cpx 311.385 -cpy 346.649 -cpz -68.8788 -tpx 312.12 -tpy 347.238 -tpz -68.5432 -a 0 -fd 1 -fl 0.035
 -cpx 435.947 -cpy 446.234 -cpz -12.055 -tpx 436.683 -tpy 446.822 -tpz -11.7194 -a 0 -fd 1 -fl 0.035
 -cpx 621.7 -cpy 594.739 -cpz 72.6832 -tpx 622.436 -tpy 595.328 -tpz 73.0188 -a 0 -fd 1 -fl 0.035
 -cpx 613.506 -cpy 640.418 -cpz 242.235 -tpx 614.242 -tpy 641.006 -tpz 242.571 -a 0 -fd 1 -fl 0.035
 -cpx 769.462 -cpy 564.653 -cpz -63.1463 -tpx 770.314 -tpy 564.988 -tpz -62.7448 -a 0 -fd 1 -fl 0.035
 -cpx 823.948 -cpy 460.609 -cpz 160.736 -tpx 824.164 -tpy 460.197 -tpz 161.621 -a 0 -fd 1 -fl 0.035
 -cpx 876.425 -cpy 512.158 -cpz 30.5507 -tpx 876.641 -tpy 511.747 -tpz 31.4363 -a 0 -fd 1 -fl 0.035
 -cpx 876.425 -cpy 512.158 -cpz 30.5507 -tpx 876.82 -tpy 512.545 -tpz 31.3843 -a 0 -fd 1 -fl 0.035
 -cpx 876.425 -cpy 512.158 -cpz 30.5507 -tpx 875.516 -tpy 512.558 -tpz 30.66 -a 0 -fd 1 -fl 0.035
 -cpx 663.318 -cpy 943.63 -cpz -341.908 -tpx 663.434 -tpy 943.694 -tpz -340.917 -a 0 -fd 1 -fl 0.035
 -cpx 651.066 -cpy 955.617 -cpz -152.265 -tpx 651.181 -tpy 955.681 -tpz -151.274 -a 0 -fd 1 -fl 0.035
 -cpx 97.9614 -cpy 953.504 -cpz -117.617 -tpx 97.8751 -tpy 953.491 -tpz -116.621 -a 0 -fd 1 -fl 0.035
 -cpx 97.9614 -cpy 953.504 -cpz -117.617 -tpx 97.3681 -tpy 953.478 -tpz -116.813 -a 0 -fd 1 -fl 0.035
 -cpx 97.9614 -cpy 953.504 -cpz -117.617 -tpx 97.9083 -tpy 953.882 -tpz -116.693 -a 0 -fd 1 -fl 0.035
 -cpx 97.9614 -cpy 953.504 -cpz -117.617 -tpx 98.7798 -tpy 953.505 -tpz -117.043 -a 0 -fd 1 -fl 0.035
 -cpx 97.9614 -cpy 953.504 -cpz -117.617 -tpx 98.7278 -tpy 952.862 -tpz -117.606 -a 0 -fd 1 -fl 0.035
 -cpx 97.9614 -cpy 953.504 -cpz -117.617 -tpx 97.8247 -tpy 952.636 -tpz -118.094 -a 0 -fd 1 -fl 0.035
 -cpx 83.5969 -cpy 814.446 -cpz -245.134 -tpx 83.1312 -tpy 813.562 -tpz -245.111 -a 0 -fd 1 -fl 0.035
 -cpx 83.5969 -cpy 814.446 -cpz -245.134 -tpx 82.6933 -tpy 814.184 -tpz -244.796 -a 0 -fd 1 -fl 0.035
 -cpx -396.148 -cpy 710.004 -cpz 221.448 -tpx -397.079 -tpy 709.834 -tpz 221.768 -a 0 -fd 1 -fl 0.035
 -cpx -530.318 -cpy 680.617 -cpz 355.125 -tpx -531.25 -tpy 680.447 -tpz 355.446 -a 0 -fd 1 -fl 0.035
 -cpx -928.956 -cpy 641.676 -cpz -114.863 -tpx -929.66 -tpy 640.969 -tpz -114.945 -a 0 -fd 1 -fl 0.035
 -cpx -1164.28 -cpy 455.87 -cpz -110.454 -tpx -1165.06 -tpy 455.25 -tpz -110.439 -a 0 -fd 1 -fl 0.035
 -cpx -1059.11 -cpy 660.26 -cpz 72.8597 -tpx -1059.56 -tpy 660.475 -tpz 73.7303 -a 0 -fd 1 -fl 0.035
 -cpx -1410.12 -cpy 777.278 -cpz 489.824 -tpx -1410.56 -tpy 777.493 -tpz 490.695 -a 0 -fd 1 -fl 0.035
 -cpx -1223.59 -cpy 686.471 -cpz 122.824 -tpx -1224.04 -tpy 686.686 -tpz 123.694 -a 0 -fd 1 -fl 0.035
 -cpx -789.161 -cpy 686.665 -cpz 343.57 -tpx -789.604 -tpy 686.881 -tpz 344.441 -a 0 -fd 1 -fl 0.035
 -cpx -789.161 -cpy 686.665 -cpz 343.57 -tpx -789.169 -tpy 687.268 -tpz 344.368 -a 0 -fd 1 -fl 0.035
 -cpx -789.161 -cpy 686.665 -cpz 343.57 -tpx -788.387 -tpy 687.03 -tpz 344.087 -a 0 -fd 1 -fl 0.035
 -cpx -789.161 -cpy 686.665 -cpz 343.57 -tpx -788.173 -tpy 686.793 -tpz 343.65 -a 0 -fd 1 -fl 0.035
 -cpx 253.958 -cpy 821.592 -cpz 427.303 -tpx 254.895 -tpy 821.604 -tpz 427.651 -a 0 -fd 1 -fl 0.035
 -cpx 253.958 -cpy 821.592 -cpz 427.303 -tpx 254.709 -tpy 821.476 -tpz 426.653 -a 0 -fd 1 -fl 0.035
 -cpx 713.532 -cpy 620.547 -cpz 211.022 -tpx 714.373 -tpy 620.179 -tpz 210.626 -a 0 -fd 1 -fl 0.035
 -cpx 949.869 -cpy 517.159 -cpz 99.7988 -tpx 950.71 -tpy 516.791 -tpz 99.4029 -a 0 -fd 1 -fl 0.035
 -cpx 1146.19 -cpy 578.112 -cpz -279.595 -tpx 1146.65 -tpy 578.253 -tpz -280.475 -a 0 -fd 1 -fl 0.035
 -cpx 1146.19 -cpy 578.112 -cpz -279.595 -tpx 1146.16 -tpy 578.177 -tpz -280.593 -a 0 -fd 1 -fl 0.035
 -cpx 1146.19 -cpy 578.112 -cpz -279.595 -tpx 1145.68 -tpy 578.641 -tpz -280.27 -a 0 -fd 1 -fl 0.035
 -cpx 1146.19 -cpy 578.112 -cpz -279.595 -tpx 1145.27 -tpy 577.982 -tpz -279.231 -a 0 -fd 1 -fl 0.035
 -cpx 1064.65 -cpy 572.656 -cpz -181.608 -tpx 1064.01 -tpy 572.614 -tpz -180.84 -a 0 -fd 1 -fl 0.035
 -cpx 1130.55 -cpy 572.691 -cpz -126.765 -tpx 1129.91 -tpy 572.648 -tpz -125.997 -a 0 -fd 1 -fl 0.035
 -cpx 1050.36 -cpy 567.326 -cpz -30.3971 -tpx 1049.72 -tpy 567.283 -tpz -29.6291 -a 0 -fd 1 -fl 0.035
 -cpx 1145.96 -cpy 567.376 -cpz 49.1595 -tpx 1145.32 -tpy 567.333 -tpz 49.9275 -a 0 -fd 1 -fl 0.035
 -cpx 1224.72 -cpy 572.645 -cpz -45.4895 -tpx 1224.08 -tpy 572.603 -tpz -44.7215 -a 0 -fd 1 -fl 0.035
 -cpx 1095.44 -cpy 563.995 -cpz 109.873 -tpx 1094.8 -tpy 563.952 -tpz 110.641 -a 0 -fd 1 -fl 0.035
 -cpx 1016.97 -cpy 558.745 -cpz 204.161 -tpx 1016.33 -tpy 558.703 -tpz 204.929 -a 0 -fd 1 -fl 0.035
 -cpx 934.728 -cpy 553.243 -cpz 302.994 -tpx 934.089 -tpy 553.2 -tpz 303.762 -a 0 -fd 1 -fl 0.035
 -cpx 720.139 -cpy 549.673 -cpz 230.351 -tpx 719.172 -tpy 549.418 -tpz 230.323 -a 0 -fd 1 -fl 0.035
 -cpx 638.44 -cpy 528.136 -cpz 227.998 -tpx 637.473 -tpy 527.881 -tpz 227.97 -a 0 -fd 1 -fl 0.035
 -cpx 504.907 -cpy 533.959 -cpz 328.6 -tpx 503.914 -tpy 534.003 -tpz 328.715 -a 0 -fd 1 -fl 0.035
 -cpx -34.7255 -cpy 557.796 -cpz 390.982 -tpx -35.718 -tpy 557.84 -tpz 391.096 -a 0 -fd 1 -fl 0.035
 -cpx -381.516 -cpy 573.115 -cpz 431.07 -tpx -382.509 -tpy 573.159 -tpz 431.185 -a 0 -fd 1 -fl 0.035
 -cpx -637.383 -cpy 584.417 -cpz 460.648 -tpx -638.376 -tpy 584.461 -tpz 460.763 -a 0 -fd 1 -fl 0.035
 -cpx -977.195 -cpy 599.428 -cpz 499.93 -tpx -978.188 -tpy 599.472 -tpz 500.045 -a 0 -fd 1 -fl 0.035
 -cpx -1190.75 -cpy 608.861 -cpz 524.617 -tpx -1191.74 -tpy 608.905 -tpz 524.732 -a 0 -fd 1 -fl 0.035
 -cpx -1238.48 -cpy 608.693 -cpz 111.741 -tpx -1239.47 -tpy 608.737 -tpz 111.856 -a 0 -fd 1 -fl 0.035
 -cpx -1258.38 -cpy 608.623 -cpz -60.3947 -tpx -1259.38 -tpy 608.667 -tpz -60.28 -a 0 -fd 1 -fl 0.035
 -cpx -1311.12 -cpy 608.437 -cpz -516.548 -tpx -1312.12 -tpy 608.481 -tpz -516.433 -a 0 -fd 1 -fl 0.035
 -cpx -1061.05 -cpy 597.391 -cpz -545.456 -tpx -1061.31 -tpy 598.065 -tpz -544.765 -a 0 -fd 1 -fl 0.035
 -cpx -1061.05 -cpy 597.391 -cpz -545.456 -tpx -1060.11 -tpy 597.62 -tpz -545.185 -a 0 -fd 1 -fl 0.035
 -cpx -661.977 -cpy 694.958 -cpz -429.532 -tpx -661.042 -tpy 695.187 -tpz -429.261 -a 0 -fd 1 -fl 0.035
 -cpx -545.397 -cpy 714.715 -cpz -530.043 -tpx -544.462 -tpy 714.944 -tpz -529.772 -a 0 -fd 1 -fl 0.035
 -cpx -298.077 -cpy 775.181 -cpz -458.2 -tpx -297.142 -tpy 775.41 -tpz -457.929 -a 0 -fd 1 -fl 0.035
 -cpx -298.077 -cpy 775.181 -cpz -458.2 -tpx -297.154 -tpy 775.01 -tpz -457.855 -a 0 -fd 1 -fl 0.035
 -cpx 178.672 -cpy 692.572 -cpz -375.952 -tpx 179.594 -tpy 692.401 -tpz -375.607 -a 0 -fd 1 -fl 0.035
 -cpx 268.108 -cpy 550.985 -cpz -437.283 -tpx 267.381 -tpy 550.335 -tpz -437.062 -a 0 -fd 1 -fl 0.035
 -cpx 280.087 -cpy 551.001 -cpz -397.878 -tpx 279.36 -tpy 550.351 -tpz -397.656 -a 0 -fd 1 -fl 0.035
 -cpx 214.851 -cpy 492.669 -cpz -378.022 -tpx 214.124 -tpy 492.018 -tpz -377.801 -a 0 -fd 1 -fl 0.035
 -cpx 214.851 -cpy 492.669 -cpz -378.022 -tpx 213.902 -tpy 492.38 -tpz -377.9 -a 0 -fd 1 -fl 0.035
 -cpx 129.925 -cpy 466.883 -cpz -367.126 -tpx 128.975 -tpy 466.594 -tpz -367.004 -a 0 -fd 1 -fl 0.035
 -cpx 8.54327 -cpy 430.028 -cpz -351.552 -tpx 7.59353 -tpy 429.74 -tpz -351.43 -a 0 -fd 1 -fl 0.035
 -cpx -435.661 -cpy 297.138 -cpz -346.902 -tpx -436.611 -tpy 296.85 -tpz -346.78 -a 0 -fd 1 -fl 0.035
 -cpx -596.627 -cpy 248.265 -cpz -326.25 -tpx -597.577 -tpy 247.977 -tpz -326.128 -a 0 -fd 1 -fl 0.035
 -cpx -563.227 -cpy 248.373 -cpz -65.6715 -tpx -564.176 -tpy 248.084 -tpz -65.5497 -a 0 -fd 1 -fl 0.035
 -cpx -539.225 -cpy 248.45 -cpz 121.583 -tpx -540.175 -tpy 248.162 -tpz 121.705 -a 0 -fd 1 -fl 0.035
 -cpx -522.069 -cpy 248.506 -cpz 255.43 -tpx -523.018 -tpy 248.217 -tpz 255.552 -a 0 -fd 1 -fl 0.035
 -cpx -522.069 -cpy 248.506 -cpz 255.43 -tpx -522.733 -tpy 247.997 -tpz 254.882 -a 0 -fd 1 -fl 0.035
 -cpx -522.069 -cpy 248.506 -cpz 255.43 -tpx -521.139 -tpy 248.141 -tpz 255.375 -a 0 -fd 1 -fl 0.035
 -cpx -522.069 -cpy 248.506 -cpz 255.43 -tpx -521.076 -tpy 248.388 -tpz 255.397 -a 0 -fd 1 -fl 0.035
 -cpx -282.164 -cpy 219.707 -cpz 161.502 -tpx -281.171 -tpy 219.589 -tpz 161.469 -a 0 -fd 1 -fl 0.035
 -cpx -286.893 -cpy 219.765 -cpz 20.7117 -tpx -285.9 -tpy 219.647 -tpz 20.6783 -a 0 -fd 1 -fl 0.035
 -cpx 181.38 -cpy 164.152 -cpz 4.95978 -tpx 182.373 -tpy 164.034 -tpz 4.9264 -a 0 -fd 1 -fl 0.035
 -cpx 561.641 -cpy 118.992 -cpz -7.83158 -tpx 562.633 -tpy 118.874 -tpz -7.86496 -a 0 -fd 1 -fl 0.035
 -cpx 557.258 -cpy 119.045 -cpz -138.311 -tpx 558.251 -tpy 118.927 -tpz -138.344 -a 0 -fd 1 -fl 0.035
 -cpx 852.216 -cpy 84.0156 -cpz -148.233 -tpx 853.208 -tpy 83.8977 -tpz -148.266 -a 0 -fd 1 -fl 0.035
 -cpx 690.561 -cpy 102.761 -cpz -269.613 -tpx 691.553 -tpy 102.643 -tpz -269.646 -a 0 -fd 1 -fl 0.035
 -cpx 959.074 -cpy 70.8717 -cpz -278.645 -tpx 960.066 -tpy 70.7539 -tpz -278.678 -a 0 -fd 1 -fl 0.035
 -cpx 952.426 -cpy 70.9532 -cpz -476.547 -tpx 953.419 -tpy 70.8354 -tpz -476.58 -a 0 -fd 1 -fl 0.035
 -cpx 952.426 -cpy 70.9532 -cpz -476.547 -tpx 953.252 -tpy 71.4979 -tpz -476.694 -a 0 -fd 1 -fl 0.035
 -cpx 1174.1 -cpy 217.21 -cpz -516.268 -tpx 1174.92 -tpy 217.754 -tpz -516.416 -a 0 -fd 1 -fl 0.035
 -cpx 1174.1 -cpy 217.21 -cpz -516.268 -tpx 1173.69 -tpy 216.309 -tpz -516.129 -a 0 -fd 1 -fl 0.035
 -cpx 1152.03 -cpy 183.274 -cpz -491.079 -tpx 1151.57 -tpy 182.562 -tpz -490.55 -a 0 -fd 1 -fl 0.035
 -cpx 1241.58 -cpy 183.323 -cpz -412.557 -tpx 1241.12 -tpy 182.612 -tpz -412.029 -a 0 -fd 1 -fl 0.035
 -cpx 1227.62 -cpy 155.119 -cpz -215.439 -tpx 1227.55 -tpy 154.978 -tpz -214.452 -a 0 -fd 1 -fl 0.035
 -cpx 1308.87 -cpy 155.153 -cpz -209.681 -tpx 1308.8 -tpy 155.012 -tpz -208.693 -a 0 -fd 1 -fl 0.035
 -cpx 1229.36 -cpy 143.608 -cpz -134.441 -tpx 1229.29 -tpy 143.467 -tpz -133.453 -a 0 -fd 1 -fl 0.035
 -cpx 1143.59 -cpy 127.282 -cpz -26.0714 -tpx 1143.52 -tpy 127.141 -tpz -25.0839 -a 0 -fd 1 -fl 0.035
 -cpx 1133.05 -cpy 105.988 -cpz 122.751 -tpx 1132.98 -tpy 105.847 -tpz 123.739 -a 0 -fd 1 -fl 0.035
 -cpx 1125.11 -cpy 89.9453 -cpz 234.877 -tpx 1125.04 -tpy 89.804 -tpz 235.864 -a 0 -fd 1 -fl 0.035
 -cpx 1125.11 -cpy 89.9453 -cpz 234.877 -tpx 1125.7 -tpy 89.7695 -tpz 235.666 -a 0 -fd 1 -fl 0.035
 -cpx 1215.25 -cpy 89.9923 -cpz 167.728 -tpx 1215.84 -tpy 89.8166 -tpz 168.517 -a 0 -fd 1 -fl 0.035
 -cpx 1187.73 -cpy 69.452 -cpz 331.364 -tpx 1188.32 -tpy 69.2762 -tpz 332.154 -a 0 -fd 1 -fl 0.035
 -cpx 1187.73 -cpy 69.452 -cpz 331.364 -tpx 1187.12 -tpy 70.245 -tpz 331.398 -a 0 -fd 1 -fl 0.035
 -cpx 1187.73 -cpy 69.452 -cpz 331.364 -tpx 1187.03 -tpy 70.0698 -tpz 331.019 -a 0 -fd 1 -fl 0.035
 -cpx 1187.73 -cpy 69.452 -cpz 331.364 -tpx 1187.09 -tpy 69.9795 -tpz 330.811 -a 0 -fd 1 -fl 0.035
 -cpx 979.88 -cpy 230.353 -cpz 125.512 -tpx 979.257 -tpy 230.835 -tpz 124.895 -a 0 -fd 1 -fl 0.035
 -cpx 648.972 -cpy 486.512 -cpz -202.212 -tpx 648.349 -tpy 486.994 -tpz -202.828 -a 0 -fd 1 -fl 0.035
 -cpx 702.964 -cpy 444.716 -cpz -148.739 -tpx 702.766 -tpy 444.873 -tpz -149.707 -a 0 -fd 1 -fl 0.035
 -cpx 555.728 -cpy 464.609 -cpz -203.774 -tpx 554.737 -tpy 464.709 -tpz -203.864 -a 0 -fd 1 -fl 0.035
 -cpx -83.0805 -cpy 527.804 -cpz -119.734 -tpx -84.0714 -tpy 527.904 -tpz -119.824 -a 0 -fd 1 -fl 0.035
 -cpx -112.89 -cpy 527.943 -cpz 207.996 -tpx -113.881 -tpy 528.043 -tpz 207.905 -a 0 -fd 1 -fl 0.035
 -cpx -112.89 -cpy 527.943 -cpz 207.996 -tpx -112.724 -tpy 527.718 -tpz 207.036 -a 0 -fd 1 -fl 0.035
 -cpx -112.89 -cpy 527.943 -cpz 207.996 -tpx -111.926 -tpy 527.794 -tpz 208.218 -a 0 -fd 1 -fl 0.035
 -cpx -112.89 -cpy 527.943 -cpz 207.996 -tpx -112.406 -tpy 528.079 -tpz 208.86 -a 0 -fd 1 -fl 0.035
 -cpx -273.447 -cpy 366.007 -cpz 1.72266 -tpx -273.969 -tpy 365.48 -tpz 1.05184 -a 0 -fd 1 -fl 0.035
 -cpx -580.115 -cpy 169.858 -cpz -160.975 -tpx -580.637 -tpy 169.332 -tpz -161.646 -a 0 -fd 1 -fl 0.035
 -cpx -786.694 -cpy 73.9348 -cpz -196.565 -tpx -787.216 -tpy 73.4082 -tpz -197.236 -a 0 -fd 1 -fl 0.035
 -cpx -882.006 -cpy 49.1941 -cpz -173.092 -tpx -882.528 -tpy 48.6675 -tpz -173.763 -a 0 -fd 1 -fl 0.035
 -cpx -882.006 -cpy 49.1941 -cpz -173.092 -tpx -882.933 -tpy 49.3097 -tpz -172.736 -a 0 -fd 1 -fl 0.035
 -cpx -1160.96 -cpy 71.4372 -cpz 297.742 -tpx -1161.79 -tpy 71.4821 -tpz 298.291 -a 0 -fd 1 -fl 0.035
 -cpx -1074.85 -cpy 71.5042 -cpz 428.567 -tpx -1075.68 -tpy 71.5492 -tpz 429.116 -a 0 -fd 1 -fl 0.035
 -cpx -974.749 -cpy 66.1101 -cpz 362.686 -tpx -975.583 -tpy 66.155 -tpz 363.236 -a 0 -fd 1 -fl 0.035
 -cpx -1183.37 -cpy 33.9248 -cpz 457.584 -tpx -1184.33 -tpy 33.7769 -tpz 457.379 -a 0 -fd 1 -fl 0.035
 -cpx -1293.12 -cpy 64.0851 -cpz 484.942 -tpx -1292.21 -tpy 63.6921 -tpz 484.796 -a 0 -fd 1 -fl 0.035
 -cpx -1293.12 -cpy 64.0851 -cpz 484.942 -tpx -1292.22 -tpy 64.4342 -tpz 484.691 -a 0 -fd 1 -fl 0.035
 -cpx -1050.73 -cpy 157.799 -cpz 417.623 -tpx -1049.83 -tpy 158.149 -tpz 417.372 -a 0 -fd 1 -fl 0.035
 -cpx -899.623 -cpy 229.595 -cpz 242.176 -tpx -898.72 -tpy 229.944 -tpz 241.926 -a 0 -fd 1 -fl 0.035
 -cpx -475.408 -cpy 426.167 -cpz -200.631 -tpx -474.505 -tpy 426.516 -tpz -200.882 -a 0 -fd 1 -fl 0.035
 -cpx -475.408 -cpy 426.167 -cpz -200.631 -tpx -474.863 -tpy 426.021 -tpz -201.457 -a 0 -fd 1 -fl 0.035
 -cpx 49.7497 -cpy 659.069 -cpz -190.457 -tpx 50.6637 -tpy 659.474 -tpz -190.439 -a 0 -fd 1 -fl 0.035
 -cpx 483.912 -cpy 851.616 -cpz -182.045 -tpx 484.826 -tpy 852.021 -tpz -182.027 -a 0 -fd 1 -fl 0.035
 -cpx 651.716 -cpy 932.875 -cpz -210.74 -tpx 652.265 -tpy 933.32 -tpz -211.448 -a 0 -fd 1 -fl 0.035
 -cpx 662.611 -cpy 932.822 -cpz -300.869 -tpx 662.656 -tpy 933.05 -tpz -299.897 -a 0 -fd 1 -fl 0.035
 -cpx 662.611 -cpy 932.822 -cpz -300.869 -tpx 663.186 -tpy 933.074 -tpz -300.091 -a 0 -fd 1 -fl 0.035
 -cpx 684.054 -cpy 971.43 -cpz -243.504 -tpx 684.35 -tpy 971.963 -tpz -242.712 -a 0 -fd 1 -fl 0.035
 -cpx 521.149 -cpy 918.971 -cpz -94.1164 -tpx 520.771 -tpy 918.563 -tpz -93.2856 -a 0 -fd 1 -fl 0.035
 -cpx 456.415 -cpy 849.033 -cpz 48.1357 -tpx 456.037 -tpy 848.624 -tpz 48.9665 -a 0 -fd 1 -fl 0.035
 -cpx 391.896 -cpy 779.325 -cpz 189.918 -tpx 391.518 -tpy 778.917 -tpz 190.748 -a 0 -fd 1 -fl 0.035
 -cpx 343.269 -cpy 726.789 -cpz 296.774 -tpx 342.303 -tpy 726.537 -tpz 296.819 -a 0 -fd 1 -fl 0.035
 -cpx 202.788 -cpy 709.355 -cpz 244.891 -tpx 201.856 -tpy 709.239 -tpz 244.546 -a 0 -fd 1 -fl 0.035
 -cpx 201.24 -cpy 708.536 -cpz 244.096 -tpx 200.435 -tpy 708.11 -tpz 243.683 -a 0 -fd 1 -fl 0.035
 -cpx -13.0689 -cpy 615.322 -cpz 227.733 -tpx -13.874 -tpy 614.896 -tpz 227.32 -a 0 -fd 1 -fl 0.035
 -cpx -198.546 -cpy 541.087 -cpz 243.477 -tpx -199.351 -tpy 540.661 -tpz 243.064 -a 0 -fd 1 -fl 0.035
 -cpx -198.546 -cpy 541.087 -cpz 243.477 -tpx -199.415 -tpy 540.804 -tpz 243.883 -a 0 -fd 1 -fl 0.035
 -cpx -198.546 -cpy 541.087 -cpz 243.477 -tpx -199.35 -tpy 541.253 -tpz 244.048 -a 0 -fd 1 -fl 0.035
 -cpx -198.546 -cpy 541.087 -cpz 243.477 -tpx -198.645 -tpy 541.016 -tpz 242.484 -a 0 -fd 1 -fl 0.035
 -cpx -229.781 -cpy 518.585 -cpz -71.8323 -tpx -229.881 -tpy 518.275 -tpz -72.7775 -a 0 -fd 1 -fl 0.035
 -cpx -238.651 -cpy 491.058 -cpz -155.514 -tpx -238.752 -tpy 490.747 -tpz -156.459 -a 0 -fd 1 -fl 0.035
 -cpx -243.049 -cpy 477.412 -cpz -196.999 -tpx -243.149 -tpy 477.101 -tpz -197.944 -a 0 -fd 1 -fl 0.035
 -cpx -284.875 -cpy 477.431 -cpz -192.572 -tpx -284.975 -tpy 477.12 -tpz -193.517 -a 0 -fd 1 -fl 0.035
 -cpx -369.728 -cpy 477.469 -cpz -183.59 -tpx -369.828 -tpy 477.158 -tpz -184.535 -a 0 -fd 1 -fl 0.035
 -cpx -685.085 -cpy 477.612 -cpz -150.209 -tpx -685.185 -tpy 477.301 -tpz -151.154 -a 0 -fd 1 -fl 0.035
 -cpx -592.151 -cpy 477.57 -cpz -160.046 -tpx -592.251 -tpy 477.259 -tpz -160.991 -a 0 -fd 1 -fl 0.035
 -cpx -597.512 -cpy 460.933 -cpz -210.621 -tpx -597.612 -tpy 460.622 -tpz -211.566 -a 0 -fd 1 -fl 0.035
 -cpx -782.149 -cpy 461.017 -cpz -191.077 -tpx -782.249 -tpy 460.706 -tpz -192.022 -a 0 -fd 1 -fl 0.035
 -cpx -773.008 -cpy 489.385 -cpz -104.838 -tpx -773.108 -tpy 489.074 -tpz -105.784 -a 0 -fd 1 -fl 0.035
 -cpx -773.008 -cpy 489.385 -cpz -104.838 -tpx -773.645 -tpy 489.035 -tpz -105.524 -a 0 -fd 1 -fl 0.035
 -cpx -885.381 -cpy 351.774 -cpz -151.98 -tpx -885.993 -tpy 351.026 -tpz -152.236 -a 0 -fd 1 -fl 0.035
 -cpx -1022.71 -cpy 183.599 -cpz -209.592 -tpx -1023.33 -tpy 182.85 -tpz -209.848 -a 0 -fd 1 -fl 0.035
 -cpx -1072.14 -cpy 183.656 -cpz -91.9304 -tpx -1072.76 -tpy 182.908 -tpz -92.1869 -a 0 -fd 1 -fl 0.035
 -cpx -1173.46 -cpy 59.5832 -cpz -134.434 -tpx -1174.07 -tpy 58.8346 -tpz -134.69 -a 0 -fd 1 -fl 0.035
 -cpx -1212 -cpy 152.37 -cpz 169.153 -tpx -1212.61 -tpy 151.622 -tpz 168.897 -a 0 -fd 1 -fl 0.035
 -cpx -1212 -cpy 152.37 -cpz 169.153 -tpx -1211.52 -tpy 152.603 -tpz 168.31 -a 0 -fd 1 -fl 0.035
 -cpx -1033.6 -cpy 238.184 -cpz -141.519 -tpx -1033.11 -tpy 238.417 -tpz -142.362 -a 0 -fd 1 -fl 0.035
 -cpx -721.98 -cpy 292.362 -cpz -223.919 -tpx -721.495 -tpy 292.595 -tpz -224.762 -a 0 -fd 1 -fl 0.035
 -cpx -756.534 -cpy 310.954 -cpz -333.074 -tpx -756.05 -tpy 311.187 -tpz -333.917 -a 0 -fd 1 -fl 0.035
 -cpx -756.534 -cpy 310.954 -cpz -333.074 -tpx -755.918 -tpy 311.03 -tpz -332.29 -a 0 -fd 1 -fl 0.035
 -cpx -756.534 -cpy 310.954 -cpz -333.074 -tpx -755.695 -tpy 310.648 -tpz -332.625 -a 0 -fd 1 -fl 0.035
 -cpx -717.915 -cpy 305.29 -cpz -56.3933 -tpx -717.776 -tpy 305.27 -tpz -55.4031 -a 0 -fd 1 -fl 0.035
 -cpx -635.526 -cpy 161.747 -cpz 109.51 -tpx -635.367 -tpy 161.064 -tpz 110.223 -a 0 -fd 1 -fl 0.035
 -cpx -635.526 -cpy 161.747 -cpz 109.51 -tpx -634.686 -tpy 161.274 -tpz 109.775 -a 0 -fd 1 -fl 0.035
 -cpx -351.728 -cpy 124.978 -cpz -95.4854 -tpx -350.922 -tpy 124.873 -tpz -96.0677 -a 0 -fd 1 -fl 0.035
 -cpx -411.898 -cpy 125.025 -cpz -178.795 -tpx -411.092 -tpy 124.92 -tpz -179.377 -a 0 -fd 1 -fl 0.035
 -cpx -334.234 -cpy 114.962 -cpz -234.894 -tpx -333.427 -tpy 114.858 -tpz -235.476 -a 0 -fd 1 -fl 0.035
 -cpx -306.807 -cpy 105.438 -cpz -352.389 -tpx -306.001 -tpy 105.333 -tpz -352.971 -a 0 -fd 1 -fl 0.035
 -cpx -286.256 -cpy 36.8284 -cpz -190.807 -tpx -285.973 -tpy 36.5562 -tpz -189.888 -a 0 -fd 1 -fl 0.035
 -cpx -170.443 -cpy 40.4365 -cpz -239.567 -tpx -170.16 -tpy 40.1643 -tpz -238.648 -a 0 -fd 1 -fl 0.035
 -cpx -170.443 -cpy 40.4365 -cpz -239.567 -tpx -169.745 -tpy 40.3712 -tpz -238.854 -a 0 -fd 1 -fl 0.035
 -cpx -170.443 -cpy 40.4365 -cpz -239.567 -tpx -169.482 -tpy 40.5677 -tpz -239.323 -a 0 -fd 1 -fl 0.035
 -cpx -170.443 -cpy 40.4365 -cpz -239.567 -tpx -169.455 -tpy 40.5888 -tpz -239.544 -a 0 -fd 1 -fl 0.035
 -cpx 139.948 -cpy 88.3081 -cpz -232.214 -tpx 140.936 -tpy 88.4605 -tpz -232.19 -a 0 -fd 1 -fl 0.035
 -cpx 136.761 -cpy 88.2459 -cpz -97.298 -tpx 137.75 -tpy 88.3983 -tpz -97.2746 -a 0 -fd 1 -fl 0.035
 -cpx 319.812 -cpy 116.478 -cpz -92.9613 -tpx 320.8 -tpy 116.63 -tpz -92.9379 -a 0 -fd 1 -fl 0.035
 -cpx 315.624 -cpy 116.396 -cpz 84.3246 -tpx 316.612 -tpy 116.548 -tpz 84.348 -a 0 -fd 1 -fl 0.035
 -cpx 311.469 -cpy 116.315 -cpz 260.207 -tpx 312.457 -tpy 116.467 -tpz 260.23 -a 0 -fd 1 -fl 0.035
 -cpx 505.28 -cpy 146.729 -cpz 429.291 -tpx 506.268 -tpy 146.882 -tpz 429.314 -a 0 -fd 1 -fl 0.035
 -cpx 634.464 -cpy 165.053 -cpz -70.9566 -tpx 635.452 -tpy 165.205 -tpz -70.9332 -a 0 -fd 1 -fl 0.035
 -cpx 914.872 -cpy 74.7973 -cpz -202.588 -tpx 915.741 -tpy 74.5176 -tpz -202.996 -a 0 -fd 1 -fl 0.035
 -cpx 866.902 -cpy 47.6101 -cpz 123.274 -tpx 866.791 -tpy 47.3412 -tpz 124.23 -a 0 -fd 1 -fl 0.035
 -cpx 866.902 -cpy 47.6101 -cpz 123.274 -tpx 865.995 -tpy 47.8649 -tpz 122.939 -a 0 -fd 1 -fl 0.035
 -cpx 866.902 -cpy 47.6101 -cpz 123.274 -tpx 866.129 -tpy 48.1873 -tpz 123.01 -a 0 -fd 1 -fl 0.035
 -cpx 75.2952 -cpy 1050.88 -cpz 10.7796 -tpx 76.2592 -tpy 1050.98 -tpz 10.5337 -a 0 -fd 1 -fl 0.035
 -cpx -530.611 -cpy 994.08 -cpz -97.3212 -tpx -529.647 -tpy 994.181 -tpz -97.5671 -a 0 -fd 1 -fl 0.035
 -cpx -559.864 -cpy 994.136 -cpz -211.973 -tpx -558.9 -tpy 994.237 -tpz -212.219 -a 0 -fd 1 -fl 0.035
 -cpx -134.999 -cpy 1027.15 -cpz 130.292 -tpx -134.035 -tpy 1027.25 -tpz 130.046 -a 0 -fd 1 -fl 0.035
 -cpx 639.205 -cpy 1419.32 -cpz -18.6337 -tpx 638.292 -tpy 1418.93 -tpz -18.5204 -a 0 -fd 1 -fl 0.035
 -cpx 619.344 -cpy 1419.4 -cpz 151.316 -tpx 618.447 -tpy 1418.97 -tpz 151.212 -a 0 -fd 1 -fl 0.035
 -cpx 485.765 -cpy 1349.42 -cpz 29.0814 -tpx 485.376 -tpy 1348.98 -tpz 28.2742 -a 0 -fd 1 -fl 0.035
 -cpx 485.765 -cpy 1349.42 -cpz 29.0814 -tpx 486.236 -tpy 1348.94 -tpz 28.34 -a 0 -fd 1 -fl 0.035
 -cpx -590.057 -cpy 1704.94 -cpz 118.623 -tpx -589.586 -tpy 1704.47 -tpz 117.881 -a 0 -fd 1 -fl 0.035
 -cpx -590.057 -cpy 1704.94 -cpz 118.623 -tpx -589.866 -tpy 1703.98 -tpz 118.431 -a 0 -fd 1 -fl 0.035
 -cpx -695.749 -cpy 1238.91 -cpz 50.5085 -tpx -695.968 -tpy 1237.94 -tpz 50.3673 -a 0 -fd 1 -fl 0.035
 -cpx -895.192 -cpy 866.365 -cpz 173.703 -tpx -895.411 -tpy 865.399 -tpz 173.562 -a 0 -fd 1 -fl 0.035
 -cpx -953.185 -cpy 610.655 -cpz 136.329 -tpx -953.404 -tpy 609.689 -tpz 136.188 -a 0 -fd 1 -fl 0.035
 -cpx -1211.9 -cpy 618.13 -cpz -378.425 -tpx -1212.05 -tpy 618.143 -tpz -379.414 -a 0 -fd 1 -fl 0.035
 -cpx -826.331 -cpy 533.292 -cpz -333.909 -tpx -825.367 -tpy 533.047 -tpz -334.009 -a 0 -fd 1 -fl 0.035
 -cpx -699.664 -cpy 501.111 -cpz -347.098 -tpx -698.7 -tpy 500.866 -tpz -347.199 -a 0 -fd 1 -fl 0.035
 -cpx -566.175 -cpy 443.388 -cpz -249.864 -tpx -565.255 -tpy 443.021 -tpz -249.729 -a 0 -fd 1 -fl 0.035
 -cpx -537.233 -cpy 443.483 -cpz -446.531 -tpx -536.313 -tpy 443.116 -tpz -446.395 -a 0 -fd 1 -fl 0.035
 -cpx -537.233 -cpy 443.483 -cpz -446.531 -tpx -536.24 -tpy 443.465 -tpz -446.415 -a 0 -fd 1 -fl 0.035
 -cpx -368.038 -cpy 440.415 -cpz -426.862 -tpx -367.045 -tpy 440.397 -tpz -426.746 -a 0 -fd 1 -fl 0.035
 -cpx -242.436 -cpy 438.137 -cpz -412.261 -tpx -241.443 -tpy 438.119 -tpz -412.145 -a 0 -fd 1 -fl 0.035
 -cpx -35.0833 -cpy 434.377 -cpz -388.156 -tpx -34.0902 -tpy 434.359 -tpz -388.041 -a 0 -fd 1 -fl 0.035
 -cpx -20.762 -cpy 434.437 -cpz -511.342 -tpx -19.7688 -tpy 434.419 -tpz -511.227 -a 0 -fd 1 -fl 0.035
 -cpx 191.482 -cpy 430.588 -cpz -486.669 -tpx 192.475 -tpy 430.57 -tpz -486.554 -a 0 -fd 1 -fl 0.035
 -cpx 745.198 -cpy 420.547 -cpz -422.3 -tpx 746.191 -tpy 420.529 -tpz -422.185 -a 0 -fd 1 -fl 0.035
 -cpx 724.305 -cpy 420.461 -cpz -242.594 -tpx 725.299 -tpy 420.443 -tpz -242.478 -a 0 -fd 1 -fl 0.035
 -cpx 695.139 -cpy 420.34 -cpz 8.28677 -tpx 696.132 -tpy 420.322 -tpz 8.40222 -a 0 -fd 1 -fl 0.035
 -cpx 353.477 -cpy 426.536 -cpz -31.431 -tpx 354.218 -tpy 426.157 -tpz -30.8759 -a 0 -fd 1 -fl 0.035
 -cpx 65.0957 -cpy 290.681 -cpz 97.5466 -tpx 64.2571 -tpy 290.286 -tpz 97.9217 -a 0 -fd 1 -fl 0.035
 -cpx -613.89 -cpy 84.9525 -cpz -250.793 -tpx -614.729 -tpy 84.5575 -tpz -250.418 -a 0 -fd 1 -fl 0.035
 -cpx -603.789 -cpy 89.0669 -cpz -221.088 -tpx -604.071 -tpy 88.9368 -tpz -222.038 -a 0 -fd 1 -fl 0.035
 -cpx -785.22 -cpy 66.4798 -cpz -347.358 -tpx -785.502 -tpy 66.3497 -tpz -348.309 -a 0 -fd 1 -fl 0.035
 -cpx -1101.19 -cpy 109.997 -cpz 90.3522 -tpx -1101.47 -tpy 109.867 -tpz 89.4015 -a 0 -fd 1 -fl 0.035
 -cpx -887.99 -cpy 35.8287 -cpz 67.4012 -tpx -887.952 -tpy 36.8255 -tpz 67.3308 -a 0 -fd 1 -fl 0.035
 -cpx -685.401 -cpy 35.7181 -cpz 175.909 -tpx -685.363 -tpy 36.7148 -tpz 175.838 -a 0 -fd 1 -fl 0.035
 -cpx -721.697 -cpy 35.7379 -cpz 156.469 -tpx -721.659 -tpy 36.7347 -tpz 156.398 -a 0 -fd 1 -fl 0.035
 -cpx -313.996 -cpy 2.81225 -cpz 132.128 -tpx -313.266 -tpy 2.91444 -tpz 131.452 -a 0 -fd 1 -fl 0.035
 -cpx 96.3478 -cpy 60.27 -cpz -247.968 -tpx 96.4817 -tpy 61.2561 -tpz -248.066 -a 0 -fd 1 -fl 0.035
 -cpx 495.624 -cpy 117.432 -cpz -138.972 -tpx 496.58 -tpy 117.569 -tpz -138.711 -a 0 -fd 1 -fl 0.035
 -cpx 777.003 -cpy 166.442 -cpz 180.987 -tpx 777.959 -tpy 166.579 -tpz 181.248 -a 0 -fd 1 -fl 0.035
 -cpx 777.003 -cpy 166.442 -cpz 180.987 -tpx 777.552 -tpy 166.222 -tpz 180.18 -a 0 -fd 1 -fl 0.035
 -cpx 984.9 -cpy 83.1464 -cpz -124.664 -tpx 985.449 -tpy 82.9266 -tpz -125.47 -a 0 -fd 1 -fl 0.035
 -cpx 1047.08 -cpy 83.0506 -cpz -310.295 -tpx 1046.13 -tpy 82.9641 -tpz -310.612 -a 0 -fd 1 -fl 0.035
 -cpx -972.646 -cpy 56.6564 -cpz -305.664 -tpx -973.62 -tpy 56.6846 -tpz -305.89 -a 0 -fd 1 -fl 0.035
 -cpx -1114.63 -cpy 60.0564 -cpz -220.065 -tpx -1115.52 -tpy 59.7126 -tpz -220.359 -a 0 -fd 1 -fl 0.035
 -cpx -1114.63 -cpy 60.0564 -cpz -220.065 -tpx -1114.06 -tpy 60.6244 -tpz -219.478 -a 0 -fd 1 -fl 0.035
 -cpx -841.071 -cpy 329.202 -cpz 57.8345 -tpx -840.493 -tpy 329.77 -tpz 58.421 -a 0 -fd 1 -fl 0.035
 -cpx -668.29 -cpy 437.028 -cpz 106.838 -tpx -667.712 -tpy 437.596 -tpz 107.425 -a 0 -fd 1 -fl 0.035
 -cpx -483.623 -cpy 341.339 -cpz 180.074 -tpx -482.785 -tpy 340.905 -tpz 180.406 -a 0 -fd 1 -fl 0.035
 -cpx -380.62 -cpy 287.967 -cpz 220.923 -tpx -379.783 -tpy 287.533 -tpz 221.255 -a 0 -fd 1 -fl 0.035
 -cpx -426.494 -cpy 287.905 -cpz 336.515 -tpx -425.657 -tpy 287.471 -tpz 336.847 -a 0 -fd 1 -fl 0.035
 -cpx -137.095 -cpy 288.293 -cpz -392.707 -tpx -136.258 -tpy 287.86 -tpz -392.375 -a 0 -fd 1 -fl 0.035
 -cpx -0.783638 -cpy 217.661 -cpz -338.648 -tpx 0.053841 -tpy 217.227 -tpz -338.316 -a 0 -fd 1 -fl 0.035
 -cpx 345.339 -cpy 62.1069 -cpz -334.966 -tpx 346.176 -tpy 61.6729 -tpz -334.634 -a 0 -fd 1 -fl 0.035
 -cpx 672.934 -cpy 23.9064 -cpz -208.415 -tpx 672.173 -tpy 24.5198 -tpz -208.204 -a 0 -fd 1 -fl 0.035
 -cpx 523.338 -cpy 117.798 -cpz -213.088 -tpx 522.438 -tpy 118.232 -tpz -213.048 -a 0 -fd 1 -fl 0.035
 -cpx -94.8741 -cpy 418.781 -cpz -52.9831 -tpx -95.7741 -tpy 419.215 -tpz -52.9431 -a 0 -fd 1 -fl 0.035
 -cpx -397.02 -cpy 568.5 -cpz 144.133 -tpx -397.92 -tpy 568.934 -tpz 144.173 -a 0 -fd 1 -fl 0.035
 -cpx -637.793 -cpy 684.586 -cpz 154.837 -tpx -638.693 -tpy 685.02 -tpz 154.877 -a 0 -fd 1 -fl 0.035
 -cpx -935.468 -cpy 908.347 -cpz 101.589 -tpx -936.268 -tpy 908.945 -tpz 101.553 -a 0 -fd 1 -fl 0.035
 -cpx -935.468 -cpy 908.347 -cpz 101.589 -tpx -935.59 -tpy 908.852 -tpz 100.735 -a 0 -fd 1 -fl 0.035
 -cpx -977.119 -cpy 1080.99 -cpz -190.968 -tpx -977.241 -tpy 1081.5 -tpz -191.823 -a 0 -fd 1 -fl 0.035
 -cpx 463.339 -cpy 1199.11 -cpz -29.6107 -tpx 462.577 -tpy 1199.21 -tpz -30.2504 -a 0 -fd 1 -fl 0.035
 -cpx 463.339 -cpy 1199.11 -cpz -29.6107 -tpx 463.035 -tpy 1198.18 -tpz -29.4223 -a 0 -fd 1 -fl 0.035
 -cpx 472.085 -cpy 992.743 -cpz 83.9445 -tpx 472.122 -tpy 991.868 -tpz 84.4263 -a 0 -fd 1 -fl 0.035
 -cpx 557.619 -cpy 853.598 -cpz 154.473 -tpx 557.656 -tpy 852.723 -tpz 154.955 -a 0 -fd 1 -fl 0.035
 -cpx 643.325 -cpy 696.455 -cpz 234.95 -tpx 643.362 -tpy 695.58 -tpz 235.432 -a 0 -fd 1 -fl 0.035
 -cpx 723.692 -cpy 616.031 -cpz 273.371 -tpx 723.729 -tpy 615.156 -tpz 273.852 -a 0 -fd 1 -fl 0.035
 -cpx 723.692 -cpy 616.031 -cpz 273.371 -tpx 723.339 -tpy 615.287 -tpz 272.805 -a 0 -fd 1 -fl 0.035
 -cpx 723.692 -cpy 616.031 -cpz 273.371 -tpx 723.997 -tpy 615.492 -tpz 272.585 -a 0 -fd 1 -fl 0.035
 -cpx 835.414 -cpy 418.208 -cpz -14.8702 -tpx 835.719 -tpy 417.669 -tpz -15.6556 -a 0 -fd 1 -fl 0.035
 -cpx 823.325 -cpy 306.901 -cpz -206.2 -tpx 823.629 -tpy 306.362 -tpz -206.985 -a 0 -fd 1 -fl 0.035
 -cpx 342.587 -cpy 395.685 -cpz -244.295 -tpx 342.891 -tpy 395.146 -tpz -245.08 -a 0 -fd 1 -fl 0.035
 -cpx 409.934 -cpy 415.563 -cpz -184.774 -tpx 410.239 -tpy 415.024 -tpz -185.559 -a 0 -fd 1 -fl 0.035
 -cpx -99.663 -cpy 532.956 -cpz -186.125 -tpx -99.3586 -tpy 532.417 -tpz -186.91 -a 0 -fd 1 -fl 0.035
 -cpx -99.663 -cpy 532.956 -cpz -186.125 -tpx -99.2851 -tpy 533.192 -tpz -187.02 -a 0 -fd 1 -fl 0.035
 -cpx -99.663 -cpy 532.956 -cpz -186.125 -tpx -99.5663 -tpy 533.863 -tpz -186.534 -a 0 -fd 1 -fl 0.035
 -cpx -91.9872 -cpy 604.971 -cpz -218.657 -tpx -91.8906 -tpy 605.878 -tpz -219.067 -a 0 -fd 1 -fl 0.035
 -cpx -212.216 -cpy 605.035 -cpz -246.884 -tpx -212.119 -tpy 605.942 -tpz -247.294 -a 0 -fd 1 -fl 0.035
